[2024-02-27T03:07:10.740+0000] {taskinstance.py:1956} INFO - Dependencies all met for dep_context=non-requeueable deps ti=<TaskInstance: hourly.Get_stockinfo_hourly manual__2024-02-27T03:07:08.988369+00:00 [queued]>
[2024-02-27T03:07:10.744+0000] {taskinstance.py:1956} INFO - Dependencies all met for dep_context=requeueable deps ti=<TaskInstance: hourly.Get_stockinfo_hourly manual__2024-02-27T03:07:08.988369+00:00 [queued]>
[2024-02-27T03:07:10.744+0000] {taskinstance.py:2170} INFO - Starting attempt 1 of 4
[2024-02-27T03:07:10.750+0000] {taskinstance.py:2191} INFO - Executing <Task(PythonOperator): Get_stockinfo_hourly> on 2024-02-27 03:07:08.988369+00:00
[2024-02-27T03:07:10.759+0000] {standard_task_runner.py:60} INFO - Started process 15219 to run task
[2024-02-27T03:07:10.762+0000] {standard_task_runner.py:87} INFO - Running: ['***', 'tasks', 'run', 'hourly', 'Get_stockinfo_hourly', 'manual__2024-02-27T03:07:08.988369+00:00', '--job-id', '249', '--raw', '--subdir', 'DAGS_FOLDER/main.py', '--cfg-path', '/tmp/tmpditfcug1']
[2024-02-27T03:07:10.764+0000] {standard_task_runner.py:88} INFO - Job 249: Subtask Get_stockinfo_hourly
[2024-02-27T03:07:10.801+0000] {task_command.py:423} INFO - Running <TaskInstance: hourly.Get_stockinfo_hourly manual__2024-02-27T03:07:08.988369+00:00 [running]> on host 756a22f68d7e
[2024-02-27T03:07:10.856+0000] {taskinstance.py:2480} INFO - Exporting env vars: AIRFLOW_CTX_DAG_EMAIL='nguyentuanduong555@gmail.com' AIRFLOW_CTX_DAG_OWNER='Duong_' AIRFLOW_CTX_DAG_ID='hourly' AIRFLOW_CTX_TASK_ID='Get_stockinfo_hourly' AIRFLOW_CTX_EXECUTION_DATE='2024-02-27T03:07:08.988369+00:00' AIRFLOW_CTX_TRY_NUMBER='1' AIRFLOW_CTX_DAG_RUN_ID='manual__2024-02-27T03:07:08.988369+00:00'
[2024-02-27T03:07:11.281+0000] {logging_mixin.py:188} INFO - {'ticker': 'MBB', 'time': '2024-02-27 10:07:07', 'price': 24050.0}
[2024-02-27T03:07:11.608+0000] {logging_mixin.py:188} INFO - publish message id 10547567209435530
[2024-02-27T03:07:11.966+0000] {logging_mixin.py:188} INFO - {'ticker': 'TPB', 'time': '2024-02-27 10:07:07', 'price': 19150.0}
[2024-02-27T03:07:12.063+0000] {logging_mixin.py:188} INFO - publish message id 10547358081862682
[2024-02-27T03:07:12.479+0000] {logging_mixin.py:188} INFO - {'ticker': 'NVL', 'time': '2024-02-27 10:07:10', 'price': 17050.0}
[2024-02-27T03:07:12.578+0000] {logging_mixin.py:188} INFO - publish message id 10546789852191303
[2024-02-27T03:07:12.943+0000] {logging_mixin.py:188} INFO - {'ticker': 'VIX', 'time': '2024-02-27 10:07:07', 'price': 18100.0}
[2024-02-27T03:07:13.035+0000] {logging_mixin.py:188} INFO - publish message id 10547308999807063
[2024-02-27T03:07:13.036+0000] {python.py:201} INFO - Done. Returned value was: None
[2024-02-27T03:07:13.053+0000] {taskinstance.py:1138} INFO - Marking task as SUCCESS. dag_id=hourly, task_id=Get_stockinfo_hourly, execution_date=20240227T030708, start_date=20240227T030710, end_date=20240227T030713
[2024-02-27T03:07:13.096+0000] {local_task_job_runner.py:234} INFO - Task exited with return code 0
[2024-02-27T03:07:13.112+0000] {taskinstance.py:3280} INFO - 1 downstream tasks scheduled from follow-on schedule check
