[2024-02-26T03:59:34.712+0000] {taskinstance.py:1956} INFO - Dependencies all met for dep_context=non-requeueable deps ti=<TaskInstance: hourly.Get_stockinfo_hourly manual__2024-02-26T03:59:30.504072+00:00 [queued]>
[2024-02-26T03:59:34.718+0000] {taskinstance.py:1956} INFO - Dependencies all met for dep_context=requeueable deps ti=<TaskInstance: hourly.Get_stockinfo_hourly manual__2024-02-26T03:59:30.504072+00:00 [queued]>
[2024-02-26T03:59:34.718+0000] {taskinstance.py:2170} INFO - Starting attempt 1 of 4
[2024-02-26T03:59:34.727+0000] {taskinstance.py:2191} INFO - Executing <Task(PythonOperator): Get_stockinfo_hourly> on 2024-02-26 03:59:30.504072+00:00
[2024-02-26T03:59:34.735+0000] {standard_task_runner.py:60} INFO - Started process 2332 to run task
[2024-02-26T03:59:34.739+0000] {standard_task_runner.py:87} INFO - Running: ['***', 'tasks', 'run', 'hourly', 'Get_stockinfo_hourly', 'manual__2024-02-26T03:59:30.504072+00:00', '--job-id', '45', '--raw', '--subdir', 'DAGS_FOLDER/main.py', '--cfg-path', '/tmp/tmp45sadjyp']
[2024-02-26T03:59:34.741+0000] {standard_task_runner.py:88} INFO - Job 45: Subtask Get_stockinfo_hourly
[2024-02-26T03:59:34.788+0000] {task_command.py:423} INFO - Running <TaskInstance: hourly.Get_stockinfo_hourly manual__2024-02-26T03:59:30.504072+00:00 [running]> on host ca8fe7f6f5b9
[2024-02-26T03:59:34.859+0000] {taskinstance.py:2480} INFO - Exporting env vars: AIRFLOW_CTX_DAG_EMAIL='nguyentuanduong555@gmail.com' AIRFLOW_CTX_DAG_OWNER='Duong_' AIRFLOW_CTX_DAG_ID='hourly' AIRFLOW_CTX_TASK_ID='Get_stockinfo_hourly' AIRFLOW_CTX_EXECUTION_DATE='2024-02-26T03:59:30.504072+00:00' AIRFLOW_CTX_TRY_NUMBER='1' AIRFLOW_CTX_DAG_RUN_ID='manual__2024-02-26T03:59:30.504072+00:00'
[2024-02-26T03:59:35.028+0000] {logging_mixin.py:188} INFO - {'ticker': 'MBB', 'time': '2024-02-26 10:59:28', 'price': 23800.0}
[2024-02-26T03:59:35.272+0000] {logging_mixin.py:188} INFO - publish message id 10516772244120466
[2024-02-26T03:59:35.471+0000] {logging_mixin.py:188} INFO - {'ticker': 'TPB', 'time': '2024-02-26 10:59:16', 'price': 19100.0}
[2024-02-26T03:59:35.534+0000] {logging_mixin.py:188} INFO - publish message id 10516713936605020
[2024-02-26T03:59:35.734+0000] {logging_mixin.py:188} INFO - {'ticker': 'NVL', 'time': '2024-02-26 10:59:29', 'price': 16650.0}
[2024-02-26T03:59:35.816+0000] {logging_mixin.py:188} INFO - publish message id 10516952282386066
[2024-02-26T03:59:35.967+0000] {logging_mixin.py:188} INFO - {'ticker': 'VIX', 'time': '2024-02-26 10:58:39', 'price': 17400.0}
[2024-02-26T03:59:36.018+0000] {logging_mixin.py:188} INFO - publish message id 10516509612387661
[2024-02-26T03:59:36.019+0000] {python.py:201} INFO - Done. Returned value was: None
[2024-02-26T03:59:36.036+0000] {taskinstance.py:1138} INFO - Marking task as SUCCESS. dag_id=hourly, task_id=Get_stockinfo_hourly, execution_date=20240226T035930, start_date=20240226T035934, end_date=20240226T035936
[2024-02-26T03:59:36.084+0000] {local_task_job_runner.py:234} INFO - Task exited with return code 0
[2024-02-26T03:59:36.107+0000] {taskinstance.py:3280} INFO - 1 downstream tasks scheduled from follow-on schedule check
