[2024-02-27T03:00:01.727+0000] {taskinstance.py:1956} INFO - Dependencies all met for dep_context=non-requeueable deps ti=<TaskInstance: hourly.Get_stockinfo_hourly scheduled__2024-02-26T08:00:00+00:00 [queued]>
[2024-02-27T03:00:01.731+0000] {taskinstance.py:1956} INFO - Dependencies all met for dep_context=requeueable deps ti=<TaskInstance: hourly.Get_stockinfo_hourly scheduled__2024-02-26T08:00:00+00:00 [queued]>
[2024-02-27T03:00:01.731+0000] {taskinstance.py:2170} INFO - Starting attempt 1 of 4
[2024-02-27T03:00:01.736+0000] {taskinstance.py:2191} INFO - Executing <Task(PythonOperator): Get_stockinfo_hourly> on 2024-02-26 08:00:00+00:00
[2024-02-27T03:00:01.742+0000] {standard_task_runner.py:60} INFO - Started process 15035 to run task
[2024-02-27T03:00:01.745+0000] {standard_task_runner.py:87} INFO - Running: ['***', 'tasks', 'run', 'hourly', 'Get_stockinfo_hourly', 'scheduled__2024-02-26T08:00:00+00:00', '--job-id', '247', '--raw', '--subdir', 'DAGS_FOLDER/main.py', '--cfg-path', '/tmp/tmpq_82_u2u']
[2024-02-27T03:00:01.746+0000] {standard_task_runner.py:88} INFO - Job 247: Subtask Get_stockinfo_hourly
[2024-02-27T03:00:01.796+0000] {task_command.py:423} INFO - Running <TaskInstance: hourly.Get_stockinfo_hourly scheduled__2024-02-26T08:00:00+00:00 [running]> on host 756a22f68d7e
[2024-02-27T03:00:01.855+0000] {taskinstance.py:2480} INFO - Exporting env vars: AIRFLOW_CTX_DAG_EMAIL='nguyentuanduong555@gmail.com' AIRFLOW_CTX_DAG_OWNER='Duong_' AIRFLOW_CTX_DAG_ID='hourly' AIRFLOW_CTX_TASK_ID='Get_stockinfo_hourly' AIRFLOW_CTX_EXECUTION_DATE='2024-02-26T08:00:00+00:00' AIRFLOW_CTX_TRY_NUMBER='1' AIRFLOW_CTX_DAG_RUN_ID='scheduled__2024-02-26T08:00:00+00:00'
[2024-02-27T03:00:02.305+0000] {logging_mixin.py:188} INFO - {'ticker': 'MBB', 'time': '2024-02-27 09:59:32', 'price': 24000.0}
[2024-02-27T03:00:02.715+0000] {logging_mixin.py:188} INFO - publish message id 10548853259901653
[2024-02-27T03:00:03.106+0000] {logging_mixin.py:188} INFO - {'ticker': 'TPB', 'time': '2024-02-27 09:59:53', 'price': 19150.0}
[2024-02-27T03:00:03.171+0000] {logging_mixin.py:188} INFO - publish message id 10548853259904308
[2024-02-27T03:00:03.716+0000] {logging_mixin.py:188} INFO - {'ticker': 'NVL', 'time': '2024-02-27 09:59:56', 'price': 16850.0}
[2024-02-27T03:00:03.817+0000] {logging_mixin.py:188} INFO - publish message id 10549070839203974
[2024-02-27T03:00:04.184+0000] {logging_mixin.py:188} INFO - {'ticker': 'VIX', 'time': '2024-02-27 09:59:58', 'price': 18050.0}
[2024-02-27T03:00:04.317+0000] {logging_mixin.py:188} INFO - publish message id 10549139758680843
[2024-02-27T03:00:04.318+0000] {python.py:201} INFO - Done. Returned value was: None
[2024-02-27T03:00:04.329+0000] {taskinstance.py:1138} INFO - Marking task as SUCCESS. dag_id=hourly, task_id=Get_stockinfo_hourly, execution_date=20240226T080000, start_date=20240227T030001, end_date=20240227T030004
[2024-02-27T03:00:04.362+0000] {local_task_job_runner.py:234} INFO - Task exited with return code 0
[2024-02-27T03:00:04.381+0000] {taskinstance.py:3280} INFO - 1 downstream tasks scheduled from follow-on schedule check
