[2024-02-26T02:41:57.775+0000] {taskinstance.py:1956} INFO - Dependencies all met for dep_context=non-requeueable deps ti=<TaskInstance: SD.Get_stockinfo_oneday manual__2024-02-26T02:41:54.369737+00:00 [queued]>
[2024-02-26T02:41:57.779+0000] {taskinstance.py:1956} INFO - Dependencies all met for dep_context=requeueable deps ti=<TaskInstance: SD.Get_stockinfo_oneday manual__2024-02-26T02:41:54.369737+00:00 [queued]>
[2024-02-26T02:41:57.779+0000] {taskinstance.py:2170} INFO - Starting attempt 1 of 4
[2024-02-26T02:41:57.786+0000] {taskinstance.py:2191} INFO - Executing <Task(PythonOperator): Get_stockinfo_oneday> on 2024-02-26 02:41:54.369737+00:00
[2024-02-26T02:41:57.791+0000] {standard_task_runner.py:60} INFO - Started process 334 to run task
[2024-02-26T02:41:57.794+0000] {standard_task_runner.py:87} INFO - Running: ['***', 'tasks', 'run', 'SD', 'Get_stockinfo_oneday', 'manual__2024-02-26T02:41:54.369737+00:00', '--job-id', '21', '--raw', '--subdir', 'DAGS_FOLDER/main.py', '--cfg-path', '/tmp/tmphv8bunap']
[2024-02-26T02:41:57.795+0000] {standard_task_runner.py:88} INFO - Job 21: Subtask Get_stockinfo_oneday
[2024-02-26T02:41:57.827+0000] {task_command.py:423} INFO - Running <TaskInstance: SD.Get_stockinfo_oneday manual__2024-02-26T02:41:54.369737+00:00 [running]> on host ca8fe7f6f5b9
[2024-02-26T02:41:57.871+0000] {taskinstance.py:2480} INFO - Exporting env vars: AIRFLOW_CTX_DAG_OWNER='Duong_' AIRFLOW_CTX_DAG_ID='SD' AIRFLOW_CTX_TASK_ID='Get_stockinfo_oneday' AIRFLOW_CTX_EXECUTION_DATE='2024-02-26T02:41:54.369737+00:00' AIRFLOW_CTX_TRY_NUMBER='1' AIRFLOW_CTX_DAG_RUN_ID='manual__2024-02-26T02:41:54.369737+00:00'
[2024-02-26T02:41:59.184+0000] {logging_mixin.py:188} INFO - 1607/1607: SSI
[2024-02-26T02:42:00.568+0000] {logging_mixin.py:188} INFO - 1606/1607: BCM
[2024-02-26T02:42:01.881+0000] {logging_mixin.py:188} INFO - 1605/1607: VHM
[2024-02-26T02:42:08.253+0000] {logging_mixin.py:188} INFO - 1604/1607: VIC
[2024-02-26T02:42:09.676+0000] {logging_mixin.py:188} INFO - 1603/1607: VRE
[2024-02-26T02:42:10.943+0000] {logging_mixin.py:188} INFO - 1602/1607: BVH
[2024-02-26T02:42:12.337+0000] {logging_mixin.py:188} INFO - 1601/1607: POW
[2024-02-26T02:42:13.670+0000] {logging_mixin.py:188} INFO - 1600/1607: GAS
[2024-02-26T02:42:15.003+0000] {logging_mixin.py:188} INFO - 1599/1607: ACB
[2024-02-26T02:42:16.332+0000] {logging_mixin.py:188} INFO - 1598/1607: BID
[2024-02-26T02:42:17.646+0000] {logging_mixin.py:188} INFO - 1597/1607: CTG
[2024-02-26T02:42:17.647+0000] {python.py:201} INFO - Done. Returned value was: None
[2024-02-26T02:42:17.655+0000] {taskinstance.py:1138} INFO - Marking task as SUCCESS. dag_id=SD, task_id=Get_stockinfo_oneday, execution_date=20240226T024154, start_date=20240226T024157, end_date=20240226T024217
[2024-02-26T02:42:17.694+0000] {local_task_job_runner.py:234} INFO - Task exited with return code 0
[2024-02-26T02:42:17.708+0000] {taskinstance.py:3280} INFO - 1 downstream tasks scheduled from follow-on schedule check
