[2024-02-26T07:06:39.491+0000] {taskinstance.py:1956} INFO - Dependencies all met for dep_context=non-requeueable deps ti=<TaskInstance: hourly.Get_stockinfo_hourly scheduled__2024-02-26T06:00:00+00:00 [queued]>
[2024-02-26T07:06:39.496+0000] {taskinstance.py:1956} INFO - Dependencies all met for dep_context=requeueable deps ti=<TaskInstance: hourly.Get_stockinfo_hourly scheduled__2024-02-26T06:00:00+00:00 [queued]>
[2024-02-26T07:06:39.497+0000] {taskinstance.py:2170} INFO - Starting attempt 1 of 4
[2024-02-26T07:06:39.505+0000] {taskinstance.py:2191} INFO - Executing <Task(PythonOperator): Get_stockinfo_hourly> on 2024-02-26 06:00:00+00:00
[2024-02-26T07:06:39.518+0000] {standard_task_runner.py:60} INFO - Started process 1131 to run task
[2024-02-26T07:06:39.524+0000] {standard_task_runner.py:87} INFO - Running: ['***', 'tasks', 'run', 'hourly', 'Get_stockinfo_hourly', 'scheduled__2024-02-26T06:00:00+00:00', '--job-id', '108', '--raw', '--subdir', 'DAGS_FOLDER/main.py', '--cfg-path', '/tmp/tmpz95viniz']
[2024-02-26T07:06:39.526+0000] {standard_task_runner.py:88} INFO - Job 108: Subtask Get_stockinfo_hourly
[2024-02-26T07:06:39.597+0000] {task_command.py:423} INFO - Running <TaskInstance: hourly.Get_stockinfo_hourly scheduled__2024-02-26T06:00:00+00:00 [running]> on host da7ec03022ec
[2024-02-26T07:06:39.745+0000] {taskinstance.py:2480} INFO - Exporting env vars: AIRFLOW_CTX_DAG_EMAIL='nguyentuanduong555@gmail.com' AIRFLOW_CTX_DAG_OWNER='Duong_' AIRFLOW_CTX_DAG_ID='hourly' AIRFLOW_CTX_TASK_ID='Get_stockinfo_hourly' AIRFLOW_CTX_EXECUTION_DATE='2024-02-26T06:00:00+00:00' AIRFLOW_CTX_TRY_NUMBER='1' AIRFLOW_CTX_DAG_RUN_ID='scheduled__2024-02-26T06:00:00+00:00'
[2024-02-26T07:06:39.945+0000] {logging_mixin.py:188} INFO - {'ticker': 'MBB', 'time': '2024-02-26 14:06:36', 'price': 23900.0}
[2024-02-26T07:06:40.333+0000] {logging_mixin.py:188} INFO - publish message id 10518868755796058
[2024-02-26T07:06:40.503+0000] {logging_mixin.py:188} INFO - {'ticker': 'TPB', 'time': '2024-02-26 14:06:25', 'price': 19100.0}
[2024-02-26T07:06:40.657+0000] {logging_mixin.py:188} INFO - publish message id 10519081875883550
[2024-02-26T07:06:40.868+0000] {logging_mixin.py:188} INFO - {'ticker': 'NVL', 'time': '2024-02-26 14:06:34', 'price': 16700.0}
[2024-02-26T07:06:40.924+0000] {logging_mixin.py:188} INFO - publish message id 10519288931674780
[2024-02-26T07:06:41.211+0000] {logging_mixin.py:188} INFO - {'ticker': 'VIX', 'time': '2024-02-26 14:06:35', 'price': 17950.0}
[2024-02-26T07:06:41.344+0000] {logging_mixin.py:188} INFO - publish message id 10517232446957112
[2024-02-26T07:06:41.346+0000] {python.py:201} INFO - Done. Returned value was: None
[2024-02-26T07:06:41.359+0000] {taskinstance.py:1138} INFO - Marking task as SUCCESS. dag_id=hourly, task_id=Get_stockinfo_hourly, execution_date=20240226T060000, start_date=20240226T070639, end_date=20240226T070641
[2024-02-26T07:06:41.415+0000] {local_task_job_runner.py:234} INFO - Task exited with return code 0
[2024-02-26T07:06:41.438+0000] {taskinstance.py:3280} INFO - 1 downstream tasks scheduled from follow-on schedule check
