[2024-02-26T16:02:54.609+0000] {taskinstance.py:1956} INFO - Dependencies all met for dep_context=non-requeueable deps ti=<TaskInstance: yearly.Send_to_bq manual__2024-02-26T15:57:42.491604+00:00 [queued]>
[2024-02-26T16:02:54.613+0000] {taskinstance.py:1956} INFO - Dependencies all met for dep_context=requeueable deps ti=<TaskInstance: yearly.Send_to_bq manual__2024-02-26T15:57:42.491604+00:00 [queued]>
[2024-02-26T16:02:54.613+0000] {taskinstance.py:2170} INFO - Starting attempt 2 of 4
[2024-02-26T16:02:54.618+0000] {taskinstance.py:2191} INFO - Executing <Task(BashOperator): Send_to_bq> on 2024-02-26 15:57:42.491604+00:00
[2024-02-26T16:02:54.624+0000] {standard_task_runner.py:60} INFO - Started process 9584 to run task
[2024-02-26T16:02:54.627+0000] {standard_task_runner.py:87} INFO - Running: ['***', 'tasks', 'run', 'yearly', 'Send_to_bq', 'manual__2024-02-26T15:57:42.491604+00:00', '--job-id', '210', '--raw', '--subdir', 'DAGS_FOLDER/main.py', '--cfg-path', '/tmp/tmpks3btpst']
[2024-02-26T16:02:54.628+0000] {standard_task_runner.py:88} INFO - Job 210: Subtask Send_to_bq
[2024-02-26T16:02:54.673+0000] {task_command.py:423} INFO - Running <TaskInstance: yearly.Send_to_bq manual__2024-02-26T15:57:42.491604+00:00 [running]> on host 756a22f68d7e
[2024-02-26T16:02:54.732+0000] {taskinstance.py:2480} INFO - Exporting env vars: AIRFLOW_CTX_DAG_EMAIL='nguyentuanduong555@gmail.com' AIRFLOW_CTX_DAG_OWNER='Duong_' AIRFLOW_CTX_DAG_ID='yearly' AIRFLOW_CTX_TASK_ID='Send_to_bq' AIRFLOW_CTX_EXECUTION_DATE='2024-02-26T15:57:42.491604+00:00' AIRFLOW_CTX_TRY_NUMBER='2' AIRFLOW_CTX_DAG_RUN_ID='manual__2024-02-26T15:57:42.491604+00:00'
[2024-02-26T16:02:54.734+0000] {subprocess.py:63} INFO - Tmp dir root location: /tmp
[2024-02-26T16:02:54.734+0000] {subprocess.py:75} INFO - Running command: ['/usr/bin/bash', '-c', 'gcloud dataproc jobs submit pyspark gs://datastocks123/pyspark_gcs_bq.py --cluster=dataproc --region=us-central1 --project=just-shell-415015']
[2024-02-26T16:02:54.745+0000] {subprocess.py:86} INFO - Output:
[2024-02-26T16:02:55.719+0000] {subprocess.py:93} INFO - ERROR: (gcloud.dataproc.jobs.submit.pyspark) You do not currently have an active account selected.
[2024-02-26T16:02:55.719+0000] {subprocess.py:93} INFO - Please run:
[2024-02-26T16:02:55.719+0000] {subprocess.py:93} INFO - 
[2024-02-26T16:02:55.719+0000] {subprocess.py:93} INFO -   $ gcloud auth login
[2024-02-26T16:02:55.720+0000] {subprocess.py:93} INFO - 
[2024-02-26T16:02:55.720+0000] {subprocess.py:93} INFO - to obtain new credentials.
[2024-02-26T16:02:55.720+0000] {subprocess.py:93} INFO - 
[2024-02-26T16:02:55.720+0000] {subprocess.py:93} INFO - If you have already logged in with a different account, run:
[2024-02-26T16:02:55.720+0000] {subprocess.py:93} INFO - 
[2024-02-26T16:02:55.721+0000] {subprocess.py:93} INFO -   $ gcloud config set account ACCOUNT
[2024-02-26T16:02:55.721+0000] {subprocess.py:93} INFO - 
[2024-02-26T16:02:55.721+0000] {subprocess.py:93} INFO - to select an already authenticated account to use.
[2024-02-26T16:02:55.794+0000] {subprocess.py:97} INFO - Command exited with return code 1
[2024-02-26T16:02:55.803+0000] {taskinstance.py:2698} ERROR - Task failed with exception
Traceback (most recent call last):
  File "/home/airflow/.local/lib/python3.8/site-packages/airflow/models/taskinstance.py", line 433, in _execute_task
    result = execute_callable(context=context, **execute_callable_kwargs)
  File "/home/airflow/.local/lib/python3.8/site-packages/airflow/operators/bash.py", line 212, in execute
    raise AirflowException(
airflow.exceptions.AirflowException: Bash command failed. The command returned a non-zero exit code 1.
[2024-02-26T16:02:55.805+0000] {taskinstance.py:1138} INFO - Marking task as UP_FOR_RETRY. dag_id=yearly, task_id=Send_to_bq, execution_date=20240226T155742, start_date=20240226T160254, end_date=20240226T160255
[2024-02-26T16:02:55.812+0000] {standard_task_runner.py:107} ERROR - Failed to execute job 210 for task Send_to_bq (Bash command failed. The command returned a non-zero exit code 1.; 9584)
[2024-02-26T16:02:55.820+0000] {local_task_job_runner.py:234} INFO - Task exited with return code 1
[2024-02-26T16:02:55.835+0000] {taskinstance.py:3280} INFO - 0 downstream tasks scheduled from follow-on schedule check
