[2024-02-26T03:26:50.955+0000] {taskinstance.py:1956} INFO - Dependencies all met for dep_context=non-requeueable deps ti=<TaskInstance: daily.Get_stockinfo_oneday manual__2024-02-26T03:26:47.908122+00:00 [queued]>
[2024-02-26T03:26:50.959+0000] {taskinstance.py:1956} INFO - Dependencies all met for dep_context=requeueable deps ti=<TaskInstance: daily.Get_stockinfo_oneday manual__2024-02-26T03:26:47.908122+00:00 [queued]>
[2024-02-26T03:26:50.959+0000] {taskinstance.py:2170} INFO - Starting attempt 1 of 4
[2024-02-26T03:26:50.964+0000] {taskinstance.py:2191} INFO - Executing <Task(PythonOperator): Get_stockinfo_oneday> on 2024-02-26 03:26:47.908122+00:00
[2024-02-26T03:26:50.969+0000] {standard_task_runner.py:60} INFO - Started process 1198 to run task
[2024-02-26T03:26:50.973+0000] {standard_task_runner.py:87} INFO - Running: ['***', 'tasks', 'run', 'daily', 'Get_stockinfo_oneday', 'manual__2024-02-26T03:26:47.908122+00:00', '--job-id', '30', '--raw', '--subdir', 'DAGS_FOLDER/main.py', '--cfg-path', '/tmp/tmp4hn1czvn']
[2024-02-26T03:26:50.974+0000] {standard_task_runner.py:88} INFO - Job 30: Subtask Get_stockinfo_oneday
[2024-02-26T03:26:51.009+0000] {task_command.py:423} INFO - Running <TaskInstance: daily.Get_stockinfo_oneday manual__2024-02-26T03:26:47.908122+00:00 [running]> on host ca8fe7f6f5b9
[2024-02-26T03:26:51.058+0000] {taskinstance.py:2480} INFO - Exporting env vars: AIRFLOW_CTX_DAG_EMAIL='nguyentuanduong555@gmail.com' AIRFLOW_CTX_DAG_OWNER='Duong_' AIRFLOW_CTX_DAG_ID='daily' AIRFLOW_CTX_TASK_ID='Get_stockinfo_oneday' AIRFLOW_CTX_EXECUTION_DATE='2024-02-26T03:26:47.908122+00:00' AIRFLOW_CTX_TRY_NUMBER='1' AIRFLOW_CTX_DAG_RUN_ID='manual__2024-02-26T03:26:47.908122+00:00'
[2024-02-26T03:26:56.298+0000] {logging_mixin.py:188} INFO -                   time   open   high    low  close   volume ticker
0  2024-02-26 09:00:00  34100  34300  34050  34100  3073200    SSI
[2024-02-26T03:26:56.299+0000] {logging_mixin.py:188} INFO - 1607/1607: SSI
[2024-02-26T03:26:56.424+0000] {logging_mixin.py:188} INFO -                   time   open   high    low  close  volume ticker
0  2024-02-26 09:00:00  63300  63800  63200  63200  150400    BCM
[2024-02-26T03:26:56.424+0000] {logging_mixin.py:188} INFO - 1606/1607: BCM
[2024-02-26T03:26:56.548+0000] {logging_mixin.py:188} INFO -                   time   open   high    low  close   volume ticker
0  2024-02-26 09:00:00  43450  43850  43400  43550  2204100    VHM
[2024-02-26T03:26:56.549+0000] {logging_mixin.py:188} INFO - 1605/1607: VHM
[2024-02-26T03:26:56.691+0000] {logging_mixin.py:188} INFO -                   time   open   high    low  close  volume ticker
0  2024-02-26 09:00:00  45350  45750  45000  45100  891000    VIC
[2024-02-26T03:26:56.691+0000] {logging_mixin.py:188} INFO - 1604/1607: VIC
[2024-02-26T03:26:56.823+0000] {logging_mixin.py:188} INFO -                   time   open   high    low  close   volume ticker
0  2024-02-26 09:00:00  25450  26150  25350  26000  4429400    VRE
[2024-02-26T03:26:56.823+0000] {logging_mixin.py:188} INFO - 1603/1607: VRE
[2024-02-26T03:26:56.966+0000] {logging_mixin.py:188} INFO -                   time   open   high    low  close  volume ticker
0  2024-02-26 09:00:00  41950  42100  41900  41900   85300    BVH
[2024-02-26T03:26:56.966+0000] {logging_mixin.py:188} INFO - 1602/1607: BVH
[2024-02-26T03:26:57.097+0000] {logging_mixin.py:188} INFO -                   time   open   high    low  close   volume ticker
0  2024-02-26 09:00:00  11500  11600  11500  11550  1300300    POW
[2024-02-26T03:26:57.097+0000] {logging_mixin.py:188} INFO - 1601/1607: POW
[2024-02-26T03:26:57.234+0000] {logging_mixin.py:188} INFO -                   time   open   high    low  close  volume ticker
0  2024-02-26 09:00:00  76500  76800  76200  76300  183800    GAS
[2024-02-26T03:26:57.235+0000] {logging_mixin.py:188} INFO - 1600/1607: GAS
[2024-02-26T03:26:57.349+0000] {logging_mixin.py:188} INFO -                   time   open   high    low  close   volume ticker
0  2024-02-26 09:00:00  27300  27350  27100  27200  3016500    ACB
[2024-02-26T03:26:57.349+0000] {logging_mixin.py:188} INFO - 1599/1607: ACB
[2024-02-26T03:26:57.467+0000] {logging_mixin.py:188} INFO -                   time   open   high    low  close  volume ticker
0  2024-02-26 09:00:00  52800  54500  52000  53700  535400    BID
[2024-02-26T03:26:57.467+0000] {logging_mixin.py:188} INFO - 1598/1607: BID
[2024-02-26T03:26:57.592+0000] {logging_mixin.py:188} INFO -                   time   open   high    low  close   volume ticker
0  2024-02-26 09:00:00  35200  35600  35100  35250  1749700    CTG
[2024-02-26T03:26:57.592+0000] {logging_mixin.py:188} INFO - 1597/1607: CTG
[2024-02-26T03:26:57.593+0000] {python.py:201} INFO - Done. Returned value was: None
[2024-02-26T03:26:57.603+0000] {taskinstance.py:1138} INFO - Marking task as SUCCESS. dag_id=daily, task_id=Get_stockinfo_oneday, execution_date=20240226T032647, start_date=20240226T032650, end_date=20240226T032657
[2024-02-26T03:26:57.642+0000] {local_task_job_runner.py:234} INFO - Task exited with return code 0
[2024-02-26T03:26:57.661+0000] {taskinstance.py:3280} INFO - 1 downstream tasks scheduled from follow-on schedule check
