[2024-02-27T02:35:34.806+0000] {taskinstance.py:1956} INFO - Dependencies all met for dep_context=non-requeueable deps ti=<TaskInstance: daily.Get_stockinfo_oneday manual__2024-02-27T02:35:33.655467+00:00 [queued]>
[2024-02-27T02:35:34.809+0000] {taskinstance.py:1956} INFO - Dependencies all met for dep_context=requeueable deps ti=<TaskInstance: daily.Get_stockinfo_oneday manual__2024-02-27T02:35:33.655467+00:00 [queued]>
[2024-02-27T02:35:34.810+0000] {taskinstance.py:2170} INFO - Starting attempt 1 of 4
[2024-02-27T02:35:34.815+0000] {taskinstance.py:2191} INFO - Executing <Task(PythonOperator): Get_stockinfo_oneday> on 2024-02-27 02:35:33.655467+00:00
[2024-02-27T02:35:34.820+0000] {standard_task_runner.py:60} INFO - Started process 14435 to run task
[2024-02-27T02:35:34.823+0000] {standard_task_runner.py:87} INFO - Running: ['***', 'tasks', 'run', 'daily', 'Get_stockinfo_oneday', 'manual__2024-02-27T02:35:33.655467+00:00', '--job-id', '240', '--raw', '--subdir', 'DAGS_FOLDER/main.py', '--cfg-path', '/tmp/tmp1zqd77nc']
[2024-02-27T02:35:34.825+0000] {standard_task_runner.py:88} INFO - Job 240: Subtask Get_stockinfo_oneday
[2024-02-27T02:35:34.861+0000] {task_command.py:423} INFO - Running <TaskInstance: daily.Get_stockinfo_oneday manual__2024-02-27T02:35:33.655467+00:00 [running]> on host 756a22f68d7e
[2024-02-27T02:35:34.911+0000] {taskinstance.py:2480} INFO - Exporting env vars: AIRFLOW_CTX_DAG_EMAIL='nguyentuanduong555@gmail.com' AIRFLOW_CTX_DAG_OWNER='Duong_' AIRFLOW_CTX_DAG_ID='daily' AIRFLOW_CTX_TASK_ID='Get_stockinfo_oneday' AIRFLOW_CTX_EXECUTION_DATE='2024-02-27T02:35:33.655467+00:00' AIRFLOW_CTX_TRY_NUMBER='1' AIRFLOW_CTX_DAG_RUN_ID='manual__2024-02-27T02:35:33.655467+00:00'
[2024-02-27T02:35:36.504+0000] {logging_mixin.py:188} INFO - Empty DataFrame
Columns: [time, open, high, low, close, volume, ticker]
Index: []
[2024-02-27T02:35:36.505+0000] {logging_mixin.py:188} INFO - 1607/1607: SSI
[2024-02-27T02:35:37.992+0000] {logging_mixin.py:188} INFO - Empty DataFrame
Columns: [time, open, high, low, close, volume, ticker]
Index: []
[2024-02-27T02:35:37.992+0000] {logging_mixin.py:188} INFO - 1606/1607: BCM
[2024-02-27T02:35:39.401+0000] {logging_mixin.py:188} INFO - Empty DataFrame
Columns: [time, open, high, low, close, volume, ticker]
Index: []
[2024-02-27T02:35:39.401+0000] {logging_mixin.py:188} INFO - 1605/1607: VHM
[2024-02-27T02:35:40.971+0000] {logging_mixin.py:188} INFO - Empty DataFrame
Columns: [time, open, high, low, close, volume, ticker]
Index: []
[2024-02-27T02:35:40.972+0000] {logging_mixin.py:188} INFO - 1604/1607: VIC
[2024-02-27T02:35:47.549+0000] {logging_mixin.py:188} INFO - Empty DataFrame
Columns: [time, open, high, low, close, volume, ticker]
Index: []
[2024-02-27T02:35:47.550+0000] {logging_mixin.py:188} INFO - 1603/1607: VRE
[2024-02-27T02:35:49.037+0000] {logging_mixin.py:188} INFO - Empty DataFrame
Columns: [time, open, high, low, close, volume, ticker]
Index: []
[2024-02-27T02:35:49.038+0000] {logging_mixin.py:188} INFO - 1602/1607: BVH
[2024-02-27T02:35:50.555+0000] {logging_mixin.py:188} INFO - Empty DataFrame
Columns: [time, open, high, low, close, volume, ticker]
Index: []
[2024-02-27T02:35:50.557+0000] {logging_mixin.py:188} INFO - 1601/1607: POW
[2024-02-27T02:35:51.981+0000] {logging_mixin.py:188} INFO - Empty DataFrame
Columns: [time, open, high, low, close, volume, ticker]
Index: []
[2024-02-27T02:35:51.981+0000] {logging_mixin.py:188} INFO - 1600/1607: GAS
[2024-02-27T02:35:53.467+0000] {logging_mixin.py:188} INFO - Empty DataFrame
Columns: [time, open, high, low, close, volume, ticker]
Index: []
[2024-02-27T02:35:53.467+0000] {logging_mixin.py:188} INFO - 1599/1607: ACB
[2024-02-27T02:35:54.924+0000] {logging_mixin.py:188} INFO - Empty DataFrame
Columns: [time, open, high, low, close, volume, ticker]
Index: []
[2024-02-27T02:35:54.925+0000] {logging_mixin.py:188} INFO - 1598/1607: BID
[2024-02-27T02:35:56.462+0000] {logging_mixin.py:188} INFO - Empty DataFrame
Columns: [time, open, high, low, close, volume, ticker]
Index: []
[2024-02-27T02:35:56.463+0000] {logging_mixin.py:188} INFO - 1597/1607: CTG
[2024-02-27T02:35:56.464+0000] {python.py:201} INFO - Done. Returned value was: None
[2024-02-27T02:35:56.481+0000] {taskinstance.py:1138} INFO - Marking task as SUCCESS. dag_id=daily, task_id=Get_stockinfo_oneday, execution_date=20240227T023533, start_date=20240227T023534, end_date=20240227T023556
[2024-02-27T02:35:56.513+0000] {local_task_job_runner.py:234} INFO - Task exited with return code 0
[2024-02-27T02:35:56.532+0000] {taskinstance.py:3280} INFO - 1 downstream tasks scheduled from follow-on schedule check
