[2024-02-27T03:09:09.060+0000] {taskinstance.py:1956} INFO - Dependencies all met for dep_context=non-requeueable deps ti=<TaskInstance: hourly.Get_stockinfo_hourly manual__2024-02-27T03:09:06.748542+00:00 [queued]>
[2024-02-27T03:09:09.063+0000] {taskinstance.py:1956} INFO - Dependencies all met for dep_context=requeueable deps ti=<TaskInstance: hourly.Get_stockinfo_hourly manual__2024-02-27T03:09:06.748542+00:00 [queued]>
[2024-02-27T03:09:09.064+0000] {taskinstance.py:2170} INFO - Starting attempt 1 of 4
[2024-02-27T03:09:09.069+0000] {taskinstance.py:2191} INFO - Executing <Task(PythonOperator): Get_stockinfo_hourly> on 2024-02-27 03:09:06.748542+00:00
[2024-02-27T03:09:09.076+0000] {standard_task_runner.py:60} INFO - Started process 15323 to run task
[2024-02-27T03:09:09.079+0000] {standard_task_runner.py:87} INFO - Running: ['***', 'tasks', 'run', 'hourly', 'Get_stockinfo_hourly', 'manual__2024-02-27T03:09:06.748542+00:00', '--job-id', '251', '--raw', '--subdir', 'DAGS_FOLDER/main.py', '--cfg-path', '/tmp/tmpjplte04j']
[2024-02-27T03:09:09.080+0000] {standard_task_runner.py:88} INFO - Job 251: Subtask Get_stockinfo_hourly
[2024-02-27T03:09:09.115+0000] {task_command.py:423} INFO - Running <TaskInstance: hourly.Get_stockinfo_hourly manual__2024-02-27T03:09:06.748542+00:00 [running]> on host 756a22f68d7e
[2024-02-27T03:09:09.169+0000] {taskinstance.py:2480} INFO - Exporting env vars: AIRFLOW_CTX_DAG_EMAIL='nguyentuanduong555@gmail.com' AIRFLOW_CTX_DAG_OWNER='Duong_' AIRFLOW_CTX_DAG_ID='hourly' AIRFLOW_CTX_TASK_ID='Get_stockinfo_hourly' AIRFLOW_CTX_EXECUTION_DATE='2024-02-27T03:09:06.748542+00:00' AIRFLOW_CTX_TRY_NUMBER='1' AIRFLOW_CTX_DAG_RUN_ID='manual__2024-02-27T03:09:06.748542+00:00'
[2024-02-27T03:09:09.584+0000] {logging_mixin.py:188} INFO - {'ticker': 'MBB', 'time': '2024-02-27 10:09:03', 'price': 24000.0}
[2024-02-27T03:09:09.941+0000] {logging_mixin.py:188} INFO - publish message id 10549141315642916
[2024-02-27T03:09:10.512+0000] {logging_mixin.py:188} INFO - {'ticker': 'TPB', 'time': '2024-02-27 10:09:07', 'price': 19200.0}
[2024-02-27T03:09:10.649+0000] {logging_mixin.py:188} INFO - publish message id 10549027597425393
[2024-02-27T03:09:11.037+0000] {logging_mixin.py:188} INFO - {'ticker': 'NVL', 'time': '2024-02-27 10:09:05', 'price': 17050.0}
[2024-02-27T03:09:11.100+0000] {logging_mixin.py:188} INFO - publish message id 10549141315646462
[2024-02-27T03:09:11.489+0000] {logging_mixin.py:188} INFO - {'ticker': 'VIX', 'time': '2024-02-27 10:09:07', 'price': 18000.0}
[2024-02-27T03:09:11.629+0000] {logging_mixin.py:188} INFO - publish message id 10548880847583408
[2024-02-27T03:09:11.630+0000] {python.py:201} INFO - Done. Returned value was: None
[2024-02-27T03:09:11.657+0000] {taskinstance.py:1138} INFO - Marking task as SUCCESS. dag_id=hourly, task_id=Get_stockinfo_hourly, execution_date=20240227T030906, start_date=20240227T030909, end_date=20240227T030911
[2024-02-27T03:09:11.733+0000] {local_task_job_runner.py:234} INFO - Task exited with return code 0
[2024-02-27T03:09:11.753+0000] {taskinstance.py:3280} INFO - 1 downstream tasks scheduled from follow-on schedule check
