[2024-02-26T07:36:04.472+0000] {taskinstance.py:1956} INFO - Dependencies all met for dep_context=non-requeueable deps ti=<TaskInstance: hourly.Get_stockinfo_hourly scheduled__2024-02-26T04:36:00+00:00 [queued]>
[2024-02-26T07:36:04.476+0000] {taskinstance.py:1956} INFO - Dependencies all met for dep_context=requeueable deps ti=<TaskInstance: hourly.Get_stockinfo_hourly scheduled__2024-02-26T04:36:00+00:00 [queued]>
[2024-02-26T07:36:04.477+0000] {taskinstance.py:2170} INFO - Starting attempt 1 of 4
[2024-02-26T07:36:04.483+0000] {taskinstance.py:2191} INFO - Executing <Task(PythonOperator): Get_stockinfo_hourly> on 2024-02-26 04:36:00+00:00
[2024-02-26T07:36:04.488+0000] {standard_task_runner.py:60} INFO - Started process 1756 to run task
[2024-02-26T07:36:04.491+0000] {standard_task_runner.py:87} INFO - Running: ['***', 'tasks', 'run', 'hourly', 'Get_stockinfo_hourly', 'scheduled__2024-02-26T04:36:00+00:00', '--job-id', '111', '--raw', '--subdir', 'DAGS_FOLDER/main.py', '--cfg-path', '/tmp/tmp5o6k1ovj']
[2024-02-26T07:36:04.492+0000] {standard_task_runner.py:88} INFO - Job 111: Subtask Get_stockinfo_hourly
[2024-02-26T07:36:04.525+0000] {task_command.py:423} INFO - Running <TaskInstance: hourly.Get_stockinfo_hourly scheduled__2024-02-26T04:36:00+00:00 [running]> on host da7ec03022ec
[2024-02-26T07:36:04.580+0000] {taskinstance.py:2480} INFO - Exporting env vars: AIRFLOW_CTX_DAG_EMAIL='nguyentuanduong555@gmail.com' AIRFLOW_CTX_DAG_OWNER='Duong_' AIRFLOW_CTX_DAG_ID='hourly' AIRFLOW_CTX_TASK_ID='Get_stockinfo_hourly' AIRFLOW_CTX_EXECUTION_DATE='2024-02-26T04:36:00+00:00' AIRFLOW_CTX_TRY_NUMBER='1' AIRFLOW_CTX_DAG_RUN_ID='scheduled__2024-02-26T04:36:00+00:00'
[2024-02-26T07:36:04.941+0000] {logging_mixin.py:188} INFO - {'ticker': 'MBB', 'time': '2024-02-26 14:29:59', 'price': 23900.0}
[2024-02-26T07:36:05.230+0000] {logging_mixin.py:188} INFO - publish message id 10517662882436404
[2024-02-26T07:36:05.493+0000] {logging_mixin.py:188} INFO - {'ticker': 'TPB', 'time': '2024-02-26 14:29:58', 'price': 19100.0}
[2024-02-26T07:36:05.584+0000] {logging_mixin.py:188} INFO - publish message id 10518281597040653
[2024-02-26T07:36:05.871+0000] {logging_mixin.py:188} INFO - {'ticker': 'NVL', 'time': '2024-02-26 14:29:56', 'price': 16700.0}
[2024-02-26T07:36:05.942+0000] {logging_mixin.py:188} INFO - publish message id 10518066351859886
[2024-02-26T07:36:06.178+0000] {logging_mixin.py:188} INFO - {'ticker': 'VIX', 'time': '2024-02-26 14:29:59', 'price': 17900.0}
[2024-02-26T07:36:06.310+0000] {logging_mixin.py:188} INFO - publish message id 10517825283995754
[2024-02-26T07:36:06.311+0000] {python.py:201} INFO - Done. Returned value was: None
[2024-02-26T07:36:06.324+0000] {taskinstance.py:1138} INFO - Marking task as SUCCESS. dag_id=hourly, task_id=Get_stockinfo_hourly, execution_date=20240226T043600, start_date=20240226T073604, end_date=20240226T073606
[2024-02-26T07:36:06.348+0000] {local_task_job_runner.py:234} INFO - Task exited with return code 0
[2024-02-26T07:36:06.363+0000] {taskinstance.py:3280} INFO - 1 downstream tasks scheduled from follow-on schedule check
