[2024-02-26T02:48:42.836+0000] {taskinstance.py:1956} INFO - Dependencies all met for dep_context=non-requeueable deps ti=<TaskInstance: SD.Get_stockinfo_oneday manual__2024-02-26T02:48:40.325488+00:00 [queued]>
[2024-02-26T02:48:42.839+0000] {taskinstance.py:1956} INFO - Dependencies all met for dep_context=requeueable deps ti=<TaskInstance: SD.Get_stockinfo_oneday manual__2024-02-26T02:48:40.325488+00:00 [queued]>
[2024-02-26T02:48:42.840+0000] {taskinstance.py:2170} INFO - Starting attempt 1 of 4
[2024-02-26T02:48:42.845+0000] {taskinstance.py:2191} INFO - Executing <Task(PythonOperator): Get_stockinfo_oneday> on 2024-02-26 02:48:40.325488+00:00
[2024-02-26T02:48:42.849+0000] {standard_task_runner.py:60} INFO - Started process 450 to run task
[2024-02-26T02:48:42.851+0000] {standard_task_runner.py:87} INFO - Running: ['***', 'tasks', 'run', 'SD', 'Get_stockinfo_oneday', 'manual__2024-02-26T02:48:40.325488+00:00', '--job-id', '25', '--raw', '--subdir', 'DAGS_FOLDER/main.py', '--cfg-path', '/tmp/tmp4xy5kbgz']
[2024-02-26T02:48:42.853+0000] {standard_task_runner.py:88} INFO - Job 25: Subtask Get_stockinfo_oneday
[2024-02-26T02:48:42.883+0000] {task_command.py:423} INFO - Running <TaskInstance: SD.Get_stockinfo_oneday manual__2024-02-26T02:48:40.325488+00:00 [running]> on host ca8fe7f6f5b9
[2024-02-26T02:48:42.931+0000] {taskinstance.py:2480} INFO - Exporting env vars: AIRFLOW_CTX_DAG_OWNER='Duong_' AIRFLOW_CTX_DAG_ID='SD' AIRFLOW_CTX_TASK_ID='Get_stockinfo_oneday' AIRFLOW_CTX_EXECUTION_DATE='2024-02-26T02:48:40.325488+00:00' AIRFLOW_CTX_TRY_NUMBER='1' AIRFLOW_CTX_DAG_RUN_ID='manual__2024-02-26T02:48:40.325488+00:00'
[2024-02-26T02:48:44.237+0000] {logging_mixin.py:188} INFO - Empty DataFrame
Columns: [time, open, high, low, close, volume, ticker]
Index: []
[2024-02-26T02:48:44.238+0000] {logging_mixin.py:188} INFO - 1607/1607: SSI
[2024-02-26T02:48:45.623+0000] {logging_mixin.py:188} INFO - Empty DataFrame
Columns: [time, open, high, low, close, volume, ticker]
Index: []
[2024-02-26T02:48:45.624+0000] {logging_mixin.py:188} INFO - 1606/1607: BCM
[2024-02-26T02:48:46.959+0000] {logging_mixin.py:188} INFO - Empty DataFrame
Columns: [time, open, high, low, close, volume, ticker]
Index: []
[2024-02-26T02:48:46.960+0000] {logging_mixin.py:188} INFO - 1605/1607: VHM
[2024-02-26T02:48:48.309+0000] {logging_mixin.py:188} INFO - Empty DataFrame
Columns: [time, open, high, low, close, volume, ticker]
Index: []
[2024-02-26T02:48:48.309+0000] {logging_mixin.py:188} INFO - 1604/1607: VIC
[2024-02-26T02:48:49.637+0000] {logging_mixin.py:188} INFO - Empty DataFrame
Columns: [time, open, high, low, close, volume, ticker]
Index: []
[2024-02-26T02:48:49.638+0000] {logging_mixin.py:188} INFO - 1603/1607: VRE
[2024-02-26T02:48:55.971+0000] {logging_mixin.py:188} INFO - Empty DataFrame
Columns: [time, open, high, low, close, volume, ticker]
Index: []
[2024-02-26T02:48:55.971+0000] {logging_mixin.py:188} INFO - 1602/1607: BVH
[2024-02-26T02:48:57.339+0000] {logging_mixin.py:188} INFO - Empty DataFrame
Columns: [time, open, high, low, close, volume, ticker]
Index: []
[2024-02-26T02:48:57.340+0000] {logging_mixin.py:188} INFO - 1601/1607: POW
[2024-02-26T02:48:58.628+0000] {logging_mixin.py:188} INFO - Empty DataFrame
Columns: [time, open, high, low, close, volume, ticker]
Index: []
[2024-02-26T02:48:58.628+0000] {logging_mixin.py:188} INFO - 1600/1607: GAS
[2024-02-26T02:48:59.961+0000] {logging_mixin.py:188} INFO - Empty DataFrame
Columns: [time, open, high, low, close, volume, ticker]
Index: []
[2024-02-26T02:48:59.962+0000] {logging_mixin.py:188} INFO - 1599/1607: ACB
[2024-02-26T02:49:01.187+0000] {logging_mixin.py:188} INFO - Empty DataFrame
Columns: [time, open, high, low, close, volume, ticker]
Index: []
[2024-02-26T02:49:01.187+0000] {logging_mixin.py:188} INFO - 1598/1607: BID
[2024-02-26T02:49:02.408+0000] {logging_mixin.py:188} INFO - Empty DataFrame
Columns: [time, open, high, low, close, volume, ticker]
Index: []
[2024-02-26T02:49:02.409+0000] {logging_mixin.py:188} INFO - 1597/1607: CTG
[2024-02-26T02:49:02.409+0000] {python.py:201} INFO - Done. Returned value was: None
[2024-02-26T02:49:02.424+0000] {taskinstance.py:1138} INFO - Marking task as SUCCESS. dag_id=SD, task_id=Get_stockinfo_oneday, execution_date=20240226T024840, start_date=20240226T024842, end_date=20240226T024902
[2024-02-26T02:49:02.482+0000] {local_task_job_runner.py:234} INFO - Task exited with return code 0
[2024-02-26T02:49:02.503+0000] {taskinstance.py:3280} INFO - 1 downstream tasks scheduled from follow-on schedule check
