[2024-02-26T04:02:08.450+0000] {taskinstance.py:1956} INFO - Dependencies all met for dep_context=non-requeueable deps ti=<TaskInstance: hourly.Get_stockinfo_hourly manual__2024-02-26T04:02:03.708781+00:00 [queued]>
[2024-02-26T04:02:08.455+0000] {taskinstance.py:1956} INFO - Dependencies all met for dep_context=requeueable deps ti=<TaskInstance: hourly.Get_stockinfo_hourly manual__2024-02-26T04:02:03.708781+00:00 [queued]>
[2024-02-26T04:02:08.456+0000] {taskinstance.py:2170} INFO - Starting attempt 1 of 4
[2024-02-26T04:02:08.464+0000] {taskinstance.py:2191} INFO - Executing <Task(PythonOperator): Get_stockinfo_hourly> on 2024-02-26 04:02:03.708781+00:00
[2024-02-26T04:02:08.470+0000] {standard_task_runner.py:60} INFO - Started process 2608 to run task
[2024-02-26T04:02:08.474+0000] {standard_task_runner.py:87} INFO - Running: ['***', 'tasks', 'run', 'hourly', 'Get_stockinfo_hourly', 'manual__2024-02-26T04:02:03.708781+00:00', '--job-id', '50', '--raw', '--subdir', 'DAGS_FOLDER/main.py', '--cfg-path', '/tmp/tmp1rui8i3d']
[2024-02-26T04:02:08.476+0000] {standard_task_runner.py:88} INFO - Job 50: Subtask Get_stockinfo_hourly
[2024-02-26T04:02:08.521+0000] {task_command.py:423} INFO - Running <TaskInstance: hourly.Get_stockinfo_hourly manual__2024-02-26T04:02:03.708781+00:00 [running]> on host ca8fe7f6f5b9
[2024-02-26T04:02:08.590+0000] {taskinstance.py:2480} INFO - Exporting env vars: AIRFLOW_CTX_DAG_EMAIL='nguyentuanduong555@gmail.com' AIRFLOW_CTX_DAG_OWNER='Duong_' AIRFLOW_CTX_DAG_ID='hourly' AIRFLOW_CTX_TASK_ID='Get_stockinfo_hourly' AIRFLOW_CTX_EXECUTION_DATE='2024-02-26T04:02:03.708781+00:00' AIRFLOW_CTX_TRY_NUMBER='1' AIRFLOW_CTX_DAG_RUN_ID='manual__2024-02-26T04:02:03.708781+00:00'
[2024-02-26T04:02:08.794+0000] {logging_mixin.py:188} INFO - {'ticker': 'MBB', 'time': '2024-02-26 11:02:00', 'price': 23800.0}
[2024-02-26T04:02:08.962+0000] {logging_mixin.py:188} INFO - publish message id 10517863360622880
[2024-02-26T04:02:09.154+0000] {logging_mixin.py:188} INFO - {'ticker': 'TPB', 'time': '2024-02-26 11:01:50', 'price': 19100.0}
[2024-02-26T04:02:09.242+0000] {logging_mixin.py:188} INFO - publish message id 10518065984637281
[2024-02-26T04:02:09.393+0000] {logging_mixin.py:188} INFO - {'ticker': 'NVL', 'time': '2024-02-26 11:02:00', 'price': 16650.0}
[2024-02-26T04:02:09.456+0000] {logging_mixin.py:188} INFO - publish message id 10518165650145424
[2024-02-26T04:02:09.608+0000] {logging_mixin.py:188} INFO - {'ticker': 'VIX', 'time': '2024-02-26 11:02:07', 'price': 17400.0}
[2024-02-26T04:02:09.689+0000] {logging_mixin.py:188} INFO - publish message id 10516887321360513
[2024-02-26T04:02:09.690+0000] {python.py:201} INFO - Done. Returned value was: None
[2024-02-26T04:02:09.704+0000] {taskinstance.py:1138} INFO - Marking task as SUCCESS. dag_id=hourly, task_id=Get_stockinfo_hourly, execution_date=20240226T040203, start_date=20240226T040208, end_date=20240226T040209
[2024-02-26T04:02:09.752+0000] {local_task_job_runner.py:234} INFO - Task exited with return code 0
[2024-02-26T04:02:09.772+0000] {taskinstance.py:3280} INFO - 1 downstream tasks scheduled from follow-on schedule check
