[2024-02-26T07:36:00.018+0000] {taskinstance.py:1956} INFO - Dependencies all met for dep_context=non-requeueable deps ti=<TaskInstance: hourly.Get_stockinfo_hourly scheduled__2024-02-26T04:16:00+00:00 [queued]>
[2024-02-26T07:36:00.021+0000] {taskinstance.py:1956} INFO - Dependencies all met for dep_context=requeueable deps ti=<TaskInstance: hourly.Get_stockinfo_hourly scheduled__2024-02-26T04:16:00+00:00 [queued]>
[2024-02-26T07:36:00.022+0000] {taskinstance.py:2170} INFO - Starting attempt 1 of 4
[2024-02-26T07:36:00.027+0000] {taskinstance.py:2191} INFO - Executing <Task(PythonOperator): Get_stockinfo_hourly> on 2024-02-26 04:16:00+00:00
[2024-02-26T07:36:00.032+0000] {standard_task_runner.py:60} INFO - Started process 1678 to run task
[2024-02-26T07:36:00.035+0000] {standard_task_runner.py:87} INFO - Running: ['***', 'tasks', 'run', 'hourly', 'Get_stockinfo_hourly', 'scheduled__2024-02-26T04:16:00+00:00', '--job-id', '110', '--raw', '--subdir', 'DAGS_FOLDER/main.py', '--cfg-path', '/tmp/tmpwt42vb_p']
[2024-02-26T07:36:00.036+0000] {standard_task_runner.py:88} INFO - Job 110: Subtask Get_stockinfo_hourly
[2024-02-26T07:36:00.074+0000] {task_command.py:423} INFO - Running <TaskInstance: hourly.Get_stockinfo_hourly scheduled__2024-02-26T04:16:00+00:00 [running]> on host da7ec03022ec
[2024-02-26T07:36:00.125+0000] {taskinstance.py:2480} INFO - Exporting env vars: AIRFLOW_CTX_DAG_EMAIL='nguyentuanduong555@gmail.com' AIRFLOW_CTX_DAG_OWNER='Duong_' AIRFLOW_CTX_DAG_ID='hourly' AIRFLOW_CTX_TASK_ID='Get_stockinfo_hourly' AIRFLOW_CTX_EXECUTION_DATE='2024-02-26T04:16:00+00:00' AIRFLOW_CTX_TRY_NUMBER='1' AIRFLOW_CTX_DAG_RUN_ID='scheduled__2024-02-26T04:16:00+00:00'
[2024-02-26T07:36:00.296+0000] {logging_mixin.py:188} INFO - {'ticker': 'MBB', 'time': '2024-02-26 14:29:59', 'price': 23900.0}
[2024-02-26T07:36:00.652+0000] {logging_mixin.py:188} INFO - publish message id 10517882893878574
[2024-02-26T07:36:00.841+0000] {logging_mixin.py:188} INFO - {'ticker': 'TPB', 'time': '2024-02-26 14:29:58', 'price': 19100.0}
[2024-02-26T07:36:00.930+0000] {logging_mixin.py:188} INFO - publish message id 10518281597028403
[2024-02-26T07:36:01.183+0000] {logging_mixin.py:188} INFO - {'ticker': 'NVL', 'time': '2024-02-26 14:29:56', 'price': 16700.0}
[2024-02-26T07:36:01.236+0000] {logging_mixin.py:188} INFO - publish message id 10517920226938731
[2024-02-26T07:36:01.410+0000] {logging_mixin.py:188} INFO - {'ticker': 'VIX', 'time': '2024-02-26 14:29:59', 'price': 17900.0}
[2024-02-26T07:36:01.561+0000] {logging_mixin.py:188} INFO - publish message id 10518233034489723
[2024-02-26T07:36:01.562+0000] {python.py:201} INFO - Done. Returned value was: None
[2024-02-26T07:36:01.583+0000] {taskinstance.py:1138} INFO - Marking task as SUCCESS. dag_id=hourly, task_id=Get_stockinfo_hourly, execution_date=20240226T041600, start_date=20240226T073600, end_date=20240226T073601
[2024-02-26T07:36:01.635+0000] {local_task_job_runner.py:234} INFO - Task exited with return code 0
[2024-02-26T07:36:01.658+0000] {taskinstance.py:3280} INFO - 1 downstream tasks scheduled from follow-on schedule check
