[2024-02-26T06:34:04.914+0000] {taskinstance.py:1956} INFO - Dependencies all met for dep_context=non-requeueable deps ti=<TaskInstance: hourly.Get_stockinfo_hourly scheduled__2024-02-26T05:00:00+00:00 [queued]>
[2024-02-26T06:34:04.920+0000] {taskinstance.py:1956} INFO - Dependencies all met for dep_context=requeueable deps ti=<TaskInstance: hourly.Get_stockinfo_hourly scheduled__2024-02-26T05:00:00+00:00 [queued]>
[2024-02-26T06:34:04.920+0000] {taskinstance.py:2170} INFO - Starting attempt 1 of 4
[2024-02-26T06:34:04.929+0000] {taskinstance.py:2191} INFO - Executing <Task(PythonOperator): Get_stockinfo_hourly> on 2024-02-26 05:00:00+00:00
[2024-02-26T06:34:04.937+0000] {standard_task_runner.py:60} INFO - Started process 1022 to run task
[2024-02-26T06:34:04.942+0000] {standard_task_runner.py:87} INFO - Running: ['***', 'tasks', 'run', 'hourly', 'Get_stockinfo_hourly', 'scheduled__2024-02-26T05:00:00+00:00', '--job-id', '106', '--raw', '--subdir', 'DAGS_FOLDER/main.py', '--cfg-path', '/tmp/tmpt4cilq6b']
[2024-02-26T06:34:04.944+0000] {standard_task_runner.py:88} INFO - Job 106: Subtask Get_stockinfo_hourly
[2024-02-26T06:34:04.998+0000] {task_command.py:423} INFO - Running <TaskInstance: hourly.Get_stockinfo_hourly scheduled__2024-02-26T05:00:00+00:00 [running]> on host da7ec03022ec
[2024-02-26T06:34:05.074+0000] {taskinstance.py:2480} INFO - Exporting env vars: AIRFLOW_CTX_DAG_EMAIL='nguyentuanduong555@gmail.com' AIRFLOW_CTX_DAG_OWNER='Duong_' AIRFLOW_CTX_DAG_ID='hourly' AIRFLOW_CTX_TASK_ID='Get_stockinfo_hourly' AIRFLOW_CTX_EXECUTION_DATE='2024-02-26T05:00:00+00:00' AIRFLOW_CTX_TRY_NUMBER='1' AIRFLOW_CTX_DAG_RUN_ID='scheduled__2024-02-26T05:00:00+00:00'
[2024-02-26T06:34:05.253+0000] {logging_mixin.py:188} INFO - {'ticker': 'MBB', 'time': '2024-02-26 13:50:44', 'price': 23900.0}
[2024-02-26T06:34:05.506+0000] {logging_mixin.py:188} INFO - publish message id 10517565083460017
[2024-02-26T06:34:05.663+0000] {logging_mixin.py:188} INFO - {'ticker': 'TPB', 'time': '2024-02-26 13:50:29', 'price': 19200.0}
[2024-02-26T06:34:05.756+0000] {logging_mixin.py:188} INFO - publish message id 10517662281727772
[2024-02-26T06:34:05.993+0000] {logging_mixin.py:188} INFO - {'ticker': 'NVL', 'time': '2024-02-26 13:50:46', 'price': 16750.0}
[2024-02-26T06:34:06.089+0000] {logging_mixin.py:188} INFO - publish message id 9533576275034039
[2024-02-26T06:34:06.248+0000] {logging_mixin.py:188} INFO - {'ticker': 'VIX', 'time': '2024-02-26 13:50:47', 'price': 18050.0}
[2024-02-26T06:34:06.349+0000] {logging_mixin.py:188} INFO - publish message id 10518005733577811
[2024-02-26T06:34:06.350+0000] {python.py:201} INFO - Done. Returned value was: None
[2024-02-26T06:34:06.366+0000] {taskinstance.py:1138} INFO - Marking task as SUCCESS. dag_id=hourly, task_id=Get_stockinfo_hourly, execution_date=20240226T050000, start_date=20240226T063404, end_date=20240226T063406
[2024-02-26T06:34:06.646+0000] {local_task_job_runner.py:234} INFO - Task exited with return code 0
[2024-02-26T06:34:06.685+0000] {taskinstance.py:3280} INFO - 1 downstream tasks scheduled from follow-on schedule check
