[2024-02-27T02:42:40.082+0000] {taskinstance.py:1956} INFO - Dependencies all met for dep_context=non-requeueable deps ti=<TaskInstance: hourly.Get_stockinfo_hourly manual__2024-02-27T02:42:38.443440+00:00 [queued]>
[2024-02-27T02:42:40.086+0000] {taskinstance.py:1956} INFO - Dependencies all met for dep_context=requeueable deps ti=<TaskInstance: hourly.Get_stockinfo_hourly manual__2024-02-27T02:42:38.443440+00:00 [queued]>
[2024-02-27T02:42:40.086+0000] {taskinstance.py:2170} INFO - Starting attempt 1 of 4
[2024-02-27T02:42:40.092+0000] {taskinstance.py:2191} INFO - Executing <Task(PythonOperator): Get_stockinfo_hourly> on 2024-02-27 02:42:38.443440+00:00
[2024-02-27T02:42:40.099+0000] {standard_task_runner.py:60} INFO - Started process 14700 to run task
[2024-02-27T02:42:40.102+0000] {standard_task_runner.py:87} INFO - Running: ['***', 'tasks', 'run', 'hourly', 'Get_stockinfo_hourly', 'manual__2024-02-27T02:42:38.443440+00:00', '--job-id', '245', '--raw', '--subdir', 'DAGS_FOLDER/main.py', '--cfg-path', '/tmp/tmp4vj7z23g']
[2024-02-27T02:42:40.104+0000] {standard_task_runner.py:88} INFO - Job 245: Subtask Get_stockinfo_hourly
[2024-02-27T02:42:40.151+0000] {task_command.py:423} INFO - Running <TaskInstance: hourly.Get_stockinfo_hourly manual__2024-02-27T02:42:38.443440+00:00 [running]> on host 756a22f68d7e
[2024-02-27T02:42:40.205+0000] {taskinstance.py:2480} INFO - Exporting env vars: AIRFLOW_CTX_DAG_EMAIL='nguyentuanduong555@gmail.com' AIRFLOW_CTX_DAG_OWNER='Duong_' AIRFLOW_CTX_DAG_ID='hourly' AIRFLOW_CTX_TASK_ID='Get_stockinfo_hourly' AIRFLOW_CTX_EXECUTION_DATE='2024-02-27T02:42:38.443440+00:00' AIRFLOW_CTX_TRY_NUMBER='1' AIRFLOW_CTX_DAG_RUN_ID='manual__2024-02-27T02:42:38.443440+00:00'
[2024-02-27T02:42:40.610+0000] {logging_mixin.py:188} INFO - {'ticker': 'MBB', 'time': '2024-02-27 09:42:35', 'price': 23900.0}
[2024-02-27T02:42:40.976+0000] {logging_mixin.py:188} INFO - publish message id 10547566946757040
[2024-02-27T02:42:41.355+0000] {logging_mixin.py:188} INFO - {'ticker': 'TPB', 'time': '2024-02-27 09:42:25', 'price': 19100.0}
[2024-02-27T02:42:41.490+0000] {logging_mixin.py:188} INFO - publish message id 10547161744404506
[2024-02-27T02:42:42.094+0000] {logging_mixin.py:188} INFO - {'ticker': 'NVL', 'time': '2024-02-27 09:42:40', 'price': 16850.0}
[2024-02-27T02:42:42.192+0000] {logging_mixin.py:188} INFO - publish message id 10547148374734093
[2024-02-27T02:42:42.544+0000] {logging_mixin.py:188} INFO - {'ticker': 'VIX', 'time': '2024-02-27 09:42:39', 'price': 17950.0}
[2024-02-27T02:42:42.636+0000] {logging_mixin.py:188} INFO - publish message id 10547678218818219
[2024-02-27T02:42:42.637+0000] {python.py:201} INFO - Done. Returned value was: None
[2024-02-27T02:42:42.655+0000] {taskinstance.py:1138} INFO - Marking task as SUCCESS. dag_id=hourly, task_id=Get_stockinfo_hourly, execution_date=20240227T024238, start_date=20240227T024240, end_date=20240227T024242
[2024-02-27T02:42:42.712+0000] {local_task_job_runner.py:234} INFO - Task exited with return code 0
[2024-02-27T02:42:42.732+0000] {taskinstance.py:3280} INFO - 1 downstream tasks scheduled from follow-on schedule check
