[2024-02-26T14:34:04.992+0000] {taskinstance.py:1956} INFO - Dependencies all met for dep_context=non-requeueable deps ti=<TaskInstance: yearly.Send_to_gcs manual__2024-02-26T14:23:48.353884+00:00 [queued]>
[2024-02-26T14:34:04.997+0000] {taskinstance.py:1956} INFO - Dependencies all met for dep_context=requeueable deps ti=<TaskInstance: yearly.Send_to_gcs manual__2024-02-26T14:23:48.353884+00:00 [queued]>
[2024-02-26T14:34:04.997+0000] {taskinstance.py:2170} INFO - Starting attempt 3 of 4
[2024-02-26T14:34:05.003+0000] {taskinstance.py:2191} INFO - Executing <Task(BashOperator): Send_to_gcs> on 2024-02-26 14:23:48.353884+00:00
[2024-02-26T14:34:05.010+0000] {standard_task_runner.py:60} INFO - Started process 5369 to run task
[2024-02-26T14:34:05.013+0000] {standard_task_runner.py:87} INFO - Running: ['***', 'tasks', 'run', 'yearly', 'Send_to_gcs', 'manual__2024-02-26T14:23:48.353884+00:00', '--job-id', '144', '--raw', '--subdir', 'DAGS_FOLDER/main.py', '--cfg-path', '/tmp/tmpmj2w8yrq']
[2024-02-26T14:34:05.015+0000] {standard_task_runner.py:88} INFO - Job 144: Subtask Send_to_gcs
[2024-02-26T14:34:05.055+0000] {task_command.py:423} INFO - Running <TaskInstance: yearly.Send_to_gcs manual__2024-02-26T14:23:48.353884+00:00 [running]> on host 756a22f68d7e
[2024-02-26T14:34:05.105+0000] {taskinstance.py:2480} INFO - Exporting env vars: AIRFLOW_CTX_DAG_EMAIL='nguyentuanduong555@gmail.com' AIRFLOW_CTX_DAG_OWNER='Duong_' AIRFLOW_CTX_DAG_ID='yearly' AIRFLOW_CTX_TASK_ID='Send_to_gcs' AIRFLOW_CTX_EXECUTION_DATE='2024-02-26T14:23:48.353884+00:00' AIRFLOW_CTX_TRY_NUMBER='3' AIRFLOW_CTX_DAG_RUN_ID='manual__2024-02-26T14:23:48.353884+00:00'
[2024-02-26T14:34:05.106+0000] {subprocess.py:63} INFO - Tmp dir root location: /tmp
[2024-02-26T14:34:05.106+0000] {subprocess.py:75} INFO - Running command: ['/usr/bin/bash', '-c', 'gsutil -o GSUtil:parallel_composite_upload_threshold=150M -m  cp /opt/***/dags/plugin/pyspark_gcs_bq.py  gs://datastocks123/']
[2024-02-26T14:34:05.121+0000] {subprocess.py:86} INFO - Output:
[2024-02-26T14:34:07.024+0000] {subprocess.py:93} INFO - Copying file:///opt/***/dags/plugin/pyspark_gcs_bq.py [Content-Type=text/x-python]...
[2024-02-26T14:34:07.436+0000] {subprocess.py:93} INFO - ServiceException: 401 Anonymous caller does not have storage.objects.create access to the Google Cloud Storage object. Permission 'storage.objects.create' denied on resource (or it may not exist).
[2024-02-26T14:34:07.447+0000] {subprocess.py:93} INFO - CommandException: 1 file/object could not be transferred.
[2024-02-26T14:34:07.595+0000] {subprocess.py:93} INFO - / [0/1 files][    0.0 B/  4.0 KiB]   0% Done
[2024-02-26T14:34:07.595+0000] {subprocess.py:97} INFO - Command exited with return code 1
[2024-02-26T14:34:07.605+0000] {taskinstance.py:2698} ERROR - Task failed with exception
Traceback (most recent call last):
  File "/home/airflow/.local/lib/python3.8/site-packages/airflow/models/taskinstance.py", line 433, in _execute_task
    result = execute_callable(context=context, **execute_callable_kwargs)
  File "/home/airflow/.local/lib/python3.8/site-packages/airflow/operators/bash.py", line 212, in execute
    raise AirflowException(
airflow.exceptions.AirflowException: Bash command failed. The command returned a non-zero exit code 1.
[2024-02-26T14:34:07.607+0000] {taskinstance.py:1138} INFO - Marking task as UP_FOR_RETRY. dag_id=yearly, task_id=Send_to_gcs, execution_date=20240226T142348, start_date=20240226T143404, end_date=20240226T143407
[2024-02-26T14:34:07.615+0000] {standard_task_runner.py:107} ERROR - Failed to execute job 144 for task Send_to_gcs (Bash command failed. The command returned a non-zero exit code 1.; 5369)
[2024-02-26T14:34:07.635+0000] {local_task_job_runner.py:234} INFO - Task exited with return code 1
[2024-02-26T14:34:07.651+0000] {taskinstance.py:3280} INFO - 0 downstream tasks scheduled from follow-on schedule check
