[2024-02-26T04:38:15.599+0000] {taskinstance.py:1956} INFO - Dependencies all met for dep_context=non-requeueable deps ti=<TaskInstance: daily.Get_stockinfo_oneday manual__2024-02-26T04:38:11.532020+00:00 [queued]>
[2024-02-26T04:38:15.604+0000] {taskinstance.py:1956} INFO - Dependencies all met for dep_context=requeueable deps ti=<TaskInstance: daily.Get_stockinfo_oneday manual__2024-02-26T04:38:11.532020+00:00 [queued]>
[2024-02-26T04:38:15.605+0000] {taskinstance.py:2170} INFO - Starting attempt 1 of 4
[2024-02-26T04:38:15.612+0000] {taskinstance.py:2191} INFO - Executing <Task(PythonOperator): Get_stockinfo_oneday> on 2024-02-26 04:38:11.532020+00:00
[2024-02-26T04:38:15.618+0000] {standard_task_runner.py:60} INFO - Started process 121 to run task
[2024-02-26T04:38:15.622+0000] {standard_task_runner.py:87} INFO - Running: ['***', 'tasks', 'run', 'daily', 'Get_stockinfo_oneday', 'manual__2024-02-26T04:38:11.532020+00:00', '--job-id', '90', '--raw', '--subdir', 'DAGS_FOLDER/main.py', '--cfg-path', '/tmp/tmpau4hhzoq']
[2024-02-26T04:38:15.624+0000] {standard_task_runner.py:88} INFO - Job 90: Subtask Get_stockinfo_oneday
[2024-02-26T04:38:15.675+0000] {task_command.py:423} INFO - Running <TaskInstance: daily.Get_stockinfo_oneday manual__2024-02-26T04:38:11.532020+00:00 [running]> on host 024f61651edd
[2024-02-26T04:38:15.743+0000] {taskinstance.py:2480} INFO - Exporting env vars: AIRFLOW_CTX_DAG_EMAIL='nguyentuanduong555@gmail.com' AIRFLOW_CTX_DAG_OWNER='Duong_' AIRFLOW_CTX_DAG_ID='daily' AIRFLOW_CTX_TASK_ID='Get_stockinfo_oneday' AIRFLOW_CTX_EXECUTION_DATE='2024-02-26T04:38:11.532020+00:00' AIRFLOW_CTX_TRY_NUMBER='1' AIRFLOW_CTX_DAG_RUN_ID='manual__2024-02-26T04:38:11.532020+00:00'
[2024-02-26T04:38:15.921+0000] {logging_mixin.py:188} INFO -                   time   open   high    low  close   volume ticker
0  2024-02-26 09:00:00  34100  34300  34050  34100  3073200    SSI
1  2024-02-26 10:00:00  34100  34350  34050  34250  2884700    SSI
[2024-02-26T04:38:15.921+0000] {logging_mixin.py:188} INFO - 1607/1607: SSI
[2024-02-26T04:38:16.056+0000] {logging_mixin.py:188} INFO -                   time   open   high    low  close  volume ticker
0  2024-02-26 09:00:00  63300  63800  63200  63200  150400    BCM
1  2024-02-26 10:00:00  63200  63600  63100  63200  114200    BCM
[2024-02-26T04:38:16.056+0000] {logging_mixin.py:188} INFO - 1606/1607: BCM
[2024-02-26T04:38:16.193+0000] {logging_mixin.py:188} INFO -                   time   open   high    low  close   volume ticker
0  2024-02-26 09:00:00  43450  43850  43400  43550  2204100    VHM
1  2024-02-26 10:00:00  43550  43850  43550  43650  1115500    VHM
[2024-02-26T04:38:16.193+0000] {logging_mixin.py:188} INFO - 1605/1607: VHM
[2024-02-26T04:38:16.327+0000] {logging_mixin.py:188} INFO -                   time   open   high    low  close   volume ticker
0  2024-02-26 09:00:00  45350  45750  45000  45100   891000    VIC
1  2024-02-26 10:00:00  45100  45250  45000  45050  1025600    VIC
[2024-02-26T04:38:16.327+0000] {logging_mixin.py:188} INFO - 1604/1607: VIC
[2024-02-26T04:38:16.467+0000] {logging_mixin.py:188} INFO -                   time   open   high    low  close   volume ticker
0  2024-02-26 09:00:00  25450  26150  25350  26000  4429400    VRE
1  2024-02-26 10:00:00  26000  26500  25900  26200  4179400    VRE
[2024-02-26T04:38:16.468+0000] {logging_mixin.py:188} INFO - 1603/1607: VRE
[2024-02-26T04:38:16.614+0000] {logging_mixin.py:188} INFO -                   time   open   high    low  close  volume ticker
0  2024-02-26 09:00:00  41950  42100  41900  41900   85300    BVH
1  2024-02-26 10:00:00  41950  42050  41950  42000   63700    BVH
[2024-02-26T04:38:16.615+0000] {logging_mixin.py:188} INFO - 1602/1607: BVH
[2024-02-26T04:38:16.749+0000] {logging_mixin.py:188} INFO -                   time   open   high    low  close   volume ticker
0  2024-02-26 09:00:00  11500  11600  11500  11550  1300300    POW
1  2024-02-26 10:00:00  11550  11600  11500  11550  1690500    POW
[2024-02-26T04:38:16.749+0000] {logging_mixin.py:188} INFO - 1601/1607: POW
[2024-02-26T04:38:16.885+0000] {logging_mixin.py:188} INFO -                   time   open   high    low  close  volume ticker
0  2024-02-26 09:00:00  76500  76800  76200  76300  183800    GAS
1  2024-02-26 10:00:00  76300  76400  76000  76200  175100    GAS
[2024-02-26T04:38:16.885+0000] {logging_mixin.py:188} INFO - 1600/1607: GAS
[2024-02-26T04:38:17.023+0000] {logging_mixin.py:188} INFO -                   time   open   high    low  close   volume ticker
0  2024-02-26 09:00:00  27300  27350  27100  27200  3016500    ACB
1  2024-02-26 10:00:00  27200  27300  27200  27300  1610100    ACB
[2024-02-26T04:38:17.023+0000] {logging_mixin.py:188} INFO - 1599/1607: ACB
[2024-02-26T04:38:17.170+0000] {logging_mixin.py:188} INFO -                   time   open   high    low  close  volume ticker
0  2024-02-26 09:00:00  52800  54500  52000  53700  535400    BID
1  2024-02-26 10:00:00  53700  53900  53500  53500  201500    BID
[2024-02-26T04:38:17.170+0000] {logging_mixin.py:188} INFO - 1598/1607: BID
[2024-02-26T04:38:17.308+0000] {logging_mixin.py:188} INFO -                   time   open   high    low  close   volume ticker
0  2024-02-26 09:00:00  35200  35600  35100  35250  1749700    CTG
1  2024-02-26 10:00:00  35250  35550  35250  35400  1047800    CTG
[2024-02-26T04:38:17.309+0000] {logging_mixin.py:188} INFO - 1597/1607: CTG
[2024-02-26T04:38:17.309+0000] {python.py:201} INFO - Done. Returned value was: None
[2024-02-26T04:38:17.320+0000] {taskinstance.py:1138} INFO - Marking task as SUCCESS. dag_id=daily, task_id=Get_stockinfo_oneday, execution_date=20240226T043811, start_date=20240226T043815, end_date=20240226T043817
[2024-02-26T04:38:17.376+0000] {local_task_job_runner.py:234} INFO - Task exited with return code 0
[2024-02-26T04:38:17.400+0000] {taskinstance.py:3280} INFO - 1 downstream tasks scheduled from follow-on schedule check
