[2024-02-26T15:01:02.144+0000] {taskinstance.py:1956} INFO - Dependencies all met for dep_context=non-requeueable deps ti=<TaskInstance: yearly.Send_to_bq manual__2024-02-26T14:45:44.702295+00:00 [queued]>
[2024-02-26T15:01:02.148+0000] {taskinstance.py:1956} INFO - Dependencies all met for dep_context=requeueable deps ti=<TaskInstance: yearly.Send_to_bq manual__2024-02-26T14:45:44.702295+00:00 [queued]>
[2024-02-26T15:01:02.149+0000] {taskinstance.py:2170} INFO - Starting attempt 4 of 4
[2024-02-26T15:01:02.155+0000] {taskinstance.py:2191} INFO - Executing <Task(BashOperator): Send_to_bq> on 2024-02-26 14:45:44.702295+00:00
[2024-02-26T15:01:02.161+0000] {standard_task_runner.py:60} INFO - Started process 6661 to run task
[2024-02-26T15:01:02.165+0000] {standard_task_runner.py:87} INFO - Running: ['***', 'tasks', 'run', 'yearly', 'Send_to_bq', 'manual__2024-02-26T14:45:44.702295+00:00', '--job-id', '154', '--raw', '--subdir', 'DAGS_FOLDER/main.py', '--cfg-path', '/tmp/tmpjle375_0']
[2024-02-26T15:01:02.166+0000] {standard_task_runner.py:88} INFO - Job 154: Subtask Send_to_bq
[2024-02-26T15:01:02.213+0000] {task_command.py:423} INFO - Running <TaskInstance: yearly.Send_to_bq manual__2024-02-26T14:45:44.702295+00:00 [running]> on host 756a22f68d7e
[2024-02-26T15:01:02.269+0000] {taskinstance.py:2480} INFO - Exporting env vars: AIRFLOW_CTX_DAG_EMAIL='nguyentuanduong555@gmail.com' AIRFLOW_CTX_DAG_OWNER='Duong_' AIRFLOW_CTX_DAG_ID='yearly' AIRFLOW_CTX_TASK_ID='Send_to_bq' AIRFLOW_CTX_EXECUTION_DATE='2024-02-26T14:45:44.702295+00:00' AIRFLOW_CTX_TRY_NUMBER='4' AIRFLOW_CTX_DAG_RUN_ID='manual__2024-02-26T14:45:44.702295+00:00'
[2024-02-26T15:01:02.270+0000] {subprocess.py:63} INFO - Tmp dir root location: /tmp
[2024-02-26T15:01:02.271+0000] {subprocess.py:75} INFO - Running command: ['/usr/bin/bash', '-c', 'gcloud dataproc jobs submit pyspark gs://datastocks123/pyspark_gcs_bq.py --cluster=dataproc --region=us-central1']
[2024-02-26T15:01:02.282+0000] {subprocess.py:86} INFO - Output:
[2024-02-26T15:01:03.299+0000] {subprocess.py:93} INFO - ERROR: (gcloud.dataproc.jobs.submit.pyspark) The required property [project] is not currently set.
[2024-02-26T15:01:03.299+0000] {subprocess.py:93} INFO - It can be set on a per-command basis by re-running your command with the [--project] flag.
[2024-02-26T15:01:03.300+0000] {subprocess.py:93} INFO - 
[2024-02-26T15:01:03.300+0000] {subprocess.py:93} INFO - You may set it for your current workspace by running:
[2024-02-26T15:01:03.300+0000] {subprocess.py:93} INFO - 
[2024-02-26T15:01:03.300+0000] {subprocess.py:93} INFO -   $ gcloud config set project VALUE
[2024-02-26T15:01:03.300+0000] {subprocess.py:93} INFO - 
[2024-02-26T15:01:03.301+0000] {subprocess.py:93} INFO - or it can be set temporarily by the environment variable [CLOUDSDK_CORE_PROJECT]
[2024-02-26T15:01:03.395+0000] {subprocess.py:97} INFO - Command exited with return code 1
[2024-02-26T15:01:03.404+0000] {taskinstance.py:2698} ERROR - Task failed with exception
Traceback (most recent call last):
  File "/home/airflow/.local/lib/python3.8/site-packages/airflow/models/taskinstance.py", line 433, in _execute_task
    result = execute_callable(context=context, **execute_callable_kwargs)
  File "/home/airflow/.local/lib/python3.8/site-packages/airflow/operators/bash.py", line 212, in execute
    raise AirflowException(
airflow.exceptions.AirflowException: Bash command failed. The command returned a non-zero exit code 1.
[2024-02-26T15:01:03.406+0000] {taskinstance.py:1138} INFO - Marking task as FAILED. dag_id=yearly, task_id=Send_to_bq, execution_date=20240226T144544, start_date=20240226T150102, end_date=20240226T150103
[2024-02-26T15:01:03.414+0000] {standard_task_runner.py:107} ERROR - Failed to execute job 154 for task Send_to_bq (Bash command failed. The command returned a non-zero exit code 1.; 6661)
[2024-02-26T15:01:03.445+0000] {local_task_job_runner.py:234} INFO - Task exited with return code 1
[2024-02-26T15:01:03.460+0000] {taskinstance.py:3280} INFO - 0 downstream tasks scheduled from follow-on schedule check
