[2024-02-25T11:04:13.318+0000] {processor.py:161} INFO - Started process (PID=601) to work on /opt/airflow/dags/plugin/key/keys.py
[2024-02-25T11:04:13.319+0000] {processor.py:830} INFO - Processing file /opt/airflow/dags/plugin/key/keys.py for tasks to queue
[2024-02-25T11:04:13.321+0000] {logging_mixin.py:188} INFO - [2024-02-25T11:04:13.320+0000] {dagbag.py:538} INFO - Filling up the DagBag from /opt/airflow/dags/plugin/key/keys.py
[2024-02-25T11:04:13.324+0000] {processor.py:842} WARNING - No viable dags retrieved from /opt/airflow/dags/plugin/key/keys.py
[2024-02-25T11:04:13.335+0000] {processor.py:183} INFO - Processing /opt/airflow/dags/plugin/key/keys.py took 0.020 seconds
[2024-02-25T11:04:44.118+0000] {processor.py:161} INFO - Started process (PID=659) to work on /opt/airflow/dags/plugin/key/keys.py
[2024-02-25T11:04:44.119+0000] {processor.py:830} INFO - Processing file /opt/airflow/dags/plugin/key/keys.py for tasks to queue
[2024-02-25T11:04:44.122+0000] {logging_mixin.py:188} INFO - [2024-02-25T11:04:44.122+0000] {dagbag.py:538} INFO - Filling up the DagBag from /opt/airflow/dags/plugin/key/keys.py
[2024-02-25T11:04:44.128+0000] {processor.py:842} WARNING - No viable dags retrieved from /opt/airflow/dags/plugin/key/keys.py
[2024-02-25T11:04:44.149+0000] {processor.py:183} INFO - Processing /opt/airflow/dags/plugin/key/keys.py took 0.037 seconds
[2024-02-25T11:05:14.419+0000] {processor.py:161} INFO - Started process (PID=717) to work on /opt/airflow/dags/plugin/key/keys.py
[2024-02-25T11:05:14.421+0000] {processor.py:830} INFO - Processing file /opt/airflow/dags/plugin/key/keys.py for tasks to queue
[2024-02-25T11:05:14.425+0000] {logging_mixin.py:188} INFO - [2024-02-25T11:05:14.424+0000] {dagbag.py:538} INFO - Filling up the DagBag from /opt/airflow/dags/plugin/key/keys.py
[2024-02-25T11:05:14.431+0000] {processor.py:842} WARNING - No viable dags retrieved from /opt/airflow/dags/plugin/key/keys.py
[2024-02-25T11:05:14.455+0000] {processor.py:183} INFO - Processing /opt/airflow/dags/plugin/key/keys.py took 0.040 seconds
[2024-02-25T11:11:17.870+0000] {processor.py:161} INFO - Started process (PID=775) to work on /opt/airflow/dags/plugin/key/keys.py
[2024-02-25T11:11:17.876+0000] {processor.py:830} INFO - Processing file /opt/airflow/dags/plugin/key/keys.py for tasks to queue
[2024-02-25T11:11:17.882+0000] {logging_mixin.py:188} INFO - [2024-02-25T11:11:17.881+0000] {dagbag.py:538} INFO - Filling up the DagBag from /opt/airflow/dags/plugin/key/keys.py
[2024-02-25T11:11:17.897+0000] {processor.py:842} WARNING - No viable dags retrieved from /opt/airflow/dags/plugin/key/keys.py
[2024-02-25T11:11:18.000+0000] {processor.py:183} INFO - Processing /opt/airflow/dags/plugin/key/keys.py took 0.135 seconds
[2024-02-25T11:21:18.639+0000] {processor.py:161} INFO - Started process (PID=833) to work on /opt/airflow/dags/plugin/key/keys.py
[2024-02-25T11:21:18.640+0000] {processor.py:830} INFO - Processing file /opt/airflow/dags/plugin/key/keys.py for tasks to queue
[2024-02-25T11:21:18.643+0000] {logging_mixin.py:188} INFO - [2024-02-25T11:21:18.642+0000] {dagbag.py:538} INFO - Filling up the DagBag from /opt/airflow/dags/plugin/key/keys.py
[2024-02-25T11:21:18.647+0000] {processor.py:842} WARNING - No viable dags retrieved from /opt/airflow/dags/plugin/key/keys.py
[2024-02-25T11:21:18.667+0000] {processor.py:183} INFO - Processing /opt/airflow/dags/plugin/key/keys.py took 0.031 seconds
[2024-02-25T12:12:03.661+0000] {processor.py:161} INFO - Started process (PID=891) to work on /opt/airflow/dags/plugin/key/keys.py
[2024-02-25T12:12:03.663+0000] {processor.py:830} INFO - Processing file /opt/airflow/dags/plugin/key/keys.py for tasks to queue
[2024-02-25T12:12:03.666+0000] {logging_mixin.py:188} INFO - [2024-02-25T12:12:03.665+0000] {dagbag.py:538} INFO - Filling up the DagBag from /opt/airflow/dags/plugin/key/keys.py
[2024-02-25T12:12:03.671+0000] {processor.py:842} WARNING - No viable dags retrieved from /opt/airflow/dags/plugin/key/keys.py
[2024-02-25T12:12:03.690+0000] {processor.py:183} INFO - Processing /opt/airflow/dags/plugin/key/keys.py took 0.035 seconds
[2024-02-25T13:51:47.341+0000] {processor.py:161} INFO - Started process (PID=948) to work on /opt/airflow/dags/plugin/key/keys.py
[2024-02-25T13:51:47.343+0000] {processor.py:830} INFO - Processing file /opt/airflow/dags/plugin/key/keys.py for tasks to queue
[2024-02-25T13:51:47.346+0000] {logging_mixin.py:188} INFO - [2024-02-25T13:51:47.345+0000] {dagbag.py:538} INFO - Filling up the DagBag from /opt/airflow/dags/plugin/key/keys.py
[2024-02-25T13:51:47.358+0000] {processor.py:842} WARNING - No viable dags retrieved from /opt/airflow/dags/plugin/key/keys.py
[2024-02-25T13:51:47.391+0000] {processor.py:183} INFO - Processing /opt/airflow/dags/plugin/key/keys.py took 0.054 seconds
[2024-02-25T15:26:47.383+0000] {processor.py:161} INFO - Started process (PID=1006) to work on /opt/airflow/dags/plugin/key/keys.py
[2024-02-25T15:26:47.384+0000] {processor.py:830} INFO - Processing file /opt/airflow/dags/plugin/key/keys.py for tasks to queue
[2024-02-25T15:26:47.387+0000] {logging_mixin.py:188} INFO - [2024-02-25T15:26:47.386+0000] {dagbag.py:538} INFO - Filling up the DagBag from /opt/airflow/dags/plugin/key/keys.py
[2024-02-25T15:26:47.391+0000] {processor.py:842} WARNING - No viable dags retrieved from /opt/airflow/dags/plugin/key/keys.py
[2024-02-25T15:26:47.411+0000] {processor.py:183} INFO - Processing /opt/airflow/dags/plugin/key/keys.py took 0.032 seconds
[2024-02-25T16:49:07.391+0000] {processor.py:161} INFO - Started process (PID=1064) to work on /opt/airflow/dags/plugin/key/keys.py
[2024-02-25T16:49:07.399+0000] {processor.py:830} INFO - Processing file /opt/airflow/dags/plugin/key/keys.py for tasks to queue
[2024-02-25T16:49:07.408+0000] {logging_mixin.py:188} INFO - [2024-02-25T16:49:07.407+0000] {dagbag.py:538} INFO - Filling up the DagBag from /opt/airflow/dags/plugin/key/keys.py
[2024-02-25T16:49:07.431+0000] {processor.py:842} WARNING - No viable dags retrieved from /opt/airflow/dags/plugin/key/keys.py
[2024-02-25T16:49:07.477+0000] {processor.py:183} INFO - Processing /opt/airflow/dags/plugin/key/keys.py took 0.100 seconds
[2024-02-25T18:12:52.533+0000] {processor.py:161} INFO - Started process (PID=1122) to work on /opt/airflow/dags/plugin/key/keys.py
[2024-02-25T18:12:52.538+0000] {processor.py:830} INFO - Processing file /opt/airflow/dags/plugin/key/keys.py for tasks to queue
[2024-02-25T18:12:52.545+0000] {logging_mixin.py:188} INFO - [2024-02-25T18:12:52.544+0000] {dagbag.py:538} INFO - Filling up the DagBag from /opt/airflow/dags/plugin/key/keys.py
[2024-02-25T18:12:52.558+0000] {processor.py:842} WARNING - No viable dags retrieved from /opt/airflow/dags/plugin/key/keys.py
[2024-02-25T18:12:52.601+0000] {processor.py:183} INFO - Processing /opt/airflow/dags/plugin/key/keys.py took 0.079 seconds
[2024-02-25T19:12:39.778+0000] {processor.py:161} INFO - Started process (PID=1180) to work on /opt/airflow/dags/plugin/key/keys.py
[2024-02-25T19:12:39.783+0000] {processor.py:830} INFO - Processing file /opt/airflow/dags/plugin/key/keys.py for tasks to queue
[2024-02-25T19:12:39.789+0000] {logging_mixin.py:188} INFO - [2024-02-25T19:12:39.788+0000] {dagbag.py:538} INFO - Filling up the DagBag from /opt/airflow/dags/plugin/key/keys.py
[2024-02-25T19:12:39.802+0000] {processor.py:842} WARNING - No viable dags retrieved from /opt/airflow/dags/plugin/key/keys.py
[2024-02-25T19:12:39.840+0000] {processor.py:183} INFO - Processing /opt/airflow/dags/plugin/key/keys.py took 0.066 seconds
[2024-02-25T20:50:14.416+0000] {processor.py:161} INFO - Started process (PID=1238) to work on /opt/airflow/dags/plugin/key/keys.py
[2024-02-25T20:50:14.417+0000] {processor.py:830} INFO - Processing file /opt/airflow/dags/plugin/key/keys.py for tasks to queue
[2024-02-25T20:50:14.419+0000] {logging_mixin.py:188} INFO - [2024-02-25T20:50:14.419+0000] {dagbag.py:538} INFO - Filling up the DagBag from /opt/airflow/dags/plugin/key/keys.py
[2024-02-25T20:50:14.423+0000] {processor.py:842} WARNING - No viable dags retrieved from /opt/airflow/dags/plugin/key/keys.py
[2024-02-25T20:50:14.440+0000] {processor.py:183} INFO - Processing /opt/airflow/dags/plugin/key/keys.py took 0.028 seconds
[2024-02-25T22:11:14.625+0000] {processor.py:161} INFO - Started process (PID=1296) to work on /opt/airflow/dags/plugin/key/keys.py
[2024-02-25T22:11:14.642+0000] {processor.py:830} INFO - Processing file /opt/airflow/dags/plugin/key/keys.py for tasks to queue
[2024-02-25T22:11:14.654+0000] {logging_mixin.py:188} INFO - [2024-02-25T22:11:14.653+0000] {dagbag.py:538} INFO - Filling up the DagBag from /opt/airflow/dags/plugin/key/keys.py
[2024-02-25T22:11:14.681+0000] {processor.py:842} WARNING - No viable dags retrieved from /opt/airflow/dags/plugin/key/keys.py
[2024-02-25T22:11:14.749+0000] {processor.py:183} INFO - Processing /opt/airflow/dags/plugin/key/keys.py took 0.140 seconds
[2024-02-25T22:11:45.269+0000] {processor.py:161} INFO - Started process (PID=1354) to work on /opt/airflow/dags/plugin/key/keys.py
[2024-02-25T22:11:45.271+0000] {processor.py:830} INFO - Processing file /opt/airflow/dags/plugin/key/keys.py for tasks to queue
[2024-02-25T22:11:45.274+0000] {logging_mixin.py:188} INFO - [2024-02-25T22:11:45.273+0000] {dagbag.py:538} INFO - Filling up the DagBag from /opt/airflow/dags/plugin/key/keys.py
[2024-02-25T22:11:45.279+0000] {processor.py:842} WARNING - No viable dags retrieved from /opt/airflow/dags/plugin/key/keys.py
[2024-02-25T22:11:45.302+0000] {processor.py:183} INFO - Processing /opt/airflow/dags/plugin/key/keys.py took 0.038 seconds
[2024-02-25T22:12:15.521+0000] {processor.py:161} INFO - Started process (PID=1412) to work on /opt/airflow/dags/plugin/key/keys.py
[2024-02-25T22:12:15.523+0000] {processor.py:830} INFO - Processing file /opt/airflow/dags/plugin/key/keys.py for tasks to queue
[2024-02-25T22:12:15.526+0000] {logging_mixin.py:188} INFO - [2024-02-25T22:12:15.525+0000] {dagbag.py:538} INFO - Filling up the DagBag from /opt/airflow/dags/plugin/key/keys.py
[2024-02-25T22:12:15.532+0000] {processor.py:842} WARNING - No viable dags retrieved from /opt/airflow/dags/plugin/key/keys.py
[2024-02-25T22:12:15.551+0000] {processor.py:183} INFO - Processing /opt/airflow/dags/plugin/key/keys.py took 0.036 seconds
[2024-02-25T22:12:45.825+0000] {processor.py:161} INFO - Started process (PID=1470) to work on /opt/airflow/dags/plugin/key/keys.py
[2024-02-25T22:12:45.827+0000] {processor.py:830} INFO - Processing file /opt/airflow/dags/plugin/key/keys.py for tasks to queue
[2024-02-25T22:12:45.831+0000] {logging_mixin.py:188} INFO - [2024-02-25T22:12:45.831+0000] {dagbag.py:538} INFO - Filling up the DagBag from /opt/airflow/dags/plugin/key/keys.py
[2024-02-25T22:12:45.836+0000] {processor.py:842} WARNING - No viable dags retrieved from /opt/airflow/dags/plugin/key/keys.py
[2024-02-25T22:12:45.861+0000] {processor.py:183} INFO - Processing /opt/airflow/dags/plugin/key/keys.py took 0.045 seconds
[2024-02-25T22:13:16.117+0000] {processor.py:161} INFO - Started process (PID=1528) to work on /opt/airflow/dags/plugin/key/keys.py
[2024-02-25T22:13:16.118+0000] {processor.py:830} INFO - Processing file /opt/airflow/dags/plugin/key/keys.py for tasks to queue
[2024-02-25T22:13:16.123+0000] {logging_mixin.py:188} INFO - [2024-02-25T22:13:16.122+0000] {dagbag.py:538} INFO - Filling up the DagBag from /opt/airflow/dags/plugin/key/keys.py
[2024-02-25T22:13:16.129+0000] {processor.py:842} WARNING - No viable dags retrieved from /opt/airflow/dags/plugin/key/keys.py
[2024-02-25T22:13:16.151+0000] {processor.py:183} INFO - Processing /opt/airflow/dags/plugin/key/keys.py took 0.041 seconds
[2024-02-25T22:13:46.425+0000] {processor.py:161} INFO - Started process (PID=1586) to work on /opt/airflow/dags/plugin/key/keys.py
[2024-02-25T22:13:46.426+0000] {processor.py:830} INFO - Processing file /opt/airflow/dags/plugin/key/keys.py for tasks to queue
[2024-02-25T22:13:46.428+0000] {logging_mixin.py:188} INFO - [2024-02-25T22:13:46.428+0000] {dagbag.py:538} INFO - Filling up the DagBag from /opt/airflow/dags/plugin/key/keys.py
[2024-02-25T22:13:46.432+0000] {processor.py:842} WARNING - No viable dags retrieved from /opt/airflow/dags/plugin/key/keys.py
[2024-02-25T22:13:46.449+0000] {processor.py:183} INFO - Processing /opt/airflow/dags/plugin/key/keys.py took 0.027 seconds
[2024-02-25T22:14:16.641+0000] {processor.py:161} INFO - Started process (PID=1644) to work on /opt/airflow/dags/plugin/key/keys.py
[2024-02-25T22:14:16.642+0000] {processor.py:830} INFO - Processing file /opt/airflow/dags/plugin/key/keys.py for tasks to queue
[2024-02-25T22:14:16.645+0000] {logging_mixin.py:188} INFO - [2024-02-25T22:14:16.644+0000] {dagbag.py:538} INFO - Filling up the DagBag from /opt/airflow/dags/plugin/key/keys.py
[2024-02-25T22:14:16.649+0000] {processor.py:842} WARNING - No viable dags retrieved from /opt/airflow/dags/plugin/key/keys.py
[2024-02-25T22:14:16.667+0000] {processor.py:183} INFO - Processing /opt/airflow/dags/plugin/key/keys.py took 0.031 seconds
[2024-02-25T22:14:47.050+0000] {processor.py:161} INFO - Started process (PID=1702) to work on /opt/airflow/dags/plugin/key/keys.py
[2024-02-25T22:14:47.053+0000] {processor.py:830} INFO - Processing file /opt/airflow/dags/plugin/key/keys.py for tasks to queue
[2024-02-25T22:14:47.057+0000] {logging_mixin.py:188} INFO - [2024-02-25T22:14:47.056+0000] {dagbag.py:538} INFO - Filling up the DagBag from /opt/airflow/dags/plugin/key/keys.py
[2024-02-25T22:14:47.063+0000] {processor.py:842} WARNING - No viable dags retrieved from /opt/airflow/dags/plugin/key/keys.py
[2024-02-25T22:14:47.087+0000] {processor.py:183} INFO - Processing /opt/airflow/dags/plugin/key/keys.py took 0.043 seconds
[2024-02-25T22:15:17.623+0000] {processor.py:161} INFO - Started process (PID=1760) to work on /opt/airflow/dags/plugin/key/keys.py
[2024-02-25T22:15:17.625+0000] {processor.py:830} INFO - Processing file /opt/airflow/dags/plugin/key/keys.py for tasks to queue
[2024-02-25T22:15:17.631+0000] {logging_mixin.py:188} INFO - [2024-02-25T22:15:17.630+0000] {dagbag.py:538} INFO - Filling up the DagBag from /opt/airflow/dags/plugin/key/keys.py
[2024-02-25T22:15:17.638+0000] {processor.py:842} WARNING - No viable dags retrieved from /opt/airflow/dags/plugin/key/keys.py
[2024-02-25T22:15:17.666+0000] {processor.py:183} INFO - Processing /opt/airflow/dags/plugin/key/keys.py took 0.051 seconds
[2024-02-25T22:15:47.829+0000] {processor.py:161} INFO - Started process (PID=1818) to work on /opt/airflow/dags/plugin/key/keys.py
[2024-02-25T22:15:47.831+0000] {processor.py:830} INFO - Processing file /opt/airflow/dags/plugin/key/keys.py for tasks to queue
[2024-02-25T22:15:47.836+0000] {logging_mixin.py:188} INFO - [2024-02-25T22:15:47.835+0000] {dagbag.py:538} INFO - Filling up the DagBag from /opt/airflow/dags/plugin/key/keys.py
[2024-02-25T22:15:47.845+0000] {processor.py:842} WARNING - No viable dags retrieved from /opt/airflow/dags/plugin/key/keys.py
[2024-02-25T22:15:47.882+0000] {processor.py:183} INFO - Processing /opt/airflow/dags/plugin/key/keys.py took 0.062 seconds
[2024-02-25T22:16:18.296+0000] {processor.py:161} INFO - Started process (PID=1877) to work on /opt/airflow/dags/plugin/key/keys.py
[2024-02-25T22:16:18.298+0000] {processor.py:830} INFO - Processing file /opt/airflow/dags/plugin/key/keys.py for tasks to queue
[2024-02-25T22:16:18.301+0000] {logging_mixin.py:188} INFO - [2024-02-25T22:16:18.300+0000] {dagbag.py:538} INFO - Filling up the DagBag from /opt/airflow/dags/plugin/key/keys.py
[2024-02-25T22:16:18.306+0000] {processor.py:842} WARNING - No viable dags retrieved from /opt/airflow/dags/plugin/key/keys.py
[2024-02-25T22:16:18.327+0000] {processor.py:183} INFO - Processing /opt/airflow/dags/plugin/key/keys.py took 0.037 seconds
[2024-02-25T22:16:48.497+0000] {processor.py:161} INFO - Started process (PID=1935) to work on /opt/airflow/dags/plugin/key/keys.py
[2024-02-25T22:16:48.499+0000] {processor.py:830} INFO - Processing file /opt/airflow/dags/plugin/key/keys.py for tasks to queue
[2024-02-25T22:16:48.502+0000] {logging_mixin.py:188} INFO - [2024-02-25T22:16:48.502+0000] {dagbag.py:538} INFO - Filling up the DagBag from /opt/airflow/dags/plugin/key/keys.py
[2024-02-25T22:16:48.507+0000] {processor.py:842} WARNING - No viable dags retrieved from /opt/airflow/dags/plugin/key/keys.py
[2024-02-25T22:16:48.529+0000] {processor.py:183} INFO - Processing /opt/airflow/dags/plugin/key/keys.py took 0.039 seconds
[2024-02-25T22:17:18.701+0000] {processor.py:161} INFO - Started process (PID=1993) to work on /opt/airflow/dags/plugin/key/keys.py
[2024-02-25T22:17:18.703+0000] {processor.py:830} INFO - Processing file /opt/airflow/dags/plugin/key/keys.py for tasks to queue
[2024-02-25T22:17:18.707+0000] {logging_mixin.py:188} INFO - [2024-02-25T22:17:18.706+0000] {dagbag.py:538} INFO - Filling up the DagBag from /opt/airflow/dags/plugin/key/keys.py
[2024-02-25T22:17:18.713+0000] {processor.py:842} WARNING - No viable dags retrieved from /opt/airflow/dags/plugin/key/keys.py
[2024-02-25T22:17:18.733+0000] {processor.py:183} INFO - Processing /opt/airflow/dags/plugin/key/keys.py took 0.039 seconds
[2024-02-25T22:17:49.044+0000] {processor.py:161} INFO - Started process (PID=2050) to work on /opt/airflow/dags/plugin/key/keys.py
[2024-02-25T22:17:49.046+0000] {processor.py:830} INFO - Processing file /opt/airflow/dags/plugin/key/keys.py for tasks to queue
[2024-02-25T22:17:49.049+0000] {logging_mixin.py:188} INFO - [2024-02-25T22:17:49.048+0000] {dagbag.py:538} INFO - Filling up the DagBag from /opt/airflow/dags/plugin/key/keys.py
[2024-02-25T22:17:49.054+0000] {processor.py:842} WARNING - No viable dags retrieved from /opt/airflow/dags/plugin/key/keys.py
[2024-02-25T22:17:49.077+0000] {processor.py:183} INFO - Processing /opt/airflow/dags/plugin/key/keys.py took 0.038 seconds
[2024-02-25T22:18:19.131+0000] {processor.py:161} INFO - Started process (PID=2108) to work on /opt/airflow/dags/plugin/key/keys.py
[2024-02-25T22:18:19.132+0000] {processor.py:830} INFO - Processing file /opt/airflow/dags/plugin/key/keys.py for tasks to queue
[2024-02-25T22:18:19.135+0000] {logging_mixin.py:188} INFO - [2024-02-25T22:18:19.134+0000] {dagbag.py:538} INFO - Filling up the DagBag from /opt/airflow/dags/plugin/key/keys.py
[2024-02-25T22:18:19.140+0000] {processor.py:842} WARNING - No viable dags retrieved from /opt/airflow/dags/plugin/key/keys.py
[2024-02-25T22:18:19.160+0000] {processor.py:183} INFO - Processing /opt/airflow/dags/plugin/key/keys.py took 0.034 seconds
[2024-02-25T22:18:49.304+0000] {processor.py:161} INFO - Started process (PID=2166) to work on /opt/airflow/dags/plugin/key/keys.py
[2024-02-25T22:18:49.305+0000] {processor.py:830} INFO - Processing file /opt/airflow/dags/plugin/key/keys.py for tasks to queue
[2024-02-25T22:18:49.308+0000] {logging_mixin.py:188} INFO - [2024-02-25T22:18:49.307+0000] {dagbag.py:538} INFO - Filling up the DagBag from /opt/airflow/dags/plugin/key/keys.py
[2024-02-25T22:18:49.313+0000] {processor.py:842} WARNING - No viable dags retrieved from /opt/airflow/dags/plugin/key/keys.py
[2024-02-25T22:18:49.331+0000] {processor.py:183} INFO - Processing /opt/airflow/dags/plugin/key/keys.py took 0.032 seconds
[2024-02-25T22:19:19.413+0000] {processor.py:161} INFO - Started process (PID=2224) to work on /opt/airflow/dags/plugin/key/keys.py
[2024-02-25T22:19:19.415+0000] {processor.py:830} INFO - Processing file /opt/airflow/dags/plugin/key/keys.py for tasks to queue
[2024-02-25T22:19:19.418+0000] {logging_mixin.py:188} INFO - [2024-02-25T22:19:19.417+0000] {dagbag.py:538} INFO - Filling up the DagBag from /opt/airflow/dags/plugin/key/keys.py
[2024-02-25T22:19:19.423+0000] {processor.py:842} WARNING - No viable dags retrieved from /opt/airflow/dags/plugin/key/keys.py
[2024-02-25T22:19:19.443+0000] {processor.py:183} INFO - Processing /opt/airflow/dags/plugin/key/keys.py took 0.035 seconds
[2024-02-25T22:19:49.476+0000] {processor.py:161} INFO - Started process (PID=2283) to work on /opt/airflow/dags/plugin/key/keys.py
[2024-02-25T22:19:49.477+0000] {processor.py:830} INFO - Processing file /opt/airflow/dags/plugin/key/keys.py for tasks to queue
[2024-02-25T22:19:49.479+0000] {logging_mixin.py:188} INFO - [2024-02-25T22:19:49.479+0000] {dagbag.py:538} INFO - Filling up the DagBag from /opt/airflow/dags/plugin/key/keys.py
[2024-02-25T22:19:49.483+0000] {processor.py:842} WARNING - No viable dags retrieved from /opt/airflow/dags/plugin/key/keys.py
[2024-02-25T22:19:49.500+0000] {processor.py:183} INFO - Processing /opt/airflow/dags/plugin/key/keys.py took 0.027 seconds
[2024-02-25T22:20:19.847+0000] {processor.py:161} INFO - Started process (PID=2341) to work on /opt/airflow/dags/plugin/key/keys.py
[2024-02-25T22:20:19.849+0000] {processor.py:830} INFO - Processing file /opt/airflow/dags/plugin/key/keys.py for tasks to queue
[2024-02-25T22:20:19.852+0000] {logging_mixin.py:188} INFO - [2024-02-25T22:20:19.851+0000] {dagbag.py:538} INFO - Filling up the DagBag from /opt/airflow/dags/plugin/key/keys.py
[2024-02-25T22:20:19.857+0000] {processor.py:842} WARNING - No viable dags retrieved from /opt/airflow/dags/plugin/key/keys.py
[2024-02-25T22:20:19.877+0000] {processor.py:183} INFO - Processing /opt/airflow/dags/plugin/key/keys.py took 0.036 seconds
[2024-02-25T22:20:49.982+0000] {processor.py:161} INFO - Started process (PID=2399) to work on /opt/airflow/dags/plugin/key/keys.py
[2024-02-25T22:20:49.983+0000] {processor.py:830} INFO - Processing file /opt/airflow/dags/plugin/key/keys.py for tasks to queue
[2024-02-25T22:20:49.986+0000] {logging_mixin.py:188} INFO - [2024-02-25T22:20:49.986+0000] {dagbag.py:538} INFO - Filling up the DagBag from /opt/airflow/dags/plugin/key/keys.py
[2024-02-25T22:20:49.991+0000] {processor.py:842} WARNING - No viable dags retrieved from /opt/airflow/dags/plugin/key/keys.py
[2024-02-25T22:20:50.010+0000] {processor.py:183} INFO - Processing /opt/airflow/dags/plugin/key/keys.py took 0.034 seconds
[2024-02-25T22:21:20.078+0000] {processor.py:161} INFO - Started process (PID=2457) to work on /opt/airflow/dags/plugin/key/keys.py
[2024-02-25T22:21:20.079+0000] {processor.py:830} INFO - Processing file /opt/airflow/dags/plugin/key/keys.py for tasks to queue
[2024-02-25T22:21:20.081+0000] {logging_mixin.py:188} INFO - [2024-02-25T22:21:20.081+0000] {dagbag.py:538} INFO - Filling up the DagBag from /opt/airflow/dags/plugin/key/keys.py
[2024-02-25T22:21:20.085+0000] {processor.py:842} WARNING - No viable dags retrieved from /opt/airflow/dags/plugin/key/keys.py
[2024-02-25T22:21:20.101+0000] {processor.py:183} INFO - Processing /opt/airflow/dags/plugin/key/keys.py took 0.026 seconds
[2024-02-25T22:21:50.176+0000] {processor.py:161} INFO - Started process (PID=2515) to work on /opt/airflow/dags/plugin/key/keys.py
[2024-02-25T22:21:50.177+0000] {processor.py:830} INFO - Processing file /opt/airflow/dags/plugin/key/keys.py for tasks to queue
[2024-02-25T22:21:50.181+0000] {logging_mixin.py:188} INFO - [2024-02-25T22:21:50.180+0000] {dagbag.py:538} INFO - Filling up the DagBag from /opt/airflow/dags/plugin/key/keys.py
[2024-02-25T22:21:50.186+0000] {processor.py:842} WARNING - No viable dags retrieved from /opt/airflow/dags/plugin/key/keys.py
[2024-02-25T22:21:50.206+0000] {processor.py:183} INFO - Processing /opt/airflow/dags/plugin/key/keys.py took 0.036 seconds
[2024-02-25T22:22:20.281+0000] {processor.py:161} INFO - Started process (PID=2573) to work on /opt/airflow/dags/plugin/key/keys.py
[2024-02-25T22:22:20.282+0000] {processor.py:830} INFO - Processing file /opt/airflow/dags/plugin/key/keys.py for tasks to queue
[2024-02-25T22:22:20.285+0000] {logging_mixin.py:188} INFO - [2024-02-25T22:22:20.284+0000] {dagbag.py:538} INFO - Filling up the DagBag from /opt/airflow/dags/plugin/key/keys.py
[2024-02-25T22:22:20.290+0000] {processor.py:842} WARNING - No viable dags retrieved from /opt/airflow/dags/plugin/key/keys.py
[2024-02-25T22:22:20.309+0000] {processor.py:183} INFO - Processing /opt/airflow/dags/plugin/key/keys.py took 0.034 seconds
[2024-02-25T22:22:50.535+0000] {processor.py:161} INFO - Started process (PID=2631) to work on /opt/airflow/dags/plugin/key/keys.py
[2024-02-25T22:22:50.537+0000] {processor.py:830} INFO - Processing file /opt/airflow/dags/plugin/key/keys.py for tasks to queue
[2024-02-25T22:22:50.539+0000] {logging_mixin.py:188} INFO - [2024-02-25T22:22:50.538+0000] {dagbag.py:538} INFO - Filling up the DagBag from /opt/airflow/dags/plugin/key/keys.py
[2024-02-25T22:22:50.544+0000] {processor.py:842} WARNING - No viable dags retrieved from /opt/airflow/dags/plugin/key/keys.py
[2024-02-25T22:22:50.561+0000] {processor.py:183} INFO - Processing /opt/airflow/dags/plugin/key/keys.py took 0.031 seconds
[2024-02-25T22:23:20.811+0000] {processor.py:161} INFO - Started process (PID=2689) to work on /opt/airflow/dags/plugin/key/keys.py
[2024-02-25T22:23:20.812+0000] {processor.py:830} INFO - Processing file /opt/airflow/dags/plugin/key/keys.py for tasks to queue
[2024-02-25T22:23:20.814+0000] {logging_mixin.py:188} INFO - [2024-02-25T22:23:20.814+0000] {dagbag.py:538} INFO - Filling up the DagBag from /opt/airflow/dags/plugin/key/keys.py
[2024-02-25T22:23:20.818+0000] {processor.py:842} WARNING - No viable dags retrieved from /opt/airflow/dags/plugin/key/keys.py
[2024-02-25T22:23:20.835+0000] {processor.py:183} INFO - Processing /opt/airflow/dags/plugin/key/keys.py took 0.029 seconds
[2024-02-25T22:23:50.971+0000] {processor.py:161} INFO - Started process (PID=2747) to work on /opt/airflow/dags/plugin/key/keys.py
[2024-02-25T22:23:50.972+0000] {processor.py:830} INFO - Processing file /opt/airflow/dags/plugin/key/keys.py for tasks to queue
[2024-02-25T22:23:50.975+0000] {logging_mixin.py:188} INFO - [2024-02-25T22:23:50.974+0000] {dagbag.py:538} INFO - Filling up the DagBag from /opt/airflow/dags/plugin/key/keys.py
[2024-02-25T22:23:50.980+0000] {processor.py:842} WARNING - No viable dags retrieved from /opt/airflow/dags/plugin/key/keys.py
[2024-02-25T22:23:50.998+0000] {processor.py:183} INFO - Processing /opt/airflow/dags/plugin/key/keys.py took 0.033 seconds
[2024-02-25T22:24:21.071+0000] {processor.py:161} INFO - Started process (PID=2805) to work on /opt/airflow/dags/plugin/key/keys.py
[2024-02-25T22:24:21.072+0000] {processor.py:830} INFO - Processing file /opt/airflow/dags/plugin/key/keys.py for tasks to queue
[2024-02-25T22:24:21.074+0000] {logging_mixin.py:188} INFO - [2024-02-25T22:24:21.074+0000] {dagbag.py:538} INFO - Filling up the DagBag from /opt/airflow/dags/plugin/key/keys.py
[2024-02-25T22:24:21.079+0000] {processor.py:842} WARNING - No viable dags retrieved from /opt/airflow/dags/plugin/key/keys.py
[2024-02-25T22:24:21.097+0000] {processor.py:183} INFO - Processing /opt/airflow/dags/plugin/key/keys.py took 0.029 seconds
[2024-02-25T22:24:51.514+0000] {processor.py:161} INFO - Started process (PID=2863) to work on /opt/airflow/dags/plugin/key/keys.py
[2024-02-25T22:24:51.516+0000] {processor.py:830} INFO - Processing file /opt/airflow/dags/plugin/key/keys.py for tasks to queue
[2024-02-25T22:24:51.518+0000] {logging_mixin.py:188} INFO - [2024-02-25T22:24:51.517+0000] {dagbag.py:538} INFO - Filling up the DagBag from /opt/airflow/dags/plugin/key/keys.py
[2024-02-25T22:24:51.523+0000] {processor.py:842} WARNING - No viable dags retrieved from /opt/airflow/dags/plugin/key/keys.py
[2024-02-25T22:24:51.541+0000] {processor.py:183} INFO - Processing /opt/airflow/dags/plugin/key/keys.py took 0.032 seconds
[2024-02-25T22:25:21.852+0000] {processor.py:161} INFO - Started process (PID=2921) to work on /opt/airflow/dags/plugin/key/keys.py
[2024-02-25T22:25:21.854+0000] {processor.py:830} INFO - Processing file /opt/airflow/dags/plugin/key/keys.py for tasks to queue
[2024-02-25T22:25:21.856+0000] {logging_mixin.py:188} INFO - [2024-02-25T22:25:21.856+0000] {dagbag.py:538} INFO - Filling up the DagBag from /opt/airflow/dags/plugin/key/keys.py
[2024-02-25T22:25:21.861+0000] {processor.py:842} WARNING - No viable dags retrieved from /opt/airflow/dags/plugin/key/keys.py
[2024-02-25T22:25:21.878+0000] {processor.py:183} INFO - Processing /opt/airflow/dags/plugin/key/keys.py took 0.031 seconds
[2024-02-25T22:25:52.014+0000] {processor.py:161} INFO - Started process (PID=2979) to work on /opt/airflow/dags/plugin/key/keys.py
[2024-02-25T22:25:52.016+0000] {processor.py:830} INFO - Processing file /opt/airflow/dags/plugin/key/keys.py for tasks to queue
[2024-02-25T22:25:52.018+0000] {logging_mixin.py:188} INFO - [2024-02-25T22:25:52.018+0000] {dagbag.py:538} INFO - Filling up the DagBag from /opt/airflow/dags/plugin/key/keys.py
[2024-02-25T22:25:52.023+0000] {processor.py:842} WARNING - No viable dags retrieved from /opt/airflow/dags/plugin/key/keys.py
[2024-02-25T22:25:52.041+0000] {processor.py:183} INFO - Processing /opt/airflow/dags/plugin/key/keys.py took 0.032 seconds
[2024-02-25T22:26:22.313+0000] {processor.py:161} INFO - Started process (PID=3037) to work on /opt/airflow/dags/plugin/key/keys.py
[2024-02-25T22:26:22.315+0000] {processor.py:830} INFO - Processing file /opt/airflow/dags/plugin/key/keys.py for tasks to queue
[2024-02-25T22:26:22.317+0000] {logging_mixin.py:188} INFO - [2024-02-25T22:26:22.317+0000] {dagbag.py:538} INFO - Filling up the DagBag from /opt/airflow/dags/plugin/key/keys.py
[2024-02-25T22:26:22.322+0000] {processor.py:842} WARNING - No viable dags retrieved from /opt/airflow/dags/plugin/key/keys.py
[2024-02-25T22:26:22.341+0000] {processor.py:183} INFO - Processing /opt/airflow/dags/plugin/key/keys.py took 0.033 seconds
[2024-02-25T22:26:53.007+0000] {processor.py:161} INFO - Started process (PID=3095) to work on /opt/airflow/dags/plugin/key/keys.py
[2024-02-25T22:26:53.009+0000] {processor.py:830} INFO - Processing file /opt/airflow/dags/plugin/key/keys.py for tasks to queue
[2024-02-25T22:26:53.011+0000] {logging_mixin.py:188} INFO - [2024-02-25T22:26:53.011+0000] {dagbag.py:538} INFO - Filling up the DagBag from /opt/airflow/dags/plugin/key/keys.py
[2024-02-25T22:26:53.016+0000] {processor.py:842} WARNING - No viable dags retrieved from /opt/airflow/dags/plugin/key/keys.py
[2024-02-25T22:26:53.034+0000] {processor.py:183} INFO - Processing /opt/airflow/dags/plugin/key/keys.py took 0.032 seconds
[2024-02-25T22:27:23.645+0000] {processor.py:161} INFO - Started process (PID=3153) to work on /opt/airflow/dags/plugin/key/keys.py
[2024-02-25T22:27:23.647+0000] {processor.py:830} INFO - Processing file /opt/airflow/dags/plugin/key/keys.py for tasks to queue
[2024-02-25T22:27:23.649+0000] {logging_mixin.py:188} INFO - [2024-02-25T22:27:23.649+0000] {dagbag.py:538} INFO - Filling up the DagBag from /opt/airflow/dags/plugin/key/keys.py
[2024-02-25T22:27:23.655+0000] {processor.py:842} WARNING - No viable dags retrieved from /opt/airflow/dags/plugin/key/keys.py
[2024-02-25T22:27:23.674+0000] {processor.py:183} INFO - Processing /opt/airflow/dags/plugin/key/keys.py took 0.035 seconds
[2024-02-25T22:27:54.253+0000] {processor.py:161} INFO - Started process (PID=3211) to work on /opt/airflow/dags/plugin/key/keys.py
[2024-02-25T22:27:54.255+0000] {processor.py:830} INFO - Processing file /opt/airflow/dags/plugin/key/keys.py for tasks to queue
[2024-02-25T22:27:54.258+0000] {logging_mixin.py:188} INFO - [2024-02-25T22:27:54.257+0000] {dagbag.py:538} INFO - Filling up the DagBag from /opt/airflow/dags/plugin/key/keys.py
[2024-02-25T22:27:54.263+0000] {processor.py:842} WARNING - No viable dags retrieved from /opt/airflow/dags/plugin/key/keys.py
[2024-02-25T22:27:54.281+0000] {processor.py:183} INFO - Processing /opt/airflow/dags/plugin/key/keys.py took 0.034 seconds
[2024-02-25T22:28:24.980+0000] {processor.py:161} INFO - Started process (PID=3269) to work on /opt/airflow/dags/plugin/key/keys.py
[2024-02-25T22:28:24.981+0000] {processor.py:830} INFO - Processing file /opt/airflow/dags/plugin/key/keys.py for tasks to queue
[2024-02-25T22:28:24.984+0000] {logging_mixin.py:188} INFO - [2024-02-25T22:28:24.984+0000] {dagbag.py:538} INFO - Filling up the DagBag from /opt/airflow/dags/plugin/key/keys.py
[2024-02-25T22:28:24.989+0000] {processor.py:842} WARNING - No viable dags retrieved from /opt/airflow/dags/plugin/key/keys.py
[2024-02-25T22:28:25.008+0000] {processor.py:183} INFO - Processing /opt/airflow/dags/plugin/key/keys.py took 0.033 seconds
[2024-02-25T22:28:55.686+0000] {processor.py:161} INFO - Started process (PID=3327) to work on /opt/airflow/dags/plugin/key/keys.py
[2024-02-25T22:28:55.688+0000] {processor.py:830} INFO - Processing file /opt/airflow/dags/plugin/key/keys.py for tasks to queue
[2024-02-25T22:28:55.691+0000] {logging_mixin.py:188} INFO - [2024-02-25T22:28:55.690+0000] {dagbag.py:538} INFO - Filling up the DagBag from /opt/airflow/dags/plugin/key/keys.py
[2024-02-25T22:28:55.696+0000] {processor.py:842} WARNING - No viable dags retrieved from /opt/airflow/dags/plugin/key/keys.py
[2024-02-25T22:28:55.715+0000] {processor.py:183} INFO - Processing /opt/airflow/dags/plugin/key/keys.py took 0.034 seconds
[2024-02-25T22:29:26.406+0000] {processor.py:161} INFO - Started process (PID=3386) to work on /opt/airflow/dags/plugin/key/keys.py
[2024-02-25T22:29:26.407+0000] {processor.py:830} INFO - Processing file /opt/airflow/dags/plugin/key/keys.py for tasks to queue
[2024-02-25T22:29:26.410+0000] {logging_mixin.py:188} INFO - [2024-02-25T22:29:26.409+0000] {dagbag.py:538} INFO - Filling up the DagBag from /opt/airflow/dags/plugin/key/keys.py
[2024-02-25T22:29:26.414+0000] {processor.py:842} WARNING - No viable dags retrieved from /opt/airflow/dags/plugin/key/keys.py
[2024-02-25T22:29:26.433+0000] {processor.py:183} INFO - Processing /opt/airflow/dags/plugin/key/keys.py took 0.032 seconds
[2024-02-25T22:29:57.215+0000] {processor.py:161} INFO - Started process (PID=3444) to work on /opt/airflow/dags/plugin/key/keys.py
[2024-02-25T22:29:57.216+0000] {processor.py:830} INFO - Processing file /opt/airflow/dags/plugin/key/keys.py for tasks to queue
[2024-02-25T22:29:57.219+0000] {logging_mixin.py:188} INFO - [2024-02-25T22:29:57.218+0000] {dagbag.py:538} INFO - Filling up the DagBag from /opt/airflow/dags/plugin/key/keys.py
[2024-02-25T22:29:57.223+0000] {processor.py:842} WARNING - No viable dags retrieved from /opt/airflow/dags/plugin/key/keys.py
[2024-02-25T22:29:57.240+0000] {processor.py:183} INFO - Processing /opt/airflow/dags/plugin/key/keys.py took 0.029 seconds
[2024-02-25T22:30:27.933+0000] {processor.py:161} INFO - Started process (PID=3502) to work on /opt/airflow/dags/plugin/key/keys.py
[2024-02-25T22:30:27.935+0000] {processor.py:830} INFO - Processing file /opt/airflow/dags/plugin/key/keys.py for tasks to queue
[2024-02-25T22:30:27.936+0000] {logging_mixin.py:188} INFO - [2024-02-25T22:30:27.936+0000] {dagbag.py:538} INFO - Filling up the DagBag from /opt/airflow/dags/plugin/key/keys.py
[2024-02-25T22:30:27.940+0000] {processor.py:842} WARNING - No viable dags retrieved from /opt/airflow/dags/plugin/key/keys.py
[2024-02-25T22:30:27.957+0000] {processor.py:183} INFO - Processing /opt/airflow/dags/plugin/key/keys.py took 0.026 seconds
[2024-02-25T22:30:58.640+0000] {processor.py:161} INFO - Started process (PID=3560) to work on /opt/airflow/dags/plugin/key/keys.py
[2024-02-25T22:30:58.642+0000] {processor.py:830} INFO - Processing file /opt/airflow/dags/plugin/key/keys.py for tasks to queue
[2024-02-25T22:30:58.644+0000] {logging_mixin.py:188} INFO - [2024-02-25T22:30:58.644+0000] {dagbag.py:538} INFO - Filling up the DagBag from /opt/airflow/dags/plugin/key/keys.py
[2024-02-25T22:30:58.649+0000] {processor.py:842} WARNING - No viable dags retrieved from /opt/airflow/dags/plugin/key/keys.py
[2024-02-25T22:30:58.668+0000] {processor.py:183} INFO - Processing /opt/airflow/dags/plugin/key/keys.py took 0.033 seconds
[2024-02-25T22:31:29.328+0000] {processor.py:161} INFO - Started process (PID=3618) to work on /opt/airflow/dags/plugin/key/keys.py
[2024-02-25T22:31:29.329+0000] {processor.py:830} INFO - Processing file /opt/airflow/dags/plugin/key/keys.py for tasks to queue
[2024-02-25T22:31:29.331+0000] {logging_mixin.py:188} INFO - [2024-02-25T22:31:29.331+0000] {dagbag.py:538} INFO - Filling up the DagBag from /opt/airflow/dags/plugin/key/keys.py
[2024-02-25T22:31:29.335+0000] {processor.py:842} WARNING - No viable dags retrieved from /opt/airflow/dags/plugin/key/keys.py
[2024-02-25T22:31:29.351+0000] {processor.py:183} INFO - Processing /opt/airflow/dags/plugin/key/keys.py took 0.028 seconds
[2024-02-25T22:32:00.008+0000] {processor.py:161} INFO - Started process (PID=3676) to work on /opt/airflow/dags/plugin/key/keys.py
[2024-02-25T22:32:00.010+0000] {processor.py:830} INFO - Processing file /opt/airflow/dags/plugin/key/keys.py for tasks to queue
[2024-02-25T22:32:00.013+0000] {logging_mixin.py:188} INFO - [2024-02-25T22:32:00.012+0000] {dagbag.py:538} INFO - Filling up the DagBag from /opt/airflow/dags/plugin/key/keys.py
[2024-02-25T22:32:00.017+0000] {processor.py:842} WARNING - No viable dags retrieved from /opt/airflow/dags/plugin/key/keys.py
[2024-02-25T22:32:00.036+0000] {processor.py:183} INFO - Processing /opt/airflow/dags/plugin/key/keys.py took 0.033 seconds
[2024-02-25T22:32:30.727+0000] {processor.py:161} INFO - Started process (PID=3734) to work on /opt/airflow/dags/plugin/key/keys.py
[2024-02-25T22:32:30.728+0000] {processor.py:830} INFO - Processing file /opt/airflow/dags/plugin/key/keys.py for tasks to queue
[2024-02-25T22:32:30.731+0000] {logging_mixin.py:188} INFO - [2024-02-25T22:32:30.730+0000] {dagbag.py:538} INFO - Filling up the DagBag from /opt/airflow/dags/plugin/key/keys.py
[2024-02-25T22:32:30.735+0000] {processor.py:842} WARNING - No viable dags retrieved from /opt/airflow/dags/plugin/key/keys.py
[2024-02-25T22:32:30.753+0000] {processor.py:183} INFO - Processing /opt/airflow/dags/plugin/key/keys.py took 0.031 seconds
[2024-02-25T22:33:01.476+0000] {processor.py:161} INFO - Started process (PID=3792) to work on /opt/airflow/dags/plugin/key/keys.py
[2024-02-25T22:33:01.478+0000] {processor.py:830} INFO - Processing file /opt/airflow/dags/plugin/key/keys.py for tasks to queue
[2024-02-25T22:33:01.481+0000] {logging_mixin.py:188} INFO - [2024-02-25T22:33:01.480+0000] {dagbag.py:538} INFO - Filling up the DagBag from /opt/airflow/dags/plugin/key/keys.py
[2024-02-25T22:33:01.486+0000] {processor.py:842} WARNING - No viable dags retrieved from /opt/airflow/dags/plugin/key/keys.py
[2024-02-25T22:33:01.504+0000] {processor.py:183} INFO - Processing /opt/airflow/dags/plugin/key/keys.py took 0.033 seconds
[2024-02-25T22:33:32.103+0000] {processor.py:161} INFO - Started process (PID=3850) to work on /opt/airflow/dags/plugin/key/keys.py
[2024-02-25T22:33:32.104+0000] {processor.py:830} INFO - Processing file /opt/airflow/dags/plugin/key/keys.py for tasks to queue
[2024-02-25T22:33:32.107+0000] {logging_mixin.py:188} INFO - [2024-02-25T22:33:32.106+0000] {dagbag.py:538} INFO - Filling up the DagBag from /opt/airflow/dags/plugin/key/keys.py
[2024-02-25T22:33:32.112+0000] {processor.py:842} WARNING - No viable dags retrieved from /opt/airflow/dags/plugin/key/keys.py
[2024-02-25T22:33:32.131+0000] {processor.py:183} INFO - Processing /opt/airflow/dags/plugin/key/keys.py took 0.034 seconds
[2024-02-25T22:34:02.673+0000] {processor.py:161} INFO - Started process (PID=3908) to work on /opt/airflow/dags/plugin/key/keys.py
[2024-02-25T22:34:02.674+0000] {processor.py:830} INFO - Processing file /opt/airflow/dags/plugin/key/keys.py for tasks to queue
[2024-02-25T22:34:02.676+0000] {logging_mixin.py:188} INFO - [2024-02-25T22:34:02.675+0000] {dagbag.py:538} INFO - Filling up the DagBag from /opt/airflow/dags/plugin/key/keys.py
[2024-02-25T22:34:02.679+0000] {processor.py:842} WARNING - No viable dags retrieved from /opt/airflow/dags/plugin/key/keys.py
[2024-02-25T22:34:02.695+0000] {processor.py:183} INFO - Processing /opt/airflow/dags/plugin/key/keys.py took 0.026 seconds
[2024-02-25T22:34:33.368+0000] {processor.py:161} INFO - Started process (PID=3966) to work on /opt/airflow/dags/plugin/key/keys.py
[2024-02-25T22:34:33.369+0000] {processor.py:830} INFO - Processing file /opt/airflow/dags/plugin/key/keys.py for tasks to queue
[2024-02-25T22:34:33.371+0000] {logging_mixin.py:188} INFO - [2024-02-25T22:34:33.370+0000] {dagbag.py:538} INFO - Filling up the DagBag from /opt/airflow/dags/plugin/key/keys.py
[2024-02-25T22:34:33.375+0000] {processor.py:842} WARNING - No viable dags retrieved from /opt/airflow/dags/plugin/key/keys.py
[2024-02-25T22:34:33.392+0000] {processor.py:183} INFO - Processing /opt/airflow/dags/plugin/key/keys.py took 0.029 seconds
[2024-02-25T22:35:04.086+0000] {processor.py:161} INFO - Started process (PID=4024) to work on /opt/airflow/dags/plugin/key/keys.py
[2024-02-25T22:35:04.087+0000] {processor.py:830} INFO - Processing file /opt/airflow/dags/plugin/key/keys.py for tasks to queue
[2024-02-25T22:35:04.090+0000] {logging_mixin.py:188} INFO - [2024-02-25T22:35:04.090+0000] {dagbag.py:538} INFO - Filling up the DagBag from /opt/airflow/dags/plugin/key/keys.py
[2024-02-25T22:35:04.095+0000] {processor.py:842} WARNING - No viable dags retrieved from /opt/airflow/dags/plugin/key/keys.py
[2024-02-25T22:35:04.114+0000] {processor.py:183} INFO - Processing /opt/airflow/dags/plugin/key/keys.py took 0.034 seconds
[2024-02-25T22:35:34.757+0000] {processor.py:161} INFO - Started process (PID=4082) to work on /opt/airflow/dags/plugin/key/keys.py
[2024-02-25T22:35:34.759+0000] {processor.py:830} INFO - Processing file /opt/airflow/dags/plugin/key/keys.py for tasks to queue
[2024-02-25T22:35:34.761+0000] {logging_mixin.py:188} INFO - [2024-02-25T22:35:34.761+0000] {dagbag.py:538} INFO - Filling up the DagBag from /opt/airflow/dags/plugin/key/keys.py
[2024-02-25T22:35:34.766+0000] {processor.py:842} WARNING - No viable dags retrieved from /opt/airflow/dags/plugin/key/keys.py
[2024-02-25T22:35:34.785+0000] {processor.py:183} INFO - Processing /opt/airflow/dags/plugin/key/keys.py took 0.034 seconds
[2024-02-25T22:36:05.492+0000] {processor.py:161} INFO - Started process (PID=4140) to work on /opt/airflow/dags/plugin/key/keys.py
[2024-02-25T22:36:05.493+0000] {processor.py:830} INFO - Processing file /opt/airflow/dags/plugin/key/keys.py for tasks to queue
[2024-02-25T22:36:05.496+0000] {logging_mixin.py:188} INFO - [2024-02-25T22:36:05.496+0000] {dagbag.py:538} INFO - Filling up the DagBag from /opt/airflow/dags/plugin/key/keys.py
[2024-02-25T22:36:05.501+0000] {processor.py:842} WARNING - No viable dags retrieved from /opt/airflow/dags/plugin/key/keys.py
[2024-02-25T22:36:05.519+0000] {processor.py:183} INFO - Processing /opt/airflow/dags/plugin/key/keys.py took 0.033 seconds
[2024-02-25T22:36:36.163+0000] {processor.py:161} INFO - Started process (PID=4199) to work on /opt/airflow/dags/plugin/key/keys.py
[2024-02-25T22:36:36.164+0000] {processor.py:830} INFO - Processing file /opt/airflow/dags/plugin/key/keys.py for tasks to queue
[2024-02-25T22:36:36.167+0000] {logging_mixin.py:188} INFO - [2024-02-25T22:36:36.166+0000] {dagbag.py:538} INFO - Filling up the DagBag from /opt/airflow/dags/plugin/key/keys.py
[2024-02-25T22:36:36.171+0000] {processor.py:842} WARNING - No viable dags retrieved from /opt/airflow/dags/plugin/key/keys.py
[2024-02-25T22:36:36.188+0000] {processor.py:183} INFO - Processing /opt/airflow/dags/plugin/key/keys.py took 0.029 seconds
[2024-02-25T22:37:06.883+0000] {processor.py:161} INFO - Started process (PID=4257) to work on /opt/airflow/dags/plugin/key/keys.py
[2024-02-25T22:37:06.885+0000] {processor.py:830} INFO - Processing file /opt/airflow/dags/plugin/key/keys.py for tasks to queue
[2024-02-25T22:37:06.887+0000] {logging_mixin.py:188} INFO - [2024-02-25T22:37:06.887+0000] {dagbag.py:538} INFO - Filling up the DagBag from /opt/airflow/dags/plugin/key/keys.py
[2024-02-25T22:37:06.892+0000] {processor.py:842} WARNING - No viable dags retrieved from /opt/airflow/dags/plugin/key/keys.py
[2024-02-25T22:37:06.911+0000] {processor.py:183} INFO - Processing /opt/airflow/dags/plugin/key/keys.py took 0.033 seconds
[2024-02-25T22:37:37.546+0000] {processor.py:161} INFO - Started process (PID=4315) to work on /opt/airflow/dags/plugin/key/keys.py
[2024-02-25T22:37:37.547+0000] {processor.py:830} INFO - Processing file /opt/airflow/dags/plugin/key/keys.py for tasks to queue
[2024-02-25T22:37:37.550+0000] {logging_mixin.py:188} INFO - [2024-02-25T22:37:37.550+0000] {dagbag.py:538} INFO - Filling up the DagBag from /opt/airflow/dags/plugin/key/keys.py
[2024-02-25T22:37:37.555+0000] {processor.py:842} WARNING - No viable dags retrieved from /opt/airflow/dags/plugin/key/keys.py
[2024-02-25T22:37:37.574+0000] {processor.py:183} INFO - Processing /opt/airflow/dags/plugin/key/keys.py took 0.034 seconds
[2024-02-25T22:38:08.179+0000] {processor.py:161} INFO - Started process (PID=4373) to work on /opt/airflow/dags/plugin/key/keys.py
[2024-02-25T22:38:08.181+0000] {processor.py:830} INFO - Processing file /opt/airflow/dags/plugin/key/keys.py for tasks to queue
[2024-02-25T22:38:08.184+0000] {logging_mixin.py:188} INFO - [2024-02-25T22:38:08.183+0000] {dagbag.py:538} INFO - Filling up the DagBag from /opt/airflow/dags/plugin/key/keys.py
[2024-02-25T22:38:08.188+0000] {processor.py:842} WARNING - No viable dags retrieved from /opt/airflow/dags/plugin/key/keys.py
[2024-02-25T22:38:08.207+0000] {processor.py:183} INFO - Processing /opt/airflow/dags/plugin/key/keys.py took 0.033 seconds
[2024-02-25T22:38:38.897+0000] {processor.py:161} INFO - Started process (PID=4431) to work on /opt/airflow/dags/plugin/key/keys.py
[2024-02-25T22:38:38.898+0000] {processor.py:830} INFO - Processing file /opt/airflow/dags/plugin/key/keys.py for tasks to queue
[2024-02-25T22:38:38.901+0000] {logging_mixin.py:188} INFO - [2024-02-25T22:38:38.900+0000] {dagbag.py:538} INFO - Filling up the DagBag from /opt/airflow/dags/plugin/key/keys.py
[2024-02-25T22:38:38.906+0000] {processor.py:842} WARNING - No viable dags retrieved from /opt/airflow/dags/plugin/key/keys.py
[2024-02-25T22:38:38.925+0000] {processor.py:183} INFO - Processing /opt/airflow/dags/plugin/key/keys.py took 0.033 seconds
[2024-02-25T22:39:09.664+0000] {processor.py:161} INFO - Started process (PID=4489) to work on /opt/airflow/dags/plugin/key/keys.py
[2024-02-25T22:39:09.665+0000] {processor.py:830} INFO - Processing file /opt/airflow/dags/plugin/key/keys.py for tasks to queue
[2024-02-25T22:39:09.668+0000] {logging_mixin.py:188} INFO - [2024-02-25T22:39:09.667+0000] {dagbag.py:538} INFO - Filling up the DagBag from /opt/airflow/dags/plugin/key/keys.py
[2024-02-25T22:39:09.673+0000] {processor.py:842} WARNING - No viable dags retrieved from /opt/airflow/dags/plugin/key/keys.py
[2024-02-25T22:39:09.691+0000] {processor.py:183} INFO - Processing /opt/airflow/dags/plugin/key/keys.py took 0.032 seconds
[2024-02-25T22:39:40.311+0000] {processor.py:161} INFO - Started process (PID=4547) to work on /opt/airflow/dags/plugin/key/keys.py
[2024-02-25T22:39:40.313+0000] {processor.py:830} INFO - Processing file /opt/airflow/dags/plugin/key/keys.py for tasks to queue
[2024-02-25T22:39:40.315+0000] {logging_mixin.py:188} INFO - [2024-02-25T22:39:40.315+0000] {dagbag.py:538} INFO - Filling up the DagBag from /opt/airflow/dags/plugin/key/keys.py
[2024-02-25T22:39:40.320+0000] {processor.py:842} WARNING - No viable dags retrieved from /opt/airflow/dags/plugin/key/keys.py
[2024-02-25T22:39:40.339+0000] {processor.py:183} INFO - Processing /opt/airflow/dags/plugin/key/keys.py took 0.033 seconds
[2024-02-25T22:40:10.927+0000] {processor.py:161} INFO - Started process (PID=4605) to work on /opt/airflow/dags/plugin/key/keys.py
[2024-02-25T22:40:10.929+0000] {processor.py:830} INFO - Processing file /opt/airflow/dags/plugin/key/keys.py for tasks to queue
[2024-02-25T22:40:10.932+0000] {logging_mixin.py:188} INFO - [2024-02-25T22:40:10.931+0000] {dagbag.py:538} INFO - Filling up the DagBag from /opt/airflow/dags/plugin/key/keys.py
[2024-02-25T22:40:10.936+0000] {processor.py:842} WARNING - No viable dags retrieved from /opt/airflow/dags/plugin/key/keys.py
[2024-02-25T22:40:10.955+0000] {processor.py:183} INFO - Processing /opt/airflow/dags/plugin/key/keys.py took 0.033 seconds
[2024-02-25T22:40:41.597+0000] {processor.py:161} INFO - Started process (PID=4663) to work on /opt/airflow/dags/plugin/key/keys.py
[2024-02-25T22:40:41.599+0000] {processor.py:830} INFO - Processing file /opt/airflow/dags/plugin/key/keys.py for tasks to queue
[2024-02-25T22:40:41.601+0000] {logging_mixin.py:188} INFO - [2024-02-25T22:40:41.601+0000] {dagbag.py:538} INFO - Filling up the DagBag from /opt/airflow/dags/plugin/key/keys.py
[2024-02-25T22:40:41.606+0000] {processor.py:842} WARNING - No viable dags retrieved from /opt/airflow/dags/plugin/key/keys.py
[2024-02-25T22:40:41.625+0000] {processor.py:183} INFO - Processing /opt/airflow/dags/plugin/key/keys.py took 0.033 seconds
[2024-02-25T22:41:12.260+0000] {processor.py:161} INFO - Started process (PID=4721) to work on /opt/airflow/dags/plugin/key/keys.py
[2024-02-25T22:41:12.262+0000] {processor.py:830} INFO - Processing file /opt/airflow/dags/plugin/key/keys.py for tasks to queue
[2024-02-25T22:41:12.264+0000] {logging_mixin.py:188} INFO - [2024-02-25T22:41:12.264+0000] {dagbag.py:538} INFO - Filling up the DagBag from /opt/airflow/dags/plugin/key/keys.py
[2024-02-25T22:41:12.270+0000] {processor.py:842} WARNING - No viable dags retrieved from /opt/airflow/dags/plugin/key/keys.py
[2024-02-25T22:41:12.289+0000] {processor.py:183} INFO - Processing /opt/airflow/dags/plugin/key/keys.py took 0.036 seconds
[2024-02-25T22:41:42.978+0000] {processor.py:161} INFO - Started process (PID=4779) to work on /opt/airflow/dags/plugin/key/keys.py
[2024-02-25T22:41:42.979+0000] {processor.py:830} INFO - Processing file /opt/airflow/dags/plugin/key/keys.py for tasks to queue
[2024-02-25T22:41:42.982+0000] {logging_mixin.py:188} INFO - [2024-02-25T22:41:42.981+0000] {dagbag.py:538} INFO - Filling up the DagBag from /opt/airflow/dags/plugin/key/keys.py
[2024-02-25T22:41:42.987+0000] {processor.py:842} WARNING - No viable dags retrieved from /opt/airflow/dags/plugin/key/keys.py
[2024-02-25T22:41:43.005+0000] {processor.py:183} INFO - Processing /opt/airflow/dags/plugin/key/keys.py took 0.033 seconds
[2024-02-25T22:42:13.643+0000] {processor.py:161} INFO - Started process (PID=4837) to work on /opt/airflow/dags/plugin/key/keys.py
[2024-02-25T22:42:13.644+0000] {processor.py:830} INFO - Processing file /opt/airflow/dags/plugin/key/keys.py for tasks to queue
[2024-02-25T22:42:13.647+0000] {logging_mixin.py:188} INFO - [2024-02-25T22:42:13.646+0000] {dagbag.py:538} INFO - Filling up the DagBag from /opt/airflow/dags/plugin/key/keys.py
[2024-02-25T22:42:13.652+0000] {processor.py:842} WARNING - No viable dags retrieved from /opt/airflow/dags/plugin/key/keys.py
[2024-02-25T22:42:13.671+0000] {processor.py:183} INFO - Processing /opt/airflow/dags/plugin/key/keys.py took 0.034 seconds
[2024-02-25T22:42:44.463+0000] {processor.py:161} INFO - Started process (PID=4895) to work on /opt/airflow/dags/plugin/key/keys.py
[2024-02-25T22:42:44.464+0000] {processor.py:830} INFO - Processing file /opt/airflow/dags/plugin/key/keys.py for tasks to queue
[2024-02-25T22:42:44.467+0000] {logging_mixin.py:188} INFO - [2024-02-25T22:42:44.466+0000] {dagbag.py:538} INFO - Filling up the DagBag from /opt/airflow/dags/plugin/key/keys.py
[2024-02-25T22:42:44.471+0000] {processor.py:842} WARNING - No viable dags retrieved from /opt/airflow/dags/plugin/key/keys.py
[2024-02-25T22:42:44.488+0000] {processor.py:183} INFO - Processing /opt/airflow/dags/plugin/key/keys.py took 0.031 seconds
[2024-02-25T22:43:15.113+0000] {processor.py:161} INFO - Started process (PID=4953) to work on /opt/airflow/dags/plugin/key/keys.py
[2024-02-25T22:43:15.115+0000] {processor.py:830} INFO - Processing file /opt/airflow/dags/plugin/key/keys.py for tasks to queue
[2024-02-25T22:43:15.118+0000] {logging_mixin.py:188} INFO - [2024-02-25T22:43:15.117+0000] {dagbag.py:538} INFO - Filling up the DagBag from /opt/airflow/dags/plugin/key/keys.py
[2024-02-25T22:43:15.122+0000] {processor.py:842} WARNING - No viable dags retrieved from /opt/airflow/dags/plugin/key/keys.py
[2024-02-25T22:43:15.141+0000] {processor.py:183} INFO - Processing /opt/airflow/dags/plugin/key/keys.py took 0.033 seconds
[2024-02-25T22:43:45.662+0000] {processor.py:161} INFO - Started process (PID=5011) to work on /opt/airflow/dags/plugin/key/keys.py
[2024-02-25T22:43:45.664+0000] {processor.py:830} INFO - Processing file /opt/airflow/dags/plugin/key/keys.py for tasks to queue
[2024-02-25T22:43:45.665+0000] {logging_mixin.py:188} INFO - [2024-02-25T22:43:45.665+0000] {dagbag.py:538} INFO - Filling up the DagBag from /opt/airflow/dags/plugin/key/keys.py
[2024-02-25T22:43:45.669+0000] {processor.py:842} WARNING - No viable dags retrieved from /opt/airflow/dags/plugin/key/keys.py
[2024-02-25T22:43:45.685+0000] {processor.py:183} INFO - Processing /opt/airflow/dags/plugin/key/keys.py took 0.026 seconds
[2024-02-25T22:44:16.477+0000] {processor.py:161} INFO - Started process (PID=5069) to work on /opt/airflow/dags/plugin/key/keys.py
[2024-02-25T22:44:16.480+0000] {processor.py:830} INFO - Processing file /opt/airflow/dags/plugin/key/keys.py for tasks to queue
[2024-02-25T22:44:16.483+0000] {logging_mixin.py:188} INFO - [2024-02-25T22:44:16.483+0000] {dagbag.py:538} INFO - Filling up the DagBag from /opt/airflow/dags/plugin/key/keys.py
[2024-02-25T22:44:16.490+0000] {processor.py:842} WARNING - No viable dags retrieved from /opt/airflow/dags/plugin/key/keys.py
[2024-02-25T22:44:16.518+0000] {processor.py:183} INFO - Processing /opt/airflow/dags/plugin/key/keys.py took 0.048 seconds
[2024-02-25T22:44:47.191+0000] {processor.py:161} INFO - Started process (PID=5127) to work on /opt/airflow/dags/plugin/key/keys.py
[2024-02-25T22:44:47.193+0000] {processor.py:830} INFO - Processing file /opt/airflow/dags/plugin/key/keys.py for tasks to queue
[2024-02-25T22:44:47.196+0000] {logging_mixin.py:188} INFO - [2024-02-25T22:44:47.195+0000] {dagbag.py:538} INFO - Filling up the DagBag from /opt/airflow/dags/plugin/key/keys.py
[2024-02-25T22:44:47.201+0000] {processor.py:842} WARNING - No viable dags retrieved from /opt/airflow/dags/plugin/key/keys.py
[2024-02-25T22:44:47.219+0000] {processor.py:183} INFO - Processing /opt/airflow/dags/plugin/key/keys.py took 0.032 seconds
[2024-02-25T22:45:17.818+0000] {processor.py:161} INFO - Started process (PID=5191) to work on /opt/airflow/dags/plugin/key/keys.py
[2024-02-25T22:45:17.819+0000] {processor.py:830} INFO - Processing file /opt/airflow/dags/plugin/key/keys.py for tasks to queue
[2024-02-25T22:45:17.821+0000] {logging_mixin.py:188} INFO - [2024-02-25T22:45:17.820+0000] {dagbag.py:538} INFO - Filling up the DagBag from /opt/airflow/dags/plugin/key/keys.py
[2024-02-25T22:45:17.824+0000] {processor.py:842} WARNING - No viable dags retrieved from /opt/airflow/dags/plugin/key/keys.py
[2024-02-25T22:45:17.841+0000] {processor.py:183} INFO - Processing /opt/airflow/dags/plugin/key/keys.py took 0.027 seconds
[2024-02-25T22:45:48.359+0000] {processor.py:161} INFO - Started process (PID=5249) to work on /opt/airflow/dags/plugin/key/keys.py
[2024-02-25T22:45:48.361+0000] {processor.py:830} INFO - Processing file /opt/airflow/dags/plugin/key/keys.py for tasks to queue
[2024-02-25T22:45:48.363+0000] {logging_mixin.py:188} INFO - [2024-02-25T22:45:48.363+0000] {dagbag.py:538} INFO - Filling up the DagBag from /opt/airflow/dags/plugin/key/keys.py
[2024-02-25T22:45:48.368+0000] {processor.py:842} WARNING - No viable dags retrieved from /opt/airflow/dags/plugin/key/keys.py
[2024-02-25T22:45:48.385+0000] {processor.py:183} INFO - Processing /opt/airflow/dags/plugin/key/keys.py took 0.030 seconds
[2024-02-25T22:46:19.244+0000] {processor.py:161} INFO - Started process (PID=5307) to work on /opt/airflow/dags/plugin/key/keys.py
[2024-02-25T22:46:19.245+0000] {processor.py:830} INFO - Processing file /opt/airflow/dags/plugin/key/keys.py for tasks to queue
[2024-02-25T22:46:19.248+0000] {logging_mixin.py:188} INFO - [2024-02-25T22:46:19.248+0000] {dagbag.py:538} INFO - Filling up the DagBag from /opt/airflow/dags/plugin/key/keys.py
[2024-02-25T22:46:19.253+0000] {processor.py:842} WARNING - No viable dags retrieved from /opt/airflow/dags/plugin/key/keys.py
[2024-02-25T22:46:19.272+0000] {processor.py:183} INFO - Processing /opt/airflow/dags/plugin/key/keys.py took 0.033 seconds
[2024-02-25T22:46:49.934+0000] {processor.py:161} INFO - Started process (PID=5365) to work on /opt/airflow/dags/plugin/key/keys.py
[2024-02-25T22:46:49.936+0000] {processor.py:830} INFO - Processing file /opt/airflow/dags/plugin/key/keys.py for tasks to queue
[2024-02-25T22:46:49.938+0000] {logging_mixin.py:188} INFO - [2024-02-25T22:46:49.938+0000] {dagbag.py:538} INFO - Filling up the DagBag from /opt/airflow/dags/plugin/key/keys.py
[2024-02-25T22:46:49.943+0000] {processor.py:842} WARNING - No viable dags retrieved from /opt/airflow/dags/plugin/key/keys.py
[2024-02-25T22:46:49.962+0000] {processor.py:183} INFO - Processing /opt/airflow/dags/plugin/key/keys.py took 0.033 seconds
[2024-02-25T22:47:20.569+0000] {processor.py:161} INFO - Started process (PID=5423) to work on /opt/airflow/dags/plugin/key/keys.py
[2024-02-25T22:47:20.570+0000] {processor.py:830} INFO - Processing file /opt/airflow/dags/plugin/key/keys.py for tasks to queue
[2024-02-25T22:47:20.573+0000] {logging_mixin.py:188} INFO - [2024-02-25T22:47:20.572+0000] {dagbag.py:538} INFO - Filling up the DagBag from /opt/airflow/dags/plugin/key/keys.py
[2024-02-25T22:47:20.577+0000] {processor.py:842} WARNING - No viable dags retrieved from /opt/airflow/dags/plugin/key/keys.py
[2024-02-25T22:47:20.594+0000] {processor.py:183} INFO - Processing /opt/airflow/dags/plugin/key/keys.py took 0.030 seconds
[2024-02-25T22:47:51.379+0000] {processor.py:161} INFO - Started process (PID=5481) to work on /opt/airflow/dags/plugin/key/keys.py
[2024-02-25T22:47:51.380+0000] {processor.py:830} INFO - Processing file /opt/airflow/dags/plugin/key/keys.py for tasks to queue
[2024-02-25T22:47:51.383+0000] {logging_mixin.py:188} INFO - [2024-02-25T22:47:51.383+0000] {dagbag.py:538} INFO - Filling up the DagBag from /opt/airflow/dags/plugin/key/keys.py
[2024-02-25T22:47:51.388+0000] {processor.py:842} WARNING - No viable dags retrieved from /opt/airflow/dags/plugin/key/keys.py
[2024-02-25T22:47:51.408+0000] {processor.py:183} INFO - Processing /opt/airflow/dags/plugin/key/keys.py took 0.035 seconds
[2024-02-25T22:48:22.103+0000] {processor.py:161} INFO - Started process (PID=5539) to work on /opt/airflow/dags/plugin/key/keys.py
[2024-02-25T22:48:22.105+0000] {processor.py:830} INFO - Processing file /opt/airflow/dags/plugin/key/keys.py for tasks to queue
[2024-02-25T22:48:22.108+0000] {logging_mixin.py:188} INFO - [2024-02-25T22:48:22.107+0000] {dagbag.py:538} INFO - Filling up the DagBag from /opt/airflow/dags/plugin/key/keys.py
[2024-02-25T22:48:22.113+0000] {processor.py:842} WARNING - No viable dags retrieved from /opt/airflow/dags/plugin/key/keys.py
[2024-02-25T22:48:22.132+0000] {processor.py:183} INFO - Processing /opt/airflow/dags/plugin/key/keys.py took 0.034 seconds
[2024-02-25T22:48:52.923+0000] {processor.py:161} INFO - Started process (PID=5597) to work on /opt/airflow/dags/plugin/key/keys.py
[2024-02-25T22:48:52.924+0000] {processor.py:830} INFO - Processing file /opt/airflow/dags/plugin/key/keys.py for tasks to queue
[2024-02-25T22:48:52.926+0000] {logging_mixin.py:188} INFO - [2024-02-25T22:48:52.926+0000] {dagbag.py:538} INFO - Filling up the DagBag from /opt/airflow/dags/plugin/key/keys.py
[2024-02-25T22:48:52.930+0000] {processor.py:842} WARNING - No viable dags retrieved from /opt/airflow/dags/plugin/key/keys.py
[2024-02-25T22:48:52.945+0000] {processor.py:183} INFO - Processing /opt/airflow/dags/plugin/key/keys.py took 0.026 seconds
[2024-02-25T22:49:23.595+0000] {processor.py:161} INFO - Started process (PID=5655) to work on /opt/airflow/dags/plugin/key/keys.py
[2024-02-25T22:49:23.597+0000] {processor.py:830} INFO - Processing file /opt/airflow/dags/plugin/key/keys.py for tasks to queue
[2024-02-25T22:49:23.599+0000] {logging_mixin.py:188} INFO - [2024-02-25T22:49:23.599+0000] {dagbag.py:538} INFO - Filling up the DagBag from /opt/airflow/dags/plugin/key/keys.py
[2024-02-25T22:49:23.603+0000] {processor.py:842} WARNING - No viable dags retrieved from /opt/airflow/dags/plugin/key/keys.py
[2024-02-25T22:49:23.621+0000] {processor.py:183} INFO - Processing /opt/airflow/dags/plugin/key/keys.py took 0.029 seconds
[2024-02-25T22:49:54.301+0000] {processor.py:161} INFO - Started process (PID=5712) to work on /opt/airflow/dags/plugin/key/keys.py
[2024-02-25T22:49:54.302+0000] {processor.py:830} INFO - Processing file /opt/airflow/dags/plugin/key/keys.py for tasks to queue
[2024-02-25T22:49:54.304+0000] {logging_mixin.py:188} INFO - [2024-02-25T22:49:54.304+0000] {dagbag.py:538} INFO - Filling up the DagBag from /opt/airflow/dags/plugin/key/keys.py
[2024-02-25T22:49:54.308+0000] {processor.py:842} WARNING - No viable dags retrieved from /opt/airflow/dags/plugin/key/keys.py
[2024-02-25T22:49:54.324+0000] {processor.py:183} INFO - Processing /opt/airflow/dags/plugin/key/keys.py took 0.026 seconds
[2024-02-25T22:50:24.923+0000] {processor.py:161} INFO - Started process (PID=5770) to work on /opt/airflow/dags/plugin/key/keys.py
[2024-02-25T22:50:24.925+0000] {processor.py:830} INFO - Processing file /opt/airflow/dags/plugin/key/keys.py for tasks to queue
[2024-02-25T22:50:24.928+0000] {logging_mixin.py:188} INFO - [2024-02-25T22:50:24.927+0000] {dagbag.py:538} INFO - Filling up the DagBag from /opt/airflow/dags/plugin/key/keys.py
[2024-02-25T22:50:24.933+0000] {processor.py:842} WARNING - No viable dags retrieved from /opt/airflow/dags/plugin/key/keys.py
[2024-02-25T22:50:24.951+0000] {processor.py:183} INFO - Processing /opt/airflow/dags/plugin/key/keys.py took 0.033 seconds
[2024-02-25T22:50:55.595+0000] {processor.py:161} INFO - Started process (PID=5828) to work on /opt/airflow/dags/plugin/key/keys.py
[2024-02-25T22:50:55.597+0000] {processor.py:830} INFO - Processing file /opt/airflow/dags/plugin/key/keys.py for tasks to queue
[2024-02-25T22:50:55.600+0000] {logging_mixin.py:188} INFO - [2024-02-25T22:50:55.599+0000] {dagbag.py:538} INFO - Filling up the DagBag from /opt/airflow/dags/plugin/key/keys.py
[2024-02-25T22:50:55.605+0000] {processor.py:842} WARNING - No viable dags retrieved from /opt/airflow/dags/plugin/key/keys.py
[2024-02-25T22:50:55.623+0000] {processor.py:183} INFO - Processing /opt/airflow/dags/plugin/key/keys.py took 0.034 seconds
[2024-02-25T22:51:25.698+0000] {processor.py:161} INFO - Started process (PID=5886) to work on /opt/airflow/dags/plugin/key/keys.py
[2024-02-25T22:51:25.700+0000] {processor.py:830} INFO - Processing file /opt/airflow/dags/plugin/key/keys.py for tasks to queue
[2024-02-25T22:51:25.702+0000] {logging_mixin.py:188} INFO - [2024-02-25T22:51:25.702+0000] {dagbag.py:538} INFO - Filling up the DagBag from /opt/airflow/dags/plugin/key/keys.py
[2024-02-25T22:51:25.707+0000] {processor.py:842} WARNING - No viable dags retrieved from /opt/airflow/dags/plugin/key/keys.py
[2024-02-25T22:51:25.726+0000] {processor.py:183} INFO - Processing /opt/airflow/dags/plugin/key/keys.py took 0.033 seconds
[2024-02-25T22:51:55.882+0000] {processor.py:161} INFO - Started process (PID=5944) to work on /opt/airflow/dags/plugin/key/keys.py
[2024-02-25T22:51:55.883+0000] {processor.py:830} INFO - Processing file /opt/airflow/dags/plugin/key/keys.py for tasks to queue
[2024-02-25T22:51:55.886+0000] {logging_mixin.py:188} INFO - [2024-02-25T22:51:55.885+0000] {dagbag.py:538} INFO - Filling up the DagBag from /opt/airflow/dags/plugin/key/keys.py
[2024-02-25T22:51:55.891+0000] {processor.py:842} WARNING - No viable dags retrieved from /opt/airflow/dags/plugin/key/keys.py
[2024-02-25T22:51:55.909+0000] {processor.py:183} INFO - Processing /opt/airflow/dags/plugin/key/keys.py took 0.033 seconds
[2024-02-25T22:52:26.083+0000] {processor.py:161} INFO - Started process (PID=6002) to work on /opt/airflow/dags/plugin/key/keys.py
[2024-02-25T22:52:26.084+0000] {processor.py:830} INFO - Processing file /opt/airflow/dags/plugin/key/keys.py for tasks to queue
[2024-02-25T22:52:26.086+0000] {logging_mixin.py:188} INFO - [2024-02-25T22:52:26.086+0000] {dagbag.py:538} INFO - Filling up the DagBag from /opt/airflow/dags/plugin/key/keys.py
[2024-02-25T22:52:26.089+0000] {processor.py:842} WARNING - No viable dags retrieved from /opt/airflow/dags/plugin/key/keys.py
[2024-02-25T22:52:26.105+0000] {processor.py:183} INFO - Processing /opt/airflow/dags/plugin/key/keys.py took 0.026 seconds
[2024-02-25T22:52:56.666+0000] {processor.py:161} INFO - Started process (PID=6056) to work on /opt/airflow/dags/plugin/key/keys.py
[2024-02-25T22:52:56.668+0000] {processor.py:830} INFO - Processing file /opt/airflow/dags/plugin/key/keys.py for tasks to queue
[2024-02-25T22:52:56.670+0000] {logging_mixin.py:188} INFO - [2024-02-25T22:52:56.670+0000] {dagbag.py:538} INFO - Filling up the DagBag from /opt/airflow/dags/plugin/key/keys.py
[2024-02-25T22:52:56.676+0000] {processor.py:842} WARNING - No viable dags retrieved from /opt/airflow/dags/plugin/key/keys.py
[2024-02-25T22:52:56.694+0000] {processor.py:183} INFO - Processing /opt/airflow/dags/plugin/key/keys.py took 0.033 seconds
[2024-02-25T22:53:27.396+0000] {processor.py:161} INFO - Started process (PID=6114) to work on /opt/airflow/dags/plugin/key/keys.py
[2024-02-25T22:53:27.397+0000] {processor.py:830} INFO - Processing file /opt/airflow/dags/plugin/key/keys.py for tasks to queue
[2024-02-25T22:53:27.400+0000] {logging_mixin.py:188} INFO - [2024-02-25T22:53:27.400+0000] {dagbag.py:538} INFO - Filling up the DagBag from /opt/airflow/dags/plugin/key/keys.py
[2024-02-25T22:53:27.405+0000] {processor.py:842} WARNING - No viable dags retrieved from /opt/airflow/dags/plugin/key/keys.py
[2024-02-25T22:53:27.424+0000] {processor.py:183} INFO - Processing /opt/airflow/dags/plugin/key/keys.py took 0.034 seconds
[2024-02-25T22:53:58.179+0000] {processor.py:161} INFO - Started process (PID=6172) to work on /opt/airflow/dags/plugin/key/keys.py
[2024-02-25T22:53:58.180+0000] {processor.py:830} INFO - Processing file /opt/airflow/dags/plugin/key/keys.py for tasks to queue
[2024-02-25T22:53:58.183+0000] {logging_mixin.py:188} INFO - [2024-02-25T22:53:58.183+0000] {dagbag.py:538} INFO - Filling up the DagBag from /opt/airflow/dags/plugin/key/keys.py
[2024-02-25T22:53:58.188+0000] {processor.py:842} WARNING - No viable dags retrieved from /opt/airflow/dags/plugin/key/keys.py
[2024-02-25T22:53:58.207+0000] {processor.py:183} INFO - Processing /opt/airflow/dags/plugin/key/keys.py took 0.034 seconds
[2024-02-25T22:54:29.083+0000] {processor.py:161} INFO - Started process (PID=6230) to work on /opt/airflow/dags/plugin/key/keys.py
[2024-02-25T22:54:29.085+0000] {processor.py:830} INFO - Processing file /opt/airflow/dags/plugin/key/keys.py for tasks to queue
[2024-02-25T22:54:29.088+0000] {logging_mixin.py:188} INFO - [2024-02-25T22:54:29.087+0000] {dagbag.py:538} INFO - Filling up the DagBag from /opt/airflow/dags/plugin/key/keys.py
[2024-02-25T22:54:29.093+0000] {processor.py:842} WARNING - No viable dags retrieved from /opt/airflow/dags/plugin/key/keys.py
[2024-02-25T22:54:29.112+0000] {processor.py:183} INFO - Processing /opt/airflow/dags/plugin/key/keys.py took 0.035 seconds
[2024-02-25T22:54:59.825+0000] {processor.py:161} INFO - Started process (PID=6288) to work on /opt/airflow/dags/plugin/key/keys.py
[2024-02-25T22:54:59.827+0000] {processor.py:830} INFO - Processing file /opt/airflow/dags/plugin/key/keys.py for tasks to queue
[2024-02-25T22:54:59.830+0000] {logging_mixin.py:188} INFO - [2024-02-25T22:54:59.829+0000] {dagbag.py:538} INFO - Filling up the DagBag from /opt/airflow/dags/plugin/key/keys.py
[2024-02-25T22:54:59.835+0000] {processor.py:842} WARNING - No viable dags retrieved from /opt/airflow/dags/plugin/key/keys.py
[2024-02-25T22:54:59.853+0000] {processor.py:183} INFO - Processing /opt/airflow/dags/plugin/key/keys.py took 0.034 seconds
[2024-02-25T22:55:30.535+0000] {processor.py:161} INFO - Started process (PID=6346) to work on /opt/airflow/dags/plugin/key/keys.py
[2024-02-25T22:55:30.537+0000] {processor.py:830} INFO - Processing file /opt/airflow/dags/plugin/key/keys.py for tasks to queue
[2024-02-25T22:55:30.539+0000] {logging_mixin.py:188} INFO - [2024-02-25T22:55:30.539+0000] {dagbag.py:538} INFO - Filling up the DagBag from /opt/airflow/dags/plugin/key/keys.py
[2024-02-25T22:55:30.544+0000] {processor.py:842} WARNING - No viable dags retrieved from /opt/airflow/dags/plugin/key/keys.py
[2024-02-25T22:55:30.563+0000] {processor.py:183} INFO - Processing /opt/airflow/dags/plugin/key/keys.py took 0.034 seconds
[2024-02-25T22:56:01.302+0000] {processor.py:161} INFO - Started process (PID=6405) to work on /opt/airflow/dags/plugin/key/keys.py
[2024-02-25T22:56:01.304+0000] {processor.py:830} INFO - Processing file /opt/airflow/dags/plugin/key/keys.py for tasks to queue
[2024-02-25T22:56:01.307+0000] {logging_mixin.py:188} INFO - [2024-02-25T22:56:01.306+0000] {dagbag.py:538} INFO - Filling up the DagBag from /opt/airflow/dags/plugin/key/keys.py
[2024-02-25T22:56:01.312+0000] {processor.py:842} WARNING - No viable dags retrieved from /opt/airflow/dags/plugin/key/keys.py
[2024-02-25T22:56:01.331+0000] {processor.py:183} INFO - Processing /opt/airflow/dags/plugin/key/keys.py took 0.034 seconds
[2024-02-25T22:56:32.243+0000] {processor.py:161} INFO - Started process (PID=6463) to work on /opt/airflow/dags/plugin/key/keys.py
[2024-02-25T22:56:32.244+0000] {processor.py:830} INFO - Processing file /opt/airflow/dags/plugin/key/keys.py for tasks to queue
[2024-02-25T22:56:32.247+0000] {logging_mixin.py:188} INFO - [2024-02-25T22:56:32.247+0000] {dagbag.py:538} INFO - Filling up the DagBag from /opt/airflow/dags/plugin/key/keys.py
[2024-02-25T22:56:32.253+0000] {processor.py:842} WARNING - No viable dags retrieved from /opt/airflow/dags/plugin/key/keys.py
[2024-02-25T22:56:32.271+0000] {processor.py:183} INFO - Processing /opt/airflow/dags/plugin/key/keys.py took 0.033 seconds
[2024-02-25T22:57:03.122+0000] {processor.py:161} INFO - Started process (PID=6521) to work on /opt/airflow/dags/plugin/key/keys.py
[2024-02-25T22:57:03.124+0000] {processor.py:830} INFO - Processing file /opt/airflow/dags/plugin/key/keys.py for tasks to queue
[2024-02-25T22:57:03.128+0000] {logging_mixin.py:188} INFO - [2024-02-25T22:57:03.127+0000] {dagbag.py:538} INFO - Filling up the DagBag from /opt/airflow/dags/plugin/key/keys.py
[2024-02-25T22:57:03.134+0000] {processor.py:842} WARNING - No viable dags retrieved from /opt/airflow/dags/plugin/key/keys.py
[2024-02-25T22:57:03.152+0000] {processor.py:183} INFO - Processing /opt/airflow/dags/plugin/key/keys.py took 0.036 seconds
[2024-02-25T22:57:33.907+0000] {processor.py:161} INFO - Started process (PID=6579) to work on /opt/airflow/dags/plugin/key/keys.py
[2024-02-25T22:57:33.909+0000] {processor.py:830} INFO - Processing file /opt/airflow/dags/plugin/key/keys.py for tasks to queue
[2024-02-25T22:57:33.910+0000] {logging_mixin.py:188} INFO - [2024-02-25T22:57:33.910+0000] {dagbag.py:538} INFO - Filling up the DagBag from /opt/airflow/dags/plugin/key/keys.py
[2024-02-25T22:57:33.914+0000] {processor.py:842} WARNING - No viable dags retrieved from /opt/airflow/dags/plugin/key/keys.py
[2024-02-25T22:57:33.933+0000] {processor.py:183} INFO - Processing /opt/airflow/dags/plugin/key/keys.py took 0.029 seconds
[2024-02-25T22:58:04.803+0000] {processor.py:161} INFO - Started process (PID=6638) to work on /opt/airflow/dags/plugin/key/keys.py
[2024-02-25T22:58:04.804+0000] {processor.py:830} INFO - Processing file /opt/airflow/dags/plugin/key/keys.py for tasks to queue
[2024-02-25T22:58:04.807+0000] {logging_mixin.py:188} INFO - [2024-02-25T22:58:04.806+0000] {dagbag.py:538} INFO - Filling up the DagBag from /opt/airflow/dags/plugin/key/keys.py
[2024-02-25T22:58:04.813+0000] {processor.py:842} WARNING - No viable dags retrieved from /opt/airflow/dags/plugin/key/keys.py
[2024-02-25T22:58:04.831+0000] {processor.py:183} INFO - Processing /opt/airflow/dags/plugin/key/keys.py took 0.034 seconds
[2024-02-25T22:58:35.673+0000] {processor.py:161} INFO - Started process (PID=6696) to work on /opt/airflow/dags/plugin/key/keys.py
[2024-02-25T22:58:35.675+0000] {processor.py:830} INFO - Processing file /opt/airflow/dags/plugin/key/keys.py for tasks to queue
[2024-02-25T22:58:35.678+0000] {logging_mixin.py:188} INFO - [2024-02-25T22:58:35.677+0000] {dagbag.py:538} INFO - Filling up the DagBag from /opt/airflow/dags/plugin/key/keys.py
[2024-02-25T22:58:35.683+0000] {processor.py:842} WARNING - No viable dags retrieved from /opt/airflow/dags/plugin/key/keys.py
[2024-02-25T22:58:35.702+0000] {processor.py:183} INFO - Processing /opt/airflow/dags/plugin/key/keys.py took 0.034 seconds
[2024-02-25T22:59:06.441+0000] {processor.py:161} INFO - Started process (PID=6754) to work on /opt/airflow/dags/plugin/key/keys.py
[2024-02-25T22:59:06.443+0000] {processor.py:830} INFO - Processing file /opt/airflow/dags/plugin/key/keys.py for tasks to queue
[2024-02-25T22:59:06.445+0000] {logging_mixin.py:188} INFO - [2024-02-25T22:59:06.445+0000] {dagbag.py:538} INFO - Filling up the DagBag from /opt/airflow/dags/plugin/key/keys.py
[2024-02-25T22:59:06.450+0000] {processor.py:842} WARNING - No viable dags retrieved from /opt/airflow/dags/plugin/key/keys.py
[2024-02-25T22:59:06.469+0000] {processor.py:183} INFO - Processing /opt/airflow/dags/plugin/key/keys.py took 0.034 seconds
[2024-02-25T22:59:37.025+0000] {processor.py:161} INFO - Started process (PID=6812) to work on /opt/airflow/dags/plugin/key/keys.py
[2024-02-25T22:59:37.026+0000] {processor.py:830} INFO - Processing file /opt/airflow/dags/plugin/key/keys.py for tasks to queue
[2024-02-25T22:59:37.029+0000] {logging_mixin.py:188} INFO - [2024-02-25T22:59:37.029+0000] {dagbag.py:538} INFO - Filling up the DagBag from /opt/airflow/dags/plugin/key/keys.py
[2024-02-25T22:59:37.034+0000] {processor.py:842} WARNING - No viable dags retrieved from /opt/airflow/dags/plugin/key/keys.py
[2024-02-25T22:59:37.052+0000] {processor.py:183} INFO - Processing /opt/airflow/dags/plugin/key/keys.py took 0.033 seconds
[2024-02-25T23:00:07.613+0000] {processor.py:161} INFO - Started process (PID=6871) to work on /opt/airflow/dags/plugin/key/keys.py
[2024-02-25T23:00:07.615+0000] {processor.py:830} INFO - Processing file /opt/airflow/dags/plugin/key/keys.py for tasks to queue
[2024-02-25T23:00:07.618+0000] {logging_mixin.py:188} INFO - [2024-02-25T23:00:07.617+0000] {dagbag.py:538} INFO - Filling up the DagBag from /opt/airflow/dags/plugin/key/keys.py
[2024-02-25T23:00:07.623+0000] {processor.py:842} WARNING - No viable dags retrieved from /opt/airflow/dags/plugin/key/keys.py
[2024-02-25T23:00:07.641+0000] {processor.py:183} INFO - Processing /opt/airflow/dags/plugin/key/keys.py took 0.033 seconds
[2024-02-25T23:00:38.198+0000] {processor.py:161} INFO - Started process (PID=6929) to work on /opt/airflow/dags/plugin/key/keys.py
[2024-02-25T23:00:38.200+0000] {processor.py:830} INFO - Processing file /opt/airflow/dags/plugin/key/keys.py for tasks to queue
[2024-02-25T23:00:38.203+0000] {logging_mixin.py:188} INFO - [2024-02-25T23:00:38.202+0000] {dagbag.py:538} INFO - Filling up the DagBag from /opt/airflow/dags/plugin/key/keys.py
[2024-02-25T23:00:38.208+0000] {processor.py:842} WARNING - No viable dags retrieved from /opt/airflow/dags/plugin/key/keys.py
[2024-02-25T23:00:38.226+0000] {processor.py:183} INFO - Processing /opt/airflow/dags/plugin/key/keys.py took 0.034 seconds
[2024-02-25T23:01:08.764+0000] {processor.py:161} INFO - Started process (PID=6987) to work on /opt/airflow/dags/plugin/key/keys.py
[2024-02-25T23:01:08.766+0000] {processor.py:830} INFO - Processing file /opt/airflow/dags/plugin/key/keys.py for tasks to queue
[2024-02-25T23:01:08.769+0000] {logging_mixin.py:188} INFO - [2024-02-25T23:01:08.768+0000] {dagbag.py:538} INFO - Filling up the DagBag from /opt/airflow/dags/plugin/key/keys.py
[2024-02-25T23:01:08.774+0000] {processor.py:842} WARNING - No viable dags retrieved from /opt/airflow/dags/plugin/key/keys.py
[2024-02-25T23:01:08.792+0000] {processor.py:183} INFO - Processing /opt/airflow/dags/plugin/key/keys.py took 0.034 seconds
[2024-02-25T23:01:39.081+0000] {processor.py:161} INFO - Started process (PID=7045) to work on /opt/airflow/dags/plugin/key/keys.py
[2024-02-25T23:01:39.083+0000] {processor.py:830} INFO - Processing file /opt/airflow/dags/plugin/key/keys.py for tasks to queue
[2024-02-25T23:01:39.086+0000] {logging_mixin.py:188} INFO - [2024-02-25T23:01:39.086+0000] {dagbag.py:538} INFO - Filling up the DagBag from /opt/airflow/dags/plugin/key/keys.py
[2024-02-25T23:01:39.092+0000] {processor.py:842} WARNING - No viable dags retrieved from /opt/airflow/dags/plugin/key/keys.py
[2024-02-25T23:01:39.109+0000] {processor.py:183} INFO - Processing /opt/airflow/dags/plugin/key/keys.py took 0.033 seconds
[2024-02-25T23:02:09.257+0000] {processor.py:161} INFO - Started process (PID=7103) to work on /opt/airflow/dags/plugin/key/keys.py
[2024-02-25T23:02:09.258+0000] {processor.py:830} INFO - Processing file /opt/airflow/dags/plugin/key/keys.py for tasks to queue
[2024-02-25T23:02:09.261+0000] {logging_mixin.py:188} INFO - [2024-02-25T23:02:09.261+0000] {dagbag.py:538} INFO - Filling up the DagBag from /opt/airflow/dags/plugin/key/keys.py
[2024-02-25T23:02:09.266+0000] {processor.py:842} WARNING - No viable dags retrieved from /opt/airflow/dags/plugin/key/keys.py
[2024-02-25T23:02:09.285+0000] {processor.py:183} INFO - Processing /opt/airflow/dags/plugin/key/keys.py took 0.034 seconds
[2024-02-25T23:02:39.428+0000] {processor.py:161} INFO - Started process (PID=7161) to work on /opt/airflow/dags/plugin/key/keys.py
[2024-02-25T23:02:39.430+0000] {processor.py:830} INFO - Processing file /opt/airflow/dags/plugin/key/keys.py for tasks to queue
[2024-02-25T23:02:39.433+0000] {logging_mixin.py:188} INFO - [2024-02-25T23:02:39.432+0000] {dagbag.py:538} INFO - Filling up the DagBag from /opt/airflow/dags/plugin/key/keys.py
[2024-02-25T23:02:39.438+0000] {processor.py:842} WARNING - No viable dags retrieved from /opt/airflow/dags/plugin/key/keys.py
[2024-02-25T23:02:39.456+0000] {processor.py:183} INFO - Processing /opt/airflow/dags/plugin/key/keys.py took 0.033 seconds
[2024-02-25T23:03:09.989+0000] {processor.py:161} INFO - Started process (PID=7219) to work on /opt/airflow/dags/plugin/key/keys.py
[2024-02-25T23:03:09.991+0000] {processor.py:830} INFO - Processing file /opt/airflow/dags/plugin/key/keys.py for tasks to queue
[2024-02-25T23:03:09.994+0000] {logging_mixin.py:188} INFO - [2024-02-25T23:03:09.993+0000] {dagbag.py:538} INFO - Filling up the DagBag from /opt/airflow/dags/plugin/key/keys.py
[2024-02-25T23:03:09.998+0000] {processor.py:842} WARNING - No viable dags retrieved from /opt/airflow/dags/plugin/key/keys.py
[2024-02-25T23:03:10.016+0000] {processor.py:183} INFO - Processing /opt/airflow/dags/plugin/key/keys.py took 0.033 seconds
[2024-02-25T23:10:11.354+0000] {processor.py:161} INFO - Started process (PID=7228) to work on /opt/airflow/dags/plugin/key/keys.py
[2024-02-25T23:10:11.360+0000] {processor.py:830} INFO - Processing file /opt/airflow/dags/plugin/key/keys.py for tasks to queue
[2024-02-25T23:10:11.365+0000] {logging_mixin.py:188} INFO - [2024-02-25T23:10:11.365+0000] {dagbag.py:538} INFO - Filling up the DagBag from /opt/airflow/dags/plugin/key/keys.py
[2024-02-25T23:10:11.377+0000] {processor.py:842} WARNING - No viable dags retrieved from /opt/airflow/dags/plugin/key/keys.py
[2024-02-25T23:10:11.417+0000] {processor.py:183} INFO - Processing /opt/airflow/dags/plugin/key/keys.py took 0.067 seconds
[2024-02-25T23:11:35.966+0000] {processor.py:161} INFO - Started process (PID=7286) to work on /opt/airflow/dags/plugin/key/keys.py
[2024-02-25T23:11:35.968+0000] {processor.py:830} INFO - Processing file /opt/airflow/dags/plugin/key/keys.py for tasks to queue
[2024-02-25T23:11:35.971+0000] {logging_mixin.py:188} INFO - [2024-02-25T23:11:35.970+0000] {dagbag.py:538} INFO - Filling up the DagBag from /opt/airflow/dags/plugin/key/keys.py
[2024-02-25T23:11:35.976+0000] {processor.py:842} WARNING - No viable dags retrieved from /opt/airflow/dags/plugin/key/keys.py
[2024-02-25T23:11:35.994+0000] {processor.py:183} INFO - Processing /opt/airflow/dags/plugin/key/keys.py took 0.034 seconds
[2024-02-25T23:45:31.896+0000] {processor.py:161} INFO - Started process (PID=7344) to work on /opt/airflow/dags/plugin/key/keys.py
[2024-02-25T23:45:31.906+0000] {processor.py:830} INFO - Processing file /opt/airflow/dags/plugin/key/keys.py for tasks to queue
[2024-02-25T23:45:31.917+0000] {logging_mixin.py:188} INFO - [2024-02-25T23:45:31.915+0000] {dagbag.py:538} INFO - Filling up the DagBag from /opt/airflow/dags/plugin/key/keys.py
[2024-02-25T23:45:31.936+0000] {processor.py:842} WARNING - No viable dags retrieved from /opt/airflow/dags/plugin/key/keys.py
[2024-02-25T23:45:32.015+0000] {processor.py:183} INFO - Processing /opt/airflow/dags/plugin/key/keys.py took 0.147 seconds
[2024-02-25T23:51:07.017+0000] {processor.py:161} INFO - Started process (PID=7403) to work on /opt/airflow/dags/plugin/key/keys.py
[2024-02-25T23:51:07.018+0000] {processor.py:830} INFO - Processing file /opt/airflow/dags/plugin/key/keys.py for tasks to queue
[2024-02-25T23:51:07.020+0000] {logging_mixin.py:188} INFO - [2024-02-25T23:51:07.020+0000] {dagbag.py:538} INFO - Filling up the DagBag from /opt/airflow/dags/plugin/key/keys.py
[2024-02-25T23:51:07.025+0000] {processor.py:842} WARNING - No viable dags retrieved from /opt/airflow/dags/plugin/key/keys.py
[2024-02-25T23:51:07.044+0000] {processor.py:183} INFO - Processing /opt/airflow/dags/plugin/key/keys.py took 0.032 seconds
[2024-02-25T23:51:37.637+0000] {processor.py:161} INFO - Started process (PID=7461) to work on /opt/airflow/dags/plugin/key/keys.py
[2024-02-25T23:51:37.638+0000] {processor.py:830} INFO - Processing file /opt/airflow/dags/plugin/key/keys.py for tasks to queue
[2024-02-25T23:51:37.640+0000] {logging_mixin.py:188} INFO - [2024-02-25T23:51:37.640+0000] {dagbag.py:538} INFO - Filling up the DagBag from /opt/airflow/dags/plugin/key/keys.py
[2024-02-25T23:51:37.644+0000] {processor.py:842} WARNING - No viable dags retrieved from /opt/airflow/dags/plugin/key/keys.py
[2024-02-25T23:51:37.661+0000] {processor.py:183} INFO - Processing /opt/airflow/dags/plugin/key/keys.py took 0.029 seconds
[2024-02-25T23:52:08.625+0000] {processor.py:161} INFO - Started process (PID=7519) to work on /opt/airflow/dags/plugin/key/keys.py
[2024-02-25T23:52:08.627+0000] {processor.py:830} INFO - Processing file /opt/airflow/dags/plugin/key/keys.py for tasks to queue
[2024-02-25T23:52:08.629+0000] {logging_mixin.py:188} INFO - [2024-02-25T23:52:08.629+0000] {dagbag.py:538} INFO - Filling up the DagBag from /opt/airflow/dags/plugin/key/keys.py
[2024-02-25T23:52:08.633+0000] {processor.py:842} WARNING - No viable dags retrieved from /opt/airflow/dags/plugin/key/keys.py
[2024-02-25T23:52:08.652+0000] {processor.py:183} INFO - Processing /opt/airflow/dags/plugin/key/keys.py took 0.031 seconds
[2024-02-25T23:52:39.495+0000] {processor.py:161} INFO - Started process (PID=7577) to work on /opt/airflow/dags/plugin/key/keys.py
[2024-02-25T23:52:39.497+0000] {processor.py:830} INFO - Processing file /opt/airflow/dags/plugin/key/keys.py for tasks to queue
[2024-02-25T23:52:39.500+0000] {logging_mixin.py:188} INFO - [2024-02-25T23:52:39.499+0000] {dagbag.py:538} INFO - Filling up the DagBag from /opt/airflow/dags/plugin/key/keys.py
[2024-02-25T23:52:39.505+0000] {processor.py:842} WARNING - No viable dags retrieved from /opt/airflow/dags/plugin/key/keys.py
[2024-02-25T23:52:39.523+0000] {processor.py:183} INFO - Processing /opt/airflow/dags/plugin/key/keys.py took 0.034 seconds
[2024-02-25T23:53:10.567+0000] {processor.py:161} INFO - Started process (PID=7636) to work on /opt/airflow/dags/plugin/key/keys.py
[2024-02-25T23:53:10.569+0000] {processor.py:830} INFO - Processing file /opt/airflow/dags/plugin/key/keys.py for tasks to queue
[2024-02-25T23:53:10.572+0000] {logging_mixin.py:188} INFO - [2024-02-25T23:53:10.571+0000] {dagbag.py:538} INFO - Filling up the DagBag from /opt/airflow/dags/plugin/key/keys.py
[2024-02-25T23:53:10.577+0000] {processor.py:842} WARNING - No viable dags retrieved from /opt/airflow/dags/plugin/key/keys.py
[2024-02-25T23:53:10.595+0000] {processor.py:183} INFO - Processing /opt/airflow/dags/plugin/key/keys.py took 0.033 seconds
[2024-02-25T23:53:40.769+0000] {processor.py:161} INFO - Started process (PID=7694) to work on /opt/airflow/dags/plugin/key/keys.py
[2024-02-25T23:53:40.771+0000] {processor.py:830} INFO - Processing file /opt/airflow/dags/plugin/key/keys.py for tasks to queue
[2024-02-25T23:53:40.774+0000] {logging_mixin.py:188} INFO - [2024-02-25T23:53:40.774+0000] {dagbag.py:538} INFO - Filling up the DagBag from /opt/airflow/dags/plugin/key/keys.py
[2024-02-25T23:53:40.779+0000] {processor.py:842} WARNING - No viable dags retrieved from /opt/airflow/dags/plugin/key/keys.py
[2024-02-25T23:53:40.795+0000] {processor.py:183} INFO - Processing /opt/airflow/dags/plugin/key/keys.py took 0.031 seconds
[2024-02-25T23:54:11.046+0000] {processor.py:161} INFO - Started process (PID=7751) to work on /opt/airflow/dags/plugin/key/keys.py
[2024-02-25T23:54:11.048+0000] {processor.py:830} INFO - Processing file /opt/airflow/dags/plugin/key/keys.py for tasks to queue
[2024-02-25T23:54:11.052+0000] {logging_mixin.py:188} INFO - [2024-02-25T23:54:11.051+0000] {dagbag.py:538} INFO - Filling up the DagBag from /opt/airflow/dags/plugin/key/keys.py
[2024-02-25T23:54:11.057+0000] {processor.py:842} WARNING - No viable dags retrieved from /opt/airflow/dags/plugin/key/keys.py
[2024-02-25T23:54:11.074+0000] {processor.py:183} INFO - Processing /opt/airflow/dags/plugin/key/keys.py took 0.033 seconds
[2024-02-25T23:54:41.157+0000] {processor.py:161} INFO - Started process (PID=7809) to work on /opt/airflow/dags/plugin/key/keys.py
[2024-02-25T23:54:41.159+0000] {processor.py:830} INFO - Processing file /opt/airflow/dags/plugin/key/keys.py for tasks to queue
[2024-02-25T23:54:41.162+0000] {logging_mixin.py:188} INFO - [2024-02-25T23:54:41.161+0000] {dagbag.py:538} INFO - Filling up the DagBag from /opt/airflow/dags/plugin/key/keys.py
[2024-02-25T23:54:41.167+0000] {processor.py:842} WARNING - No viable dags retrieved from /opt/airflow/dags/plugin/key/keys.py
[2024-02-25T23:54:41.188+0000] {processor.py:183} INFO - Processing /opt/airflow/dags/plugin/key/keys.py took 0.037 seconds
[2024-02-25T23:55:12.188+0000] {processor.py:161} INFO - Started process (PID=7867) to work on /opt/airflow/dags/plugin/key/keys.py
[2024-02-25T23:55:12.190+0000] {processor.py:830} INFO - Processing file /opt/airflow/dags/plugin/key/keys.py for tasks to queue
[2024-02-25T23:55:12.193+0000] {logging_mixin.py:188} INFO - [2024-02-25T23:55:12.193+0000] {dagbag.py:538} INFO - Filling up the DagBag from /opt/airflow/dags/plugin/key/keys.py
[2024-02-25T23:55:12.198+0000] {processor.py:842} WARNING - No viable dags retrieved from /opt/airflow/dags/plugin/key/keys.py
[2024-02-25T23:55:12.216+0000] {processor.py:183} INFO - Processing /opt/airflow/dags/plugin/key/keys.py took 0.033 seconds
[2024-02-25T23:55:42.964+0000] {processor.py:161} INFO - Started process (PID=7925) to work on /opt/airflow/dags/plugin/key/keys.py
[2024-02-25T23:55:42.965+0000] {processor.py:830} INFO - Processing file /opt/airflow/dags/plugin/key/keys.py for tasks to queue
[2024-02-25T23:55:42.968+0000] {logging_mixin.py:188} INFO - [2024-02-25T23:55:42.968+0000] {dagbag.py:538} INFO - Filling up the DagBag from /opt/airflow/dags/plugin/key/keys.py
[2024-02-25T23:55:42.972+0000] {processor.py:842} WARNING - No viable dags retrieved from /opt/airflow/dags/plugin/key/keys.py
[2024-02-25T23:55:42.988+0000] {processor.py:183} INFO - Processing /opt/airflow/dags/plugin/key/keys.py took 0.029 seconds
[2024-02-25T23:56:13.795+0000] {processor.py:161} INFO - Started process (PID=7983) to work on /opt/airflow/dags/plugin/key/keys.py
[2024-02-25T23:56:13.797+0000] {processor.py:830} INFO - Processing file /opt/airflow/dags/plugin/key/keys.py for tasks to queue
[2024-02-25T23:56:13.800+0000] {logging_mixin.py:188} INFO - [2024-02-25T23:56:13.799+0000] {dagbag.py:538} INFO - Filling up the DagBag from /opt/airflow/dags/plugin/key/keys.py
[2024-02-25T23:56:13.805+0000] {processor.py:842} WARNING - No viable dags retrieved from /opt/airflow/dags/plugin/key/keys.py
[2024-02-25T23:56:13.824+0000] {processor.py:183} INFO - Processing /opt/airflow/dags/plugin/key/keys.py took 0.034 seconds
[2024-02-25T23:56:43.876+0000] {processor.py:161} INFO - Started process (PID=8041) to work on /opt/airflow/dags/plugin/key/keys.py
[2024-02-25T23:56:43.877+0000] {processor.py:830} INFO - Processing file /opt/airflow/dags/plugin/key/keys.py for tasks to queue
[2024-02-25T23:56:43.882+0000] {logging_mixin.py:188} INFO - [2024-02-25T23:56:43.881+0000] {dagbag.py:538} INFO - Filling up the DagBag from /opt/airflow/dags/plugin/key/keys.py
[2024-02-25T23:56:43.887+0000] {processor.py:842} WARNING - No viable dags retrieved from /opt/airflow/dags/plugin/key/keys.py
[2024-02-25T23:56:43.907+0000] {processor.py:183} INFO - Processing /opt/airflow/dags/plugin/key/keys.py took 0.038 seconds
[2024-02-25T23:57:13.948+0000] {processor.py:161} INFO - Started process (PID=8099) to work on /opt/airflow/dags/plugin/key/keys.py
[2024-02-25T23:57:13.949+0000] {processor.py:830} INFO - Processing file /opt/airflow/dags/plugin/key/keys.py for tasks to queue
[2024-02-25T23:57:13.951+0000] {logging_mixin.py:188} INFO - [2024-02-25T23:57:13.951+0000] {dagbag.py:538} INFO - Filling up the DagBag from /opt/airflow/dags/plugin/key/keys.py
[2024-02-25T23:57:13.956+0000] {processor.py:842} WARNING - No viable dags retrieved from /opt/airflow/dags/plugin/key/keys.py
[2024-02-25T23:57:13.973+0000] {processor.py:183} INFO - Processing /opt/airflow/dags/plugin/key/keys.py took 0.029 seconds
[2024-02-25T23:57:44.817+0000] {processor.py:161} INFO - Started process (PID=8164) to work on /opt/airflow/dags/plugin/key/keys.py
[2024-02-25T23:57:44.818+0000] {processor.py:830} INFO - Processing file /opt/airflow/dags/plugin/key/keys.py for tasks to queue
[2024-02-25T23:57:44.820+0000] {logging_mixin.py:188} INFO - [2024-02-25T23:57:44.820+0000] {dagbag.py:538} INFO - Filling up the DagBag from /opt/airflow/dags/plugin/key/keys.py
[2024-02-25T23:57:44.824+0000] {processor.py:842} WARNING - No viable dags retrieved from /opt/airflow/dags/plugin/key/keys.py
[2024-02-25T23:57:44.840+0000] {processor.py:183} INFO - Processing /opt/airflow/dags/plugin/key/keys.py took 0.027 seconds
[2024-02-25T23:58:15.622+0000] {processor.py:161} INFO - Started process (PID=8222) to work on /opt/airflow/dags/plugin/key/keys.py
[2024-02-25T23:58:15.623+0000] {processor.py:830} INFO - Processing file /opt/airflow/dags/plugin/key/keys.py for tasks to queue
[2024-02-25T23:58:15.626+0000] {logging_mixin.py:188} INFO - [2024-02-25T23:58:15.626+0000] {dagbag.py:538} INFO - Filling up the DagBag from /opt/airflow/dags/plugin/key/keys.py
[2024-02-25T23:58:15.631+0000] {processor.py:842} WARNING - No viable dags retrieved from /opt/airflow/dags/plugin/key/keys.py
[2024-02-25T23:58:15.647+0000] {processor.py:183} INFO - Processing /opt/airflow/dags/plugin/key/keys.py took 0.029 seconds
[2024-02-25T23:58:45.693+0000] {processor.py:161} INFO - Started process (PID=8280) to work on /opt/airflow/dags/plugin/key/keys.py
[2024-02-25T23:58:45.694+0000] {processor.py:830} INFO - Processing file /opt/airflow/dags/plugin/key/keys.py for tasks to queue
[2024-02-25T23:58:45.697+0000] {logging_mixin.py:188} INFO - [2024-02-25T23:58:45.697+0000] {dagbag.py:538} INFO - Filling up the DagBag from /opt/airflow/dags/plugin/key/keys.py
[2024-02-25T23:58:45.701+0000] {processor.py:842} WARNING - No viable dags retrieved from /opt/airflow/dags/plugin/key/keys.py
[2024-02-25T23:58:45.719+0000] {processor.py:183} INFO - Processing /opt/airflow/dags/plugin/key/keys.py took 0.030 seconds
[2024-02-25T23:59:15.793+0000] {processor.py:161} INFO - Started process (PID=8338) to work on /opt/airflow/dags/plugin/key/keys.py
[2024-02-25T23:59:15.795+0000] {processor.py:830} INFO - Processing file /opt/airflow/dags/plugin/key/keys.py for tasks to queue
[2024-02-25T23:59:15.797+0000] {logging_mixin.py:188} INFO - [2024-02-25T23:59:15.796+0000] {dagbag.py:538} INFO - Filling up the DagBag from /opt/airflow/dags/plugin/key/keys.py
[2024-02-25T23:59:15.801+0000] {processor.py:842} WARNING - No viable dags retrieved from /opt/airflow/dags/plugin/key/keys.py
[2024-02-25T23:59:15.820+0000] {processor.py:183} INFO - Processing /opt/airflow/dags/plugin/key/keys.py took 0.030 seconds
[2024-02-25T23:59:45.916+0000] {processor.py:161} INFO - Started process (PID=8396) to work on /opt/airflow/dags/plugin/key/keys.py
[2024-02-25T23:59:45.917+0000] {processor.py:830} INFO - Processing file /opt/airflow/dags/plugin/key/keys.py for tasks to queue
[2024-02-25T23:59:45.918+0000] {logging_mixin.py:188} INFO - [2024-02-25T23:59:45.918+0000] {dagbag.py:538} INFO - Filling up the DagBag from /opt/airflow/dags/plugin/key/keys.py
[2024-02-25T23:59:45.922+0000] {processor.py:842} WARNING - No viable dags retrieved from /opt/airflow/dags/plugin/key/keys.py
[2024-02-25T23:59:45.938+0000] {processor.py:183} INFO - Processing /opt/airflow/dags/plugin/key/keys.py took 0.026 seconds
