[2024-02-28T07:59:37.785+0000] {processor.py:161} INFO - Started process (PID=37) to work on /opt/airflow/dags/plugin/key/keys.py
[2024-02-28T07:59:37.786+0000] {processor.py:830} INFO - Processing file /opt/airflow/dags/plugin/key/keys.py for tasks to queue
[2024-02-28T07:59:37.791+0000] {logging_mixin.py:188} INFO - [2024-02-28T07:59:37.790+0000] {dagbag.py:538} INFO - Filling up the DagBag from /opt/airflow/dags/plugin/key/keys.py
[2024-02-28T07:59:37.795+0000] {processor.py:842} WARNING - No viable dags retrieved from /opt/airflow/dags/plugin/key/keys.py
[2024-02-28T07:59:37.814+0000] {processor.py:183} INFO - Processing /opt/airflow/dags/plugin/key/keys.py took 0.033 seconds
[2024-02-28T08:00:08.613+0000] {processor.py:161} INFO - Started process (PID=114) to work on /opt/airflow/dags/plugin/key/keys.py
[2024-02-28T08:00:08.614+0000] {processor.py:830} INFO - Processing file /opt/airflow/dags/plugin/key/keys.py for tasks to queue
[2024-02-28T08:00:08.618+0000] {logging_mixin.py:188} INFO - [2024-02-28T08:00:08.617+0000] {dagbag.py:538} INFO - Filling up the DagBag from /opt/airflow/dags/plugin/key/keys.py
[2024-02-28T08:00:08.623+0000] {processor.py:842} WARNING - No viable dags retrieved from /opt/airflow/dags/plugin/key/keys.py
[2024-02-28T08:00:08.639+0000] {processor.py:183} INFO - Processing /opt/airflow/dags/plugin/key/keys.py took 0.032 seconds
[2024-02-28T08:00:38.928+0000] {processor.py:161} INFO - Started process (PID=181) to work on /opt/airflow/dags/plugin/key/keys.py
[2024-02-28T08:00:38.930+0000] {processor.py:830} INFO - Processing file /opt/airflow/dags/plugin/key/keys.py for tasks to queue
[2024-02-28T08:00:38.931+0000] {logging_mixin.py:188} INFO - [2024-02-28T08:00:38.930+0000] {dagbag.py:538} INFO - Filling up the DagBag from /opt/airflow/dags/plugin/key/keys.py
[2024-02-28T08:00:38.937+0000] {processor.py:842} WARNING - No viable dags retrieved from /opt/airflow/dags/plugin/key/keys.py
[2024-02-28T08:00:38.956+0000] {processor.py:183} INFO - Processing /opt/airflow/dags/plugin/key/keys.py took 0.033 seconds
[2024-02-28T08:01:09.210+0000] {processor.py:161} INFO - Started process (PID=248) to work on /opt/airflow/dags/plugin/key/keys.py
[2024-02-28T08:01:09.211+0000] {processor.py:830} INFO - Processing file /opt/airflow/dags/plugin/key/keys.py for tasks to queue
[2024-02-28T08:01:09.213+0000] {logging_mixin.py:188} INFO - [2024-02-28T08:01:09.212+0000] {dagbag.py:538} INFO - Filling up the DagBag from /opt/airflow/dags/plugin/key/keys.py
[2024-02-28T08:01:09.217+0000] {processor.py:842} WARNING - No viable dags retrieved from /opt/airflow/dags/plugin/key/keys.py
[2024-02-28T08:01:09.236+0000] {processor.py:183} INFO - Processing /opt/airflow/dags/plugin/key/keys.py took 0.031 seconds
[2024-02-28T08:01:39.602+0000] {processor.py:161} INFO - Started process (PID=315) to work on /opt/airflow/dags/plugin/key/keys.py
[2024-02-28T08:01:39.603+0000] {processor.py:830} INFO - Processing file /opt/airflow/dags/plugin/key/keys.py for tasks to queue
[2024-02-28T08:01:39.604+0000] {logging_mixin.py:188} INFO - [2024-02-28T08:01:39.604+0000] {dagbag.py:538} INFO - Filling up the DagBag from /opt/airflow/dags/plugin/key/keys.py
[2024-02-28T08:01:39.608+0000] {processor.py:842} WARNING - No viable dags retrieved from /opt/airflow/dags/plugin/key/keys.py
[2024-02-28T08:01:39.630+0000] {processor.py:183} INFO - Processing /opt/airflow/dags/plugin/key/keys.py took 0.032 seconds
[2024-02-28T08:02:09.891+0000] {processor.py:161} INFO - Started process (PID=382) to work on /opt/airflow/dags/plugin/key/keys.py
[2024-02-28T08:02:09.892+0000] {processor.py:830} INFO - Processing file /opt/airflow/dags/plugin/key/keys.py for tasks to queue
[2024-02-28T08:02:09.893+0000] {logging_mixin.py:188} INFO - [2024-02-28T08:02:09.892+0000] {dagbag.py:538} INFO - Filling up the DagBag from /opt/airflow/dags/plugin/key/keys.py
[2024-02-28T08:02:09.896+0000] {processor.py:842} WARNING - No viable dags retrieved from /opt/airflow/dags/plugin/key/keys.py
[2024-02-28T08:02:09.909+0000] {processor.py:183} INFO - Processing /opt/airflow/dags/plugin/key/keys.py took 0.021 seconds
[2024-02-28T08:02:40.096+0000] {processor.py:161} INFO - Started process (PID=449) to work on /opt/airflow/dags/plugin/key/keys.py
[2024-02-28T08:02:40.096+0000] {processor.py:830} INFO - Processing file /opt/airflow/dags/plugin/key/keys.py for tasks to queue
[2024-02-28T08:02:40.097+0000] {logging_mixin.py:188} INFO - [2024-02-28T08:02:40.097+0000] {dagbag.py:538} INFO - Filling up the DagBag from /opt/airflow/dags/plugin/key/keys.py
[2024-02-28T08:02:40.100+0000] {processor.py:842} WARNING - No viable dags retrieved from /opt/airflow/dags/plugin/key/keys.py
[2024-02-28T08:02:40.112+0000] {processor.py:183} INFO - Processing /opt/airflow/dags/plugin/key/keys.py took 0.018 seconds
[2024-02-28T08:03:10.417+0000] {processor.py:161} INFO - Started process (PID=516) to work on /opt/airflow/dags/plugin/key/keys.py
[2024-02-28T08:03:10.419+0000] {processor.py:830} INFO - Processing file /opt/airflow/dags/plugin/key/keys.py for tasks to queue
[2024-02-28T08:03:10.420+0000] {logging_mixin.py:188} INFO - [2024-02-28T08:03:10.419+0000] {dagbag.py:538} INFO - Filling up the DagBag from /opt/airflow/dags/plugin/key/keys.py
[2024-02-28T08:03:10.426+0000] {processor.py:842} WARNING - No viable dags retrieved from /opt/airflow/dags/plugin/key/keys.py
[2024-02-28T08:03:10.445+0000] {processor.py:183} INFO - Processing /opt/airflow/dags/plugin/key/keys.py took 0.034 seconds
[2024-02-28T08:03:40.491+0000] {processor.py:161} INFO - Started process (PID=584) to work on /opt/airflow/dags/plugin/key/keys.py
[2024-02-28T08:03:40.492+0000] {processor.py:830} INFO - Processing file /opt/airflow/dags/plugin/key/keys.py for tasks to queue
[2024-02-28T08:03:40.494+0000] {logging_mixin.py:188} INFO - [2024-02-28T08:03:40.493+0000] {dagbag.py:538} INFO - Filling up the DagBag from /opt/airflow/dags/plugin/key/keys.py
[2024-02-28T08:03:40.499+0000] {processor.py:842} WARNING - No viable dags retrieved from /opt/airflow/dags/plugin/key/keys.py
[2024-02-28T08:03:40.512+0000] {processor.py:183} INFO - Processing /opt/airflow/dags/plugin/key/keys.py took 0.026 seconds
[2024-02-28T08:04:10.589+0000] {processor.py:161} INFO - Started process (PID=651) to work on /opt/airflow/dags/plugin/key/keys.py
[2024-02-28T08:04:10.590+0000] {processor.py:830} INFO - Processing file /opt/airflow/dags/plugin/key/keys.py for tasks to queue
[2024-02-28T08:04:10.591+0000] {logging_mixin.py:188} INFO - [2024-02-28T08:04:10.590+0000] {dagbag.py:538} INFO - Filling up the DagBag from /opt/airflow/dags/plugin/key/keys.py
[2024-02-28T08:04:10.593+0000] {processor.py:842} WARNING - No viable dags retrieved from /opt/airflow/dags/plugin/key/keys.py
[2024-02-28T08:04:10.604+0000] {processor.py:183} INFO - Processing /opt/airflow/dags/plugin/key/keys.py took 0.018 seconds
[2024-02-28T08:04:40.808+0000] {processor.py:161} INFO - Started process (PID=718) to work on /opt/airflow/dags/plugin/key/keys.py
[2024-02-28T08:04:40.810+0000] {processor.py:830} INFO - Processing file /opt/airflow/dags/plugin/key/keys.py for tasks to queue
[2024-02-28T08:04:40.811+0000] {logging_mixin.py:188} INFO - [2024-02-28T08:04:40.811+0000] {dagbag.py:538} INFO - Filling up the DagBag from /opt/airflow/dags/plugin/key/keys.py
[2024-02-28T08:04:40.817+0000] {processor.py:842} WARNING - No viable dags retrieved from /opt/airflow/dags/plugin/key/keys.py
[2024-02-28T08:04:40.837+0000] {processor.py:183} INFO - Processing /opt/airflow/dags/plugin/key/keys.py took 0.035 seconds
[2024-02-28T08:05:10.946+0000] {processor.py:161} INFO - Started process (PID=786) to work on /opt/airflow/dags/plugin/key/keys.py
[2024-02-28T08:05:10.947+0000] {processor.py:830} INFO - Processing file /opt/airflow/dags/plugin/key/keys.py for tasks to queue
[2024-02-28T08:05:10.949+0000] {logging_mixin.py:188} INFO - [2024-02-28T08:05:10.948+0000] {dagbag.py:538} INFO - Filling up the DagBag from /opt/airflow/dags/plugin/key/keys.py
[2024-02-28T08:05:10.955+0000] {processor.py:842} WARNING - No viable dags retrieved from /opt/airflow/dags/plugin/key/keys.py
[2024-02-28T08:05:10.974+0000] {processor.py:183} INFO - Processing /opt/airflow/dags/plugin/key/keys.py took 0.034 seconds
[2024-02-28T08:05:41.097+0000] {processor.py:161} INFO - Started process (PID=854) to work on /opt/airflow/dags/plugin/key/keys.py
[2024-02-28T08:05:41.099+0000] {processor.py:830} INFO - Processing file /opt/airflow/dags/plugin/key/keys.py for tasks to queue
[2024-02-28T08:05:41.100+0000] {logging_mixin.py:188} INFO - [2024-02-28T08:05:41.099+0000] {dagbag.py:538} INFO - Filling up the DagBag from /opt/airflow/dags/plugin/key/keys.py
[2024-02-28T08:05:41.104+0000] {processor.py:842} WARNING - No viable dags retrieved from /opt/airflow/dags/plugin/key/keys.py
[2024-02-28T08:05:41.123+0000] {processor.py:183} INFO - Processing /opt/airflow/dags/plugin/key/keys.py took 0.031 seconds
[2024-02-28T08:06:11.344+0000] {processor.py:161} INFO - Started process (PID=922) to work on /opt/airflow/dags/plugin/key/keys.py
[2024-02-28T08:06:11.345+0000] {processor.py:830} INFO - Processing file /opt/airflow/dags/plugin/key/keys.py for tasks to queue
[2024-02-28T08:06:11.347+0000] {logging_mixin.py:188} INFO - [2024-02-28T08:06:11.346+0000] {dagbag.py:538} INFO - Filling up the DagBag from /opt/airflow/dags/plugin/key/keys.py
[2024-02-28T08:06:11.353+0000] {processor.py:842} WARNING - No viable dags retrieved from /opt/airflow/dags/plugin/key/keys.py
[2024-02-28T08:06:11.375+0000] {processor.py:183} INFO - Processing /opt/airflow/dags/plugin/key/keys.py took 0.038 seconds
