[2024-02-26T15:18:19.571+0000] {taskinstance.py:1956} INFO - Dependencies all met for dep_context=non-requeueable deps ti=<TaskInstance: yearly.Get_stockinfo_oneyear manual__2024-02-26T15:18:17.912671+00:00 [queued]>
[2024-02-26T15:18:19.574+0000] {taskinstance.py:1956} INFO - Dependencies all met for dep_context=requeueable deps ti=<TaskInstance: yearly.Get_stockinfo_oneyear manual__2024-02-26T15:18:17.912671+00:00 [queued]>
[2024-02-26T15:18:19.574+0000] {taskinstance.py:2170} INFO - Starting attempt 1 of 4
[2024-02-26T15:18:19.580+0000] {taskinstance.py:2191} INFO - Executing <Task(PythonOperator): Get_stockinfo_oneyear> on 2024-02-26 15:18:17.912671+00:00
[2024-02-26T15:18:19.585+0000] {standard_task_runner.py:60} INFO - Started process 7491 to run task
[2024-02-26T15:18:19.588+0000] {standard_task_runner.py:87} INFO - Running: ['***', 'tasks', 'run', 'yearly', 'Get_stockinfo_oneyear', 'manual__2024-02-26T15:18:17.912671+00:00', '--job-id', '170', '--raw', '--subdir', 'DAGS_FOLDER/main.py', '--cfg-path', '/tmp/tmp4gktu8n6']
[2024-02-26T15:18:19.589+0000] {standard_task_runner.py:88} INFO - Job 170: Subtask Get_stockinfo_oneyear
[2024-02-26T15:18:19.620+0000] {task_command.py:423} INFO - Running <TaskInstance: yearly.Get_stockinfo_oneyear manual__2024-02-26T15:18:17.912671+00:00 [running]> on host 756a22f68d7e
[2024-02-26T15:18:19.669+0000] {taskinstance.py:2480} INFO - Exporting env vars: AIRFLOW_CTX_DAG_EMAIL='nguyentuanduong555@gmail.com' AIRFLOW_CTX_DAG_OWNER='Duong_' AIRFLOW_CTX_DAG_ID='yearly' AIRFLOW_CTX_TASK_ID='Get_stockinfo_oneyear' AIRFLOW_CTX_EXECUTION_DATE='2024-02-26T15:18:17.912671+00:00' AIRFLOW_CTX_TRY_NUMBER='1' AIRFLOW_CTX_DAG_RUN_ID='manual__2024-02-26T15:18:17.912671+00:00'
[2024-02-26T15:18:25.669+0000] {logging_mixin.py:188} INFO -            time   open   high    low  close    volume ticker
0    2023-03-03  18140  18140  17750  17750   7382600    SSI
1    2023-03-06  18140  18470  18040  18040  10340100    SSI
2    2023-03-07  18280  18760  18090  18670  16202800    SSI
3    2023-03-08  18380  19050  18280  19050  14656100    SSI
4    2023-03-09  19050  19340  19000  19050  17709900    SSI
..          ...    ...    ...    ...    ...       ...    ...
241  2024-02-20  35650  35800  35250  35300  18101700    SSI
242  2024-02-21  35300  35300  34700  34950  18553100    SSI
243  2024-02-22  34850  34950  34550  34650  14411900    SSI
244  2024-02-23  34600  34900  34050  34150  24143200    SSI
245  2024-02-26  34100  35350  34050  35100  26875500    SSI

[246 rows x 7 columns]
[2024-02-26T15:18:25.669+0000] {logging_mixin.py:188} INFO - 1607/1607: SSI
[2024-02-26T15:18:26.055+0000] {logging_mixin.py:188} INFO -            time   open   high    low  close   volume ticker
0    2023-03-03  82870  83360  80400  82370    94200    BCM
1    2023-03-06  82770  82870  81780  82570    60600    BCM
2    2023-03-07  83360  83360  82080  82870    46000    BCM
3    2023-03-08  81880  83360  81490  83360   120100    BCM
4    2023-03-09  83360  83360  81980  82870   120800    BCM
..          ...    ...    ...    ...    ...      ...    ...
241  2024-02-20  64400  64800  63700  63800   519600    BCM
242  2024-02-21  63800  66000  63500  65800  1599400    BCM
243  2024-02-22  65900  67300  65099  65099  1318800    BCM
244  2024-02-23  65200  65600  63300  63300  1431800    BCM
245  2024-02-26  63300  63800  62700  63300   775900    BCM

[246 rows x 7 columns]
[2024-02-26T15:18:26.055+0000] {logging_mixin.py:188} INFO - 1606/1607: BCM
[2024-02-26T15:18:26.413+0000] {logging_mixin.py:188} INFO -            time   open   high    low  close    volume ticker
0    2023-03-03  41000  41200  40550  40950   1387200    VHM
1    2023-03-06  41750  43200  41500  42100   2996100    VHM
2    2023-03-07  42700  43000  42100  42300   1670600    VHM
3    2023-03-08  41300  42350  41300  42350   1952900    VHM
4    2023-03-09  42350  43000  42250  42400   1780100    VHM
..          ...    ...    ...    ...    ...       ...    ...
241  2024-02-20  46000  46700  45850  46150  12925600    VHM
242  2024-02-21  46100  46100  44800  45000   8945700    VHM
243  2024-02-22  45100  45450  44800  44800   6809700    VHM
244  2024-02-23  45000  45100  43250  43300  11753200    VHM
245  2024-02-26  43450  43850  43100  43350   7000000    VHM

[246 rows x 7 columns]
[2024-02-26T15:18:26.413+0000] {logging_mixin.py:188} INFO - 1605/1607: VHM
[2024-02-26T15:18:26.757+0000] {logging_mixin.py:188} INFO -            time   open   high    low  close   volume ticker
0    2023-03-03  52800  53000  52200  52700   785900    VIC
1    2023-03-06  52700  53300  52100  52600  1569800    VIC
2    2023-03-07  53000  53200  52400  52700  1442300    VIC
3    2023-03-08  52200  53300  52200  53000   831900    VIC
4    2023-03-09  53000  53600  52600  53000  1037300    VIC
..          ...    ...    ...    ...    ...      ...    ...
241  2024-02-20  48000  49350  47900  48500  8974900    VIC
242  2024-02-21  48550  48550  47100  47250  6649000    VIC
243  2024-02-22  47250  47700  47000  47600  4022500    VIC
244  2024-02-23  47950  47950  45200  45200  9877200    VIC
245  2024-02-26  45350  45750  44300  44600  5089400    VIC

[246 rows x 7 columns]
[2024-02-26T15:18:26.758+0000] {logging_mixin.py:188} INFO - 1604/1607: VIC
[2024-02-26T15:18:27.161+0000] {logging_mixin.py:188} INFO -            time   open   high    low  close    volume ticker
0    2023-03-03  26300  26500  25700  26000   2078400    VRE
1    2023-03-06  26450  27100  26150  26150   2736300    VRE
2    2023-03-07  26700  27000  26400  26600   2211500    VRE
3    2023-03-08  26400  27250  26400  27250   2194700    VRE
4    2023-03-09  27250  27450  26950  27000   5053200    VRE
..          ...    ...    ...    ...    ...       ...    ...
241  2024-02-20  24750  25700  24700  25500  25144500    VRE
242  2024-02-21  25600  26250  25000  26000  21071500    VRE
243  2024-02-22  25800  26650  25750  26400  13517400    VRE
244  2024-02-23  26400  26600  25250  25450  17915800    VRE
245  2024-02-26  25450  26500  25350  26000  14172600    VRE

[246 rows x 7 columns]
[2024-02-26T15:18:27.161+0000] {logging_mixin.py:188} INFO - 1603/1607: VRE
[2024-02-26T15:18:27.651+0000] {logging_mixin.py:188} INFO -            time   open   high    low  close  volume ticker
0    2023-03-03  48280  48330  47300  47300  176000    BVH
1    2023-03-06  47500  47740  46860  46860  180300    BVH
2    2023-03-07  47110  47840  47010  47160  185900    BVH
3    2023-03-08  47160  47840  47010  47840  155600    BVH
4    2023-03-09  47940  48330  47590  48280  222500    BVH
..          ...    ...    ...    ...    ...     ...    ...
241  2024-02-20  43200  43250  42650  42750  457400    BVH
242  2024-02-21  42750  42800  42250  42450  464100    BVH
243  2024-02-22  42550  42600  42150  42150  400600    BVH
244  2024-02-23  42250  42850  41850  41950  627200    BVH
245  2024-02-26  41950  42250  41900  42050  353400    BVH

[246 rows x 7 columns]
[2024-02-26T15:18:27.652+0000] {logging_mixin.py:188} INFO - 1602/1607: BVH
[2024-02-26T15:18:27.967+0000] {logging_mixin.py:188} INFO -            time   open   high    low  close    volume ticker
0    2023-03-03  12750  12850  12350  12350   7251700    POW
1    2023-03-06  12450  12650  12350  12450   6097300    POW
2    2023-03-07  12500  12750  12500  12550   7923100    POW
3    2023-03-08  12500  12800  12450  12750   7743500    POW
4    2023-03-09  12750  13200  12650  13000  20902900    POW
..          ...    ...    ...    ...    ...       ...    ...
241  2024-02-20  12050  12250  11850  11900   7675800    POW
242  2024-02-21  11850  11900  11750  11800   6651900    POW
243  2024-02-22  11800  11900  11750  11750   5355200    POW
244  2024-02-23  11800  11850  11500  11500   9330900    POW
245  2024-02-26  11500  11600  11450  11550   6812700    POW

[246 rows x 7 columns]
[2024-02-26T15:18:27.968+0000] {logging_mixin.py:188} INFO - 1601/1607: POW
[2024-02-26T15:18:28.286+0000] {logging_mixin.py:188} INFO -            time   open   high    low  close   volume ticker
0    2023-03-03  85170  85170  82670  84040   184400    GAS
1    2023-03-06  84450  84850  83320  83400    91900    GAS
2    2023-03-07  84370  84850  83570  84040   203700    GAS
3    2023-03-08  83480  85170  83400  85170   147800    GAS
4    2023-03-09  84690  86780  84690  85890   190600    GAS
..          ...    ...    ...    ...    ...      ...    ...
241  2024-02-20  79500  79700  78200  78600  1007300    GAS
242  2024-02-21  78600  78600  77500  77700  1111900    GAS
243  2024-02-22  78000  78700  77500  77900  1037600    GAS
244  2024-02-23  78100  78300  76400  76400  1955100    GAS
245  2024-02-26  76500  76800  75800  76200  1094800    GAS

[246 rows x 7 columns]
[2024-02-26T15:18:28.286+0000] {logging_mixin.py:188} INFO - 1600/1607: GAS
[2024-02-26T15:18:28.684+0000] {logging_mixin.py:188} INFO -            time   open   high    low  close    volume ticker
0    2023-03-03  20930  21130  20470  20470   2396000    ACB
1    2023-03-06  20760  20970  20300  20300   5224700    ACB
2    2023-03-07  20670  20880  20300  20470   4641800    ACB
3    2023-03-08  20260  20880  20260  20880   2784900    ACB
4    2023-03-09  20880  21260  20800  21180   3737400    ACB
..          ...    ...    ...    ...    ...       ...    ...
241  2024-02-20  27500  27750  27350  27550   7316400    ACB
242  2024-02-21  27500  27900  27400  27700  10251900    ACB
243  2024-02-22  27700  27750  27500  27650   7401800    ACB
244  2024-02-23  27700  28400  27300  27300  25975600    ACB
245  2024-02-26  27300  27700  27100  27500   9785600    ACB

[246 rows x 7 columns]
[2024-02-26T15:18:28.684+0000] {logging_mixin.py:188} INFO - 1599/1607: ACB
[2024-02-26T15:18:29.000+0000] {logging_mixin.py:188} INFO -            time   open   high    low  close   volume ticker
0    2023-03-03  41170  41260  40150  40730   735400    BID
1    2023-03-06  40730  41710  40200  40640   864900    BID
2    2023-03-07  40380  41800  40380  41620  1634600    BID
3    2023-03-08  41170  42590  40730  42590  1229700    BID
4    2023-03-09  42590  42590  41750  42280  1170600    BID
..          ...    ...    ...    ...    ...      ...    ...
241  2024-02-20  49500  50200  49400  49400  1569300    BID
242  2024-02-21  49750  49800  48900  49750  1850900    BID
243  2024-02-22  49800  49900  49500  49750  1596200    BID
244  2024-02-23  49800  53200  49300  52000  6935200    BID
245  2024-02-26  52800  54500  52000  53600  1533000    BID

[246 rows x 7 columns]
[2024-02-26T15:18:29.001+0000] {logging_mixin.py:188} INFO - 1598/1607: BID
[2024-02-26T15:18:29.312+0000] {logging_mixin.py:188} INFO -            time   open   high    low  close    volume ticker
0    2023-03-03  25060  25060  24570  24880   1748100    CTG
1    2023-03-06  24920  25730  24920  25370   3193600    CTG
2    2023-03-07  25370  25950  25370  25950   2882600    CTG
3    2023-03-08  25510  26400  25460  26310   3416500    CTG
4    2023-03-09  26310  26580  26180  26310   2363600    CTG
..          ...    ...    ...    ...    ...       ...    ...
241  2024-02-20  35300  35600  34700  35200   6832100    CTG
242  2024-02-21  35250  36200  35050  35550  10391600    CTG
243  2024-02-22  35700  35750  35250  35700   7056000    CTG
244  2024-02-23  35800  37150  35000  35200  25763100    CTG
245  2024-02-26  35200  35850  35100  35650   6391800    CTG

[246 rows x 7 columns]
[2024-02-26T15:18:29.313+0000] {logging_mixin.py:188} INFO - 1597/1607: CTG
[2024-02-26T15:18:29.313+0000] {python.py:201} INFO - Done. Returned value was: None
[2024-02-26T15:18:29.321+0000] {taskinstance.py:1138} INFO - Marking task as SUCCESS. dag_id=yearly, task_id=Get_stockinfo_oneyear, execution_date=20240226T151817, start_date=20240226T151819, end_date=20240226T151829
[2024-02-26T15:18:29.366+0000] {local_task_job_runner.py:234} INFO - Task exited with return code 0
[2024-02-26T15:18:29.383+0000] {taskinstance.py:3280} INFO - 1 downstream tasks scheduled from follow-on schedule check
