[2024-02-26T03:50:36.247+0000] {taskinstance.py:1956} INFO - Dependencies all met for dep_context=non-requeueable deps ti=<TaskInstance: hourly.Get_stockinfo_hourly manual__2024-02-26T03:50:31.965239+00:00 [queued]>
[2024-02-26T03:50:36.253+0000] {taskinstance.py:1956} INFO - Dependencies all met for dep_context=requeueable deps ti=<TaskInstance: hourly.Get_stockinfo_hourly manual__2024-02-26T03:50:31.965239+00:00 [queued]>
[2024-02-26T03:50:36.254+0000] {taskinstance.py:2170} INFO - Starting attempt 1 of 4
[2024-02-26T03:50:36.262+0000] {taskinstance.py:2191} INFO - Executing <Task(PythonOperator): Get_stockinfo_hourly> on 2024-02-26 03:50:31.965239+00:00
[2024-02-26T03:50:36.270+0000] {standard_task_runner.py:60} INFO - Started process 2065 to run task
[2024-02-26T03:50:36.275+0000] {standard_task_runner.py:87} INFO - Running: ['***', 'tasks', 'run', 'hourly', 'Get_stockinfo_hourly', 'manual__2024-02-26T03:50:31.965239+00:00', '--job-id', '42', '--raw', '--subdir', 'DAGS_FOLDER/main.py', '--cfg-path', '/tmp/tmpkkqnkm2l']
[2024-02-26T03:50:36.276+0000] {standard_task_runner.py:88} INFO - Job 42: Subtask Get_stockinfo_hourly
[2024-02-26T03:50:36.331+0000] {task_command.py:423} INFO - Running <TaskInstance: hourly.Get_stockinfo_hourly manual__2024-02-26T03:50:31.965239+00:00 [running]> on host ca8fe7f6f5b9
[2024-02-26T03:50:36.417+0000] {taskinstance.py:2480} INFO - Exporting env vars: AIRFLOW_CTX_DAG_EMAIL='nguyentuanduong555@gmail.com' AIRFLOW_CTX_DAG_OWNER='Duong_' AIRFLOW_CTX_DAG_ID='hourly' AIRFLOW_CTX_TASK_ID='Get_stockinfo_hourly' AIRFLOW_CTX_EXECUTION_DATE='2024-02-26T03:50:31.965239+00:00' AIRFLOW_CTX_TRY_NUMBER='1' AIRFLOW_CTX_DAG_RUN_ID='manual__2024-02-26T03:50:31.965239+00:00'
[2024-02-26T03:50:36.628+0000] {logging_mixin.py:188} INFO - {'ticker': 'MBB', 'time': '2024-02-26 10:50:33', 'price': 23750.0}
[2024-02-26T03:50:36.901+0000] {logging_mixin.py:188} INFO - publish message id 10518006246392816
[2024-02-26T03:50:37.096+0000] {logging_mixin.py:188} INFO - {'ticker': 'TPB', 'time': '2024-02-26 10:50:35', 'price': 19100.0}
[2024-02-26T03:50:37.143+0000] {logging_mixin.py:188} INFO - publish message id 10518104693442588
[2024-02-26T03:50:37.305+0000] {logging_mixin.py:188} INFO - {'ticker': 'NVL', 'time': '2024-02-26 10:50:28', 'price': 16700.0}
[2024-02-26T03:50:37.369+0000] {logging_mixin.py:188} INFO - publish message id 10518047369713338
[2024-02-26T03:50:37.556+0000] {logging_mixin.py:188} INFO - {'ticker': 'VIX', 'time': '2024-02-26 10:50:32', 'price': 17400.0}
[2024-02-26T03:50:37.636+0000] {logging_mixin.py:188} INFO - publish message id 10518047177384717
[2024-02-26T03:50:37.637+0000] {python.py:201} INFO - Done. Returned value was: None
[2024-02-26T03:50:37.653+0000] {taskinstance.py:1138} INFO - Marking task as SUCCESS. dag_id=hourly, task_id=Get_stockinfo_hourly, execution_date=20240226T035031, start_date=20240226T035036, end_date=20240226T035037
[2024-02-26T03:50:37.707+0000] {local_task_job_runner.py:234} INFO - Task exited with return code 0
[2024-02-26T03:50:37.734+0000] {taskinstance.py:3280} INFO - 1 downstream tasks scheduled from follow-on schedule check
