[2024-02-26T08:18:11.169+0000] {taskinstance.py:1956} INFO - Dependencies all met for dep_context=non-requeueable deps ti=<TaskInstance: hourly.Get_stockinfo_hourly scheduled__2024-02-26T07:00:00+00:00 [queued]>
[2024-02-26T08:18:11.173+0000] {taskinstance.py:1956} INFO - Dependencies all met for dep_context=requeueable deps ti=<TaskInstance: hourly.Get_stockinfo_hourly scheduled__2024-02-26T07:00:00+00:00 [queued]>
[2024-02-26T08:18:11.173+0000] {taskinstance.py:2170} INFO - Starting attempt 1 of 4
[2024-02-26T08:18:11.180+0000] {taskinstance.py:2191} INFO - Executing <Task(PythonOperator): Get_stockinfo_hourly> on 2024-02-26 07:00:00+00:00
[2024-02-26T08:18:11.186+0000] {standard_task_runner.py:60} INFO - Started process 2512 to run task
[2024-02-26T08:18:11.192+0000] {standard_task_runner.py:87} INFO - Running: ['***', 'tasks', 'run', 'hourly', 'Get_stockinfo_hourly', 'scheduled__2024-02-26T07:00:00+00:00', '--job-id', '114', '--raw', '--subdir', 'DAGS_FOLDER/main.py', '--cfg-path', '/tmp/tmpky2vm6ts']
[2024-02-26T08:18:11.193+0000] {standard_task_runner.py:88} INFO - Job 114: Subtask Get_stockinfo_hourly
[2024-02-26T08:18:11.233+0000] {task_command.py:423} INFO - Running <TaskInstance: hourly.Get_stockinfo_hourly scheduled__2024-02-26T07:00:00+00:00 [running]> on host da7ec03022ec
[2024-02-26T08:18:11.301+0000] {taskinstance.py:2480} INFO - Exporting env vars: AIRFLOW_CTX_DAG_EMAIL='nguyentuanduong555@gmail.com' AIRFLOW_CTX_DAG_OWNER='Duong_' AIRFLOW_CTX_DAG_ID='hourly' AIRFLOW_CTX_TASK_ID='Get_stockinfo_hourly' AIRFLOW_CTX_EXECUTION_DATE='2024-02-26T07:00:00+00:00' AIRFLOW_CTX_TRY_NUMBER='1' AIRFLOW_CTX_DAG_RUN_ID='scheduled__2024-02-26T07:00:00+00:00'
[2024-02-26T08:18:11.927+0000] {logging_mixin.py:188} INFO - {'ticker': 'MBB', 'time': '2024-02-26 14:45:02', 'price': 24000.0}
[2024-02-26T08:18:12.218+0000] {logging_mixin.py:188} INFO - publish message id 10519665732734898
[2024-02-26T08:18:12.831+0000] {logging_mixin.py:188} INFO - {'ticker': 'TPB', 'time': '2024-02-26 14:45:02', 'price': 19150.0}
[2024-02-26T08:18:12.967+0000] {logging_mixin.py:188} INFO - publish message id 10519638183874265
[2024-02-26T08:18:13.348+0000] {logging_mixin.py:188} INFO - {'ticker': 'NVL', 'time': '2024-02-26 14:45:00', 'price': 16800.0}
[2024-02-26T08:18:13.447+0000] {logging_mixin.py:188} INFO - publish message id 9368241876100585
[2024-02-26T08:18:13.855+0000] {logging_mixin.py:188} INFO - {'ticker': 'VIX', 'time': '2024-02-26 14:45:02', 'price': 17950.0}
[2024-02-26T08:18:13.950+0000] {logging_mixin.py:188} INFO - publish message id 10519302302747704
[2024-02-26T08:18:13.951+0000] {python.py:201} INFO - Done. Returned value was: None
[2024-02-26T08:18:13.963+0000] {taskinstance.py:1138} INFO - Marking task as SUCCESS. dag_id=hourly, task_id=Get_stockinfo_hourly, execution_date=20240226T070000, start_date=20240226T081811, end_date=20240226T081813
[2024-02-26T08:18:14.027+0000] {local_task_job_runner.py:234} INFO - Task exited with return code 0
[2024-02-26T08:18:14.051+0000] {taskinstance.py:3280} INFO - 1 downstream tasks scheduled from follow-on schedule check
