[2024-02-27T02:25:59.758+0000] {taskinstance.py:1956} INFO - Dependencies all met for dep_context=non-requeueable deps ti=<TaskInstance: daily.Get_stockinfo_oneday manual__2024-02-27T02:25:58.207672+00:00 [queued]>
[2024-02-27T02:25:59.761+0000] {taskinstance.py:1956} INFO - Dependencies all met for dep_context=requeueable deps ti=<TaskInstance: daily.Get_stockinfo_oneday manual__2024-02-27T02:25:58.207672+00:00 [queued]>
[2024-02-27T02:25:59.762+0000] {taskinstance.py:2170} INFO - Starting attempt 1 of 4
[2024-02-27T02:25:59.768+0000] {taskinstance.py:2191} INFO - Executing <Task(PythonOperator): Get_stockinfo_oneday> on 2024-02-27 02:25:58.207672+00:00
[2024-02-27T02:25:59.773+0000] {standard_task_runner.py:60} INFO - Started process 14131 to run task
[2024-02-27T02:25:59.776+0000] {standard_task_runner.py:87} INFO - Running: ['***', 'tasks', 'run', 'daily', 'Get_stockinfo_oneday', 'manual__2024-02-27T02:25:58.207672+00:00', '--job-id', '235', '--raw', '--subdir', 'DAGS_FOLDER/main.py', '--cfg-path', '/tmp/tmpwy48uv00']
[2024-02-27T02:25:59.777+0000] {standard_task_runner.py:88} INFO - Job 235: Subtask Get_stockinfo_oneday
[2024-02-27T02:25:59.809+0000] {task_command.py:423} INFO - Running <TaskInstance: daily.Get_stockinfo_oneday manual__2024-02-27T02:25:58.207672+00:00 [running]> on host 756a22f68d7e
[2024-02-27T02:25:59.857+0000] {taskinstance.py:2480} INFO - Exporting env vars: AIRFLOW_CTX_DAG_EMAIL='nguyentuanduong555@gmail.com' AIRFLOW_CTX_DAG_OWNER='Duong_' AIRFLOW_CTX_DAG_ID='daily' AIRFLOW_CTX_TASK_ID='Get_stockinfo_oneday' AIRFLOW_CTX_EXECUTION_DATE='2024-02-27T02:25:58.207672+00:00' AIRFLOW_CTX_TRY_NUMBER='1' AIRFLOW_CTX_DAG_RUN_ID='manual__2024-02-27T02:25:58.207672+00:00'
[2024-02-27T02:26:01.534+0000] {logging_mixin.py:188} INFO - Empty DataFrame
Columns: [time, open, high, low, close, volume, ticker]
Index: []
[2024-02-27T02:26:01.535+0000] {logging_mixin.py:188} INFO - 1607/1607: SSI
[2024-02-27T02:26:03.143+0000] {logging_mixin.py:188} INFO - Empty DataFrame
Columns: [time, open, high, low, close, volume, ticker]
Index: []
[2024-02-27T02:26:03.144+0000] {logging_mixin.py:188} INFO - 1606/1607: BCM
[2024-02-27T02:26:04.565+0000] {logging_mixin.py:188} INFO - Empty DataFrame
Columns: [time, open, high, low, close, volume, ticker]
Index: []
[2024-02-27T02:26:04.565+0000] {logging_mixin.py:188} INFO - 1605/1607: VHM
[2024-02-27T02:26:06.140+0000] {logging_mixin.py:188} INFO - Empty DataFrame
Columns: [time, open, high, low, close, volume, ticker]
Index: []
[2024-02-27T02:26:06.142+0000] {logging_mixin.py:188} INFO - 1604/1607: VIC
[2024-02-27T02:26:07.752+0000] {logging_mixin.py:188} INFO - Empty DataFrame
Columns: [time, open, high, low, close, volume, ticker]
Index: []
[2024-02-27T02:26:07.752+0000] {logging_mixin.py:188} INFO - 1603/1607: VRE
[2024-02-27T02:26:09.196+0000] {logging_mixin.py:188} INFO - Empty DataFrame
Columns: [time, open, high, low, close, volume, ticker]
Index: []
[2024-02-27T02:26:09.197+0000] {logging_mixin.py:188} INFO - 1602/1607: BVH
[2024-02-27T02:26:10.722+0000] {logging_mixin.py:188} INFO - Empty DataFrame
Columns: [time, open, high, low, close, volume, ticker]
Index: []
[2024-02-27T02:26:10.722+0000] {logging_mixin.py:188} INFO - 1601/1607: POW
[2024-02-27T02:26:12.275+0000] {logging_mixin.py:188} INFO - Empty DataFrame
Columns: [time, open, high, low, close, volume, ticker]
Index: []
[2024-02-27T02:26:12.276+0000] {logging_mixin.py:188} INFO - 1600/1607: GAS
[2024-02-27T02:26:13.916+0000] {logging_mixin.py:188} INFO - Empty DataFrame
Columns: [time, open, high, low, close, volume, ticker]
Index: []
[2024-02-27T02:26:13.917+0000] {logging_mixin.py:188} INFO - 1599/1607: ACB
[2024-02-27T02:26:15.346+0000] {logging_mixin.py:188} INFO - Empty DataFrame
Columns: [time, open, high, low, close, volume, ticker]
Index: []
[2024-02-27T02:26:15.347+0000] {logging_mixin.py:188} INFO - 1598/1607: BID
[2024-02-27T02:26:16.872+0000] {logging_mixin.py:188} INFO - Empty DataFrame
Columns: [time, open, high, low, close, volume, ticker]
Index: []
[2024-02-27T02:26:16.873+0000] {logging_mixin.py:188} INFO - 1597/1607: CTG
[2024-02-27T02:26:16.874+0000] {python.py:201} INFO - Done. Returned value was: None
[2024-02-27T02:26:16.893+0000] {taskinstance.py:1138} INFO - Marking task as SUCCESS. dag_id=daily, task_id=Get_stockinfo_oneday, execution_date=20240227T022558, start_date=20240227T022559, end_date=20240227T022616
[2024-02-27T02:26:16.957+0000] {local_task_job_runner.py:234} INFO - Task exited with return code 0
[2024-02-27T02:26:16.991+0000] {taskinstance.py:3280} INFO - 1 downstream tasks scheduled from follow-on schedule check
