[2024-02-28T07:59:39.645+0000] {processor.py:161} INFO - Started process (PID=64) to work on /home/airflow/.local/lib/python3.8/site-packages/airflow/example_dags/example_params_trigger_ui.py
[2024-02-28T07:59:39.646+0000] {processor.py:830} INFO - Processing file /home/airflow/.local/lib/python3.8/site-packages/airflow/example_dags/example_params_trigger_ui.py for tasks to queue
[2024-02-28T07:59:39.647+0000] {logging_mixin.py:188} INFO - [2024-02-28T07:59:39.647+0000] {dagbag.py:538} INFO - Filling up the DagBag from /home/airflow/.local/lib/python3.8/site-packages/airflow/example_dags/example_params_trigger_ui.py
[2024-02-28T07:59:39.656+0000] {processor.py:840} INFO - DAG(s) 'example_params_trigger_ui' retrieved from /home/airflow/.local/lib/python3.8/site-packages/airflow/example_dags/example_params_trigger_ui.py
[2024-02-28T07:59:39.690+0000] {logging_mixin.py:188} INFO - [2024-02-28T07:59:39.690+0000] {dag.py:3036} INFO - Sync 1 DAGs
[2024-02-28T07:59:39.697+0000] {logging_mixin.py:188} INFO - [2024-02-28T07:59:39.697+0000] {dag.py:3823} INFO - Setting next_dagrun for example_params_trigger_ui to None, run_after=None
[2024-02-28T07:59:39.707+0000] {processor.py:183} INFO - Processing /home/airflow/.local/lib/python3.8/site-packages/airflow/example_dags/example_params_trigger_ui.py took 0.065 seconds
[2024-02-28T08:00:10.165+0000] {processor.py:161} INFO - Started process (PID=131) to work on /home/airflow/.local/lib/python3.8/site-packages/airflow/example_dags/example_params_trigger_ui.py
[2024-02-28T08:00:10.166+0000] {processor.py:830} INFO - Processing file /home/airflow/.local/lib/python3.8/site-packages/airflow/example_dags/example_params_trigger_ui.py for tasks to queue
[2024-02-28T08:00:10.167+0000] {logging_mixin.py:188} INFO - [2024-02-28T08:00:10.167+0000] {dagbag.py:538} INFO - Filling up the DagBag from /home/airflow/.local/lib/python3.8/site-packages/airflow/example_dags/example_params_trigger_ui.py
[2024-02-28T08:00:10.176+0000] {processor.py:840} INFO - DAG(s) 'example_params_trigger_ui' retrieved from /home/airflow/.local/lib/python3.8/site-packages/airflow/example_dags/example_params_trigger_ui.py
[2024-02-28T08:00:10.202+0000] {logging_mixin.py:188} INFO - [2024-02-28T08:00:10.202+0000] {dag.py:3036} INFO - Sync 1 DAGs
[2024-02-28T08:00:10.208+0000] {logging_mixin.py:188} INFO - [2024-02-28T08:00:10.208+0000] {dag.py:3823} INFO - Setting next_dagrun for example_params_trigger_ui to None, run_after=None
[2024-02-28T08:00:10.218+0000] {processor.py:183} INFO - Processing /home/airflow/.local/lib/python3.8/site-packages/airflow/example_dags/example_params_trigger_ui.py took 0.055 seconds
[2024-02-28T08:00:40.500+0000] {processor.py:161} INFO - Started process (PID=198) to work on /home/airflow/.local/lib/python3.8/site-packages/airflow/example_dags/example_params_trigger_ui.py
[2024-02-28T08:00:40.501+0000] {processor.py:830} INFO - Processing file /home/airflow/.local/lib/python3.8/site-packages/airflow/example_dags/example_params_trigger_ui.py for tasks to queue
[2024-02-28T08:00:40.501+0000] {logging_mixin.py:188} INFO - [2024-02-28T08:00:40.501+0000] {dagbag.py:538} INFO - Filling up the DagBag from /home/airflow/.local/lib/python3.8/site-packages/airflow/example_dags/example_params_trigger_ui.py
[2024-02-28T08:00:40.510+0000] {processor.py:840} INFO - DAG(s) 'example_params_trigger_ui' retrieved from /home/airflow/.local/lib/python3.8/site-packages/airflow/example_dags/example_params_trigger_ui.py
[2024-02-28T08:00:40.537+0000] {logging_mixin.py:188} INFO - [2024-02-28T08:00:40.537+0000] {dag.py:3036} INFO - Sync 1 DAGs
[2024-02-28T08:00:40.543+0000] {logging_mixin.py:188} INFO - [2024-02-28T08:00:40.543+0000] {dag.py:3823} INFO - Setting next_dagrun for example_params_trigger_ui to None, run_after=None
[2024-02-28T08:00:40.553+0000] {processor.py:183} INFO - Processing /home/airflow/.local/lib/python3.8/site-packages/airflow/example_dags/example_params_trigger_ui.py took 0.055 seconds
[2024-02-28T08:01:10.799+0000] {processor.py:161} INFO - Started process (PID=265) to work on /home/airflow/.local/lib/python3.8/site-packages/airflow/example_dags/example_params_trigger_ui.py
[2024-02-28T08:01:10.800+0000] {processor.py:830} INFO - Processing file /home/airflow/.local/lib/python3.8/site-packages/airflow/example_dags/example_params_trigger_ui.py for tasks to queue
[2024-02-28T08:01:10.801+0000] {logging_mixin.py:188} INFO - [2024-02-28T08:01:10.800+0000] {dagbag.py:538} INFO - Filling up the DagBag from /home/airflow/.local/lib/python3.8/site-packages/airflow/example_dags/example_params_trigger_ui.py
[2024-02-28T08:01:10.809+0000] {processor.py:840} INFO - DAG(s) 'example_params_trigger_ui' retrieved from /home/airflow/.local/lib/python3.8/site-packages/airflow/example_dags/example_params_trigger_ui.py
[2024-02-28T08:01:10.839+0000] {logging_mixin.py:188} INFO - [2024-02-28T08:01:10.838+0000] {dag.py:3036} INFO - Sync 1 DAGs
[2024-02-28T08:01:10.846+0000] {logging_mixin.py:188} INFO - [2024-02-28T08:01:10.845+0000] {dag.py:3823} INFO - Setting next_dagrun for example_params_trigger_ui to None, run_after=None
[2024-02-28T08:01:10.862+0000] {processor.py:183} INFO - Processing /home/airflow/.local/lib/python3.8/site-packages/airflow/example_dags/example_params_trigger_ui.py took 0.066 seconds
[2024-02-28T08:01:41.211+0000] {processor.py:161} INFO - Started process (PID=332) to work on /home/airflow/.local/lib/python3.8/site-packages/airflow/example_dags/example_params_trigger_ui.py
[2024-02-28T08:01:41.212+0000] {processor.py:830} INFO - Processing file /home/airflow/.local/lib/python3.8/site-packages/airflow/example_dags/example_params_trigger_ui.py for tasks to queue
[2024-02-28T08:01:41.212+0000] {logging_mixin.py:188} INFO - [2024-02-28T08:01:41.212+0000] {dagbag.py:538} INFO - Filling up the DagBag from /home/airflow/.local/lib/python3.8/site-packages/airflow/example_dags/example_params_trigger_ui.py
[2024-02-28T08:01:41.221+0000] {processor.py:840} INFO - DAG(s) 'example_params_trigger_ui' retrieved from /home/airflow/.local/lib/python3.8/site-packages/airflow/example_dags/example_params_trigger_ui.py
[2024-02-28T08:01:41.248+0000] {logging_mixin.py:188} INFO - [2024-02-28T08:01:41.248+0000] {dag.py:3036} INFO - Sync 1 DAGs
[2024-02-28T08:01:41.254+0000] {logging_mixin.py:188} INFO - [2024-02-28T08:01:41.254+0000] {dag.py:3823} INFO - Setting next_dagrun for example_params_trigger_ui to None, run_after=None
[2024-02-28T08:01:41.264+0000] {processor.py:183} INFO - Processing /home/airflow/.local/lib/python3.8/site-packages/airflow/example_dags/example_params_trigger_ui.py took 0.055 seconds
[2024-02-28T08:02:11.486+0000] {processor.py:161} INFO - Started process (PID=399) to work on /home/airflow/.local/lib/python3.8/site-packages/airflow/example_dags/example_params_trigger_ui.py
[2024-02-28T08:02:11.486+0000] {processor.py:830} INFO - Processing file /home/airflow/.local/lib/python3.8/site-packages/airflow/example_dags/example_params_trigger_ui.py for tasks to queue
[2024-02-28T08:02:11.487+0000] {logging_mixin.py:188} INFO - [2024-02-28T08:02:11.487+0000] {dagbag.py:538} INFO - Filling up the DagBag from /home/airflow/.local/lib/python3.8/site-packages/airflow/example_dags/example_params_trigger_ui.py
[2024-02-28T08:02:11.496+0000] {processor.py:840} INFO - DAG(s) 'example_params_trigger_ui' retrieved from /home/airflow/.local/lib/python3.8/site-packages/airflow/example_dags/example_params_trigger_ui.py
[2024-02-28T08:02:11.523+0000] {logging_mixin.py:188} INFO - [2024-02-28T08:02:11.523+0000] {dag.py:3036} INFO - Sync 1 DAGs
[2024-02-28T08:02:11.529+0000] {logging_mixin.py:188} INFO - [2024-02-28T08:02:11.529+0000] {dag.py:3823} INFO - Setting next_dagrun for example_params_trigger_ui to None, run_after=None
[2024-02-28T08:02:11.538+0000] {processor.py:183} INFO - Processing /home/airflow/.local/lib/python3.8/site-packages/airflow/example_dags/example_params_trigger_ui.py took 0.054 seconds
[2024-02-28T08:02:41.693+0000] {processor.py:161} INFO - Started process (PID=466) to work on /home/airflow/.local/lib/python3.8/site-packages/airflow/example_dags/example_params_trigger_ui.py
[2024-02-28T08:02:41.694+0000] {processor.py:830} INFO - Processing file /home/airflow/.local/lib/python3.8/site-packages/airflow/example_dags/example_params_trigger_ui.py for tasks to queue
[2024-02-28T08:02:41.695+0000] {logging_mixin.py:188} INFO - [2024-02-28T08:02:41.694+0000] {dagbag.py:538} INFO - Filling up the DagBag from /home/airflow/.local/lib/python3.8/site-packages/airflow/example_dags/example_params_trigger_ui.py
[2024-02-28T08:02:41.703+0000] {processor.py:840} INFO - DAG(s) 'example_params_trigger_ui' retrieved from /home/airflow/.local/lib/python3.8/site-packages/airflow/example_dags/example_params_trigger_ui.py
[2024-02-28T08:02:41.731+0000] {logging_mixin.py:188} INFO - [2024-02-28T08:02:41.730+0000] {dag.py:3036} INFO - Sync 1 DAGs
[2024-02-28T08:02:41.737+0000] {logging_mixin.py:188} INFO - [2024-02-28T08:02:41.737+0000] {dag.py:3823} INFO - Setting next_dagrun for example_params_trigger_ui to None, run_after=None
[2024-02-28T08:02:41.747+0000] {processor.py:183} INFO - Processing /home/airflow/.local/lib/python3.8/site-packages/airflow/example_dags/example_params_trigger_ui.py took 0.057 seconds
[2024-02-28T08:03:11.972+0000] {processor.py:161} INFO - Started process (PID=533) to work on /home/airflow/.local/lib/python3.8/site-packages/airflow/example_dags/example_params_trigger_ui.py
[2024-02-28T08:03:11.972+0000] {processor.py:830} INFO - Processing file /home/airflow/.local/lib/python3.8/site-packages/airflow/example_dags/example_params_trigger_ui.py for tasks to queue
[2024-02-28T08:03:11.973+0000] {logging_mixin.py:188} INFO - [2024-02-28T08:03:11.973+0000] {dagbag.py:538} INFO - Filling up the DagBag from /home/airflow/.local/lib/python3.8/site-packages/airflow/example_dags/example_params_trigger_ui.py
[2024-02-28T08:03:11.981+0000] {processor.py:840} INFO - DAG(s) 'example_params_trigger_ui' retrieved from /home/airflow/.local/lib/python3.8/site-packages/airflow/example_dags/example_params_trigger_ui.py
[2024-02-28T08:03:12.009+0000] {logging_mixin.py:188} INFO - [2024-02-28T08:03:12.009+0000] {dag.py:3036} INFO - Sync 1 DAGs
[2024-02-28T08:03:12.016+0000] {logging_mixin.py:188} INFO - [2024-02-28T08:03:12.016+0000] {dag.py:3823} INFO - Setting next_dagrun for example_params_trigger_ui to None, run_after=None
[2024-02-28T08:03:12.025+0000] {processor.py:183} INFO - Processing /home/airflow/.local/lib/python3.8/site-packages/airflow/example_dags/example_params_trigger_ui.py took 0.056 seconds
[2024-02-28T08:03:42.131+0000] {processor.py:161} INFO - Started process (PID=601) to work on /home/airflow/.local/lib/python3.8/site-packages/airflow/example_dags/example_params_trigger_ui.py
[2024-02-28T08:03:42.132+0000] {processor.py:830} INFO - Processing file /home/airflow/.local/lib/python3.8/site-packages/airflow/example_dags/example_params_trigger_ui.py for tasks to queue
[2024-02-28T08:03:42.133+0000] {logging_mixin.py:188} INFO - [2024-02-28T08:03:42.133+0000] {dagbag.py:538} INFO - Filling up the DagBag from /home/airflow/.local/lib/python3.8/site-packages/airflow/example_dags/example_params_trigger_ui.py
[2024-02-28T08:03:42.141+0000] {processor.py:840} INFO - DAG(s) 'example_params_trigger_ui' retrieved from /home/airflow/.local/lib/python3.8/site-packages/airflow/example_dags/example_params_trigger_ui.py
[2024-02-28T08:03:42.168+0000] {logging_mixin.py:188} INFO - [2024-02-28T08:03:42.168+0000] {dag.py:3036} INFO - Sync 1 DAGs
[2024-02-28T08:03:42.175+0000] {logging_mixin.py:188} INFO - [2024-02-28T08:03:42.174+0000] {dag.py:3823} INFO - Setting next_dagrun for example_params_trigger_ui to None, run_after=None
[2024-02-28T08:03:42.184+0000] {processor.py:183} INFO - Processing /home/airflow/.local/lib/python3.8/site-packages/airflow/example_dags/example_params_trigger_ui.py took 0.056 seconds
[2024-02-28T08:04:12.233+0000] {processor.py:161} INFO - Started process (PID=668) to work on /home/airflow/.local/lib/python3.8/site-packages/airflow/example_dags/example_params_trigger_ui.py
[2024-02-28T08:04:12.234+0000] {processor.py:830} INFO - Processing file /home/airflow/.local/lib/python3.8/site-packages/airflow/example_dags/example_params_trigger_ui.py for tasks to queue
[2024-02-28T08:04:12.235+0000] {logging_mixin.py:188} INFO - [2024-02-28T08:04:12.234+0000] {dagbag.py:538} INFO - Filling up the DagBag from /home/airflow/.local/lib/python3.8/site-packages/airflow/example_dags/example_params_trigger_ui.py
[2024-02-28T08:04:12.243+0000] {processor.py:840} INFO - DAG(s) 'example_params_trigger_ui' retrieved from /home/airflow/.local/lib/python3.8/site-packages/airflow/example_dags/example_params_trigger_ui.py
[2024-02-28T08:04:12.270+0000] {logging_mixin.py:188} INFO - [2024-02-28T08:04:12.270+0000] {dag.py:3036} INFO - Sync 1 DAGs
[2024-02-28T08:04:12.277+0000] {logging_mixin.py:188} INFO - [2024-02-28T08:04:12.276+0000] {dag.py:3823} INFO - Setting next_dagrun for example_params_trigger_ui to None, run_after=None
[2024-02-28T08:04:12.286+0000] {processor.py:183} INFO - Processing /home/airflow/.local/lib/python3.8/site-packages/airflow/example_dags/example_params_trigger_ui.py took 0.055 seconds
[2024-02-28T08:04:42.453+0000] {processor.py:161} INFO - Started process (PID=735) to work on /home/airflow/.local/lib/python3.8/site-packages/airflow/example_dags/example_params_trigger_ui.py
[2024-02-28T08:04:42.457+0000] {processor.py:830} INFO - Processing file /home/airflow/.local/lib/python3.8/site-packages/airflow/example_dags/example_params_trigger_ui.py for tasks to queue
[2024-02-28T08:04:42.457+0000] {logging_mixin.py:188} INFO - [2024-02-28T08:04:42.457+0000] {dagbag.py:538} INFO - Filling up the DagBag from /home/airflow/.local/lib/python3.8/site-packages/airflow/example_dags/example_params_trigger_ui.py
[2024-02-28T08:04:42.467+0000] {processor.py:840} INFO - DAG(s) 'example_params_trigger_ui' retrieved from /home/airflow/.local/lib/python3.8/site-packages/airflow/example_dags/example_params_trigger_ui.py
[2024-02-28T08:04:42.497+0000] {logging_mixin.py:188} INFO - [2024-02-28T08:04:42.497+0000] {dag.py:3036} INFO - Sync 1 DAGs
[2024-02-28T08:04:42.503+0000] {logging_mixin.py:188} INFO - [2024-02-28T08:04:42.502+0000] {dag.py:3823} INFO - Setting next_dagrun for example_params_trigger_ui to None, run_after=None
[2024-02-28T08:04:42.513+0000] {processor.py:183} INFO - Processing /home/airflow/.local/lib/python3.8/site-packages/airflow/example_dags/example_params_trigger_ui.py took 0.063 seconds
[2024-02-28T08:05:12.580+0000] {processor.py:161} INFO - Started process (PID=803) to work on /home/airflow/.local/lib/python3.8/site-packages/airflow/example_dags/example_params_trigger_ui.py
[2024-02-28T08:05:12.581+0000] {processor.py:830} INFO - Processing file /home/airflow/.local/lib/python3.8/site-packages/airflow/example_dags/example_params_trigger_ui.py for tasks to queue
[2024-02-28T08:05:12.582+0000] {logging_mixin.py:188} INFO - [2024-02-28T08:05:12.582+0000] {dagbag.py:538} INFO - Filling up the DagBag from /home/airflow/.local/lib/python3.8/site-packages/airflow/example_dags/example_params_trigger_ui.py
[2024-02-28T08:05:12.591+0000] {processor.py:840} INFO - DAG(s) 'example_params_trigger_ui' retrieved from /home/airflow/.local/lib/python3.8/site-packages/airflow/example_dags/example_params_trigger_ui.py
[2024-02-28T08:05:12.628+0000] {logging_mixin.py:188} INFO - [2024-02-28T08:05:12.627+0000] {dag.py:3036} INFO - Sync 1 DAGs
[2024-02-28T08:05:12.634+0000] {logging_mixin.py:188} INFO - [2024-02-28T08:05:12.634+0000] {dag.py:3823} INFO - Setting next_dagrun for example_params_trigger_ui to None, run_after=None
[2024-02-28T08:05:12.645+0000] {processor.py:183} INFO - Processing /home/airflow/.local/lib/python3.8/site-packages/airflow/example_dags/example_params_trigger_ui.py took 0.067 seconds
[2024-02-28T08:05:42.796+0000] {processor.py:161} INFO - Started process (PID=871) to work on /home/airflow/.local/lib/python3.8/site-packages/airflow/example_dags/example_params_trigger_ui.py
[2024-02-28T08:05:42.797+0000] {processor.py:830} INFO - Processing file /home/airflow/.local/lib/python3.8/site-packages/airflow/example_dags/example_params_trigger_ui.py for tasks to queue
[2024-02-28T08:05:42.798+0000] {logging_mixin.py:188} INFO - [2024-02-28T08:05:42.797+0000] {dagbag.py:538} INFO - Filling up the DagBag from /home/airflow/.local/lib/python3.8/site-packages/airflow/example_dags/example_params_trigger_ui.py
[2024-02-28T08:05:42.807+0000] {processor.py:840} INFO - DAG(s) 'example_params_trigger_ui' retrieved from /home/airflow/.local/lib/python3.8/site-packages/airflow/example_dags/example_params_trigger_ui.py
[2024-02-28T08:05:42.836+0000] {logging_mixin.py:188} INFO - [2024-02-28T08:05:42.836+0000] {dag.py:3036} INFO - Sync 1 DAGs
[2024-02-28T08:05:42.842+0000] {logging_mixin.py:188} INFO - [2024-02-28T08:05:42.842+0000] {dag.py:3823} INFO - Setting next_dagrun for example_params_trigger_ui to None, run_after=None
[2024-02-28T08:05:42.852+0000] {processor.py:183} INFO - Processing /home/airflow/.local/lib/python3.8/site-packages/airflow/example_dags/example_params_trigger_ui.py took 0.058 seconds
[2024-02-28T08:06:12.983+0000] {processor.py:161} INFO - Started process (PID=939) to work on /home/airflow/.local/lib/python3.8/site-packages/airflow/example_dags/example_params_trigger_ui.py
[2024-02-28T08:06:12.984+0000] {processor.py:830} INFO - Processing file /home/airflow/.local/lib/python3.8/site-packages/airflow/example_dags/example_params_trigger_ui.py for tasks to queue
[2024-02-28T08:06:12.985+0000] {logging_mixin.py:188} INFO - [2024-02-28T08:06:12.984+0000] {dagbag.py:538} INFO - Filling up the DagBag from /home/airflow/.local/lib/python3.8/site-packages/airflow/example_dags/example_params_trigger_ui.py
[2024-02-28T08:06:12.994+0000] {processor.py:840} INFO - DAG(s) 'example_params_trigger_ui' retrieved from /home/airflow/.local/lib/python3.8/site-packages/airflow/example_dags/example_params_trigger_ui.py
[2024-02-28T08:06:13.023+0000] {logging_mixin.py:188} INFO - [2024-02-28T08:06:13.023+0000] {dag.py:3036} INFO - Sync 1 DAGs
[2024-02-28T08:06:13.031+0000] {logging_mixin.py:188} INFO - [2024-02-28T08:06:13.031+0000] {dag.py:3823} INFO - Setting next_dagrun for example_params_trigger_ui to None, run_after=None
[2024-02-28T08:06:13.041+0000] {processor.py:183} INFO - Processing /home/airflow/.local/lib/python3.8/site-packages/airflow/example_dags/example_params_trigger_ui.py took 0.061 seconds
