[2024-02-28T07:59:40.113+0000] {processor.py:161} INFO - Started process (PID=77) to work on /home/airflow/.local/lib/python3.8/site-packages/airflow/example_dags/example_sensor_decorator.py
[2024-02-28T07:59:40.113+0000] {processor.py:830} INFO - Processing file /home/airflow/.local/lib/python3.8/site-packages/airflow/example_dags/example_sensor_decorator.py for tasks to queue
[2024-02-28T07:59:40.115+0000] {logging_mixin.py:188} INFO - [2024-02-28T07:59:40.114+0000] {dagbag.py:538} INFO - Filling up the DagBag from /home/airflow/.local/lib/python3.8/site-packages/airflow/example_dags/example_sensor_decorator.py
[2024-02-28T07:59:40.119+0000] {processor.py:840} INFO - DAG(s) 'example_sensor_decorator' retrieved from /home/airflow/.local/lib/python3.8/site-packages/airflow/example_dags/example_sensor_decorator.py
[2024-02-28T07:59:40.132+0000] {logging_mixin.py:188} INFO - [2024-02-28T07:59:40.132+0000] {dag.py:3036} INFO - Sync 1 DAGs
[2024-02-28T07:59:40.138+0000] {logging_mixin.py:188} INFO - [2024-02-28T07:59:40.138+0000] {dag.py:3823} INFO - Setting next_dagrun for example_sensor_decorator to None, run_after=None
[2024-02-28T07:59:40.148+0000] {processor.py:183} INFO - Processing /home/airflow/.local/lib/python3.8/site-packages/airflow/example_dags/example_sensor_decorator.py took 0.038 seconds
[2024-02-28T08:00:10.548+0000] {processor.py:161} INFO - Started process (PID=144) to work on /home/airflow/.local/lib/python3.8/site-packages/airflow/example_dags/example_sensor_decorator.py
[2024-02-28T08:00:10.549+0000] {processor.py:830} INFO - Processing file /home/airflow/.local/lib/python3.8/site-packages/airflow/example_dags/example_sensor_decorator.py for tasks to queue
[2024-02-28T08:00:10.550+0000] {logging_mixin.py:188} INFO - [2024-02-28T08:00:10.550+0000] {dagbag.py:538} INFO - Filling up the DagBag from /home/airflow/.local/lib/python3.8/site-packages/airflow/example_dags/example_sensor_decorator.py
[2024-02-28T08:00:10.555+0000] {processor.py:840} INFO - DAG(s) 'example_sensor_decorator' retrieved from /home/airflow/.local/lib/python3.8/site-packages/airflow/example_dags/example_sensor_decorator.py
[2024-02-28T08:00:10.569+0000] {logging_mixin.py:188} INFO - [2024-02-28T08:00:10.569+0000] {dag.py:3036} INFO - Sync 1 DAGs
[2024-02-28T08:00:10.575+0000] {logging_mixin.py:188} INFO - [2024-02-28T08:00:10.575+0000] {dag.py:3823} INFO - Setting next_dagrun for example_sensor_decorator to None, run_after=None
[2024-02-28T08:00:10.585+0000] {processor.py:183} INFO - Processing /home/airflow/.local/lib/python3.8/site-packages/airflow/example_dags/example_sensor_decorator.py took 0.040 seconds
[2024-02-28T08:00:40.881+0000] {processor.py:161} INFO - Started process (PID=211) to work on /home/airflow/.local/lib/python3.8/site-packages/airflow/example_dags/example_sensor_decorator.py
[2024-02-28T08:00:40.881+0000] {processor.py:830} INFO - Processing file /home/airflow/.local/lib/python3.8/site-packages/airflow/example_dags/example_sensor_decorator.py for tasks to queue
[2024-02-28T08:00:40.882+0000] {logging_mixin.py:188} INFO - [2024-02-28T08:00:40.882+0000] {dagbag.py:538} INFO - Filling up the DagBag from /home/airflow/.local/lib/python3.8/site-packages/airflow/example_dags/example_sensor_decorator.py
[2024-02-28T08:00:40.886+0000] {processor.py:840} INFO - DAG(s) 'example_sensor_decorator' retrieved from /home/airflow/.local/lib/python3.8/site-packages/airflow/example_dags/example_sensor_decorator.py
[2024-02-28T08:00:40.901+0000] {logging_mixin.py:188} INFO - [2024-02-28T08:00:40.901+0000] {dag.py:3036} INFO - Sync 1 DAGs
[2024-02-28T08:00:40.907+0000] {logging_mixin.py:188} INFO - [2024-02-28T08:00:40.907+0000] {dag.py:3823} INFO - Setting next_dagrun for example_sensor_decorator to None, run_after=None
[2024-02-28T08:00:40.918+0000] {processor.py:183} INFO - Processing /home/airflow/.local/lib/python3.8/site-packages/airflow/example_dags/example_sensor_decorator.py took 0.039 seconds
[2024-02-28T08:01:11.222+0000] {processor.py:161} INFO - Started process (PID=278) to work on /home/airflow/.local/lib/python3.8/site-packages/airflow/example_dags/example_sensor_decorator.py
[2024-02-28T08:01:11.223+0000] {processor.py:830} INFO - Processing file /home/airflow/.local/lib/python3.8/site-packages/airflow/example_dags/example_sensor_decorator.py for tasks to queue
[2024-02-28T08:01:11.223+0000] {logging_mixin.py:188} INFO - [2024-02-28T08:01:11.223+0000] {dagbag.py:538} INFO - Filling up the DagBag from /home/airflow/.local/lib/python3.8/site-packages/airflow/example_dags/example_sensor_decorator.py
[2024-02-28T08:01:11.228+0000] {processor.py:840} INFO - DAG(s) 'example_sensor_decorator' retrieved from /home/airflow/.local/lib/python3.8/site-packages/airflow/example_dags/example_sensor_decorator.py
[2024-02-28T08:01:11.243+0000] {logging_mixin.py:188} INFO - [2024-02-28T08:01:11.243+0000] {dag.py:3036} INFO - Sync 1 DAGs
[2024-02-28T08:01:11.250+0000] {logging_mixin.py:188} INFO - [2024-02-28T08:01:11.250+0000] {dag.py:3823} INFO - Setting next_dagrun for example_sensor_decorator to None, run_after=None
[2024-02-28T08:01:11.262+0000] {processor.py:183} INFO - Processing /home/airflow/.local/lib/python3.8/site-packages/airflow/example_dags/example_sensor_decorator.py took 0.042 seconds
[2024-02-28T08:01:41.604+0000] {processor.py:161} INFO - Started process (PID=345) to work on /home/airflow/.local/lib/python3.8/site-packages/airflow/example_dags/example_sensor_decorator.py
[2024-02-28T08:01:41.605+0000] {processor.py:830} INFO - Processing file /home/airflow/.local/lib/python3.8/site-packages/airflow/example_dags/example_sensor_decorator.py for tasks to queue
[2024-02-28T08:01:41.606+0000] {logging_mixin.py:188} INFO - [2024-02-28T08:01:41.605+0000] {dagbag.py:538} INFO - Filling up the DagBag from /home/airflow/.local/lib/python3.8/site-packages/airflow/example_dags/example_sensor_decorator.py
[2024-02-28T08:01:41.611+0000] {processor.py:840} INFO - DAG(s) 'example_sensor_decorator' retrieved from /home/airflow/.local/lib/python3.8/site-packages/airflow/example_dags/example_sensor_decorator.py
[2024-02-28T08:01:41.625+0000] {logging_mixin.py:188} INFO - [2024-02-28T08:01:41.625+0000] {dag.py:3036} INFO - Sync 1 DAGs
[2024-02-28T08:01:41.632+0000] {logging_mixin.py:188} INFO - [2024-02-28T08:01:41.632+0000] {dag.py:3823} INFO - Setting next_dagrun for example_sensor_decorator to None, run_after=None
[2024-02-28T08:01:41.641+0000] {processor.py:183} INFO - Processing /home/airflow/.local/lib/python3.8/site-packages/airflow/example_dags/example_sensor_decorator.py took 0.039 seconds
[2024-02-28T08:02:11.874+0000] {processor.py:161} INFO - Started process (PID=412) to work on /home/airflow/.local/lib/python3.8/site-packages/airflow/example_dags/example_sensor_decorator.py
[2024-02-28T08:02:11.875+0000] {processor.py:830} INFO - Processing file /home/airflow/.local/lib/python3.8/site-packages/airflow/example_dags/example_sensor_decorator.py for tasks to queue
[2024-02-28T08:02:11.875+0000] {logging_mixin.py:188} INFO - [2024-02-28T08:02:11.875+0000] {dagbag.py:538} INFO - Filling up the DagBag from /home/airflow/.local/lib/python3.8/site-packages/airflow/example_dags/example_sensor_decorator.py
[2024-02-28T08:02:11.880+0000] {processor.py:840} INFO - DAG(s) 'example_sensor_decorator' retrieved from /home/airflow/.local/lib/python3.8/site-packages/airflow/example_dags/example_sensor_decorator.py
[2024-02-28T08:02:11.894+0000] {logging_mixin.py:188} INFO - [2024-02-28T08:02:11.894+0000] {dag.py:3036} INFO - Sync 1 DAGs
[2024-02-28T08:02:11.901+0000] {logging_mixin.py:188} INFO - [2024-02-28T08:02:11.901+0000] {dag.py:3823} INFO - Setting next_dagrun for example_sensor_decorator to None, run_after=None
[2024-02-28T08:02:11.910+0000] {processor.py:183} INFO - Processing /home/airflow/.local/lib/python3.8/site-packages/airflow/example_dags/example_sensor_decorator.py took 0.039 seconds
[2024-02-28T08:02:42.134+0000] {processor.py:161} INFO - Started process (PID=479) to work on /home/airflow/.local/lib/python3.8/site-packages/airflow/example_dags/example_sensor_decorator.py
[2024-02-28T08:02:42.135+0000] {processor.py:830} INFO - Processing file /home/airflow/.local/lib/python3.8/site-packages/airflow/example_dags/example_sensor_decorator.py for tasks to queue
[2024-02-28T08:02:42.136+0000] {logging_mixin.py:188} INFO - [2024-02-28T08:02:42.136+0000] {dagbag.py:538} INFO - Filling up the DagBag from /home/airflow/.local/lib/python3.8/site-packages/airflow/example_dags/example_sensor_decorator.py
[2024-02-28T08:02:42.140+0000] {processor.py:840} INFO - DAG(s) 'example_sensor_decorator' retrieved from /home/airflow/.local/lib/python3.8/site-packages/airflow/example_dags/example_sensor_decorator.py
[2024-02-28T08:02:42.156+0000] {logging_mixin.py:188} INFO - [2024-02-28T08:02:42.156+0000] {dag.py:3036} INFO - Sync 1 DAGs
[2024-02-28T08:02:42.163+0000] {logging_mixin.py:188} INFO - [2024-02-28T08:02:42.163+0000] {dag.py:3823} INFO - Setting next_dagrun for example_sensor_decorator to None, run_after=None
[2024-02-28T08:02:42.173+0000] {processor.py:183} INFO - Processing /home/airflow/.local/lib/python3.8/site-packages/airflow/example_dags/example_sensor_decorator.py took 0.041 seconds
[2024-02-28T08:03:12.427+0000] {processor.py:161} INFO - Started process (PID=546) to work on /home/airflow/.local/lib/python3.8/site-packages/airflow/example_dags/example_sensor_decorator.py
[2024-02-28T08:03:12.427+0000] {processor.py:830} INFO - Processing file /home/airflow/.local/lib/python3.8/site-packages/airflow/example_dags/example_sensor_decorator.py for tasks to queue
[2024-02-28T08:03:12.428+0000] {logging_mixin.py:188} INFO - [2024-02-28T08:03:12.428+0000] {dagbag.py:538} INFO - Filling up the DagBag from /home/airflow/.local/lib/python3.8/site-packages/airflow/example_dags/example_sensor_decorator.py
[2024-02-28T08:03:12.432+0000] {processor.py:840} INFO - DAG(s) 'example_sensor_decorator' retrieved from /home/airflow/.local/lib/python3.8/site-packages/airflow/example_dags/example_sensor_decorator.py
[2024-02-28T08:03:12.446+0000] {logging_mixin.py:188} INFO - [2024-02-28T08:03:12.446+0000] {dag.py:3036} INFO - Sync 1 DAGs
[2024-02-28T08:03:12.452+0000] {logging_mixin.py:188} INFO - [2024-02-28T08:03:12.452+0000] {dag.py:3823} INFO - Setting next_dagrun for example_sensor_decorator to None, run_after=None
[2024-02-28T08:03:12.460+0000] {processor.py:183} INFO - Processing /home/airflow/.local/lib/python3.8/site-packages/airflow/example_dags/example_sensor_decorator.py took 0.036 seconds
[2024-02-28T08:03:42.542+0000] {processor.py:161} INFO - Started process (PID=614) to work on /home/airflow/.local/lib/python3.8/site-packages/airflow/example_dags/example_sensor_decorator.py
[2024-02-28T08:03:42.543+0000] {processor.py:830} INFO - Processing file /home/airflow/.local/lib/python3.8/site-packages/airflow/example_dags/example_sensor_decorator.py for tasks to queue
[2024-02-28T08:03:42.545+0000] {logging_mixin.py:188} INFO - [2024-02-28T08:03:42.544+0000] {dagbag.py:538} INFO - Filling up the DagBag from /home/airflow/.local/lib/python3.8/site-packages/airflow/example_dags/example_sensor_decorator.py
[2024-02-28T08:03:42.549+0000] {processor.py:840} INFO - DAG(s) 'example_sensor_decorator' retrieved from /home/airflow/.local/lib/python3.8/site-packages/airflow/example_dags/example_sensor_decorator.py
[2024-02-28T08:03:42.564+0000] {logging_mixin.py:188} INFO - [2024-02-28T08:03:42.564+0000] {dag.py:3036} INFO - Sync 1 DAGs
[2024-02-28T08:03:42.571+0000] {logging_mixin.py:188} INFO - [2024-02-28T08:03:42.571+0000] {dag.py:3823} INFO - Setting next_dagrun for example_sensor_decorator to None, run_after=None
[2024-02-28T08:03:42.582+0000] {processor.py:183} INFO - Processing /home/airflow/.local/lib/python3.8/site-packages/airflow/example_dags/example_sensor_decorator.py took 0.043 seconds
[2024-02-28T08:04:12.622+0000] {processor.py:161} INFO - Started process (PID=681) to work on /home/airflow/.local/lib/python3.8/site-packages/airflow/example_dags/example_sensor_decorator.py
[2024-02-28T08:04:12.622+0000] {processor.py:830} INFO - Processing file /home/airflow/.local/lib/python3.8/site-packages/airflow/example_dags/example_sensor_decorator.py for tasks to queue
[2024-02-28T08:04:12.623+0000] {logging_mixin.py:188} INFO - [2024-02-28T08:04:12.623+0000] {dagbag.py:538} INFO - Filling up the DagBag from /home/airflow/.local/lib/python3.8/site-packages/airflow/example_dags/example_sensor_decorator.py
[2024-02-28T08:04:12.628+0000] {processor.py:840} INFO - DAG(s) 'example_sensor_decorator' retrieved from /home/airflow/.local/lib/python3.8/site-packages/airflow/example_dags/example_sensor_decorator.py
[2024-02-28T08:04:12.642+0000] {logging_mixin.py:188} INFO - [2024-02-28T08:04:12.642+0000] {dag.py:3036} INFO - Sync 1 DAGs
[2024-02-28T08:04:12.649+0000] {logging_mixin.py:188} INFO - [2024-02-28T08:04:12.649+0000] {dag.py:3823} INFO - Setting next_dagrun for example_sensor_decorator to None, run_after=None
[2024-02-28T08:04:12.659+0000] {processor.py:183} INFO - Processing /home/airflow/.local/lib/python3.8/site-packages/airflow/example_dags/example_sensor_decorator.py took 0.039 seconds
[2024-02-28T08:04:42.890+0000] {processor.py:161} INFO - Started process (PID=748) to work on /home/airflow/.local/lib/python3.8/site-packages/airflow/example_dags/example_sensor_decorator.py
[2024-02-28T08:04:42.891+0000] {processor.py:830} INFO - Processing file /home/airflow/.local/lib/python3.8/site-packages/airflow/example_dags/example_sensor_decorator.py for tasks to queue
[2024-02-28T08:04:42.892+0000] {logging_mixin.py:188} INFO - [2024-02-28T08:04:42.891+0000] {dagbag.py:538} INFO - Filling up the DagBag from /home/airflow/.local/lib/python3.8/site-packages/airflow/example_dags/example_sensor_decorator.py
[2024-02-28T08:04:42.897+0000] {processor.py:840} INFO - DAG(s) 'example_sensor_decorator' retrieved from /home/airflow/.local/lib/python3.8/site-packages/airflow/example_dags/example_sensor_decorator.py
[2024-02-28T08:04:42.914+0000] {logging_mixin.py:188} INFO - [2024-02-28T08:04:42.913+0000] {dag.py:3036} INFO - Sync 1 DAGs
[2024-02-28T08:04:42.921+0000] {logging_mixin.py:188} INFO - [2024-02-28T08:04:42.921+0000] {dag.py:3823} INFO - Setting next_dagrun for example_sensor_decorator to None, run_after=None
[2024-02-28T08:04:42.933+0000] {processor.py:183} INFO - Processing /home/airflow/.local/lib/python3.8/site-packages/airflow/example_dags/example_sensor_decorator.py took 0.047 seconds
[2024-02-28T08:05:13.028+0000] {processor.py:161} INFO - Started process (PID=816) to work on /home/airflow/.local/lib/python3.8/site-packages/airflow/example_dags/example_sensor_decorator.py
[2024-02-28T08:05:13.029+0000] {processor.py:830} INFO - Processing file /home/airflow/.local/lib/python3.8/site-packages/airflow/example_dags/example_sensor_decorator.py for tasks to queue
[2024-02-28T08:05:13.030+0000] {logging_mixin.py:188} INFO - [2024-02-28T08:05:13.030+0000] {dagbag.py:538} INFO - Filling up the DagBag from /home/airflow/.local/lib/python3.8/site-packages/airflow/example_dags/example_sensor_decorator.py
[2024-02-28T08:05:13.035+0000] {processor.py:840} INFO - DAG(s) 'example_sensor_decorator' retrieved from /home/airflow/.local/lib/python3.8/site-packages/airflow/example_dags/example_sensor_decorator.py
[2024-02-28T08:05:13.050+0000] {logging_mixin.py:188} INFO - [2024-02-28T08:05:13.050+0000] {dag.py:3036} INFO - Sync 1 DAGs
[2024-02-28T08:05:13.057+0000] {logging_mixin.py:188} INFO - [2024-02-28T08:05:13.057+0000] {dag.py:3823} INFO - Setting next_dagrun for example_sensor_decorator to None, run_after=None
[2024-02-28T08:05:13.071+0000] {processor.py:183} INFO - Processing /home/airflow/.local/lib/python3.8/site-packages/airflow/example_dags/example_sensor_decorator.py took 0.045 seconds
[2024-02-28T08:05:43.178+0000] {processor.py:161} INFO - Started process (PID=884) to work on /home/airflow/.local/lib/python3.8/site-packages/airflow/example_dags/example_sensor_decorator.py
[2024-02-28T08:05:43.179+0000] {processor.py:830} INFO - Processing file /home/airflow/.local/lib/python3.8/site-packages/airflow/example_dags/example_sensor_decorator.py for tasks to queue
[2024-02-28T08:05:43.180+0000] {logging_mixin.py:188} INFO - [2024-02-28T08:05:43.179+0000] {dagbag.py:538} INFO - Filling up the DagBag from /home/airflow/.local/lib/python3.8/site-packages/airflow/example_dags/example_sensor_decorator.py
[2024-02-28T08:05:43.184+0000] {processor.py:840} INFO - DAG(s) 'example_sensor_decorator' retrieved from /home/airflow/.local/lib/python3.8/site-packages/airflow/example_dags/example_sensor_decorator.py
[2024-02-28T08:05:43.199+0000] {logging_mixin.py:188} INFO - [2024-02-28T08:05:43.199+0000] {dag.py:3036} INFO - Sync 1 DAGs
[2024-02-28T08:05:43.206+0000] {logging_mixin.py:188} INFO - [2024-02-28T08:05:43.206+0000] {dag.py:3823} INFO - Setting next_dagrun for example_sensor_decorator to None, run_after=None
[2024-02-28T08:05:43.216+0000] {processor.py:183} INFO - Processing /home/airflow/.local/lib/python3.8/site-packages/airflow/example_dags/example_sensor_decorator.py took 0.040 seconds
[2024-02-28T08:06:13.405+0000] {processor.py:161} INFO - Started process (PID=952) to work on /home/airflow/.local/lib/python3.8/site-packages/airflow/example_dags/example_sensor_decorator.py
[2024-02-28T08:06:13.406+0000] {processor.py:830} INFO - Processing file /home/airflow/.local/lib/python3.8/site-packages/airflow/example_dags/example_sensor_decorator.py for tasks to queue
[2024-02-28T08:06:13.407+0000] {logging_mixin.py:188} INFO - [2024-02-28T08:06:13.406+0000] {dagbag.py:538} INFO - Filling up the DagBag from /home/airflow/.local/lib/python3.8/site-packages/airflow/example_dags/example_sensor_decorator.py
[2024-02-28T08:06:13.412+0000] {processor.py:840} INFO - DAG(s) 'example_sensor_decorator' retrieved from /home/airflow/.local/lib/python3.8/site-packages/airflow/example_dags/example_sensor_decorator.py
[2024-02-28T08:06:13.427+0000] {logging_mixin.py:188} INFO - [2024-02-28T08:06:13.427+0000] {dag.py:3036} INFO - Sync 1 DAGs
[2024-02-28T08:06:13.434+0000] {logging_mixin.py:188} INFO - [2024-02-28T08:06:13.434+0000] {dag.py:3823} INFO - Setting next_dagrun for example_sensor_decorator to None, run_after=None
[2024-02-28T08:06:13.444+0000] {processor.py:183} INFO - Processing /home/airflow/.local/lib/python3.8/site-packages/airflow/example_dags/example_sensor_decorator.py took 0.041 seconds
