[2024-02-28T07:59:39.401+0000] {processor.py:161} INFO - Started process (PID=58) to work on /home/airflow/.local/lib/python3.8/site-packages/airflow/example_dags/example_datasets.py
[2024-02-28T07:59:39.407+0000] {processor.py:830} INFO - Processing file /home/airflow/.local/lib/python3.8/site-packages/airflow/example_dags/example_datasets.py for tasks to queue
[2024-02-28T07:59:39.411+0000] {logging_mixin.py:188} INFO - [2024-02-28T07:59:39.410+0000] {dagbag.py:538} INFO - Filling up the DagBag from /home/airflow/.local/lib/python3.8/site-packages/airflow/example_dags/example_datasets.py
[2024-02-28T07:59:39.424+0000] {processor.py:840} INFO - DAG(s) 'dataset_produces_2', 'dataset_consumes_1_and_2', 'dataset_produces_1', 'dataset_consumes_unknown_never_scheduled', 'dataset_consumes_1', 'dataset_consumes_1_never_scheduled' retrieved from /home/airflow/.local/lib/python3.8/site-packages/airflow/example_dags/example_datasets.py
[2024-02-28T07:59:39.468+0000] {logging_mixin.py:188} INFO - [2024-02-28T07:59:39.467+0000] {dag.py:3036} INFO - Sync 6 DAGs
[2024-02-28T07:59:39.481+0000] {logging_mixin.py:188} INFO - [2024-02-28T07:59:39.481+0000] {dag.py:3823} INFO - Setting next_dagrun for dataset_consumes_1 to None, run_after=None
[2024-02-28T07:59:39.483+0000] {logging_mixin.py:188} INFO - [2024-02-28T07:59:39.483+0000] {dag.py:3823} INFO - Setting next_dagrun for dataset_consumes_1_and_2 to None, run_after=None
[2024-02-28T07:59:39.484+0000] {logging_mixin.py:188} INFO - [2024-02-28T07:59:39.484+0000] {dag.py:3823} INFO - Setting next_dagrun for dataset_consumes_1_never_scheduled to None, run_after=None
[2024-02-28T07:59:39.485+0000] {logging_mixin.py:188} INFO - [2024-02-28T07:59:39.484+0000] {dag.py:3823} INFO - Setting next_dagrun for dataset_consumes_unknown_never_scheduled to None, run_after=None
[2024-02-28T07:59:39.486+0000] {logging_mixin.py:188} INFO - [2024-02-28T07:59:39.486+0000] {dag.py:3823} INFO - Setting next_dagrun for dataset_produces_1 to 2024-02-27 00:00:00+00:00, run_after=2024-02-28 00:00:00+00:00
[2024-02-28T07:59:39.488+0000] {logging_mixin.py:188} INFO - [2024-02-28T07:59:39.488+0000] {dag.py:3823} INFO - Setting next_dagrun for dataset_produces_2 to None, run_after=None
[2024-02-28T07:59:39.507+0000] {processor.py:183} INFO - Processing /home/airflow/.local/lib/python3.8/site-packages/airflow/example_dags/example_datasets.py took 0.122 seconds
[2024-02-28T08:00:09.986+0000] {processor.py:161} INFO - Started process (PID=125) to work on /home/airflow/.local/lib/python3.8/site-packages/airflow/example_dags/example_datasets.py
[2024-02-28T08:00:09.987+0000] {processor.py:830} INFO - Processing file /home/airflow/.local/lib/python3.8/site-packages/airflow/example_dags/example_datasets.py for tasks to queue
[2024-02-28T08:00:09.988+0000] {logging_mixin.py:188} INFO - [2024-02-28T08:00:09.988+0000] {dagbag.py:538} INFO - Filling up the DagBag from /home/airflow/.local/lib/python3.8/site-packages/airflow/example_dags/example_datasets.py
[2024-02-28T08:00:09.995+0000] {processor.py:840} INFO - DAG(s) 'dataset_produces_2', 'dataset_consumes_unknown_never_scheduled', 'dataset_consumes_1', 'dataset_consumes_1_never_scheduled', 'dataset_consumes_1_and_2', 'dataset_produces_1' retrieved from /home/airflow/.local/lib/python3.8/site-packages/airflow/example_dags/example_datasets.py
[2024-02-28T08:00:10.016+0000] {logging_mixin.py:188} INFO - [2024-02-28T08:00:10.016+0000] {dag.py:3036} INFO - Sync 6 DAGs
[2024-02-28T08:00:10.028+0000] {logging_mixin.py:188} INFO - [2024-02-28T08:00:10.028+0000] {dag.py:3823} INFO - Setting next_dagrun for dataset_consumes_1 to None, run_after=None
[2024-02-28T08:00:10.029+0000] {logging_mixin.py:188} INFO - [2024-02-28T08:00:10.029+0000] {dag.py:3823} INFO - Setting next_dagrun for dataset_consumes_1_and_2 to None, run_after=None
[2024-02-28T08:00:10.030+0000] {logging_mixin.py:188} INFO - [2024-02-28T08:00:10.030+0000] {dag.py:3823} INFO - Setting next_dagrun for dataset_consumes_1_never_scheduled to None, run_after=None
[2024-02-28T08:00:10.031+0000] {logging_mixin.py:188} INFO - [2024-02-28T08:00:10.031+0000] {dag.py:3823} INFO - Setting next_dagrun for dataset_consumes_unknown_never_scheduled to None, run_after=None
[2024-02-28T08:00:10.032+0000] {logging_mixin.py:188} INFO - [2024-02-28T08:00:10.032+0000] {dag.py:3823} INFO - Setting next_dagrun for dataset_produces_1 to 2024-02-27 00:00:00+00:00, run_after=2024-02-28 00:00:00+00:00
[2024-02-28T08:00:10.033+0000] {logging_mixin.py:188} INFO - [2024-02-28T08:00:10.033+0000] {dag.py:3823} INFO - Setting next_dagrun for dataset_produces_2 to None, run_after=None
[2024-02-28T08:00:10.048+0000] {processor.py:183} INFO - Processing /home/airflow/.local/lib/python3.8/site-packages/airflow/example_dags/example_datasets.py took 0.064 seconds
[2024-02-28T08:00:40.325+0000] {processor.py:161} INFO - Started process (PID=192) to work on /home/airflow/.local/lib/python3.8/site-packages/airflow/example_dags/example_datasets.py
[2024-02-28T08:00:40.325+0000] {processor.py:830} INFO - Processing file /home/airflow/.local/lib/python3.8/site-packages/airflow/example_dags/example_datasets.py for tasks to queue
[2024-02-28T08:00:40.326+0000] {logging_mixin.py:188} INFO - [2024-02-28T08:00:40.326+0000] {dagbag.py:538} INFO - Filling up the DagBag from /home/airflow/.local/lib/python3.8/site-packages/airflow/example_dags/example_datasets.py
[2024-02-28T08:00:40.332+0000] {processor.py:840} INFO - DAG(s) 'dataset_consumes_1_never_scheduled', 'dataset_consumes_unknown_never_scheduled', 'dataset_consumes_1_and_2', 'dataset_consumes_1', 'dataset_produces_2', 'dataset_produces_1' retrieved from /home/airflow/.local/lib/python3.8/site-packages/airflow/example_dags/example_datasets.py
[2024-02-28T08:00:40.353+0000] {logging_mixin.py:188} INFO - [2024-02-28T08:00:40.353+0000] {dag.py:3036} INFO - Sync 6 DAGs
[2024-02-28T08:00:40.365+0000] {logging_mixin.py:188} INFO - [2024-02-28T08:00:40.365+0000] {dag.py:3823} INFO - Setting next_dagrun for dataset_consumes_1 to None, run_after=None
[2024-02-28T08:00:40.366+0000] {logging_mixin.py:188} INFO - [2024-02-28T08:00:40.366+0000] {dag.py:3823} INFO - Setting next_dagrun for dataset_consumes_1_and_2 to None, run_after=None
[2024-02-28T08:00:40.367+0000] {logging_mixin.py:188} INFO - [2024-02-28T08:00:40.367+0000] {dag.py:3823} INFO - Setting next_dagrun for dataset_consumes_1_never_scheduled to None, run_after=None
[2024-02-28T08:00:40.368+0000] {logging_mixin.py:188} INFO - [2024-02-28T08:00:40.368+0000] {dag.py:3823} INFO - Setting next_dagrun for dataset_consumes_unknown_never_scheduled to None, run_after=None
[2024-02-28T08:00:40.369+0000] {logging_mixin.py:188} INFO - [2024-02-28T08:00:40.369+0000] {dag.py:3823} INFO - Setting next_dagrun for dataset_produces_1 to 2024-02-27 00:00:00+00:00, run_after=2024-02-28 00:00:00+00:00
[2024-02-28T08:00:40.370+0000] {logging_mixin.py:188} INFO - [2024-02-28T08:00:40.370+0000] {dag.py:3823} INFO - Setting next_dagrun for dataset_produces_2 to None, run_after=None
[2024-02-28T08:00:40.385+0000] {processor.py:183} INFO - Processing /home/airflow/.local/lib/python3.8/site-packages/airflow/example_dags/example_datasets.py took 0.062 seconds
[2024-02-28T08:01:10.539+0000] {processor.py:161} INFO - Started process (PID=259) to work on /home/airflow/.local/lib/python3.8/site-packages/airflow/example_dags/example_datasets.py
[2024-02-28T08:01:10.540+0000] {processor.py:830} INFO - Processing file /home/airflow/.local/lib/python3.8/site-packages/airflow/example_dags/example_datasets.py for tasks to queue
[2024-02-28T08:01:10.540+0000] {logging_mixin.py:188} INFO - [2024-02-28T08:01:10.540+0000] {dagbag.py:538} INFO - Filling up the DagBag from /home/airflow/.local/lib/python3.8/site-packages/airflow/example_dags/example_datasets.py
[2024-02-28T08:01:10.547+0000] {processor.py:840} INFO - DAG(s) 'dataset_consumes_1_never_scheduled', 'dataset_produces_1', 'dataset_consumes_unknown_never_scheduled', 'dataset_consumes_1_and_2', 'dataset_consumes_1', 'dataset_produces_2' retrieved from /home/airflow/.local/lib/python3.8/site-packages/airflow/example_dags/example_datasets.py
[2024-02-28T08:01:10.570+0000] {logging_mixin.py:188} INFO - [2024-02-28T08:01:10.569+0000] {dag.py:3036} INFO - Sync 6 DAGs
[2024-02-28T08:01:10.582+0000] {logging_mixin.py:188} INFO - [2024-02-28T08:01:10.582+0000] {dag.py:3823} INFO - Setting next_dagrun for dataset_consumes_1 to None, run_after=None
[2024-02-28T08:01:10.584+0000] {logging_mixin.py:188} INFO - [2024-02-28T08:01:10.584+0000] {dag.py:3823} INFO - Setting next_dagrun for dataset_consumes_1_and_2 to None, run_after=None
[2024-02-28T08:01:10.585+0000] {logging_mixin.py:188} INFO - [2024-02-28T08:01:10.585+0000] {dag.py:3823} INFO - Setting next_dagrun for dataset_consumes_1_never_scheduled to None, run_after=None
[2024-02-28T08:01:10.586+0000] {logging_mixin.py:188} INFO - [2024-02-28T08:01:10.586+0000] {dag.py:3823} INFO - Setting next_dagrun for dataset_consumes_unknown_never_scheduled to None, run_after=None
[2024-02-28T08:01:10.587+0000] {logging_mixin.py:188} INFO - [2024-02-28T08:01:10.587+0000] {dag.py:3823} INFO - Setting next_dagrun for dataset_produces_1 to 2024-02-27 00:00:00+00:00, run_after=2024-02-28 00:00:00+00:00
[2024-02-28T08:01:10.588+0000] {logging_mixin.py:188} INFO - [2024-02-28T08:01:10.588+0000] {dag.py:3823} INFO - Setting next_dagrun for dataset_produces_2 to None, run_after=None
[2024-02-28T08:01:10.603+0000] {processor.py:183} INFO - Processing /home/airflow/.local/lib/python3.8/site-packages/airflow/example_dags/example_datasets.py took 0.067 seconds
[2024-02-28T08:01:41.029+0000] {processor.py:161} INFO - Started process (PID=326) to work on /home/airflow/.local/lib/python3.8/site-packages/airflow/example_dags/example_datasets.py
[2024-02-28T08:01:41.030+0000] {processor.py:830} INFO - Processing file /home/airflow/.local/lib/python3.8/site-packages/airflow/example_dags/example_datasets.py for tasks to queue
[2024-02-28T08:01:41.030+0000] {logging_mixin.py:188} INFO - [2024-02-28T08:01:41.030+0000] {dagbag.py:538} INFO - Filling up the DagBag from /home/airflow/.local/lib/python3.8/site-packages/airflow/example_dags/example_datasets.py
[2024-02-28T08:01:41.036+0000] {processor.py:840} INFO - DAG(s) 'dataset_produces_2', 'dataset_produces_1', 'dataset_consumes_1', 'dataset_consumes_1_never_scheduled', 'dataset_consumes_1_and_2', 'dataset_consumes_unknown_never_scheduled' retrieved from /home/airflow/.local/lib/python3.8/site-packages/airflow/example_dags/example_datasets.py
[2024-02-28T08:01:41.059+0000] {logging_mixin.py:188} INFO - [2024-02-28T08:01:41.059+0000] {dag.py:3036} INFO - Sync 6 DAGs
[2024-02-28T08:01:41.071+0000] {logging_mixin.py:188} INFO - [2024-02-28T08:01:41.071+0000] {dag.py:3823} INFO - Setting next_dagrun for dataset_consumes_1 to None, run_after=None
[2024-02-28T08:01:41.073+0000] {logging_mixin.py:188} INFO - [2024-02-28T08:01:41.073+0000] {dag.py:3823} INFO - Setting next_dagrun for dataset_consumes_1_and_2 to None, run_after=None
[2024-02-28T08:01:41.074+0000] {logging_mixin.py:188} INFO - [2024-02-28T08:01:41.073+0000] {dag.py:3823} INFO - Setting next_dagrun for dataset_consumes_1_never_scheduled to None, run_after=None
[2024-02-28T08:01:41.074+0000] {logging_mixin.py:188} INFO - [2024-02-28T08:01:41.074+0000] {dag.py:3823} INFO - Setting next_dagrun for dataset_consumes_unknown_never_scheduled to None, run_after=None
[2024-02-28T08:01:41.076+0000] {logging_mixin.py:188} INFO - [2024-02-28T08:01:41.076+0000] {dag.py:3823} INFO - Setting next_dagrun for dataset_produces_1 to 2024-02-27 00:00:00+00:00, run_after=2024-02-28 00:00:00+00:00
[2024-02-28T08:01:41.076+0000] {logging_mixin.py:188} INFO - [2024-02-28T08:01:41.076+0000] {dag.py:3823} INFO - Setting next_dagrun for dataset_produces_2 to None, run_after=None
[2024-02-28T08:01:41.092+0000] {processor.py:183} INFO - Processing /home/airflow/.local/lib/python3.8/site-packages/airflow/example_dags/example_datasets.py took 0.065 seconds
[2024-02-28T08:02:11.309+0000] {processor.py:161} INFO - Started process (PID=393) to work on /home/airflow/.local/lib/python3.8/site-packages/airflow/example_dags/example_datasets.py
[2024-02-28T08:02:11.309+0000] {processor.py:830} INFO - Processing file /home/airflow/.local/lib/python3.8/site-packages/airflow/example_dags/example_datasets.py for tasks to queue
[2024-02-28T08:02:11.310+0000] {logging_mixin.py:188} INFO - [2024-02-28T08:02:11.310+0000] {dagbag.py:538} INFO - Filling up the DagBag from /home/airflow/.local/lib/python3.8/site-packages/airflow/example_dags/example_datasets.py
[2024-02-28T08:02:11.316+0000] {processor.py:840} INFO - DAG(s) 'dataset_produces_1', 'dataset_consumes_1_never_scheduled', 'dataset_consumes_unknown_never_scheduled', 'dataset_consumes_1_and_2', 'dataset_produces_2', 'dataset_consumes_1' retrieved from /home/airflow/.local/lib/python3.8/site-packages/airflow/example_dags/example_datasets.py
[2024-02-28T08:02:11.338+0000] {logging_mixin.py:188} INFO - [2024-02-28T08:02:11.338+0000] {dag.py:3036} INFO - Sync 6 DAGs
[2024-02-28T08:02:11.350+0000] {logging_mixin.py:188} INFO - [2024-02-28T08:02:11.349+0000] {dag.py:3823} INFO - Setting next_dagrun for dataset_consumes_1 to None, run_after=None
[2024-02-28T08:02:11.352+0000] {logging_mixin.py:188} INFO - [2024-02-28T08:02:11.352+0000] {dag.py:3823} INFO - Setting next_dagrun for dataset_consumes_1_and_2 to None, run_after=None
[2024-02-28T08:02:11.352+0000] {logging_mixin.py:188} INFO - [2024-02-28T08:02:11.352+0000] {dag.py:3823} INFO - Setting next_dagrun for dataset_consumes_1_never_scheduled to None, run_after=None
[2024-02-28T08:02:11.353+0000] {logging_mixin.py:188} INFO - [2024-02-28T08:02:11.353+0000] {dag.py:3823} INFO - Setting next_dagrun for dataset_consumes_unknown_never_scheduled to None, run_after=None
[2024-02-28T08:02:11.354+0000] {logging_mixin.py:188} INFO - [2024-02-28T08:02:11.354+0000] {dag.py:3823} INFO - Setting next_dagrun for dataset_produces_1 to 2024-02-27 00:00:00+00:00, run_after=2024-02-28 00:00:00+00:00
[2024-02-28T08:02:11.355+0000] {logging_mixin.py:188} INFO - [2024-02-28T08:02:11.355+0000] {dag.py:3823} INFO - Setting next_dagrun for dataset_produces_2 to None, run_after=None
[2024-02-28T08:02:11.370+0000] {processor.py:183} INFO - Processing /home/airflow/.local/lib/python3.8/site-packages/airflow/example_dags/example_datasets.py took 0.063 seconds
[2024-02-28T08:02:41.555+0000] {processor.py:161} INFO - Started process (PID=461) to work on /home/airflow/.local/lib/python3.8/site-packages/airflow/example_dags/example_datasets.py
[2024-02-28T08:02:41.556+0000] {processor.py:830} INFO - Processing file /home/airflow/.local/lib/python3.8/site-packages/airflow/example_dags/example_datasets.py for tasks to queue
[2024-02-28T08:02:41.557+0000] {logging_mixin.py:188} INFO - [2024-02-28T08:02:41.556+0000] {dagbag.py:538} INFO - Filling up the DagBag from /home/airflow/.local/lib/python3.8/site-packages/airflow/example_dags/example_datasets.py
[2024-02-28T08:02:41.563+0000] {processor.py:840} INFO - DAG(s) 'dataset_consumes_unknown_never_scheduled', 'dataset_consumes_1', 'dataset_produces_2', 'dataset_consumes_1_never_scheduled', 'dataset_produces_1', 'dataset_consumes_1_and_2' retrieved from /home/airflow/.local/lib/python3.8/site-packages/airflow/example_dags/example_datasets.py
[2024-02-28T08:02:41.585+0000] {logging_mixin.py:188} INFO - [2024-02-28T08:02:41.585+0000] {dag.py:3036} INFO - Sync 6 DAGs
[2024-02-28T08:02:41.596+0000] {logging_mixin.py:188} INFO - [2024-02-28T08:02:41.596+0000] {dag.py:3823} INFO - Setting next_dagrun for dataset_consumes_1 to None, run_after=None
[2024-02-28T08:02:41.597+0000] {logging_mixin.py:188} INFO - [2024-02-28T08:02:41.597+0000] {dag.py:3823} INFO - Setting next_dagrun for dataset_consumes_1_and_2 to None, run_after=None
[2024-02-28T08:02:41.598+0000] {logging_mixin.py:188} INFO - [2024-02-28T08:02:41.598+0000] {dag.py:3823} INFO - Setting next_dagrun for dataset_consumes_1_never_scheduled to None, run_after=None
[2024-02-28T08:02:41.599+0000] {logging_mixin.py:188} INFO - [2024-02-28T08:02:41.599+0000] {dag.py:3823} INFO - Setting next_dagrun for dataset_consumes_unknown_never_scheduled to None, run_after=None
[2024-02-28T08:02:41.600+0000] {logging_mixin.py:188} INFO - [2024-02-28T08:02:41.600+0000] {dag.py:3823} INFO - Setting next_dagrun for dataset_produces_1 to 2024-02-27 00:00:00+00:00, run_after=2024-02-28 00:00:00+00:00
[2024-02-28T08:02:41.601+0000] {logging_mixin.py:188} INFO - [2024-02-28T08:02:41.601+0000] {dag.py:3823} INFO - Setting next_dagrun for dataset_produces_2 to None, run_after=None
[2024-02-28T08:02:41.618+0000] {processor.py:183} INFO - Processing /home/airflow/.local/lib/python3.8/site-packages/airflow/example_dags/example_datasets.py took 0.065 seconds
[2024-02-28T08:03:11.840+0000] {processor.py:161} INFO - Started process (PID=528) to work on /home/airflow/.local/lib/python3.8/site-packages/airflow/example_dags/example_datasets.py
[2024-02-28T08:03:11.841+0000] {processor.py:830} INFO - Processing file /home/airflow/.local/lib/python3.8/site-packages/airflow/example_dags/example_datasets.py for tasks to queue
[2024-02-28T08:03:11.841+0000] {logging_mixin.py:188} INFO - [2024-02-28T08:03:11.841+0000] {dagbag.py:538} INFO - Filling up the DagBag from /home/airflow/.local/lib/python3.8/site-packages/airflow/example_dags/example_datasets.py
[2024-02-28T08:03:11.848+0000] {processor.py:840} INFO - DAG(s) 'dataset_produces_1', 'dataset_consumes_1_never_scheduled', 'dataset_consumes_1_and_2', 'dataset_produces_2', 'dataset_consumes_1', 'dataset_consumes_unknown_never_scheduled' retrieved from /home/airflow/.local/lib/python3.8/site-packages/airflow/example_dags/example_datasets.py
[2024-02-28T08:03:11.869+0000] {logging_mixin.py:188} INFO - [2024-02-28T08:03:11.869+0000] {dag.py:3036} INFO - Sync 6 DAGs
[2024-02-28T08:03:11.880+0000] {logging_mixin.py:188} INFO - [2024-02-28T08:03:11.880+0000] {dag.py:3823} INFO - Setting next_dagrun for dataset_consumes_1 to None, run_after=None
[2024-02-28T08:03:11.882+0000] {logging_mixin.py:188} INFO - [2024-02-28T08:03:11.882+0000] {dag.py:3823} INFO - Setting next_dagrun for dataset_consumes_1_and_2 to None, run_after=None
[2024-02-28T08:03:11.882+0000] {logging_mixin.py:188} INFO - [2024-02-28T08:03:11.882+0000] {dag.py:3823} INFO - Setting next_dagrun for dataset_consumes_1_never_scheduled to None, run_after=None
[2024-02-28T08:03:11.883+0000] {logging_mixin.py:188} INFO - [2024-02-28T08:03:11.883+0000] {dag.py:3823} INFO - Setting next_dagrun for dataset_consumes_unknown_never_scheduled to None, run_after=None
[2024-02-28T08:03:11.884+0000] {logging_mixin.py:188} INFO - [2024-02-28T08:03:11.884+0000] {dag.py:3823} INFO - Setting next_dagrun for dataset_produces_1 to 2024-02-27 00:00:00+00:00, run_after=2024-02-28 00:00:00+00:00
[2024-02-28T08:03:11.885+0000] {logging_mixin.py:188} INFO - [2024-02-28T08:03:11.885+0000] {dag.py:3823} INFO - Setting next_dagrun for dataset_produces_2 to None, run_after=None
[2024-02-28T08:03:11.899+0000] {processor.py:183} INFO - Processing /home/airflow/.local/lib/python3.8/site-packages/airflow/example_dags/example_datasets.py took 0.061 seconds
[2024-02-28T08:03:41.988+0000] {processor.py:161} INFO - Started process (PID=596) to work on /home/airflow/.local/lib/python3.8/site-packages/airflow/example_dags/example_datasets.py
[2024-02-28T08:03:41.989+0000] {processor.py:830} INFO - Processing file /home/airflow/.local/lib/python3.8/site-packages/airflow/example_dags/example_datasets.py for tasks to queue
[2024-02-28T08:03:41.990+0000] {logging_mixin.py:188} INFO - [2024-02-28T08:03:41.989+0000] {dagbag.py:538} INFO - Filling up the DagBag from /home/airflow/.local/lib/python3.8/site-packages/airflow/example_dags/example_datasets.py
[2024-02-28T08:03:41.996+0000] {processor.py:840} INFO - DAG(s) 'dataset_produces_1', 'dataset_produces_2', 'dataset_consumes_1', 'dataset_consumes_unknown_never_scheduled', 'dataset_consumes_1_and_2', 'dataset_consumes_1_never_scheduled' retrieved from /home/airflow/.local/lib/python3.8/site-packages/airflow/example_dags/example_datasets.py
[2024-02-28T08:03:42.017+0000] {logging_mixin.py:188} INFO - [2024-02-28T08:03:42.017+0000] {dag.py:3036} INFO - Sync 6 DAGs
[2024-02-28T08:03:42.028+0000] {logging_mixin.py:188} INFO - [2024-02-28T08:03:42.028+0000] {dag.py:3823} INFO - Setting next_dagrun for dataset_consumes_1 to None, run_after=None
[2024-02-28T08:03:42.030+0000] {logging_mixin.py:188} INFO - [2024-02-28T08:03:42.030+0000] {dag.py:3823} INFO - Setting next_dagrun for dataset_consumes_1_and_2 to None, run_after=None
[2024-02-28T08:03:42.031+0000] {logging_mixin.py:188} INFO - [2024-02-28T08:03:42.031+0000] {dag.py:3823} INFO - Setting next_dagrun for dataset_consumes_1_never_scheduled to None, run_after=None
[2024-02-28T08:03:42.031+0000] {logging_mixin.py:188} INFO - [2024-02-28T08:03:42.031+0000] {dag.py:3823} INFO - Setting next_dagrun for dataset_consumes_unknown_never_scheduled to None, run_after=None
[2024-02-28T08:03:42.033+0000] {logging_mixin.py:188} INFO - [2024-02-28T08:03:42.033+0000] {dag.py:3823} INFO - Setting next_dagrun for dataset_produces_1 to 2024-02-27 00:00:00+00:00, run_after=2024-02-28 00:00:00+00:00
[2024-02-28T08:03:42.033+0000] {logging_mixin.py:188} INFO - [2024-02-28T08:03:42.033+0000] {dag.py:3823} INFO - Setting next_dagrun for dataset_produces_2 to None, run_after=None
[2024-02-28T08:03:42.048+0000] {processor.py:183} INFO - Processing /home/airflow/.local/lib/python3.8/site-packages/airflow/example_dags/example_datasets.py took 0.062 seconds
[2024-02-28T08:04:12.113+0000] {processor.py:161} INFO - Started process (PID=664) to work on /home/airflow/.local/lib/python3.8/site-packages/airflow/example_dags/example_datasets.py
[2024-02-28T08:04:12.114+0000] {processor.py:830} INFO - Processing file /home/airflow/.local/lib/python3.8/site-packages/airflow/example_dags/example_datasets.py for tasks to queue
[2024-02-28T08:04:12.115+0000] {logging_mixin.py:188} INFO - [2024-02-28T08:04:12.114+0000] {dagbag.py:538} INFO - Filling up the DagBag from /home/airflow/.local/lib/python3.8/site-packages/airflow/example_dags/example_datasets.py
[2024-02-28T08:04:12.121+0000] {processor.py:840} INFO - DAG(s) 'dataset_consumes_1_and_2', 'dataset_produces_2', 'dataset_consumes_unknown_never_scheduled', 'dataset_produces_1', 'dataset_consumes_1', 'dataset_consumes_1_never_scheduled' retrieved from /home/airflow/.local/lib/python3.8/site-packages/airflow/example_dags/example_datasets.py
[2024-02-28T08:04:12.142+0000] {logging_mixin.py:188} INFO - [2024-02-28T08:04:12.142+0000] {dag.py:3036} INFO - Sync 6 DAGs
[2024-02-28T08:04:12.153+0000] {logging_mixin.py:188} INFO - [2024-02-28T08:04:12.153+0000] {dag.py:3823} INFO - Setting next_dagrun for dataset_consumes_1 to None, run_after=None
[2024-02-28T08:04:12.155+0000] {logging_mixin.py:188} INFO - [2024-02-28T08:04:12.155+0000] {dag.py:3823} INFO - Setting next_dagrun for dataset_consumes_1_and_2 to None, run_after=None
[2024-02-28T08:04:12.156+0000] {logging_mixin.py:188} INFO - [2024-02-28T08:04:12.156+0000] {dag.py:3823} INFO - Setting next_dagrun for dataset_consumes_1_never_scheduled to None, run_after=None
[2024-02-28T08:04:12.156+0000] {logging_mixin.py:188} INFO - [2024-02-28T08:04:12.156+0000] {dag.py:3823} INFO - Setting next_dagrun for dataset_consumes_unknown_never_scheduled to None, run_after=None
[2024-02-28T08:04:12.158+0000] {logging_mixin.py:188} INFO - [2024-02-28T08:04:12.158+0000] {dag.py:3823} INFO - Setting next_dagrun for dataset_produces_1 to 2024-02-27 00:00:00+00:00, run_after=2024-02-28 00:00:00+00:00
[2024-02-28T08:04:12.158+0000] {logging_mixin.py:188} INFO - [2024-02-28T08:04:12.158+0000] {dag.py:3823} INFO - Setting next_dagrun for dataset_produces_2 to None, run_after=None
[2024-02-28T08:04:12.173+0000] {processor.py:183} INFO - Processing /home/airflow/.local/lib/python3.8/site-packages/airflow/example_dags/example_datasets.py took 0.062 seconds
[2024-02-28T08:04:42.190+0000] {processor.py:161} INFO - Started process (PID=729) to work on /home/airflow/.local/lib/python3.8/site-packages/airflow/example_dags/example_datasets.py
[2024-02-28T08:04:42.191+0000] {processor.py:830} INFO - Processing file /home/airflow/.local/lib/python3.8/site-packages/airflow/example_dags/example_datasets.py for tasks to queue
[2024-02-28T08:04:42.192+0000] {logging_mixin.py:188} INFO - [2024-02-28T08:04:42.192+0000] {dagbag.py:538} INFO - Filling up the DagBag from /home/airflow/.local/lib/python3.8/site-packages/airflow/example_dags/example_datasets.py
[2024-02-28T08:04:42.199+0000] {processor.py:840} INFO - DAG(s) 'dataset_consumes_1', 'dataset_consumes_unknown_never_scheduled', 'dataset_consumes_1_and_2', 'dataset_produces_2', 'dataset_consumes_1_never_scheduled', 'dataset_produces_1' retrieved from /home/airflow/.local/lib/python3.8/site-packages/airflow/example_dags/example_datasets.py
[2024-02-28T08:04:42.223+0000] {logging_mixin.py:188} INFO - [2024-02-28T08:04:42.223+0000] {dag.py:3036} INFO - Sync 6 DAGs
[2024-02-28T08:04:42.235+0000] {logging_mixin.py:188} INFO - [2024-02-28T08:04:42.235+0000] {dag.py:3823} INFO - Setting next_dagrun for dataset_consumes_1 to None, run_after=None
[2024-02-28T08:04:42.238+0000] {logging_mixin.py:188} INFO - [2024-02-28T08:04:42.238+0000] {dag.py:3823} INFO - Setting next_dagrun for dataset_consumes_1_and_2 to None, run_after=None
[2024-02-28T08:04:42.239+0000] {logging_mixin.py:188} INFO - [2024-02-28T08:04:42.239+0000] {dag.py:3823} INFO - Setting next_dagrun for dataset_consumes_1_never_scheduled to None, run_after=None
[2024-02-28T08:04:42.240+0000] {logging_mixin.py:188} INFO - [2024-02-28T08:04:42.240+0000] {dag.py:3823} INFO - Setting next_dagrun for dataset_consumes_unknown_never_scheduled to None, run_after=None
[2024-02-28T08:04:42.242+0000] {logging_mixin.py:188} INFO - [2024-02-28T08:04:42.242+0000] {dag.py:3823} INFO - Setting next_dagrun for dataset_produces_1 to 2024-02-27 00:00:00+00:00, run_after=2024-02-28 00:00:00+00:00
[2024-02-28T08:04:42.244+0000] {logging_mixin.py:188} INFO - [2024-02-28T08:04:42.243+0000] {dag.py:3823} INFO - Setting next_dagrun for dataset_produces_2 to None, run_after=None
[2024-02-28T08:04:42.260+0000] {processor.py:183} INFO - Processing /home/airflow/.local/lib/python3.8/site-packages/airflow/example_dags/example_datasets.py took 0.072 seconds
[2024-02-28T08:05:12.383+0000] {processor.py:161} INFO - Started process (PID=797) to work on /home/airflow/.local/lib/python3.8/site-packages/airflow/example_dags/example_datasets.py
[2024-02-28T08:05:12.383+0000] {processor.py:830} INFO - Processing file /home/airflow/.local/lib/python3.8/site-packages/airflow/example_dags/example_datasets.py for tasks to queue
[2024-02-28T08:05:12.384+0000] {logging_mixin.py:188} INFO - [2024-02-28T08:05:12.384+0000] {dagbag.py:538} INFO - Filling up the DagBag from /home/airflow/.local/lib/python3.8/site-packages/airflow/example_dags/example_datasets.py
[2024-02-28T08:05:12.391+0000] {processor.py:840} INFO - DAG(s) 'dataset_consumes_1_never_scheduled', 'dataset_consumes_1_and_2', 'dataset_consumes_1', 'dataset_produces_1', 'dataset_consumes_unknown_never_scheduled', 'dataset_produces_2' retrieved from /home/airflow/.local/lib/python3.8/site-packages/airflow/example_dags/example_datasets.py
[2024-02-28T08:05:12.413+0000] {logging_mixin.py:188} INFO - [2024-02-28T08:05:12.413+0000] {dag.py:3036} INFO - Sync 6 DAGs
[2024-02-28T08:05:12.426+0000] {logging_mixin.py:188} INFO - [2024-02-28T08:05:12.425+0000] {dag.py:3823} INFO - Setting next_dagrun for dataset_consumes_1 to None, run_after=None
[2024-02-28T08:05:12.428+0000] {logging_mixin.py:188} INFO - [2024-02-28T08:05:12.427+0000] {dag.py:3823} INFO - Setting next_dagrun for dataset_consumes_1_and_2 to None, run_after=None
[2024-02-28T08:05:12.428+0000] {logging_mixin.py:188} INFO - [2024-02-28T08:05:12.428+0000] {dag.py:3823} INFO - Setting next_dagrun for dataset_consumes_1_never_scheduled to None, run_after=None
[2024-02-28T08:05:12.429+0000] {logging_mixin.py:188} INFO - [2024-02-28T08:05:12.429+0000] {dag.py:3823} INFO - Setting next_dagrun for dataset_consumes_unknown_never_scheduled to None, run_after=None
[2024-02-28T08:05:12.431+0000] {logging_mixin.py:188} INFO - [2024-02-28T08:05:12.431+0000] {dag.py:3823} INFO - Setting next_dagrun for dataset_produces_1 to 2024-02-27 00:00:00+00:00, run_after=2024-02-28 00:00:00+00:00
[2024-02-28T08:05:12.432+0000] {logging_mixin.py:188} INFO - [2024-02-28T08:05:12.431+0000] {dag.py:3823} INFO - Setting next_dagrun for dataset_produces_2 to None, run_after=None
[2024-02-28T08:05:12.449+0000] {processor.py:183} INFO - Processing /home/airflow/.local/lib/python3.8/site-packages/airflow/example_dags/example_datasets.py took 0.068 seconds
[2024-02-28T08:05:42.484+0000] {processor.py:161} INFO - Started process (PID=865) to work on /home/airflow/.local/lib/python3.8/site-packages/airflow/example_dags/example_datasets.py
[2024-02-28T08:05:42.485+0000] {processor.py:830} INFO - Processing file /home/airflow/.local/lib/python3.8/site-packages/airflow/example_dags/example_datasets.py for tasks to queue
[2024-02-28T08:05:42.486+0000] {logging_mixin.py:188} INFO - [2024-02-28T08:05:42.485+0000] {dagbag.py:538} INFO - Filling up the DagBag from /home/airflow/.local/lib/python3.8/site-packages/airflow/example_dags/example_datasets.py
[2024-02-28T08:05:42.492+0000] {processor.py:840} INFO - DAG(s) 'dataset_consumes_1', 'dataset_consumes_1_and_2', 'dataset_produces_2', 'dataset_consumes_unknown_never_scheduled', 'dataset_produces_1', 'dataset_consumes_1_never_scheduled' retrieved from /home/airflow/.local/lib/python3.8/site-packages/airflow/example_dags/example_datasets.py
[2024-02-28T08:05:42.512+0000] {logging_mixin.py:188} INFO - [2024-02-28T08:05:42.512+0000] {dag.py:3036} INFO - Sync 6 DAGs
[2024-02-28T08:05:42.523+0000] {logging_mixin.py:188} INFO - [2024-02-28T08:05:42.523+0000] {dag.py:3823} INFO - Setting next_dagrun for dataset_consumes_1 to None, run_after=None
[2024-02-28T08:05:42.525+0000] {logging_mixin.py:188} INFO - [2024-02-28T08:05:42.525+0000] {dag.py:3823} INFO - Setting next_dagrun for dataset_consumes_1_and_2 to None, run_after=None
[2024-02-28T08:05:42.526+0000] {logging_mixin.py:188} INFO - [2024-02-28T08:05:42.525+0000] {dag.py:3823} INFO - Setting next_dagrun for dataset_consumes_1_never_scheduled to None, run_after=None
[2024-02-28T08:05:42.526+0000] {logging_mixin.py:188} INFO - [2024-02-28T08:05:42.526+0000] {dag.py:3823} INFO - Setting next_dagrun for dataset_consumes_unknown_never_scheduled to None, run_after=None
[2024-02-28T08:05:42.527+0000] {logging_mixin.py:188} INFO - [2024-02-28T08:05:42.527+0000] {dag.py:3823} INFO - Setting next_dagrun for dataset_produces_1 to 2024-02-27 00:00:00+00:00, run_after=2024-02-28 00:00:00+00:00
[2024-02-28T08:05:42.528+0000] {logging_mixin.py:188} INFO - [2024-02-28T08:05:42.528+0000] {dag.py:3823} INFO - Setting next_dagrun for dataset_produces_2 to None, run_after=None
[2024-02-28T08:05:42.542+0000] {processor.py:183} INFO - Processing /home/airflow/.local/lib/python3.8/site-packages/airflow/example_dags/example_datasets.py took 0.060 seconds
[2024-02-28T08:06:12.768+0000] {processor.py:161} INFO - Started process (PID=933) to work on /home/airflow/.local/lib/python3.8/site-packages/airflow/example_dags/example_datasets.py
[2024-02-28T08:06:12.769+0000] {processor.py:830} INFO - Processing file /home/airflow/.local/lib/python3.8/site-packages/airflow/example_dags/example_datasets.py for tasks to queue
[2024-02-28T08:06:12.769+0000] {logging_mixin.py:188} INFO - [2024-02-28T08:06:12.769+0000] {dagbag.py:538} INFO - Filling up the DagBag from /home/airflow/.local/lib/python3.8/site-packages/airflow/example_dags/example_datasets.py
[2024-02-28T08:06:12.776+0000] {processor.py:840} INFO - DAG(s) 'dataset_produces_2', 'dataset_consumes_1', 'dataset_consumes_1_and_2', 'dataset_consumes_unknown_never_scheduled', 'dataset_consumes_1_never_scheduled', 'dataset_produces_1' retrieved from /home/airflow/.local/lib/python3.8/site-packages/airflow/example_dags/example_datasets.py
[2024-02-28T08:06:12.801+0000] {logging_mixin.py:188} INFO - [2024-02-28T08:06:12.801+0000] {dag.py:3036} INFO - Sync 6 DAGs
[2024-02-28T08:06:12.816+0000] {logging_mixin.py:188} INFO - [2024-02-28T08:06:12.815+0000] {dag.py:3823} INFO - Setting next_dagrun for dataset_consumes_1 to None, run_after=None
[2024-02-28T08:06:12.818+0000] {logging_mixin.py:188} INFO - [2024-02-28T08:06:12.817+0000] {dag.py:3823} INFO - Setting next_dagrun for dataset_consumes_1_and_2 to None, run_after=None
[2024-02-28T08:06:12.818+0000] {logging_mixin.py:188} INFO - [2024-02-28T08:06:12.818+0000] {dag.py:3823} INFO - Setting next_dagrun for dataset_consumes_1_never_scheduled to None, run_after=None
[2024-02-28T08:06:12.819+0000] {logging_mixin.py:188} INFO - [2024-02-28T08:06:12.819+0000] {dag.py:3823} INFO - Setting next_dagrun for dataset_consumes_unknown_never_scheduled to None, run_after=None
[2024-02-28T08:06:12.821+0000] {logging_mixin.py:188} INFO - [2024-02-28T08:06:12.821+0000] {dag.py:3823} INFO - Setting next_dagrun for dataset_produces_1 to 2024-02-27 00:00:00+00:00, run_after=2024-02-28 00:00:00+00:00
[2024-02-28T08:06:12.821+0000] {logging_mixin.py:188} INFO - [2024-02-28T08:06:12.821+0000] {dag.py:3823} INFO - Setting next_dagrun for dataset_produces_2 to None, run_after=None
[2024-02-28T08:06:12.840+0000] {processor.py:183} INFO - Processing /home/airflow/.local/lib/python3.8/site-packages/airflow/example_dags/example_datasets.py took 0.075 seconds
