[2024-02-28T07:59:39.578+0000] {processor.py:161} INFO - Started process (PID=62) to work on /home/airflow/.local/lib/python3.8/site-packages/airflow/example_dags/example_branch_labels.py
[2024-02-28T07:59:39.579+0000] {processor.py:830} INFO - Processing file /home/airflow/.local/lib/python3.8/site-packages/airflow/example_dags/example_branch_labels.py for tasks to queue
[2024-02-28T07:59:39.580+0000] {logging_mixin.py:188} INFO - [2024-02-28T07:59:39.580+0000] {dagbag.py:538} INFO - Filling up the DagBag from /home/airflow/.local/lib/python3.8/site-packages/airflow/example_dags/example_branch_labels.py
[2024-02-28T07:59:39.587+0000] {processor.py:840} INFO - DAG(s) 'example_branch_labels' retrieved from /home/airflow/.local/lib/python3.8/site-packages/airflow/example_dags/example_branch_labels.py
[2024-02-28T07:59:39.606+0000] {logging_mixin.py:188} INFO - [2024-02-28T07:59:39.604+0000] {dag.py:3036} INFO - Sync 1 DAGs
[2024-02-28T07:59:39.618+0000] {logging_mixin.py:188} INFO - [2024-02-28T07:59:39.618+0000] {dag.py:3823} INFO - Setting next_dagrun for example_branch_labels to 2024-02-27 00:00:00+00:00, run_after=2024-02-28 00:00:00+00:00
[2024-02-28T07:59:39.628+0000] {processor.py:183} INFO - Processing /home/airflow/.local/lib/python3.8/site-packages/airflow/example_dags/example_branch_labels.py took 0.053 seconds
[2024-02-28T08:00:10.107+0000] {processor.py:161} INFO - Started process (PID=129) to work on /home/airflow/.local/lib/python3.8/site-packages/airflow/example_dags/example_branch_labels.py
[2024-02-28T08:00:10.108+0000] {processor.py:830} INFO - Processing file /home/airflow/.local/lib/python3.8/site-packages/airflow/example_dags/example_branch_labels.py for tasks to queue
[2024-02-28T08:00:10.110+0000] {logging_mixin.py:188} INFO - [2024-02-28T08:00:10.109+0000] {dagbag.py:538} INFO - Filling up the DagBag from /home/airflow/.local/lib/python3.8/site-packages/airflow/example_dags/example_branch_labels.py
[2024-02-28T08:00:10.115+0000] {processor.py:840} INFO - DAG(s) 'example_branch_labels' retrieved from /home/airflow/.local/lib/python3.8/site-packages/airflow/example_dags/example_branch_labels.py
[2024-02-28T08:00:10.129+0000] {logging_mixin.py:188} INFO - [2024-02-28T08:00:10.129+0000] {dag.py:3036} INFO - Sync 1 DAGs
[2024-02-28T08:00:10.141+0000] {logging_mixin.py:188} INFO - [2024-02-28T08:00:10.141+0000] {dag.py:3823} INFO - Setting next_dagrun for example_branch_labels to 2024-02-27 00:00:00+00:00, run_after=2024-02-28 00:00:00+00:00
[2024-02-28T08:00:10.149+0000] {processor.py:183} INFO - Processing /home/airflow/.local/lib/python3.8/site-packages/airflow/example_dags/example_branch_labels.py took 0.044 seconds
[2024-02-28T08:00:40.444+0000] {processor.py:161} INFO - Started process (PID=196) to work on /home/airflow/.local/lib/python3.8/site-packages/airflow/example_dags/example_branch_labels.py
[2024-02-28T08:00:40.445+0000] {processor.py:830} INFO - Processing file /home/airflow/.local/lib/python3.8/site-packages/airflow/example_dags/example_branch_labels.py for tasks to queue
[2024-02-28T08:00:40.445+0000] {logging_mixin.py:188} INFO - [2024-02-28T08:00:40.445+0000] {dagbag.py:538} INFO - Filling up the DagBag from /home/airflow/.local/lib/python3.8/site-packages/airflow/example_dags/example_branch_labels.py
[2024-02-28T08:00:40.451+0000] {processor.py:840} INFO - DAG(s) 'example_branch_labels' retrieved from /home/airflow/.local/lib/python3.8/site-packages/airflow/example_dags/example_branch_labels.py
[2024-02-28T08:00:40.466+0000] {logging_mixin.py:188} INFO - [2024-02-28T08:00:40.465+0000] {dag.py:3036} INFO - Sync 1 DAGs
[2024-02-28T08:00:40.477+0000] {logging_mixin.py:188} INFO - [2024-02-28T08:00:40.477+0000] {dag.py:3823} INFO - Setting next_dagrun for example_branch_labels to 2024-02-27 00:00:00+00:00, run_after=2024-02-28 00:00:00+00:00
[2024-02-28T08:00:40.485+0000] {processor.py:183} INFO - Processing /home/airflow/.local/lib/python3.8/site-packages/airflow/example_dags/example_branch_labels.py took 0.044 seconds
[2024-02-28T08:01:10.677+0000] {processor.py:161} INFO - Started process (PID=263) to work on /home/airflow/.local/lib/python3.8/site-packages/airflow/example_dags/example_branch_labels.py
[2024-02-28T08:01:10.678+0000] {processor.py:830} INFO - Processing file /home/airflow/.local/lib/python3.8/site-packages/airflow/example_dags/example_branch_labels.py for tasks to queue
[2024-02-28T08:01:10.679+0000] {logging_mixin.py:188} INFO - [2024-02-28T08:01:10.679+0000] {dagbag.py:538} INFO - Filling up the DagBag from /home/airflow/.local/lib/python3.8/site-packages/airflow/example_dags/example_branch_labels.py
[2024-02-28T08:01:10.684+0000] {processor.py:840} INFO - DAG(s) 'example_branch_labels' retrieved from /home/airflow/.local/lib/python3.8/site-packages/airflow/example_dags/example_branch_labels.py
[2024-02-28T08:01:10.698+0000] {logging_mixin.py:188} INFO - [2024-02-28T08:01:10.698+0000] {dag.py:3036} INFO - Sync 1 DAGs
[2024-02-28T08:01:10.710+0000] {logging_mixin.py:188} INFO - [2024-02-28T08:01:10.710+0000] {dag.py:3823} INFO - Setting next_dagrun for example_branch_labels to 2024-02-27 00:00:00+00:00, run_after=2024-02-28 00:00:00+00:00
[2024-02-28T08:01:10.722+0000] {processor.py:183} INFO - Processing /home/airflow/.local/lib/python3.8/site-packages/airflow/example_dags/example_branch_labels.py took 0.047 seconds
[2024-02-28T08:01:41.152+0000] {processor.py:161} INFO - Started process (PID=330) to work on /home/airflow/.local/lib/python3.8/site-packages/airflow/example_dags/example_branch_labels.py
[2024-02-28T08:01:41.153+0000] {processor.py:830} INFO - Processing file /home/airflow/.local/lib/python3.8/site-packages/airflow/example_dags/example_branch_labels.py for tasks to queue
[2024-02-28T08:01:41.154+0000] {logging_mixin.py:188} INFO - [2024-02-28T08:01:41.154+0000] {dagbag.py:538} INFO - Filling up the DagBag from /home/airflow/.local/lib/python3.8/site-packages/airflow/example_dags/example_branch_labels.py
[2024-02-28T08:01:41.159+0000] {processor.py:840} INFO - DAG(s) 'example_branch_labels' retrieved from /home/airflow/.local/lib/python3.8/site-packages/airflow/example_dags/example_branch_labels.py
[2024-02-28T08:01:41.175+0000] {logging_mixin.py:188} INFO - [2024-02-28T08:01:41.175+0000] {dag.py:3036} INFO - Sync 1 DAGs
[2024-02-28T08:01:41.187+0000] {logging_mixin.py:188} INFO - [2024-02-28T08:01:41.187+0000] {dag.py:3823} INFO - Setting next_dagrun for example_branch_labels to 2024-02-27 00:00:00+00:00, run_after=2024-02-28 00:00:00+00:00
[2024-02-28T08:01:41.196+0000] {processor.py:183} INFO - Processing /home/airflow/.local/lib/python3.8/site-packages/airflow/example_dags/example_branch_labels.py took 0.046 seconds
[2024-02-28T08:02:11.429+0000] {processor.py:161} INFO - Started process (PID=397) to work on /home/airflow/.local/lib/python3.8/site-packages/airflow/example_dags/example_branch_labels.py
[2024-02-28T08:02:11.429+0000] {processor.py:830} INFO - Processing file /home/airflow/.local/lib/python3.8/site-packages/airflow/example_dags/example_branch_labels.py for tasks to queue
[2024-02-28T08:02:11.430+0000] {logging_mixin.py:188} INFO - [2024-02-28T08:02:11.430+0000] {dagbag.py:538} INFO - Filling up the DagBag from /home/airflow/.local/lib/python3.8/site-packages/airflow/example_dags/example_branch_labels.py
[2024-02-28T08:02:11.435+0000] {processor.py:840} INFO - DAG(s) 'example_branch_labels' retrieved from /home/airflow/.local/lib/python3.8/site-packages/airflow/example_dags/example_branch_labels.py
[2024-02-28T08:02:11.450+0000] {logging_mixin.py:188} INFO - [2024-02-28T08:02:11.450+0000] {dag.py:3036} INFO - Sync 1 DAGs
[2024-02-28T08:02:11.462+0000] {logging_mixin.py:188} INFO - [2024-02-28T08:02:11.462+0000] {dag.py:3823} INFO - Setting next_dagrun for example_branch_labels to 2024-02-27 00:00:00+00:00, run_after=2024-02-28 00:00:00+00:00
[2024-02-28T08:02:11.470+0000] {processor.py:183} INFO - Processing /home/airflow/.local/lib/python3.8/site-packages/airflow/example_dags/example_branch_labels.py took 0.044 seconds
[2024-02-28T08:02:41.634+0000] {processor.py:161} INFO - Started process (PID=464) to work on /home/airflow/.local/lib/python3.8/site-packages/airflow/example_dags/example_branch_labels.py
[2024-02-28T08:02:41.635+0000] {processor.py:830} INFO - Processing file /home/airflow/.local/lib/python3.8/site-packages/airflow/example_dags/example_branch_labels.py for tasks to queue
[2024-02-28T08:02:41.635+0000] {logging_mixin.py:188} INFO - [2024-02-28T08:02:41.635+0000] {dagbag.py:538} INFO - Filling up the DagBag from /home/airflow/.local/lib/python3.8/site-packages/airflow/example_dags/example_branch_labels.py
[2024-02-28T08:02:41.640+0000] {processor.py:840} INFO - DAG(s) 'example_branch_labels' retrieved from /home/airflow/.local/lib/python3.8/site-packages/airflow/example_dags/example_branch_labels.py
[2024-02-28T08:02:41.656+0000] {logging_mixin.py:188} INFO - [2024-02-28T08:02:41.656+0000] {dag.py:3036} INFO - Sync 1 DAGs
[2024-02-28T08:02:41.668+0000] {logging_mixin.py:188} INFO - [2024-02-28T08:02:41.668+0000] {dag.py:3823} INFO - Setting next_dagrun for example_branch_labels to 2024-02-27 00:00:00+00:00, run_after=2024-02-28 00:00:00+00:00
[2024-02-28T08:02:41.677+0000] {processor.py:183} INFO - Processing /home/airflow/.local/lib/python3.8/site-packages/airflow/example_dags/example_branch_labels.py took 0.045 seconds
[2024-02-28T08:03:11.914+0000] {processor.py:161} INFO - Started process (PID=531) to work on /home/airflow/.local/lib/python3.8/site-packages/airflow/example_dags/example_branch_labels.py
[2024-02-28T08:03:11.915+0000] {processor.py:830} INFO - Processing file /home/airflow/.local/lib/python3.8/site-packages/airflow/example_dags/example_branch_labels.py for tasks to queue
[2024-02-28T08:03:11.915+0000] {logging_mixin.py:188} INFO - [2024-02-28T08:03:11.915+0000] {dagbag.py:538} INFO - Filling up the DagBag from /home/airflow/.local/lib/python3.8/site-packages/airflow/example_dags/example_branch_labels.py
[2024-02-28T08:03:11.920+0000] {processor.py:840} INFO - DAG(s) 'example_branch_labels' retrieved from /home/airflow/.local/lib/python3.8/site-packages/airflow/example_dags/example_branch_labels.py
[2024-02-28T08:03:11.935+0000] {logging_mixin.py:188} INFO - [2024-02-28T08:03:11.935+0000] {dag.py:3036} INFO - Sync 1 DAGs
[2024-02-28T08:03:11.946+0000] {logging_mixin.py:188} INFO - [2024-02-28T08:03:11.946+0000] {dag.py:3823} INFO - Setting next_dagrun for example_branch_labels to 2024-02-27 00:00:00+00:00, run_after=2024-02-28 00:00:00+00:00
[2024-02-28T08:03:11.954+0000] {processor.py:183} INFO - Processing /home/airflow/.local/lib/python3.8/site-packages/airflow/example_dags/example_branch_labels.py took 0.043 seconds
[2024-02-28T08:03:42.065+0000] {processor.py:161} INFO - Started process (PID=599) to work on /home/airflow/.local/lib/python3.8/site-packages/airflow/example_dags/example_branch_labels.py
[2024-02-28T08:03:42.065+0000] {processor.py:830} INFO - Processing file /home/airflow/.local/lib/python3.8/site-packages/airflow/example_dags/example_branch_labels.py for tasks to queue
[2024-02-28T08:03:42.066+0000] {logging_mixin.py:188} INFO - [2024-02-28T08:03:42.066+0000] {dagbag.py:538} INFO - Filling up the DagBag from /home/airflow/.local/lib/python3.8/site-packages/airflow/example_dags/example_branch_labels.py
[2024-02-28T08:03:42.071+0000] {processor.py:840} INFO - DAG(s) 'example_branch_labels' retrieved from /home/airflow/.local/lib/python3.8/site-packages/airflow/example_dags/example_branch_labels.py
[2024-02-28T08:03:42.087+0000] {logging_mixin.py:188} INFO - [2024-02-28T08:03:42.086+0000] {dag.py:3036} INFO - Sync 1 DAGs
[2024-02-28T08:03:42.098+0000] {logging_mixin.py:188} INFO - [2024-02-28T08:03:42.098+0000] {dag.py:3823} INFO - Setting next_dagrun for example_branch_labels to 2024-02-27 00:00:00+00:00, run_after=2024-02-28 00:00:00+00:00
[2024-02-28T08:03:42.111+0000] {processor.py:183} INFO - Processing /home/airflow/.local/lib/python3.8/site-packages/airflow/example_dags/example_branch_labels.py took 0.049 seconds
[2024-02-28T08:04:12.175+0000] {processor.py:161} INFO - Started process (PID=666) to work on /home/airflow/.local/lib/python3.8/site-packages/airflow/example_dags/example_branch_labels.py
[2024-02-28T08:04:12.176+0000] {processor.py:830} INFO - Processing file /home/airflow/.local/lib/python3.8/site-packages/airflow/example_dags/example_branch_labels.py for tasks to queue
[2024-02-28T08:04:12.177+0000] {logging_mixin.py:188} INFO - [2024-02-28T08:04:12.176+0000] {dagbag.py:538} INFO - Filling up the DagBag from /home/airflow/.local/lib/python3.8/site-packages/airflow/example_dags/example_branch_labels.py
[2024-02-28T08:04:12.182+0000] {processor.py:840} INFO - DAG(s) 'example_branch_labels' retrieved from /home/airflow/.local/lib/python3.8/site-packages/airflow/example_dags/example_branch_labels.py
[2024-02-28T08:04:12.197+0000] {logging_mixin.py:188} INFO - [2024-02-28T08:04:12.197+0000] {dag.py:3036} INFO - Sync 1 DAGs
[2024-02-28T08:04:12.209+0000] {logging_mixin.py:188} INFO - [2024-02-28T08:04:12.209+0000] {dag.py:3823} INFO - Setting next_dagrun for example_branch_labels to 2024-02-27 00:00:00+00:00, run_after=2024-02-28 00:00:00+00:00
[2024-02-28T08:04:12.218+0000] {processor.py:183} INFO - Processing /home/airflow/.local/lib/python3.8/site-packages/airflow/example_dags/example_branch_labels.py took 0.045 seconds
[2024-02-28T08:04:42.391+0000] {processor.py:161} INFO - Started process (PID=733) to work on /home/airflow/.local/lib/python3.8/site-packages/airflow/example_dags/example_branch_labels.py
[2024-02-28T08:04:42.392+0000] {processor.py:830} INFO - Processing file /home/airflow/.local/lib/python3.8/site-packages/airflow/example_dags/example_branch_labels.py for tasks to queue
[2024-02-28T08:04:42.393+0000] {logging_mixin.py:188} INFO - [2024-02-28T08:04:42.392+0000] {dagbag.py:538} INFO - Filling up the DagBag from /home/airflow/.local/lib/python3.8/site-packages/airflow/example_dags/example_branch_labels.py
[2024-02-28T08:04:42.398+0000] {processor.py:840} INFO - DAG(s) 'example_branch_labels' retrieved from /home/airflow/.local/lib/python3.8/site-packages/airflow/example_dags/example_branch_labels.py
[2024-02-28T08:04:42.415+0000] {logging_mixin.py:188} INFO - [2024-02-28T08:04:42.414+0000] {dag.py:3036} INFO - Sync 1 DAGs
[2024-02-28T08:04:42.427+0000] {logging_mixin.py:188} INFO - [2024-02-28T08:04:42.426+0000] {dag.py:3823} INFO - Setting next_dagrun for example_branch_labels to 2024-02-27 00:00:00+00:00, run_after=2024-02-28 00:00:00+00:00
[2024-02-28T08:04:42.435+0000] {processor.py:183} INFO - Processing /home/airflow/.local/lib/python3.8/site-packages/airflow/example_dags/example_branch_labels.py took 0.047 seconds
[2024-02-28T08:05:12.516+0000] {processor.py:161} INFO - Started process (PID=801) to work on /home/airflow/.local/lib/python3.8/site-packages/airflow/example_dags/example_branch_labels.py
[2024-02-28T08:05:12.517+0000] {processor.py:830} INFO - Processing file /home/airflow/.local/lib/python3.8/site-packages/airflow/example_dags/example_branch_labels.py for tasks to queue
[2024-02-28T08:05:12.518+0000] {logging_mixin.py:188} INFO - [2024-02-28T08:05:12.518+0000] {dagbag.py:538} INFO - Filling up the DagBag from /home/airflow/.local/lib/python3.8/site-packages/airflow/example_dags/example_branch_labels.py
[2024-02-28T08:05:12.524+0000] {processor.py:840} INFO - DAG(s) 'example_branch_labels' retrieved from /home/airflow/.local/lib/python3.8/site-packages/airflow/example_dags/example_branch_labels.py
[2024-02-28T08:05:12.541+0000] {logging_mixin.py:188} INFO - [2024-02-28T08:05:12.540+0000] {dag.py:3036} INFO - Sync 1 DAGs
[2024-02-28T08:05:12.553+0000] {logging_mixin.py:188} INFO - [2024-02-28T08:05:12.552+0000] {dag.py:3823} INFO - Setting next_dagrun for example_branch_labels to 2024-02-27 00:00:00+00:00, run_after=2024-02-28 00:00:00+00:00
[2024-02-28T08:05:12.564+0000] {processor.py:183} INFO - Processing /home/airflow/.local/lib/python3.8/site-packages/airflow/example_dags/example_branch_labels.py took 0.050 seconds
[2024-02-28T08:05:42.676+0000] {processor.py:161} INFO - Started process (PID=869) to work on /home/airflow/.local/lib/python3.8/site-packages/airflow/example_dags/example_branch_labels.py
[2024-02-28T08:05:42.677+0000] {processor.py:830} INFO - Processing file /home/airflow/.local/lib/python3.8/site-packages/airflow/example_dags/example_branch_labels.py for tasks to queue
[2024-02-28T08:05:42.677+0000] {logging_mixin.py:188} INFO - [2024-02-28T08:05:42.677+0000] {dagbag.py:538} INFO - Filling up the DagBag from /home/airflow/.local/lib/python3.8/site-packages/airflow/example_dags/example_branch_labels.py
[2024-02-28T08:05:42.683+0000] {processor.py:840} INFO - DAG(s) 'example_branch_labels' retrieved from /home/airflow/.local/lib/python3.8/site-packages/airflow/example_dags/example_branch_labels.py
[2024-02-28T08:05:42.699+0000] {logging_mixin.py:188} INFO - [2024-02-28T08:05:42.698+0000] {dag.py:3036} INFO - Sync 1 DAGs
[2024-02-28T08:05:42.710+0000] {logging_mixin.py:188} INFO - [2024-02-28T08:05:42.710+0000] {dag.py:3823} INFO - Setting next_dagrun for example_branch_labels to 2024-02-27 00:00:00+00:00, run_after=2024-02-28 00:00:00+00:00
[2024-02-28T08:05:42.718+0000] {processor.py:183} INFO - Processing /home/airflow/.local/lib/python3.8/site-packages/airflow/example_dags/example_branch_labels.py took 0.044 seconds
[2024-02-28T08:06:12.913+0000] {processor.py:161} INFO - Started process (PID=937) to work on /home/airflow/.local/lib/python3.8/site-packages/airflow/example_dags/example_branch_labels.py
[2024-02-28T08:06:12.914+0000] {processor.py:830} INFO - Processing file /home/airflow/.local/lib/python3.8/site-packages/airflow/example_dags/example_branch_labels.py for tasks to queue
[2024-02-28T08:06:12.914+0000] {logging_mixin.py:188} INFO - [2024-02-28T08:06:12.914+0000] {dagbag.py:538} INFO - Filling up the DagBag from /home/airflow/.local/lib/python3.8/site-packages/airflow/example_dags/example_branch_labels.py
[2024-02-28T08:06:12.920+0000] {processor.py:840} INFO - DAG(s) 'example_branch_labels' retrieved from /home/airflow/.local/lib/python3.8/site-packages/airflow/example_dags/example_branch_labels.py
[2024-02-28T08:06:12.937+0000] {logging_mixin.py:188} INFO - [2024-02-28T08:06:12.937+0000] {dag.py:3036} INFO - Sync 1 DAGs
[2024-02-28T08:06:12.950+0000] {logging_mixin.py:188} INFO - [2024-02-28T08:06:12.950+0000] {dag.py:3823} INFO - Setting next_dagrun for example_branch_labels to 2024-02-27 00:00:00+00:00, run_after=2024-02-28 00:00:00+00:00
[2024-02-28T08:06:12.963+0000] {processor.py:183} INFO - Processing /home/airflow/.local/lib/python3.8/site-packages/airflow/example_dags/example_branch_labels.py took 0.053 seconds
