[2024-02-28T07:59:40.469+0000] {processor.py:161} INFO - Started process (PID=85) to work on /home/airflow/.local/lib/python3.8/site-packages/airflow/example_dags/example_latest_only_with_trigger.py
[2024-02-28T07:59:40.472+0000] {processor.py:830} INFO - Processing file /home/airflow/.local/lib/python3.8/site-packages/airflow/example_dags/example_latest_only_with_trigger.py for tasks to queue
[2024-02-28T07:59:40.474+0000] {logging_mixin.py:188} INFO - [2024-02-28T07:59:40.474+0000] {dagbag.py:538} INFO - Filling up the DagBag from /home/airflow/.local/lib/python3.8/site-packages/airflow/example_dags/example_latest_only_with_trigger.py
[2024-02-28T07:59:40.479+0000] {processor.py:840} INFO - DAG(s) 'latest_only_with_trigger' retrieved from /home/airflow/.local/lib/python3.8/site-packages/airflow/example_dags/example_latest_only_with_trigger.py
[2024-02-28T07:59:40.508+0000] {logging_mixin.py:188} INFO - [2024-02-28T07:59:40.507+0000] {dag.py:3036} INFO - Sync 1 DAGs
[2024-02-28T07:59:40.530+0000] {logging_mixin.py:188} INFO - [2024-02-28T07:59:40.530+0000] {dag.py:3823} INFO - Setting next_dagrun for latest_only_with_trigger to 2024-02-28 00:00:00+00:00, run_after=2024-02-28 04:00:00+00:00
[2024-02-28T07:59:40.551+0000] {processor.py:183} INFO - Processing /home/airflow/.local/lib/python3.8/site-packages/airflow/example_dags/example_latest_only_with_trigger.py took 0.085 seconds
[2024-02-28T08:00:10.757+0000] {processor.py:161} INFO - Started process (PID=151) to work on /home/airflow/.local/lib/python3.8/site-packages/airflow/example_dags/example_latest_only_with_trigger.py
[2024-02-28T08:00:10.757+0000] {processor.py:830} INFO - Processing file /home/airflow/.local/lib/python3.8/site-packages/airflow/example_dags/example_latest_only_with_trigger.py for tasks to queue
[2024-02-28T08:00:10.759+0000] {logging_mixin.py:188} INFO - [2024-02-28T08:00:10.758+0000] {dagbag.py:538} INFO - Filling up the DagBag from /home/airflow/.local/lib/python3.8/site-packages/airflow/example_dags/example_latest_only_with_trigger.py
[2024-02-28T08:00:10.763+0000] {processor.py:840} INFO - DAG(s) 'latest_only_with_trigger' retrieved from /home/airflow/.local/lib/python3.8/site-packages/airflow/example_dags/example_latest_only_with_trigger.py
[2024-02-28T08:00:10.778+0000] {logging_mixin.py:188} INFO - [2024-02-28T08:00:10.778+0000] {dag.py:3036} INFO - Sync 1 DAGs
[2024-02-28T08:00:10.790+0000] {logging_mixin.py:188} INFO - [2024-02-28T08:00:10.790+0000] {dag.py:3823} INFO - Setting next_dagrun for latest_only_with_trigger to 2024-02-28 04:00:00+00:00, run_after=2024-02-28 08:00:00+00:00
[2024-02-28T08:00:10.799+0000] {processor.py:183} INFO - Processing /home/airflow/.local/lib/python3.8/site-packages/airflow/example_dags/example_latest_only_with_trigger.py took 0.044 seconds
[2024-02-28T08:00:41.098+0000] {processor.py:161} INFO - Started process (PID=219) to work on /home/airflow/.local/lib/python3.8/site-packages/airflow/example_dags/example_latest_only_with_trigger.py
[2024-02-28T08:00:41.098+0000] {processor.py:830} INFO - Processing file /home/airflow/.local/lib/python3.8/site-packages/airflow/example_dags/example_latest_only_with_trigger.py for tasks to queue
[2024-02-28T08:00:41.099+0000] {logging_mixin.py:188} INFO - [2024-02-28T08:00:41.099+0000] {dagbag.py:538} INFO - Filling up the DagBag from /home/airflow/.local/lib/python3.8/site-packages/airflow/example_dags/example_latest_only_with_trigger.py
[2024-02-28T08:00:41.103+0000] {processor.py:840} INFO - DAG(s) 'latest_only_with_trigger' retrieved from /home/airflow/.local/lib/python3.8/site-packages/airflow/example_dags/example_latest_only_with_trigger.py
[2024-02-28T08:00:41.117+0000] {logging_mixin.py:188} INFO - [2024-02-28T08:00:41.117+0000] {dag.py:3036} INFO - Sync 1 DAGs
[2024-02-28T08:00:41.129+0000] {logging_mixin.py:188} INFO - [2024-02-28T08:00:41.129+0000] {dag.py:3823} INFO - Setting next_dagrun for latest_only_with_trigger to 2024-02-28 04:00:00+00:00, run_after=2024-02-28 08:00:00+00:00
[2024-02-28T08:00:41.138+0000] {processor.py:183} INFO - Processing /home/airflow/.local/lib/python3.8/site-packages/airflow/example_dags/example_latest_only_with_trigger.py took 0.042 seconds
[2024-02-28T08:01:11.492+0000] {processor.py:161} INFO - Started process (PID=286) to work on /home/airflow/.local/lib/python3.8/site-packages/airflow/example_dags/example_latest_only_with_trigger.py
[2024-02-28T08:01:11.493+0000] {processor.py:830} INFO - Processing file /home/airflow/.local/lib/python3.8/site-packages/airflow/example_dags/example_latest_only_with_trigger.py for tasks to queue
[2024-02-28T08:01:11.493+0000] {logging_mixin.py:188} INFO - [2024-02-28T08:01:11.493+0000] {dagbag.py:538} INFO - Filling up the DagBag from /home/airflow/.local/lib/python3.8/site-packages/airflow/example_dags/example_latest_only_with_trigger.py
[2024-02-28T08:01:11.498+0000] {processor.py:840} INFO - DAG(s) 'latest_only_with_trigger' retrieved from /home/airflow/.local/lib/python3.8/site-packages/airflow/example_dags/example_latest_only_with_trigger.py
[2024-02-28T08:01:11.512+0000] {logging_mixin.py:188} INFO - [2024-02-28T08:01:11.512+0000] {dag.py:3036} INFO - Sync 1 DAGs
[2024-02-28T08:01:11.524+0000] {logging_mixin.py:188} INFO - [2024-02-28T08:01:11.523+0000] {dag.py:3823} INFO - Setting next_dagrun for latest_only_with_trigger to 2024-02-28 04:00:00+00:00, run_after=2024-02-28 08:00:00+00:00
[2024-02-28T08:01:11.533+0000] {processor.py:183} INFO - Processing /home/airflow/.local/lib/python3.8/site-packages/airflow/example_dags/example_latest_only_with_trigger.py took 0.043 seconds
[2024-02-28T08:01:41.828+0000] {processor.py:161} INFO - Started process (PID=353) to work on /home/airflow/.local/lib/python3.8/site-packages/airflow/example_dags/example_latest_only_with_trigger.py
[2024-02-28T08:01:41.829+0000] {processor.py:830} INFO - Processing file /home/airflow/.local/lib/python3.8/site-packages/airflow/example_dags/example_latest_only_with_trigger.py for tasks to queue
[2024-02-28T08:01:41.829+0000] {logging_mixin.py:188} INFO - [2024-02-28T08:01:41.829+0000] {dagbag.py:538} INFO - Filling up the DagBag from /home/airflow/.local/lib/python3.8/site-packages/airflow/example_dags/example_latest_only_with_trigger.py
[2024-02-28T08:01:41.833+0000] {processor.py:840} INFO - DAG(s) 'latest_only_with_trigger' retrieved from /home/airflow/.local/lib/python3.8/site-packages/airflow/example_dags/example_latest_only_with_trigger.py
[2024-02-28T08:01:41.849+0000] {logging_mixin.py:188} INFO - [2024-02-28T08:01:41.848+0000] {dag.py:3036} INFO - Sync 1 DAGs
[2024-02-28T08:01:41.860+0000] {logging_mixin.py:188} INFO - [2024-02-28T08:01:41.860+0000] {dag.py:3823} INFO - Setting next_dagrun for latest_only_with_trigger to 2024-02-28 04:00:00+00:00, run_after=2024-02-28 08:00:00+00:00
[2024-02-28T08:01:41.869+0000] {processor.py:183} INFO - Processing /home/airflow/.local/lib/python3.8/site-packages/airflow/example_dags/example_latest_only_with_trigger.py took 0.044 seconds
[2024-02-28T08:02:12.092+0000] {processor.py:161} INFO - Started process (PID=420) to work on /home/airflow/.local/lib/python3.8/site-packages/airflow/example_dags/example_latest_only_with_trigger.py
[2024-02-28T08:02:12.093+0000] {processor.py:830} INFO - Processing file /home/airflow/.local/lib/python3.8/site-packages/airflow/example_dags/example_latest_only_with_trigger.py for tasks to queue
[2024-02-28T08:02:12.093+0000] {logging_mixin.py:188} INFO - [2024-02-28T08:02:12.093+0000] {dagbag.py:538} INFO - Filling up the DagBag from /home/airflow/.local/lib/python3.8/site-packages/airflow/example_dags/example_latest_only_with_trigger.py
[2024-02-28T08:02:12.098+0000] {processor.py:840} INFO - DAG(s) 'latest_only_with_trigger' retrieved from /home/airflow/.local/lib/python3.8/site-packages/airflow/example_dags/example_latest_only_with_trigger.py
[2024-02-28T08:02:12.113+0000] {logging_mixin.py:188} INFO - [2024-02-28T08:02:12.113+0000] {dag.py:3036} INFO - Sync 1 DAGs
[2024-02-28T08:02:12.124+0000] {logging_mixin.py:188} INFO - [2024-02-28T08:02:12.124+0000] {dag.py:3823} INFO - Setting next_dagrun for latest_only_with_trigger to 2024-02-28 04:00:00+00:00, run_after=2024-02-28 08:00:00+00:00
[2024-02-28T08:02:12.134+0000] {processor.py:183} INFO - Processing /home/airflow/.local/lib/python3.8/site-packages/airflow/example_dags/example_latest_only_with_trigger.py took 0.044 seconds
[2024-02-28T08:02:42.333+0000] {processor.py:161} INFO - Started process (PID=486) to work on /home/airflow/.local/lib/python3.8/site-packages/airflow/example_dags/example_latest_only_with_trigger.py
[2024-02-28T08:02:42.334+0000] {processor.py:830} INFO - Processing file /home/airflow/.local/lib/python3.8/site-packages/airflow/example_dags/example_latest_only_with_trigger.py for tasks to queue
[2024-02-28T08:02:42.334+0000] {logging_mixin.py:188} INFO - [2024-02-28T08:02:42.334+0000] {dagbag.py:538} INFO - Filling up the DagBag from /home/airflow/.local/lib/python3.8/site-packages/airflow/example_dags/example_latest_only_with_trigger.py
[2024-02-28T08:02:42.339+0000] {processor.py:840} INFO - DAG(s) 'latest_only_with_trigger' retrieved from /home/airflow/.local/lib/python3.8/site-packages/airflow/example_dags/example_latest_only_with_trigger.py
[2024-02-28T08:02:42.354+0000] {logging_mixin.py:188} INFO - [2024-02-28T08:02:42.354+0000] {dag.py:3036} INFO - Sync 1 DAGs
[2024-02-28T08:02:42.366+0000] {logging_mixin.py:188} INFO - [2024-02-28T08:02:42.366+0000] {dag.py:3823} INFO - Setting next_dagrun for latest_only_with_trigger to 2024-02-28 04:00:00+00:00, run_after=2024-02-28 08:00:00+00:00
[2024-02-28T08:02:42.375+0000] {processor.py:183} INFO - Processing /home/airflow/.local/lib/python3.8/site-packages/airflow/example_dags/example_latest_only_with_trigger.py took 0.045 seconds
[2024-02-28T08:03:12.765+0000] {processor.py:161} INFO - Started process (PID=554) to work on /home/airflow/.local/lib/python3.8/site-packages/airflow/example_dags/example_latest_only_with_trigger.py
[2024-02-28T08:03:12.767+0000] {processor.py:830} INFO - Processing file /home/airflow/.local/lib/python3.8/site-packages/airflow/example_dags/example_latest_only_with_trigger.py for tasks to queue
[2024-02-28T08:03:12.767+0000] {logging_mixin.py:188} INFO - [2024-02-28T08:03:12.767+0000] {dagbag.py:538} INFO - Filling up the DagBag from /home/airflow/.local/lib/python3.8/site-packages/airflow/example_dags/example_latest_only_with_trigger.py
[2024-02-28T08:03:12.777+0000] {processor.py:840} INFO - DAG(s) 'latest_only_with_trigger' retrieved from /home/airflow/.local/lib/python3.8/site-packages/airflow/example_dags/example_latest_only_with_trigger.py
[2024-02-28T08:03:12.809+0000] {logging_mixin.py:188} INFO - [2024-02-28T08:03:12.809+0000] {dag.py:3036} INFO - Sync 1 DAGs
[2024-02-28T08:03:12.826+0000] {logging_mixin.py:188} INFO - [2024-02-28T08:03:12.826+0000] {dag.py:3823} INFO - Setting next_dagrun for latest_only_with_trigger to 2024-02-28 04:00:00+00:00, run_after=2024-02-28 08:00:00+00:00
[2024-02-28T08:03:12.837+0000] {processor.py:183} INFO - Processing /home/airflow/.local/lib/python3.8/site-packages/airflow/example_dags/example_latest_only_with_trigger.py took 0.075 seconds
[2024-02-28T08:03:43.812+0000] {processor.py:161} INFO - Started process (PID=622) to work on /home/airflow/.local/lib/python3.8/site-packages/airflow/example_dags/example_latest_only_with_trigger.py
[2024-02-28T08:03:43.814+0000] {processor.py:830} INFO - Processing file /home/airflow/.local/lib/python3.8/site-packages/airflow/example_dags/example_latest_only_with_trigger.py for tasks to queue
[2024-02-28T08:03:43.815+0000] {logging_mixin.py:188} INFO - [2024-02-28T08:03:43.815+0000] {dagbag.py:538} INFO - Filling up the DagBag from /home/airflow/.local/lib/python3.8/site-packages/airflow/example_dags/example_latest_only_with_trigger.py
[2024-02-28T08:03:43.824+0000] {processor.py:840} INFO - DAG(s) 'latest_only_with_trigger' retrieved from /home/airflow/.local/lib/python3.8/site-packages/airflow/example_dags/example_latest_only_with_trigger.py
[2024-02-28T08:03:43.845+0000] {logging_mixin.py:188} INFO - [2024-02-28T08:03:43.844+0000] {dag.py:3036} INFO - Sync 1 DAGs
[2024-02-28T08:03:43.860+0000] {logging_mixin.py:188} INFO - [2024-02-28T08:03:43.860+0000] {dag.py:3823} INFO - Setting next_dagrun for latest_only_with_trigger to 2024-02-28 04:00:00+00:00, run_after=2024-02-28 08:00:00+00:00
[2024-02-28T08:03:43.870+0000] {processor.py:183} INFO - Processing /home/airflow/.local/lib/python3.8/site-packages/airflow/example_dags/example_latest_only_with_trigger.py took 0.063 seconds
[2024-02-28T08:04:13.933+0000] {processor.py:161} INFO - Started process (PID=688) to work on /home/airflow/.local/lib/python3.8/site-packages/airflow/example_dags/example_latest_only_with_trigger.py
[2024-02-28T08:04:13.935+0000] {processor.py:830} INFO - Processing file /home/airflow/.local/lib/python3.8/site-packages/airflow/example_dags/example_latest_only_with_trigger.py for tasks to queue
[2024-02-28T08:04:13.936+0000] {logging_mixin.py:188} INFO - [2024-02-28T08:04:13.935+0000] {dagbag.py:538} INFO - Filling up the DagBag from /home/airflow/.local/lib/python3.8/site-packages/airflow/example_dags/example_latest_only_with_trigger.py
[2024-02-28T08:04:13.945+0000] {processor.py:840} INFO - DAG(s) 'latest_only_with_trigger' retrieved from /home/airflow/.local/lib/python3.8/site-packages/airflow/example_dags/example_latest_only_with_trigger.py
[2024-02-28T08:04:13.968+0000] {logging_mixin.py:188} INFO - [2024-02-28T08:04:13.968+0000] {dag.py:3036} INFO - Sync 1 DAGs
[2024-02-28T08:04:13.981+0000] {logging_mixin.py:188} INFO - [2024-02-28T08:04:13.981+0000] {dag.py:3823} INFO - Setting next_dagrun for latest_only_with_trigger to 2024-02-28 04:00:00+00:00, run_after=2024-02-28 08:00:00+00:00
[2024-02-28T08:04:13.991+0000] {processor.py:183} INFO - Processing /home/airflow/.local/lib/python3.8/site-packages/airflow/example_dags/example_latest_only_with_trigger.py took 0.064 seconds
[2024-02-28T08:04:44.159+0000] {processor.py:161} INFO - Started process (PID=755) to work on /home/airflow/.local/lib/python3.8/site-packages/airflow/example_dags/example_latest_only_with_trigger.py
[2024-02-28T08:04:44.160+0000] {processor.py:830} INFO - Processing file /home/airflow/.local/lib/python3.8/site-packages/airflow/example_dags/example_latest_only_with_trigger.py for tasks to queue
[2024-02-28T08:04:44.162+0000] {logging_mixin.py:188} INFO - [2024-02-28T08:04:44.161+0000] {dagbag.py:538} INFO - Filling up the DagBag from /home/airflow/.local/lib/python3.8/site-packages/airflow/example_dags/example_latest_only_with_trigger.py
[2024-02-28T08:04:44.172+0000] {processor.py:840} INFO - DAG(s) 'latest_only_with_trigger' retrieved from /home/airflow/.local/lib/python3.8/site-packages/airflow/example_dags/example_latest_only_with_trigger.py
[2024-02-28T08:04:44.194+0000] {logging_mixin.py:188} INFO - [2024-02-28T08:04:44.194+0000] {dag.py:3036} INFO - Sync 1 DAGs
[2024-02-28T08:04:44.208+0000] {logging_mixin.py:188} INFO - [2024-02-28T08:04:44.208+0000] {dag.py:3823} INFO - Setting next_dagrun for latest_only_with_trigger to 2024-02-28 04:00:00+00:00, run_after=2024-02-28 08:00:00+00:00
[2024-02-28T08:04:44.217+0000] {processor.py:183} INFO - Processing /home/airflow/.local/lib/python3.8/site-packages/airflow/example_dags/example_latest_only_with_trigger.py took 0.064 seconds
[2024-02-28T08:05:14.273+0000] {processor.py:161} INFO - Started process (PID=823) to work on /home/airflow/.local/lib/python3.8/site-packages/airflow/example_dags/example_latest_only_with_trigger.py
[2024-02-28T08:05:14.274+0000] {processor.py:830} INFO - Processing file /home/airflow/.local/lib/python3.8/site-packages/airflow/example_dags/example_latest_only_with_trigger.py for tasks to queue
[2024-02-28T08:05:14.274+0000] {logging_mixin.py:188} INFO - [2024-02-28T08:05:14.274+0000] {dagbag.py:538} INFO - Filling up the DagBag from /home/airflow/.local/lib/python3.8/site-packages/airflow/example_dags/example_latest_only_with_trigger.py
[2024-02-28T08:05:14.279+0000] {processor.py:840} INFO - DAG(s) 'latest_only_with_trigger' retrieved from /home/airflow/.local/lib/python3.8/site-packages/airflow/example_dags/example_latest_only_with_trigger.py
[2024-02-28T08:05:14.294+0000] {logging_mixin.py:188} INFO - [2024-02-28T08:05:14.294+0000] {dag.py:3036} INFO - Sync 1 DAGs
[2024-02-28T08:05:14.306+0000] {logging_mixin.py:188} INFO - [2024-02-28T08:05:14.305+0000] {dag.py:3823} INFO - Setting next_dagrun for latest_only_with_trigger to 2024-02-28 04:00:00+00:00, run_after=2024-02-28 08:00:00+00:00
[2024-02-28T08:05:14.314+0000] {processor.py:183} INFO - Processing /home/airflow/.local/lib/python3.8/site-packages/airflow/example_dags/example_latest_only_with_trigger.py took 0.044 seconds
[2024-02-28T08:05:44.417+0000] {processor.py:161} INFO - Started process (PID=891) to work on /home/airflow/.local/lib/python3.8/site-packages/airflow/example_dags/example_latest_only_with_trigger.py
[2024-02-28T08:05:44.419+0000] {processor.py:830} INFO - Processing file /home/airflow/.local/lib/python3.8/site-packages/airflow/example_dags/example_latest_only_with_trigger.py for tasks to queue
[2024-02-28T08:05:44.420+0000] {logging_mixin.py:188} INFO - [2024-02-28T08:05:44.419+0000] {dagbag.py:538} INFO - Filling up the DagBag from /home/airflow/.local/lib/python3.8/site-packages/airflow/example_dags/example_latest_only_with_trigger.py
[2024-02-28T08:05:44.427+0000] {processor.py:840} INFO - DAG(s) 'latest_only_with_trigger' retrieved from /home/airflow/.local/lib/python3.8/site-packages/airflow/example_dags/example_latest_only_with_trigger.py
[2024-02-28T08:05:44.455+0000] {logging_mixin.py:188} INFO - [2024-02-28T08:05:44.455+0000] {dag.py:3036} INFO - Sync 1 DAGs
[2024-02-28T08:05:44.475+0000] {logging_mixin.py:188} INFO - [2024-02-28T08:05:44.475+0000] {dag.py:3823} INFO - Setting next_dagrun for latest_only_with_trigger to 2024-02-28 04:00:00+00:00, run_after=2024-02-28 08:00:00+00:00
[2024-02-28T08:05:44.494+0000] {processor.py:183} INFO - Processing /home/airflow/.local/lib/python3.8/site-packages/airflow/example_dags/example_latest_only_with_trigger.py took 0.080 seconds
[2024-02-28T08:06:14.643+0000] {processor.py:161} INFO - Started process (PID=959) to work on /home/airflow/.local/lib/python3.8/site-packages/airflow/example_dags/example_latest_only_with_trigger.py
[2024-02-28T08:06:14.644+0000] {processor.py:830} INFO - Processing file /home/airflow/.local/lib/python3.8/site-packages/airflow/example_dags/example_latest_only_with_trigger.py for tasks to queue
[2024-02-28T08:06:14.645+0000] {logging_mixin.py:188} INFO - [2024-02-28T08:06:14.645+0000] {dagbag.py:538} INFO - Filling up the DagBag from /home/airflow/.local/lib/python3.8/site-packages/airflow/example_dags/example_latest_only_with_trigger.py
[2024-02-28T08:06:14.654+0000] {processor.py:840} INFO - DAG(s) 'latest_only_with_trigger' retrieved from /home/airflow/.local/lib/python3.8/site-packages/airflow/example_dags/example_latest_only_with_trigger.py
[2024-02-28T08:06:14.677+0000] {logging_mixin.py:188} INFO - [2024-02-28T08:06:14.677+0000] {dag.py:3036} INFO - Sync 1 DAGs
[2024-02-28T08:06:14.691+0000] {logging_mixin.py:188} INFO - [2024-02-28T08:06:14.691+0000] {dag.py:3823} INFO - Setting next_dagrun for latest_only_with_trigger to 2024-02-28 04:00:00+00:00, run_after=2024-02-28 08:00:00+00:00
[2024-02-28T08:06:14.703+0000] {processor.py:183} INFO - Processing /home/airflow/.local/lib/python3.8/site-packages/airflow/example_dags/example_latest_only_with_trigger.py took 0.066 seconds
