[2024-02-28T07:59:39.938+0000] {processor.py:161} INFO - Started process (PID=72) to work on /home/airflow/.local/lib/python3.8/site-packages/airflow/example_dags/example_branch_python_dop_operator_3.py
[2024-02-28T07:59:39.939+0000] {processor.py:830} INFO - Processing file /home/airflow/.local/lib/python3.8/site-packages/airflow/example_dags/example_branch_python_dop_operator_3.py for tasks to queue
[2024-02-28T07:59:39.940+0000] {logging_mixin.py:188} INFO - [2024-02-28T07:59:39.940+0000] {dagbag.py:538} INFO - Filling up the DagBag from /home/airflow/.local/lib/python3.8/site-packages/airflow/example_dags/example_branch_python_dop_operator_3.py
[2024-02-28T07:59:39.946+0000] {processor.py:840} INFO - DAG(s) 'example_branch_dop_operator_v3' retrieved from /home/airflow/.local/lib/python3.8/site-packages/airflow/example_dags/example_branch_python_dop_operator_3.py
[2024-02-28T07:59:39.964+0000] {logging_mixin.py:188} INFO - [2024-02-28T07:59:39.963+0000] {dag.py:3036} INFO - Sync 1 DAGs
[2024-02-28T07:59:39.978+0000] {logging_mixin.py:188} INFO - [2024-02-28T07:59:39.977+0000] {dag.py:3823} INFO - Setting next_dagrun for example_branch_dop_operator_v3 to 2024-02-28 07:58:00+00:00, run_after=2024-02-28 07:59:00+00:00
[2024-02-28T07:59:39.988+0000] {processor.py:183} INFO - Processing /home/airflow/.local/lib/python3.8/site-packages/airflow/example_dags/example_branch_python_dop_operator_3.py took 0.053 seconds
[2024-02-28T08:00:10.405+0000] {processor.py:161} INFO - Started process (PID=139) to work on /home/airflow/.local/lib/python3.8/site-packages/airflow/example_dags/example_branch_python_dop_operator_3.py
[2024-02-28T08:00:10.405+0000] {processor.py:830} INFO - Processing file /home/airflow/.local/lib/python3.8/site-packages/airflow/example_dags/example_branch_python_dop_operator_3.py for tasks to queue
[2024-02-28T08:00:10.407+0000] {logging_mixin.py:188} INFO - [2024-02-28T08:00:10.406+0000] {dagbag.py:538} INFO - Filling up the DagBag from /home/airflow/.local/lib/python3.8/site-packages/airflow/example_dags/example_branch_python_dop_operator_3.py
[2024-02-28T08:00:10.413+0000] {processor.py:840} INFO - DAG(s) 'example_branch_dop_operator_v3' retrieved from /home/airflow/.local/lib/python3.8/site-packages/airflow/example_dags/example_branch_python_dop_operator_3.py
[2024-02-28T08:00:10.427+0000] {logging_mixin.py:188} INFO - [2024-02-28T08:00:10.427+0000] {dag.py:3036} INFO - Sync 1 DAGs
[2024-02-28T08:00:10.441+0000] {logging_mixin.py:188} INFO - [2024-02-28T08:00:10.441+0000] {dag.py:3823} INFO - Setting next_dagrun for example_branch_dop_operator_v3 to 2024-02-28 07:59:00+00:00, run_after=2024-02-28 08:00:00+00:00
[2024-02-28T08:00:10.451+0000] {processor.py:183} INFO - Processing /home/airflow/.local/lib/python3.8/site-packages/airflow/example_dags/example_branch_python_dop_operator_3.py took 0.048 seconds
[2024-02-28T08:00:40.739+0000] {processor.py:161} INFO - Started process (PID=206) to work on /home/airflow/.local/lib/python3.8/site-packages/airflow/example_dags/example_branch_python_dop_operator_3.py
[2024-02-28T08:00:40.740+0000] {processor.py:830} INFO - Processing file /home/airflow/.local/lib/python3.8/site-packages/airflow/example_dags/example_branch_python_dop_operator_3.py for tasks to queue
[2024-02-28T08:00:40.740+0000] {logging_mixin.py:188} INFO - [2024-02-28T08:00:40.740+0000] {dagbag.py:538} INFO - Filling up the DagBag from /home/airflow/.local/lib/python3.8/site-packages/airflow/example_dags/example_branch_python_dop_operator_3.py
[2024-02-28T08:00:40.746+0000] {processor.py:840} INFO - DAG(s) 'example_branch_dop_operator_v3' retrieved from /home/airflow/.local/lib/python3.8/site-packages/airflow/example_dags/example_branch_python_dop_operator_3.py
[2024-02-28T08:00:40.761+0000] {logging_mixin.py:188} INFO - [2024-02-28T08:00:40.761+0000] {dag.py:3036} INFO - Sync 1 DAGs
[2024-02-28T08:00:40.775+0000] {logging_mixin.py:188} INFO - [2024-02-28T08:00:40.775+0000] {dag.py:3823} INFO - Setting next_dagrun for example_branch_dop_operator_v3 to 2024-02-28 07:59:00+00:00, run_after=2024-02-28 08:00:00+00:00
[2024-02-28T08:00:40.785+0000] {processor.py:183} INFO - Processing /home/airflow/.local/lib/python3.8/site-packages/airflow/example_dags/example_branch_python_dop_operator_3.py took 0.048 seconds
[2024-02-28T08:01:11.061+0000] {processor.py:161} INFO - Started process (PID=273) to work on /home/airflow/.local/lib/python3.8/site-packages/airflow/example_dags/example_branch_python_dop_operator_3.py
[2024-02-28T08:01:11.062+0000] {processor.py:830} INFO - Processing file /home/airflow/.local/lib/python3.8/site-packages/airflow/example_dags/example_branch_python_dop_operator_3.py for tasks to queue
[2024-02-28T08:01:11.063+0000] {logging_mixin.py:188} INFO - [2024-02-28T08:01:11.063+0000] {dagbag.py:538} INFO - Filling up the DagBag from /home/airflow/.local/lib/python3.8/site-packages/airflow/example_dags/example_branch_python_dop_operator_3.py
[2024-02-28T08:01:11.069+0000] {processor.py:840} INFO - DAG(s) 'example_branch_dop_operator_v3' retrieved from /home/airflow/.local/lib/python3.8/site-packages/airflow/example_dags/example_branch_python_dop_operator_3.py
[2024-02-28T08:01:11.086+0000] {logging_mixin.py:188} INFO - [2024-02-28T08:01:11.086+0000] {dag.py:3036} INFO - Sync 1 DAGs
[2024-02-28T08:01:11.102+0000] {logging_mixin.py:188} INFO - [2024-02-28T08:01:11.102+0000] {dag.py:3823} INFO - Setting next_dagrun for example_branch_dop_operator_v3 to 2024-02-28 08:00:00+00:00, run_after=2024-02-28 08:01:00+00:00
[2024-02-28T08:01:11.114+0000] {processor.py:183} INFO - Processing /home/airflow/.local/lib/python3.8/site-packages/airflow/example_dags/example_branch_python_dop_operator_3.py took 0.055 seconds
[2024-02-28T08:01:41.454+0000] {processor.py:161} INFO - Started process (PID=340) to work on /home/airflow/.local/lib/python3.8/site-packages/airflow/example_dags/example_branch_python_dop_operator_3.py
[2024-02-28T08:01:41.454+0000] {processor.py:830} INFO - Processing file /home/airflow/.local/lib/python3.8/site-packages/airflow/example_dags/example_branch_python_dop_operator_3.py for tasks to queue
[2024-02-28T08:01:41.455+0000] {logging_mixin.py:188} INFO - [2024-02-28T08:01:41.455+0000] {dagbag.py:538} INFO - Filling up the DagBag from /home/airflow/.local/lib/python3.8/site-packages/airflow/example_dags/example_branch_python_dop_operator_3.py
[2024-02-28T08:01:41.461+0000] {processor.py:840} INFO - DAG(s) 'example_branch_dop_operator_v3' retrieved from /home/airflow/.local/lib/python3.8/site-packages/airflow/example_dags/example_branch_python_dop_operator_3.py
[2024-02-28T08:01:41.477+0000] {logging_mixin.py:188} INFO - [2024-02-28T08:01:41.477+0000] {dag.py:3036} INFO - Sync 1 DAGs
[2024-02-28T08:01:41.491+0000] {logging_mixin.py:188} INFO - [2024-02-28T08:01:41.490+0000] {dag.py:3823} INFO - Setting next_dagrun for example_branch_dop_operator_v3 to 2024-02-28 08:00:00+00:00, run_after=2024-02-28 08:01:00+00:00
[2024-02-28T08:01:41.500+0000] {processor.py:183} INFO - Processing /home/airflow/.local/lib/python3.8/site-packages/airflow/example_dags/example_branch_python_dop_operator_3.py took 0.049 seconds
[2024-02-28T08:02:11.724+0000] {processor.py:161} INFO - Started process (PID=407) to work on /home/airflow/.local/lib/python3.8/site-packages/airflow/example_dags/example_branch_python_dop_operator_3.py
[2024-02-28T08:02:11.725+0000] {processor.py:830} INFO - Processing file /home/airflow/.local/lib/python3.8/site-packages/airflow/example_dags/example_branch_python_dop_operator_3.py for tasks to queue
[2024-02-28T08:02:11.725+0000] {logging_mixin.py:188} INFO - [2024-02-28T08:02:11.725+0000] {dagbag.py:538} INFO - Filling up the DagBag from /home/airflow/.local/lib/python3.8/site-packages/airflow/example_dags/example_branch_python_dop_operator_3.py
[2024-02-28T08:02:11.731+0000] {processor.py:840} INFO - DAG(s) 'example_branch_dop_operator_v3' retrieved from /home/airflow/.local/lib/python3.8/site-packages/airflow/example_dags/example_branch_python_dop_operator_3.py
[2024-02-28T08:02:11.746+0000] {logging_mixin.py:188} INFO - [2024-02-28T08:02:11.746+0000] {dag.py:3036} INFO - Sync 1 DAGs
[2024-02-28T08:02:11.760+0000] {logging_mixin.py:188} INFO - [2024-02-28T08:02:11.760+0000] {dag.py:3823} INFO - Setting next_dagrun for example_branch_dop_operator_v3 to 2024-02-28 08:01:00+00:00, run_after=2024-02-28 08:02:00+00:00
[2024-02-28T08:02:11.769+0000] {processor.py:183} INFO - Processing /home/airflow/.local/lib/python3.8/site-packages/airflow/example_dags/example_branch_python_dop_operator_3.py took 0.048 seconds
[2024-02-28T08:02:41.968+0000] {processor.py:161} INFO - Started process (PID=474) to work on /home/airflow/.local/lib/python3.8/site-packages/airflow/example_dags/example_branch_python_dop_operator_3.py
[2024-02-28T08:02:41.969+0000] {processor.py:830} INFO - Processing file /home/airflow/.local/lib/python3.8/site-packages/airflow/example_dags/example_branch_python_dop_operator_3.py for tasks to queue
[2024-02-28T08:02:41.970+0000] {logging_mixin.py:188} INFO - [2024-02-28T08:02:41.969+0000] {dagbag.py:538} INFO - Filling up the DagBag from /home/airflow/.local/lib/python3.8/site-packages/airflow/example_dags/example_branch_python_dop_operator_3.py
[2024-02-28T08:02:41.976+0000] {processor.py:840} INFO - DAG(s) 'example_branch_dop_operator_v3' retrieved from /home/airflow/.local/lib/python3.8/site-packages/airflow/example_dags/example_branch_python_dop_operator_3.py
[2024-02-28T08:02:41.991+0000] {logging_mixin.py:188} INFO - [2024-02-28T08:02:41.991+0000] {dag.py:3036} INFO - Sync 1 DAGs
[2024-02-28T08:02:42.006+0000] {logging_mixin.py:188} INFO - [2024-02-28T08:02:42.005+0000] {dag.py:3823} INFO - Setting next_dagrun for example_branch_dop_operator_v3 to 2024-02-28 08:01:00+00:00, run_after=2024-02-28 08:02:00+00:00
[2024-02-28T08:02:42.015+0000] {processor.py:183} INFO - Processing /home/airflow/.local/lib/python3.8/site-packages/airflow/example_dags/example_branch_python_dop_operator_3.py took 0.049 seconds
[2024-02-28T08:03:12.264+0000] {processor.py:161} INFO - Started process (PID=541) to work on /home/airflow/.local/lib/python3.8/site-packages/airflow/example_dags/example_branch_python_dop_operator_3.py
[2024-02-28T08:03:12.264+0000] {processor.py:830} INFO - Processing file /home/airflow/.local/lib/python3.8/site-packages/airflow/example_dags/example_branch_python_dop_operator_3.py for tasks to queue
[2024-02-28T08:03:12.265+0000] {logging_mixin.py:188} INFO - [2024-02-28T08:03:12.265+0000] {dagbag.py:538} INFO - Filling up the DagBag from /home/airflow/.local/lib/python3.8/site-packages/airflow/example_dags/example_branch_python_dop_operator_3.py
[2024-02-28T08:03:12.271+0000] {processor.py:840} INFO - DAG(s) 'example_branch_dop_operator_v3' retrieved from /home/airflow/.local/lib/python3.8/site-packages/airflow/example_dags/example_branch_python_dop_operator_3.py
[2024-02-28T08:03:12.286+0000] {logging_mixin.py:188} INFO - [2024-02-28T08:03:12.285+0000] {dag.py:3036} INFO - Sync 1 DAGs
[2024-02-28T08:03:12.299+0000] {logging_mixin.py:188} INFO - [2024-02-28T08:03:12.298+0000] {dag.py:3823} INFO - Setting next_dagrun for example_branch_dop_operator_v3 to 2024-02-28 08:02:00+00:00, run_after=2024-02-28 08:03:00+00:00
[2024-02-28T08:03:12.307+0000] {processor.py:183} INFO - Processing /home/airflow/.local/lib/python3.8/site-packages/airflow/example_dags/example_branch_python_dop_operator_3.py took 0.046 seconds
[2024-02-28T08:03:42.379+0000] {processor.py:161} INFO - Started process (PID=609) to work on /home/airflow/.local/lib/python3.8/site-packages/airflow/example_dags/example_branch_python_dop_operator_3.py
[2024-02-28T08:03:42.380+0000] {processor.py:830} INFO - Processing file /home/airflow/.local/lib/python3.8/site-packages/airflow/example_dags/example_branch_python_dop_operator_3.py for tasks to queue
[2024-02-28T08:03:42.380+0000] {logging_mixin.py:188} INFO - [2024-02-28T08:03:42.380+0000] {dagbag.py:538} INFO - Filling up the DagBag from /home/airflow/.local/lib/python3.8/site-packages/airflow/example_dags/example_branch_python_dop_operator_3.py
[2024-02-28T08:03:42.386+0000] {processor.py:840} INFO - DAG(s) 'example_branch_dop_operator_v3' retrieved from /home/airflow/.local/lib/python3.8/site-packages/airflow/example_dags/example_branch_python_dop_operator_3.py
[2024-02-28T08:03:42.401+0000] {logging_mixin.py:188} INFO - [2024-02-28T08:03:42.401+0000] {dag.py:3036} INFO - Sync 1 DAGs
[2024-02-28T08:03:42.414+0000] {logging_mixin.py:188} INFO - [2024-02-28T08:03:42.413+0000] {dag.py:3823} INFO - Setting next_dagrun for example_branch_dop_operator_v3 to 2024-02-28 08:02:00+00:00, run_after=2024-02-28 08:03:00+00:00
[2024-02-28T08:03:42.423+0000] {processor.py:183} INFO - Processing /home/airflow/.local/lib/python3.8/site-packages/airflow/example_dags/example_branch_python_dop_operator_3.py took 0.047 seconds
[2024-02-28T08:04:12.475+0000] {processor.py:161} INFO - Started process (PID=676) to work on /home/airflow/.local/lib/python3.8/site-packages/airflow/example_dags/example_branch_python_dop_operator_3.py
[2024-02-28T08:04:12.475+0000] {processor.py:830} INFO - Processing file /home/airflow/.local/lib/python3.8/site-packages/airflow/example_dags/example_branch_python_dop_operator_3.py for tasks to queue
[2024-02-28T08:04:12.476+0000] {logging_mixin.py:188} INFO - [2024-02-28T08:04:12.476+0000] {dagbag.py:538} INFO - Filling up the DagBag from /home/airflow/.local/lib/python3.8/site-packages/airflow/example_dags/example_branch_python_dop_operator_3.py
[2024-02-28T08:04:12.482+0000] {processor.py:840} INFO - DAG(s) 'example_branch_dop_operator_v3' retrieved from /home/airflow/.local/lib/python3.8/site-packages/airflow/example_dags/example_branch_python_dop_operator_3.py
[2024-02-28T08:04:12.497+0000] {logging_mixin.py:188} INFO - [2024-02-28T08:04:12.496+0000] {dag.py:3036} INFO - Sync 1 DAGs
[2024-02-28T08:04:12.511+0000] {logging_mixin.py:188} INFO - [2024-02-28T08:04:12.511+0000] {dag.py:3823} INFO - Setting next_dagrun for example_branch_dop_operator_v3 to 2024-02-28 08:03:00+00:00, run_after=2024-02-28 08:04:00+00:00
[2024-02-28T08:04:12.521+0000] {processor.py:183} INFO - Processing /home/airflow/.local/lib/python3.8/site-packages/airflow/example_dags/example_branch_python_dop_operator_3.py took 0.049 seconds
[2024-02-28T08:04:42.714+0000] {processor.py:161} INFO - Started process (PID=743) to work on /home/airflow/.local/lib/python3.8/site-packages/airflow/example_dags/example_branch_python_dop_operator_3.py
[2024-02-28T08:04:42.715+0000] {processor.py:830} INFO - Processing file /home/airflow/.local/lib/python3.8/site-packages/airflow/example_dags/example_branch_python_dop_operator_3.py for tasks to queue
[2024-02-28T08:04:42.715+0000] {logging_mixin.py:188} INFO - [2024-02-28T08:04:42.715+0000] {dagbag.py:538} INFO - Filling up the DagBag from /home/airflow/.local/lib/python3.8/site-packages/airflow/example_dags/example_branch_python_dop_operator_3.py
[2024-02-28T08:04:42.721+0000] {processor.py:840} INFO - DAG(s) 'example_branch_dop_operator_v3' retrieved from /home/airflow/.local/lib/python3.8/site-packages/airflow/example_dags/example_branch_python_dop_operator_3.py
[2024-02-28T08:04:42.738+0000] {logging_mixin.py:188} INFO - [2024-02-28T08:04:42.738+0000] {dag.py:3036} INFO - Sync 1 DAGs
[2024-02-28T08:04:42.755+0000] {logging_mixin.py:188} INFO - [2024-02-28T08:04:42.755+0000] {dag.py:3823} INFO - Setting next_dagrun for example_branch_dop_operator_v3 to 2024-02-28 08:03:00+00:00, run_after=2024-02-28 08:04:00+00:00
[2024-02-28T08:04:42.767+0000] {processor.py:183} INFO - Processing /home/airflow/.local/lib/python3.8/site-packages/airflow/example_dags/example_branch_python_dop_operator_3.py took 0.056 seconds
[2024-02-28T08:05:12.846+0000] {processor.py:161} INFO - Started process (PID=811) to work on /home/airflow/.local/lib/python3.8/site-packages/airflow/example_dags/example_branch_python_dop_operator_3.py
[2024-02-28T08:05:12.847+0000] {processor.py:830} INFO - Processing file /home/airflow/.local/lib/python3.8/site-packages/airflow/example_dags/example_branch_python_dop_operator_3.py for tasks to queue
[2024-02-28T08:05:12.848+0000] {logging_mixin.py:188} INFO - [2024-02-28T08:05:12.847+0000] {dagbag.py:538} INFO - Filling up the DagBag from /home/airflow/.local/lib/python3.8/site-packages/airflow/example_dags/example_branch_python_dop_operator_3.py
[2024-02-28T08:05:12.855+0000] {processor.py:840} INFO - DAG(s) 'example_branch_dop_operator_v3' retrieved from /home/airflow/.local/lib/python3.8/site-packages/airflow/example_dags/example_branch_python_dop_operator_3.py
[2024-02-28T08:05:12.871+0000] {logging_mixin.py:188} INFO - [2024-02-28T08:05:12.871+0000] {dag.py:3036} INFO - Sync 1 DAGs
[2024-02-28T08:05:12.885+0000] {logging_mixin.py:188} INFO - [2024-02-28T08:05:12.885+0000] {dag.py:3823} INFO - Setting next_dagrun for example_branch_dop_operator_v3 to 2024-02-28 08:04:00+00:00, run_after=2024-02-28 08:05:00+00:00
[2024-02-28T08:05:12.895+0000] {processor.py:183} INFO - Processing /home/airflow/.local/lib/python3.8/site-packages/airflow/example_dags/example_branch_python_dop_operator_3.py took 0.052 seconds
[2024-02-28T08:05:43.036+0000] {processor.py:161} INFO - Started process (PID=879) to work on /home/airflow/.local/lib/python3.8/site-packages/airflow/example_dags/example_branch_python_dop_operator_3.py
[2024-02-28T08:05:43.036+0000] {processor.py:830} INFO - Processing file /home/airflow/.local/lib/python3.8/site-packages/airflow/example_dags/example_branch_python_dop_operator_3.py for tasks to queue
[2024-02-28T08:05:43.037+0000] {logging_mixin.py:188} INFO - [2024-02-28T08:05:43.037+0000] {dagbag.py:538} INFO - Filling up the DagBag from /home/airflow/.local/lib/python3.8/site-packages/airflow/example_dags/example_branch_python_dop_operator_3.py
[2024-02-28T08:05:43.043+0000] {processor.py:840} INFO - DAG(s) 'example_branch_dop_operator_v3' retrieved from /home/airflow/.local/lib/python3.8/site-packages/airflow/example_dags/example_branch_python_dop_operator_3.py
[2024-02-28T08:05:43.058+0000] {logging_mixin.py:188} INFO - [2024-02-28T08:05:43.058+0000] {dag.py:3036} INFO - Sync 1 DAGs
[2024-02-28T08:05:43.072+0000] {logging_mixin.py:188} INFO - [2024-02-28T08:05:43.072+0000] {dag.py:3823} INFO - Setting next_dagrun for example_branch_dop_operator_v3 to 2024-02-28 08:04:00+00:00, run_after=2024-02-28 08:05:00+00:00
[2024-02-28T08:05:43.081+0000] {processor.py:183} INFO - Processing /home/airflow/.local/lib/python3.8/site-packages/airflow/example_dags/example_branch_python_dop_operator_3.py took 0.048 seconds
[2024-02-28T08:06:13.252+0000] {processor.py:161} INFO - Started process (PID=947) to work on /home/airflow/.local/lib/python3.8/site-packages/airflow/example_dags/example_branch_python_dop_operator_3.py
[2024-02-28T08:06:13.253+0000] {processor.py:830} INFO - Processing file /home/airflow/.local/lib/python3.8/site-packages/airflow/example_dags/example_branch_python_dop_operator_3.py for tasks to queue
[2024-02-28T08:06:13.254+0000] {logging_mixin.py:188} INFO - [2024-02-28T08:06:13.253+0000] {dagbag.py:538} INFO - Filling up the DagBag from /home/airflow/.local/lib/python3.8/site-packages/airflow/example_dags/example_branch_python_dop_operator_3.py
[2024-02-28T08:06:13.260+0000] {processor.py:840} INFO - DAG(s) 'example_branch_dop_operator_v3' retrieved from /home/airflow/.local/lib/python3.8/site-packages/airflow/example_dags/example_branch_python_dop_operator_3.py
[2024-02-28T08:06:13.276+0000] {logging_mixin.py:188} INFO - [2024-02-28T08:06:13.275+0000] {dag.py:3036} INFO - Sync 1 DAGs
[2024-02-28T08:06:13.291+0000] {logging_mixin.py:188} INFO - [2024-02-28T08:06:13.290+0000] {dag.py:3823} INFO - Setting next_dagrun for example_branch_dop_operator_v3 to 2024-02-28 08:05:00+00:00, run_after=2024-02-28 08:06:00+00:00
[2024-02-28T08:06:13.301+0000] {processor.py:183} INFO - Processing /home/airflow/.local/lib/python3.8/site-packages/airflow/example_dags/example_branch_python_dop_operator_3.py took 0.052 seconds
