[2024-02-28T07:59:39.898+0000] {processor.py:161} INFO - Started process (PID=71) to work on /home/airflow/.local/lib/python3.8/site-packages/airflow/example_dags/example_kubernetes_executor.py
[2024-02-28T07:59:39.898+0000] {processor.py:830} INFO - Processing file /home/airflow/.local/lib/python3.8/site-packages/airflow/example_dags/example_kubernetes_executor.py for tasks to queue
[2024-02-28T07:59:39.900+0000] {logging_mixin.py:188} INFO - [2024-02-28T07:59:39.899+0000] {dagbag.py:538} INFO - Filling up the DagBag from /home/airflow/.local/lib/python3.8/site-packages/airflow/example_dags/example_kubernetes_executor.py
[2024-02-28T07:59:39.913+0000] {processor.py:840} INFO - DAG(s) 'example_kubernetes_executor' retrieved from /home/airflow/.local/lib/python3.8/site-packages/airflow/example_dags/example_kubernetes_executor.py
[2024-02-28T07:59:39.944+0000] {logging_mixin.py:188} INFO - [2024-02-28T07:59:39.944+0000] {dag.py:3036} INFO - Sync 1 DAGs
[2024-02-28T07:59:39.951+0000] {logging_mixin.py:188} INFO - [2024-02-28T07:59:39.951+0000] {dag.py:3823} INFO - Setting next_dagrun for example_kubernetes_executor to None, run_after=None
[2024-02-28T07:59:39.962+0000] {processor.py:183} INFO - Processing /home/airflow/.local/lib/python3.8/site-packages/airflow/example_dags/example_kubernetes_executor.py took 0.067 seconds
[2024-02-28T08:00:10.371+0000] {processor.py:161} INFO - Started process (PID=138) to work on /home/airflow/.local/lib/python3.8/site-packages/airflow/example_dags/example_kubernetes_executor.py
[2024-02-28T08:00:10.372+0000] {processor.py:830} INFO - Processing file /home/airflow/.local/lib/python3.8/site-packages/airflow/example_dags/example_kubernetes_executor.py for tasks to queue
[2024-02-28T08:00:10.373+0000] {logging_mixin.py:188} INFO - [2024-02-28T08:00:10.373+0000] {dagbag.py:538} INFO - Filling up the DagBag from /home/airflow/.local/lib/python3.8/site-packages/airflow/example_dags/example_kubernetes_executor.py
[2024-02-28T08:00:10.382+0000] {processor.py:840} INFO - DAG(s) 'example_kubernetes_executor' retrieved from /home/airflow/.local/lib/python3.8/site-packages/airflow/example_dags/example_kubernetes_executor.py
[2024-02-28T08:00:10.405+0000] {logging_mixin.py:188} INFO - [2024-02-28T08:00:10.405+0000] {dag.py:3036} INFO - Sync 1 DAGs
[2024-02-28T08:00:10.412+0000] {logging_mixin.py:188} INFO - [2024-02-28T08:00:10.412+0000] {dag.py:3823} INFO - Setting next_dagrun for example_kubernetes_executor to None, run_after=None
[2024-02-28T08:00:10.421+0000] {processor.py:183} INFO - Processing /home/airflow/.local/lib/python3.8/site-packages/airflow/example_dags/example_kubernetes_executor.py took 0.053 seconds
[2024-02-28T08:00:40.706+0000] {processor.py:161} INFO - Started process (PID=205) to work on /home/airflow/.local/lib/python3.8/site-packages/airflow/example_dags/example_kubernetes_executor.py
[2024-02-28T08:00:40.706+0000] {processor.py:830} INFO - Processing file /home/airflow/.local/lib/python3.8/site-packages/airflow/example_dags/example_kubernetes_executor.py for tasks to queue
[2024-02-28T08:00:40.707+0000] {logging_mixin.py:188} INFO - [2024-02-28T08:00:40.707+0000] {dagbag.py:538} INFO - Filling up the DagBag from /home/airflow/.local/lib/python3.8/site-packages/airflow/example_dags/example_kubernetes_executor.py
[2024-02-28T08:00:40.716+0000] {processor.py:840} INFO - DAG(s) 'example_kubernetes_executor' retrieved from /home/airflow/.local/lib/python3.8/site-packages/airflow/example_dags/example_kubernetes_executor.py
[2024-02-28T08:00:40.739+0000] {logging_mixin.py:188} INFO - [2024-02-28T08:00:40.739+0000] {dag.py:3036} INFO - Sync 1 DAGs
[2024-02-28T08:00:40.747+0000] {logging_mixin.py:188} INFO - [2024-02-28T08:00:40.746+0000] {dag.py:3823} INFO - Setting next_dagrun for example_kubernetes_executor to None, run_after=None
[2024-02-28T08:00:40.756+0000] {processor.py:183} INFO - Processing /home/airflow/.local/lib/python3.8/site-packages/airflow/example_dags/example_kubernetes_executor.py took 0.052 seconds
[2024-02-28T08:01:11.024+0000] {processor.py:161} INFO - Started process (PID=272) to work on /home/airflow/.local/lib/python3.8/site-packages/airflow/example_dags/example_kubernetes_executor.py
[2024-02-28T08:01:11.025+0000] {processor.py:830} INFO - Processing file /home/airflow/.local/lib/python3.8/site-packages/airflow/example_dags/example_kubernetes_executor.py for tasks to queue
[2024-02-28T08:01:11.026+0000] {logging_mixin.py:188} INFO - [2024-02-28T08:01:11.025+0000] {dagbag.py:538} INFO - Filling up the DagBag from /home/airflow/.local/lib/python3.8/site-packages/airflow/example_dags/example_kubernetes_executor.py
[2024-02-28T08:01:11.035+0000] {processor.py:840} INFO - DAG(s) 'example_kubernetes_executor' retrieved from /home/airflow/.local/lib/python3.8/site-packages/airflow/example_dags/example_kubernetes_executor.py
[2024-02-28T08:01:11.063+0000] {logging_mixin.py:188} INFO - [2024-02-28T08:01:11.063+0000] {dag.py:3036} INFO - Sync 1 DAGs
[2024-02-28T08:01:11.071+0000] {logging_mixin.py:188} INFO - [2024-02-28T08:01:11.071+0000] {dag.py:3823} INFO - Setting next_dagrun for example_kubernetes_executor to None, run_after=None
[2024-02-28T08:01:11.082+0000] {processor.py:183} INFO - Processing /home/airflow/.local/lib/python3.8/site-packages/airflow/example_dags/example_kubernetes_executor.py took 0.060 seconds
[2024-02-28T08:01:41.421+0000] {processor.py:161} INFO - Started process (PID=339) to work on /home/airflow/.local/lib/python3.8/site-packages/airflow/example_dags/example_kubernetes_executor.py
[2024-02-28T08:01:41.422+0000] {processor.py:830} INFO - Processing file /home/airflow/.local/lib/python3.8/site-packages/airflow/example_dags/example_kubernetes_executor.py for tasks to queue
[2024-02-28T08:01:41.422+0000] {logging_mixin.py:188} INFO - [2024-02-28T08:01:41.422+0000] {dagbag.py:538} INFO - Filling up the DagBag from /home/airflow/.local/lib/python3.8/site-packages/airflow/example_dags/example_kubernetes_executor.py
[2024-02-28T08:01:41.431+0000] {processor.py:840} INFO - DAG(s) 'example_kubernetes_executor' retrieved from /home/airflow/.local/lib/python3.8/site-packages/airflow/example_dags/example_kubernetes_executor.py
[2024-02-28T08:01:41.455+0000] {logging_mixin.py:188} INFO - [2024-02-28T08:01:41.455+0000] {dag.py:3036} INFO - Sync 1 DAGs
[2024-02-28T08:01:41.462+0000] {logging_mixin.py:188} INFO - [2024-02-28T08:01:41.462+0000] {dag.py:3823} INFO - Setting next_dagrun for example_kubernetes_executor to None, run_after=None
[2024-02-28T08:01:41.472+0000] {processor.py:183} INFO - Processing /home/airflow/.local/lib/python3.8/site-packages/airflow/example_dags/example_kubernetes_executor.py took 0.054 seconds
[2024-02-28T08:02:11.691+0000] {processor.py:161} INFO - Started process (PID=406) to work on /home/airflow/.local/lib/python3.8/site-packages/airflow/example_dags/example_kubernetes_executor.py
[2024-02-28T08:02:11.692+0000] {processor.py:830} INFO - Processing file /home/airflow/.local/lib/python3.8/site-packages/airflow/example_dags/example_kubernetes_executor.py for tasks to queue
[2024-02-28T08:02:11.693+0000] {logging_mixin.py:188} INFO - [2024-02-28T08:02:11.693+0000] {dagbag.py:538} INFO - Filling up the DagBag from /home/airflow/.local/lib/python3.8/site-packages/airflow/example_dags/example_kubernetes_executor.py
[2024-02-28T08:02:11.702+0000] {processor.py:840} INFO - DAG(s) 'example_kubernetes_executor' retrieved from /home/airflow/.local/lib/python3.8/site-packages/airflow/example_dags/example_kubernetes_executor.py
[2024-02-28T08:02:11.726+0000] {logging_mixin.py:188} INFO - [2024-02-28T08:02:11.726+0000] {dag.py:3036} INFO - Sync 1 DAGs
[2024-02-28T08:02:11.732+0000] {logging_mixin.py:188} INFO - [2024-02-28T08:02:11.732+0000] {dag.py:3823} INFO - Setting next_dagrun for example_kubernetes_executor to None, run_after=None
[2024-02-28T08:02:11.742+0000] {processor.py:183} INFO - Processing /home/airflow/.local/lib/python3.8/site-packages/airflow/example_dags/example_kubernetes_executor.py took 0.053 seconds
[2024-02-28T08:02:41.951+0000] {processor.py:161} INFO - Started process (PID=473) to work on /home/airflow/.local/lib/python3.8/site-packages/airflow/example_dags/example_kubernetes_executor.py
[2024-02-28T08:02:41.952+0000] {processor.py:830} INFO - Processing file /home/airflow/.local/lib/python3.8/site-packages/airflow/example_dags/example_kubernetes_executor.py for tasks to queue
[2024-02-28T08:02:41.953+0000] {logging_mixin.py:188} INFO - [2024-02-28T08:02:41.952+0000] {dagbag.py:538} INFO - Filling up the DagBag from /home/airflow/.local/lib/python3.8/site-packages/airflow/example_dags/example_kubernetes_executor.py
[2024-02-28T08:02:41.962+0000] {processor.py:840} INFO - DAG(s) 'example_kubernetes_executor' retrieved from /home/airflow/.local/lib/python3.8/site-packages/airflow/example_dags/example_kubernetes_executor.py
[2024-02-28T08:02:41.986+0000] {logging_mixin.py:188} INFO - [2024-02-28T08:02:41.986+0000] {dag.py:3036} INFO - Sync 1 DAGs
[2024-02-28T08:02:41.994+0000] {logging_mixin.py:188} INFO - [2024-02-28T08:02:41.994+0000] {dag.py:3823} INFO - Setting next_dagrun for example_kubernetes_executor to None, run_after=None
[2024-02-28T08:02:42.004+0000] {processor.py:183} INFO - Processing /home/airflow/.local/lib/python3.8/site-packages/airflow/example_dags/example_kubernetes_executor.py took 0.056 seconds
[2024-02-28T08:03:12.206+0000] {processor.py:161} INFO - Started process (PID=540) to work on /home/airflow/.local/lib/python3.8/site-packages/airflow/example_dags/example_kubernetes_executor.py
[2024-02-28T08:03:12.207+0000] {processor.py:830} INFO - Processing file /home/airflow/.local/lib/python3.8/site-packages/airflow/example_dags/example_kubernetes_executor.py for tasks to queue
[2024-02-28T08:03:12.208+0000] {logging_mixin.py:188} INFO - [2024-02-28T08:03:12.207+0000] {dagbag.py:538} INFO - Filling up the DagBag from /home/airflow/.local/lib/python3.8/site-packages/airflow/example_dags/example_kubernetes_executor.py
[2024-02-28T08:03:12.217+0000] {processor.py:840} INFO - DAG(s) 'example_kubernetes_executor' retrieved from /home/airflow/.local/lib/python3.8/site-packages/airflow/example_dags/example_kubernetes_executor.py
[2024-02-28T08:03:12.239+0000] {logging_mixin.py:188} INFO - [2024-02-28T08:03:12.239+0000] {dag.py:3036} INFO - Sync 1 DAGs
[2024-02-28T08:03:12.246+0000] {logging_mixin.py:188} INFO - [2024-02-28T08:03:12.246+0000] {dag.py:3823} INFO - Setting next_dagrun for example_kubernetes_executor to None, run_after=None
[2024-02-28T08:03:12.255+0000] {processor.py:183} INFO - Processing /home/airflow/.local/lib/python3.8/site-packages/airflow/example_dags/example_kubernetes_executor.py took 0.051 seconds
[2024-02-28T08:03:42.364+0000] {processor.py:161} INFO - Started process (PID=608) to work on /home/airflow/.local/lib/python3.8/site-packages/airflow/example_dags/example_kubernetes_executor.py
[2024-02-28T08:03:42.365+0000] {processor.py:830} INFO - Processing file /home/airflow/.local/lib/python3.8/site-packages/airflow/example_dags/example_kubernetes_executor.py for tasks to queue
[2024-02-28T08:03:42.366+0000] {logging_mixin.py:188} INFO - [2024-02-28T08:03:42.365+0000] {dagbag.py:538} INFO - Filling up the DagBag from /home/airflow/.local/lib/python3.8/site-packages/airflow/example_dags/example_kubernetes_executor.py
[2024-02-28T08:03:42.375+0000] {processor.py:840} INFO - DAG(s) 'example_kubernetes_executor' retrieved from /home/airflow/.local/lib/python3.8/site-packages/airflow/example_dags/example_kubernetes_executor.py
[2024-02-28T08:03:42.399+0000] {logging_mixin.py:188} INFO - [2024-02-28T08:03:42.399+0000] {dag.py:3036} INFO - Sync 1 DAGs
[2024-02-28T08:03:42.405+0000] {logging_mixin.py:188} INFO - [2024-02-28T08:03:42.405+0000] {dag.py:3823} INFO - Setting next_dagrun for example_kubernetes_executor to None, run_after=None
[2024-02-28T08:03:42.414+0000] {processor.py:183} INFO - Processing /home/airflow/.local/lib/python3.8/site-packages/airflow/example_dags/example_kubernetes_executor.py took 0.053 seconds
[2024-02-28T08:04:12.442+0000] {processor.py:161} INFO - Started process (PID=675) to work on /home/airflow/.local/lib/python3.8/site-packages/airflow/example_dags/example_kubernetes_executor.py
[2024-02-28T08:04:12.443+0000] {processor.py:830} INFO - Processing file /home/airflow/.local/lib/python3.8/site-packages/airflow/example_dags/example_kubernetes_executor.py for tasks to queue
[2024-02-28T08:04:12.444+0000] {logging_mixin.py:188} INFO - [2024-02-28T08:04:12.444+0000] {dagbag.py:538} INFO - Filling up the DagBag from /home/airflow/.local/lib/python3.8/site-packages/airflow/example_dags/example_kubernetes_executor.py
[2024-02-28T08:04:12.453+0000] {processor.py:840} INFO - DAG(s) 'example_kubernetes_executor' retrieved from /home/airflow/.local/lib/python3.8/site-packages/airflow/example_dags/example_kubernetes_executor.py
[2024-02-28T08:04:12.477+0000] {logging_mixin.py:188} INFO - [2024-02-28T08:04:12.476+0000] {dag.py:3036} INFO - Sync 1 DAGs
[2024-02-28T08:04:12.484+0000] {logging_mixin.py:188} INFO - [2024-02-28T08:04:12.484+0000] {dag.py:3823} INFO - Setting next_dagrun for example_kubernetes_executor to None, run_after=None
[2024-02-28T08:04:12.493+0000] {processor.py:183} INFO - Processing /home/airflow/.local/lib/python3.8/site-packages/airflow/example_dags/example_kubernetes_executor.py took 0.053 seconds
[2024-02-28T08:04:42.675+0000] {processor.py:161} INFO - Started process (PID=742) to work on /home/airflow/.local/lib/python3.8/site-packages/airflow/example_dags/example_kubernetes_executor.py
[2024-02-28T08:04:42.676+0000] {processor.py:830} INFO - Processing file /home/airflow/.local/lib/python3.8/site-packages/airflow/example_dags/example_kubernetes_executor.py for tasks to queue
[2024-02-28T08:04:42.677+0000] {logging_mixin.py:188} INFO - [2024-02-28T08:04:42.677+0000] {dagbag.py:538} INFO - Filling up the DagBag from /home/airflow/.local/lib/python3.8/site-packages/airflow/example_dags/example_kubernetes_executor.py
[2024-02-28T08:04:42.686+0000] {processor.py:840} INFO - DAG(s) 'example_kubernetes_executor' retrieved from /home/airflow/.local/lib/python3.8/site-packages/airflow/example_dags/example_kubernetes_executor.py
[2024-02-28T08:04:42.711+0000] {logging_mixin.py:188} INFO - [2024-02-28T08:04:42.711+0000] {dag.py:3036} INFO - Sync 1 DAGs
[2024-02-28T08:04:42.718+0000] {logging_mixin.py:188} INFO - [2024-02-28T08:04:42.718+0000] {dag.py:3823} INFO - Setting next_dagrun for example_kubernetes_executor to None, run_after=None
[2024-02-28T08:04:42.731+0000] {processor.py:183} INFO - Processing /home/airflow/.local/lib/python3.8/site-packages/airflow/example_dags/example_kubernetes_executor.py took 0.058 seconds
[2024-02-28T08:05:12.826+0000] {processor.py:161} INFO - Started process (PID=810) to work on /home/airflow/.local/lib/python3.8/site-packages/airflow/example_dags/example_kubernetes_executor.py
[2024-02-28T08:05:12.827+0000] {processor.py:830} INFO - Processing file /home/airflow/.local/lib/python3.8/site-packages/airflow/example_dags/example_kubernetes_executor.py for tasks to queue
[2024-02-28T08:05:12.827+0000] {logging_mixin.py:188} INFO - [2024-02-28T08:05:12.827+0000] {dagbag.py:538} INFO - Filling up the DagBag from /home/airflow/.local/lib/python3.8/site-packages/airflow/example_dags/example_kubernetes_executor.py
[2024-02-28T08:05:12.837+0000] {processor.py:840} INFO - DAG(s) 'example_kubernetes_executor' retrieved from /home/airflow/.local/lib/python3.8/site-packages/airflow/example_dags/example_kubernetes_executor.py
[2024-02-28T08:05:12.865+0000] {logging_mixin.py:188} INFO - [2024-02-28T08:05:12.865+0000] {dag.py:3036} INFO - Sync 1 DAGs
[2024-02-28T08:05:12.872+0000] {logging_mixin.py:188} INFO - [2024-02-28T08:05:12.872+0000] {dag.py:3823} INFO - Setting next_dagrun for example_kubernetes_executor to None, run_after=None
[2024-02-28T08:05:12.881+0000] {processor.py:183} INFO - Processing /home/airflow/.local/lib/python3.8/site-packages/airflow/example_dags/example_kubernetes_executor.py took 0.058 seconds
[2024-02-28T08:05:42.996+0000] {processor.py:161} INFO - Started process (PID=878) to work on /home/airflow/.local/lib/python3.8/site-packages/airflow/example_dags/example_kubernetes_executor.py
[2024-02-28T08:05:42.997+0000] {processor.py:830} INFO - Processing file /home/airflow/.local/lib/python3.8/site-packages/airflow/example_dags/example_kubernetes_executor.py for tasks to queue
[2024-02-28T08:05:42.998+0000] {logging_mixin.py:188} INFO - [2024-02-28T08:05:42.998+0000] {dagbag.py:538} INFO - Filling up the DagBag from /home/airflow/.local/lib/python3.8/site-packages/airflow/example_dags/example_kubernetes_executor.py
[2024-02-28T08:05:43.007+0000] {processor.py:840} INFO - DAG(s) 'example_kubernetes_executor' retrieved from /home/airflow/.local/lib/python3.8/site-packages/airflow/example_dags/example_kubernetes_executor.py
[2024-02-28T08:05:43.031+0000] {logging_mixin.py:188} INFO - [2024-02-28T08:05:43.031+0000] {dag.py:3036} INFO - Sync 1 DAGs
[2024-02-28T08:05:43.038+0000] {logging_mixin.py:188} INFO - [2024-02-28T08:05:43.038+0000] {dag.py:3823} INFO - Setting next_dagrun for example_kubernetes_executor to None, run_after=None
[2024-02-28T08:05:43.047+0000] {processor.py:183} INFO - Processing /home/airflow/.local/lib/python3.8/site-packages/airflow/example_dags/example_kubernetes_executor.py took 0.053 seconds
[2024-02-28T08:06:13.216+0000] {processor.py:161} INFO - Started process (PID=946) to work on /home/airflow/.local/lib/python3.8/site-packages/airflow/example_dags/example_kubernetes_executor.py
[2024-02-28T08:06:13.217+0000] {processor.py:830} INFO - Processing file /home/airflow/.local/lib/python3.8/site-packages/airflow/example_dags/example_kubernetes_executor.py for tasks to queue
[2024-02-28T08:06:13.217+0000] {logging_mixin.py:188} INFO - [2024-02-28T08:06:13.217+0000] {dagbag.py:538} INFO - Filling up the DagBag from /home/airflow/.local/lib/python3.8/site-packages/airflow/example_dags/example_kubernetes_executor.py
[2024-02-28T08:06:13.227+0000] {processor.py:840} INFO - DAG(s) 'example_kubernetes_executor' retrieved from /home/airflow/.local/lib/python3.8/site-packages/airflow/example_dags/example_kubernetes_executor.py
[2024-02-28T08:06:13.254+0000] {logging_mixin.py:188} INFO - [2024-02-28T08:06:13.253+0000] {dag.py:3036} INFO - Sync 1 DAGs
[2024-02-28T08:06:13.261+0000] {logging_mixin.py:188} INFO - [2024-02-28T08:06:13.261+0000] {dag.py:3823} INFO - Setting next_dagrun for example_kubernetes_executor to None, run_after=None
[2024-02-28T08:06:13.270+0000] {processor.py:183} INFO - Processing /home/airflow/.local/lib/python3.8/site-packages/airflow/example_dags/example_kubernetes_executor.py took 0.057 seconds
