[2024-02-28T07:59:40.937+0000] {processor.py:161} INFO - Started process (PID=91) to work on /home/airflow/.local/lib/python3.8/site-packages/airflow/example_dags/example_branch_operator.py
[2024-02-28T07:59:40.938+0000] {processor.py:830} INFO - Processing file /home/airflow/.local/lib/python3.8/site-packages/airflow/example_dags/example_branch_operator.py for tasks to queue
[2024-02-28T07:59:40.943+0000] {logging_mixin.py:188} INFO - [2024-02-28T07:59:40.942+0000] {dagbag.py:538} INFO - Filling up the DagBag from /home/airflow/.local/lib/python3.8/site-packages/airflow/example_dags/example_branch_operator.py
[2024-02-28T07:59:40.970+0000] {processor.py:840} INFO - DAG(s) 'example_branch_operator' retrieved from /home/airflow/.local/lib/python3.8/site-packages/airflow/example_dags/example_branch_operator.py
[2024-02-28T07:59:41.114+0000] {logging_mixin.py:188} INFO - [2024-02-28T07:59:41.113+0000] {dag.py:3036} INFO - Sync 1 DAGs
[2024-02-28T07:59:41.142+0000] {logging_mixin.py:188} INFO - [2024-02-28T07:59:41.142+0000] {dag.py:3823} INFO - Setting next_dagrun for example_branch_operator to 2024-02-27 00:00:00+00:00, run_after=2024-02-28 00:00:00+00:00
[2024-02-28T07:59:41.165+0000] {processor.py:183} INFO - Processing /home/airflow/.local/lib/python3.8/site-packages/airflow/example_dags/example_branch_operator.py took 0.230 seconds
[2024-02-28T08:00:12.026+0000] {processor.py:161} INFO - Started process (PID=158) to work on /home/airflow/.local/lib/python3.8/site-packages/airflow/example_dags/example_branch_operator.py
[2024-02-28T08:00:12.028+0000] {processor.py:830} INFO - Processing file /home/airflow/.local/lib/python3.8/site-packages/airflow/example_dags/example_branch_operator.py for tasks to queue
[2024-02-28T08:00:12.031+0000] {logging_mixin.py:188} INFO - [2024-02-28T08:00:12.030+0000] {dagbag.py:538} INFO - Filling up the DagBag from /home/airflow/.local/lib/python3.8/site-packages/airflow/example_dags/example_branch_operator.py
[2024-02-28T08:00:12.050+0000] {processor.py:840} INFO - DAG(s) 'example_branch_operator' retrieved from /home/airflow/.local/lib/python3.8/site-packages/airflow/example_dags/example_branch_operator.py
[2024-02-28T08:00:12.074+0000] {logging_mixin.py:188} INFO - [2024-02-28T08:00:12.074+0000] {dag.py:3036} INFO - Sync 1 DAGs
[2024-02-28T08:00:12.087+0000] {logging_mixin.py:188} INFO - [2024-02-28T08:00:12.087+0000] {dag.py:3823} INFO - Setting next_dagrun for example_branch_operator to 2024-02-27 00:00:00+00:00, run_after=2024-02-28 00:00:00+00:00
[2024-02-28T08:00:12.097+0000] {processor.py:183} INFO - Processing /home/airflow/.local/lib/python3.8/site-packages/airflow/example_dags/example_branch_operator.py took 0.077 seconds
[2024-02-28T08:00:42.354+0000] {processor.py:161} INFO - Started process (PID=225) to work on /home/airflow/.local/lib/python3.8/site-packages/airflow/example_dags/example_branch_operator.py
[2024-02-28T08:00:42.355+0000] {processor.py:830} INFO - Processing file /home/airflow/.local/lib/python3.8/site-packages/airflow/example_dags/example_branch_operator.py for tasks to queue
[2024-02-28T08:00:42.357+0000] {logging_mixin.py:188} INFO - [2024-02-28T08:00:42.356+0000] {dagbag.py:538} INFO - Filling up the DagBag from /home/airflow/.local/lib/python3.8/site-packages/airflow/example_dags/example_branch_operator.py
[2024-02-28T08:00:42.375+0000] {processor.py:840} INFO - DAG(s) 'example_branch_operator' retrieved from /home/airflow/.local/lib/python3.8/site-packages/airflow/example_dags/example_branch_operator.py
[2024-02-28T08:00:42.398+0000] {logging_mixin.py:188} INFO - [2024-02-28T08:00:42.398+0000] {dag.py:3036} INFO - Sync 1 DAGs
[2024-02-28T08:00:42.411+0000] {logging_mixin.py:188} INFO - [2024-02-28T08:00:42.410+0000] {dag.py:3823} INFO - Setting next_dagrun for example_branch_operator to 2024-02-27 00:00:00+00:00, run_after=2024-02-28 00:00:00+00:00
[2024-02-28T08:00:42.420+0000] {processor.py:183} INFO - Processing /home/airflow/.local/lib/python3.8/site-packages/airflow/example_dags/example_branch_operator.py took 0.072 seconds
[2024-02-28T08:01:12.753+0000] {processor.py:161} INFO - Started process (PID=292) to work on /home/airflow/.local/lib/python3.8/site-packages/airflow/example_dags/example_branch_operator.py
[2024-02-28T08:01:12.755+0000] {processor.py:830} INFO - Processing file /home/airflow/.local/lib/python3.8/site-packages/airflow/example_dags/example_branch_operator.py for tasks to queue
[2024-02-28T08:01:12.757+0000] {logging_mixin.py:188} INFO - [2024-02-28T08:01:12.756+0000] {dagbag.py:538} INFO - Filling up the DagBag from /home/airflow/.local/lib/python3.8/site-packages/airflow/example_dags/example_branch_operator.py
[2024-02-28T08:01:12.778+0000] {processor.py:840} INFO - DAG(s) 'example_branch_operator' retrieved from /home/airflow/.local/lib/python3.8/site-packages/airflow/example_dags/example_branch_operator.py
[2024-02-28T08:01:12.802+0000] {logging_mixin.py:188} INFO - [2024-02-28T08:01:12.802+0000] {dag.py:3036} INFO - Sync 1 DAGs
[2024-02-28T08:01:12.815+0000] {logging_mixin.py:188} INFO - [2024-02-28T08:01:12.815+0000] {dag.py:3823} INFO - Setting next_dagrun for example_branch_operator to 2024-02-27 00:00:00+00:00, run_after=2024-02-28 00:00:00+00:00
[2024-02-28T08:01:12.825+0000] {processor.py:183} INFO - Processing /home/airflow/.local/lib/python3.8/site-packages/airflow/example_dags/example_branch_operator.py took 0.079 seconds
[2024-02-28T08:01:43.087+0000] {processor.py:161} INFO - Started process (PID=359) to work on /home/airflow/.local/lib/python3.8/site-packages/airflow/example_dags/example_branch_operator.py
[2024-02-28T08:01:43.088+0000] {processor.py:830} INFO - Processing file /home/airflow/.local/lib/python3.8/site-packages/airflow/example_dags/example_branch_operator.py for tasks to queue
[2024-02-28T08:01:43.090+0000] {logging_mixin.py:188} INFO - [2024-02-28T08:01:43.089+0000] {dagbag.py:538} INFO - Filling up the DagBag from /home/airflow/.local/lib/python3.8/site-packages/airflow/example_dags/example_branch_operator.py
[2024-02-28T08:01:43.109+0000] {processor.py:840} INFO - DAG(s) 'example_branch_operator' retrieved from /home/airflow/.local/lib/python3.8/site-packages/airflow/example_dags/example_branch_operator.py
[2024-02-28T08:01:43.134+0000] {logging_mixin.py:188} INFO - [2024-02-28T08:01:43.134+0000] {dag.py:3036} INFO - Sync 1 DAGs
[2024-02-28T08:01:43.147+0000] {logging_mixin.py:188} INFO - [2024-02-28T08:01:43.147+0000] {dag.py:3823} INFO - Setting next_dagrun for example_branch_operator to 2024-02-27 00:00:00+00:00, run_after=2024-02-28 00:00:00+00:00
[2024-02-28T08:01:43.156+0000] {processor.py:183} INFO - Processing /home/airflow/.local/lib/python3.8/site-packages/airflow/example_dags/example_branch_operator.py took 0.076 seconds
[2024-02-28T08:02:13.361+0000] {processor.py:161} INFO - Started process (PID=426) to work on /home/airflow/.local/lib/python3.8/site-packages/airflow/example_dags/example_branch_operator.py
[2024-02-28T08:02:13.362+0000] {processor.py:830} INFO - Processing file /home/airflow/.local/lib/python3.8/site-packages/airflow/example_dags/example_branch_operator.py for tasks to queue
[2024-02-28T08:02:13.364+0000] {logging_mixin.py:188} INFO - [2024-02-28T08:02:13.363+0000] {dagbag.py:538} INFO - Filling up the DagBag from /home/airflow/.local/lib/python3.8/site-packages/airflow/example_dags/example_branch_operator.py
[2024-02-28T08:02:13.382+0000] {processor.py:840} INFO - DAG(s) 'example_branch_operator' retrieved from /home/airflow/.local/lib/python3.8/site-packages/airflow/example_dags/example_branch_operator.py
[2024-02-28T08:02:13.406+0000] {logging_mixin.py:188} INFO - [2024-02-28T08:02:13.406+0000] {dag.py:3036} INFO - Sync 1 DAGs
[2024-02-28T08:02:13.419+0000] {logging_mixin.py:188} INFO - [2024-02-28T08:02:13.419+0000] {dag.py:3823} INFO - Setting next_dagrun for example_branch_operator to 2024-02-27 00:00:00+00:00, run_after=2024-02-28 00:00:00+00:00
[2024-02-28T08:02:13.429+0000] {processor.py:183} INFO - Processing /home/airflow/.local/lib/python3.8/site-packages/airflow/example_dags/example_branch_operator.py took 0.074 seconds
[2024-02-28T08:02:43.568+0000] {processor.py:161} INFO - Started process (PID=493) to work on /home/airflow/.local/lib/python3.8/site-packages/airflow/example_dags/example_branch_operator.py
[2024-02-28T08:02:43.568+0000] {processor.py:830} INFO - Processing file /home/airflow/.local/lib/python3.8/site-packages/airflow/example_dags/example_branch_operator.py for tasks to queue
[2024-02-28T08:02:43.569+0000] {logging_mixin.py:188} INFO - [2024-02-28T08:02:43.569+0000] {dagbag.py:538} INFO - Filling up the DagBag from /home/airflow/.local/lib/python3.8/site-packages/airflow/example_dags/example_branch_operator.py
[2024-02-28T08:02:43.579+0000] {processor.py:840} INFO - DAG(s) 'example_branch_operator' retrieved from /home/airflow/.local/lib/python3.8/site-packages/airflow/example_dags/example_branch_operator.py
[2024-02-28T08:02:43.598+0000] {logging_mixin.py:188} INFO - [2024-02-28T08:02:43.598+0000] {dag.py:3036} INFO - Sync 1 DAGs
[2024-02-28T08:02:43.609+0000] {logging_mixin.py:188} INFO - [2024-02-28T08:02:43.609+0000] {dag.py:3823} INFO - Setting next_dagrun for example_branch_operator to 2024-02-27 00:00:00+00:00, run_after=2024-02-28 00:00:00+00:00
[2024-02-28T08:02:43.620+0000] {processor.py:183} INFO - Processing /home/airflow/.local/lib/python3.8/site-packages/airflow/example_dags/example_branch_operator.py took 0.055 seconds
[2024-02-28T08:03:14.024+0000] {processor.py:161} INFO - Started process (PID=560) to work on /home/airflow/.local/lib/python3.8/site-packages/airflow/example_dags/example_branch_operator.py
[2024-02-28T08:03:14.025+0000] {processor.py:830} INFO - Processing file /home/airflow/.local/lib/python3.8/site-packages/airflow/example_dags/example_branch_operator.py for tasks to queue
[2024-02-28T08:03:14.026+0000] {logging_mixin.py:188} INFO - [2024-02-28T08:03:14.025+0000] {dagbag.py:538} INFO - Filling up the DagBag from /home/airflow/.local/lib/python3.8/site-packages/airflow/example_dags/example_branch_operator.py
[2024-02-28T08:03:14.044+0000] {processor.py:840} INFO - DAG(s) 'example_branch_operator' retrieved from /home/airflow/.local/lib/python3.8/site-packages/airflow/example_dags/example_branch_operator.py
[2024-02-28T08:03:14.088+0000] {logging_mixin.py:188} INFO - [2024-02-28T08:03:14.088+0000] {dag.py:3036} INFO - Sync 1 DAGs
[2024-02-28T08:03:14.108+0000] {logging_mixin.py:188} INFO - [2024-02-28T08:03:14.108+0000] {dag.py:3823} INFO - Setting next_dagrun for example_branch_operator to 2024-02-27 00:00:00+00:00, run_after=2024-02-28 00:00:00+00:00
[2024-02-28T08:03:14.185+0000] {processor.py:183} INFO - Processing /home/airflow/.local/lib/python3.8/site-packages/airflow/example_dags/example_branch_operator.py took 0.166 seconds
[2024-02-28T08:03:45.101+0000] {processor.py:161} INFO - Started process (PID=628) to work on /home/airflow/.local/lib/python3.8/site-packages/airflow/example_dags/example_branch_operator.py
[2024-02-28T08:03:45.103+0000] {processor.py:830} INFO - Processing file /home/airflow/.local/lib/python3.8/site-packages/airflow/example_dags/example_branch_operator.py for tasks to queue
[2024-02-28T08:03:45.105+0000] {logging_mixin.py:188} INFO - [2024-02-28T08:03:45.104+0000] {dagbag.py:538} INFO - Filling up the DagBag from /home/airflow/.local/lib/python3.8/site-packages/airflow/example_dags/example_branch_operator.py
[2024-02-28T08:03:45.123+0000] {processor.py:840} INFO - DAG(s) 'example_branch_operator' retrieved from /home/airflow/.local/lib/python3.8/site-packages/airflow/example_dags/example_branch_operator.py
[2024-02-28T08:03:45.148+0000] {logging_mixin.py:188} INFO - [2024-02-28T08:03:45.148+0000] {dag.py:3036} INFO - Sync 1 DAGs
[2024-02-28T08:03:45.163+0000] {logging_mixin.py:188} INFO - [2024-02-28T08:03:45.163+0000] {dag.py:3823} INFO - Setting next_dagrun for example_branch_operator to 2024-02-27 00:00:00+00:00, run_after=2024-02-28 00:00:00+00:00
[2024-02-28T08:03:45.175+0000] {processor.py:183} INFO - Processing /home/airflow/.local/lib/python3.8/site-packages/airflow/example_dags/example_branch_operator.py took 0.080 seconds
[2024-02-28T08:04:15.221+0000] {processor.py:161} INFO - Started process (PID=695) to work on /home/airflow/.local/lib/python3.8/site-packages/airflow/example_dags/example_branch_operator.py
[2024-02-28T08:04:15.222+0000] {processor.py:830} INFO - Processing file /home/airflow/.local/lib/python3.8/site-packages/airflow/example_dags/example_branch_operator.py for tasks to queue
[2024-02-28T08:04:15.223+0000] {logging_mixin.py:188} INFO - [2024-02-28T08:04:15.223+0000] {dagbag.py:538} INFO - Filling up the DagBag from /home/airflow/.local/lib/python3.8/site-packages/airflow/example_dags/example_branch_operator.py
[2024-02-28T08:04:15.241+0000] {processor.py:840} INFO - DAG(s) 'example_branch_operator' retrieved from /home/airflow/.local/lib/python3.8/site-packages/airflow/example_dags/example_branch_operator.py
[2024-02-28T08:04:15.264+0000] {logging_mixin.py:188} INFO - [2024-02-28T08:04:15.264+0000] {dag.py:3036} INFO - Sync 1 DAGs
[2024-02-28T08:04:15.277+0000] {logging_mixin.py:188} INFO - [2024-02-28T08:04:15.277+0000] {dag.py:3823} INFO - Setting next_dagrun for example_branch_operator to 2024-02-27 00:00:00+00:00, run_after=2024-02-28 00:00:00+00:00
[2024-02-28T08:04:15.287+0000] {processor.py:183} INFO - Processing /home/airflow/.local/lib/python3.8/site-packages/airflow/example_dags/example_branch_operator.py took 0.072 seconds
[2024-02-28T08:04:45.436+0000] {processor.py:161} INFO - Started process (PID=762) to work on /home/airflow/.local/lib/python3.8/site-packages/airflow/example_dags/example_branch_operator.py
[2024-02-28T08:04:45.438+0000] {processor.py:830} INFO - Processing file /home/airflow/.local/lib/python3.8/site-packages/airflow/example_dags/example_branch_operator.py for tasks to queue
[2024-02-28T08:04:45.439+0000] {logging_mixin.py:188} INFO - [2024-02-28T08:04:45.439+0000] {dagbag.py:538} INFO - Filling up the DagBag from /home/airflow/.local/lib/python3.8/site-packages/airflow/example_dags/example_branch_operator.py
[2024-02-28T08:04:45.458+0000] {processor.py:840} INFO - DAG(s) 'example_branch_operator' retrieved from /home/airflow/.local/lib/python3.8/site-packages/airflow/example_dags/example_branch_operator.py
[2024-02-28T08:04:45.482+0000] {logging_mixin.py:188} INFO - [2024-02-28T08:04:45.482+0000] {dag.py:3036} INFO - Sync 1 DAGs
[2024-02-28T08:04:45.495+0000] {logging_mixin.py:188} INFO - [2024-02-28T08:04:45.495+0000] {dag.py:3823} INFO - Setting next_dagrun for example_branch_operator to 2024-02-27 00:00:00+00:00, run_after=2024-02-28 00:00:00+00:00
[2024-02-28T08:04:45.505+0000] {processor.py:183} INFO - Processing /home/airflow/.local/lib/python3.8/site-packages/airflow/example_dags/example_branch_operator.py took 0.074 seconds
[2024-02-28T08:05:15.544+0000] {processor.py:161} INFO - Started process (PID=830) to work on /home/airflow/.local/lib/python3.8/site-packages/airflow/example_dags/example_branch_operator.py
[2024-02-28T08:05:15.546+0000] {processor.py:830} INFO - Processing file /home/airflow/.local/lib/python3.8/site-packages/airflow/example_dags/example_branch_operator.py for tasks to queue
[2024-02-28T08:05:15.548+0000] {logging_mixin.py:188} INFO - [2024-02-28T08:05:15.547+0000] {dagbag.py:538} INFO - Filling up the DagBag from /home/airflow/.local/lib/python3.8/site-packages/airflow/example_dags/example_branch_operator.py
[2024-02-28T08:05:15.566+0000] {processor.py:840} INFO - DAG(s) 'example_branch_operator' retrieved from /home/airflow/.local/lib/python3.8/site-packages/airflow/example_dags/example_branch_operator.py
[2024-02-28T08:05:15.597+0000] {logging_mixin.py:188} INFO - [2024-02-28T08:05:15.597+0000] {dag.py:3036} INFO - Sync 1 DAGs
[2024-02-28T08:05:15.610+0000] {logging_mixin.py:188} INFO - [2024-02-28T08:05:15.610+0000] {dag.py:3823} INFO - Setting next_dagrun for example_branch_operator to 2024-02-27 00:00:00+00:00, run_after=2024-02-28 00:00:00+00:00
[2024-02-28T08:05:15.623+0000] {processor.py:183} INFO - Processing /home/airflow/.local/lib/python3.8/site-packages/airflow/example_dags/example_branch_operator.py took 0.086 seconds
[2024-02-28T08:05:45.786+0000] {processor.py:161} INFO - Started process (PID=898) to work on /home/airflow/.local/lib/python3.8/site-packages/airflow/example_dags/example_branch_operator.py
[2024-02-28T08:05:45.787+0000] {processor.py:830} INFO - Processing file /home/airflow/.local/lib/python3.8/site-packages/airflow/example_dags/example_branch_operator.py for tasks to queue
[2024-02-28T08:05:45.787+0000] {logging_mixin.py:188} INFO - [2024-02-28T08:05:45.787+0000] {dagbag.py:538} INFO - Filling up the DagBag from /home/airflow/.local/lib/python3.8/site-packages/airflow/example_dags/example_branch_operator.py
[2024-02-28T08:05:45.798+0000] {processor.py:840} INFO - DAG(s) 'example_branch_operator' retrieved from /home/airflow/.local/lib/python3.8/site-packages/airflow/example_dags/example_branch_operator.py
[2024-02-28T08:05:45.817+0000] {logging_mixin.py:188} INFO - [2024-02-28T08:05:45.817+0000] {dag.py:3036} INFO - Sync 1 DAGs
[2024-02-28T08:05:45.831+0000] {logging_mixin.py:188} INFO - [2024-02-28T08:05:45.831+0000] {dag.py:3823} INFO - Setting next_dagrun for example_branch_operator to 2024-02-27 00:00:00+00:00, run_after=2024-02-28 00:00:00+00:00
[2024-02-28T08:05:45.843+0000] {processor.py:183} INFO - Processing /home/airflow/.local/lib/python3.8/site-packages/airflow/example_dags/example_branch_operator.py took 0.060 seconds
[2024-02-28T08:06:15.942+0000] {processor.py:161} INFO - Started process (PID=966) to work on /home/airflow/.local/lib/python3.8/site-packages/airflow/example_dags/example_branch_operator.py
[2024-02-28T08:06:15.948+0000] {processor.py:830} INFO - Processing file /home/airflow/.local/lib/python3.8/site-packages/airflow/example_dags/example_branch_operator.py for tasks to queue
[2024-02-28T08:06:15.951+0000] {logging_mixin.py:188} INFO - [2024-02-28T08:06:15.950+0000] {dagbag.py:538} INFO - Filling up the DagBag from /home/airflow/.local/lib/python3.8/site-packages/airflow/example_dags/example_branch_operator.py
[2024-02-28T08:06:16.003+0000] {processor.py:840} INFO - DAG(s) 'example_branch_operator' retrieved from /home/airflow/.local/lib/python3.8/site-packages/airflow/example_dags/example_branch_operator.py
[2024-02-28T08:06:16.130+0000] {logging_mixin.py:188} INFO - [2024-02-28T08:06:16.129+0000] {dag.py:3036} INFO - Sync 1 DAGs
[2024-02-28T08:06:16.195+0000] {logging_mixin.py:188} INFO - [2024-02-28T08:06:16.193+0000] {dag.py:3823} INFO - Setting next_dagrun for example_branch_operator to 2024-02-27 00:00:00+00:00, run_after=2024-02-28 00:00:00+00:00
[2024-02-28T08:06:16.266+0000] {processor.py:183} INFO - Processing /home/airflow/.local/lib/python3.8/site-packages/airflow/example_dags/example_branch_operator.py took 0.330 seconds
