[2024-02-28T07:59:40.370+0000] {processor.py:161} INFO - Started process (PID=83) to work on /home/airflow/.local/lib/python3.8/site-packages/airflow/example_dags/example_sla_dag.py
[2024-02-28T07:59:40.371+0000] {processor.py:830} INFO - Processing file /home/airflow/.local/lib/python3.8/site-packages/airflow/example_dags/example_sla_dag.py for tasks to queue
[2024-02-28T07:59:40.373+0000] {logging_mixin.py:188} INFO - [2024-02-28T07:59:40.372+0000] {dagbag.py:538} INFO - Filling up the DagBag from /home/airflow/.local/lib/python3.8/site-packages/airflow/example_dags/example_sla_dag.py
[2024-02-28T07:59:40.378+0000] {processor.py:840} INFO - DAG(s) 'example_sla_dag' retrieved from /home/airflow/.local/lib/python3.8/site-packages/airflow/example_dags/example_sla_dag.py
[2024-02-28T07:59:40.392+0000] {logging_mixin.py:188} INFO - [2024-02-28T07:59:40.392+0000] {dag.py:3036} INFO - Sync 1 DAGs
[2024-02-28T07:59:40.407+0000] {logging_mixin.py:188} INFO - [2024-02-28T07:59:40.407+0000] {dag.py:3823} INFO - Setting next_dagrun for example_sla_dag to 2024-02-28 07:56:00+00:00, run_after=2024-02-28 07:58:00+00:00
[2024-02-28T07:59:40.432+0000] {processor.py:183} INFO - Processing /home/airflow/.local/lib/python3.8/site-packages/airflow/example_dags/example_sla_dag.py took 0.064 seconds
[2024-02-28T08:00:10.710+0000] {processor.py:161} INFO - Started process (PID=150) to work on /home/airflow/.local/lib/python3.8/site-packages/airflow/example_dags/example_sla_dag.py
[2024-02-28T08:00:10.711+0000] {processor.py:830} INFO - Processing file /home/airflow/.local/lib/python3.8/site-packages/airflow/example_dags/example_sla_dag.py for tasks to queue
[2024-02-28T08:00:10.712+0000] {logging_mixin.py:188} INFO - [2024-02-28T08:00:10.712+0000] {dagbag.py:538} INFO - Filling up the DagBag from /home/airflow/.local/lib/python3.8/site-packages/airflow/example_dags/example_sla_dag.py
[2024-02-28T08:00:10.718+0000] {processor.py:840} INFO - DAG(s) 'example_sla_dag' retrieved from /home/airflow/.local/lib/python3.8/site-packages/airflow/example_dags/example_sla_dag.py
[2024-02-28T08:00:10.732+0000] {logging_mixin.py:188} INFO - [2024-02-28T08:00:10.732+0000] {dag.py:3036} INFO - Sync 1 DAGs
[2024-02-28T08:00:10.744+0000] {logging_mixin.py:188} INFO - [2024-02-28T08:00:10.744+0000] {dag.py:3823} INFO - Setting next_dagrun for example_sla_dag to 2024-02-28 07:58:00+00:00, run_after=2024-02-28 08:00:00+00:00
[2024-02-28T08:00:10.753+0000] {processor.py:183} INFO - Processing /home/airflow/.local/lib/python3.8/site-packages/airflow/example_dags/example_sla_dag.py took 0.045 seconds
[2024-02-28T08:00:41.041+0000] {processor.py:161} INFO - Started process (PID=217) to work on /home/airflow/.local/lib/python3.8/site-packages/airflow/example_dags/example_sla_dag.py
[2024-02-28T08:00:41.041+0000] {processor.py:830} INFO - Processing file /home/airflow/.local/lib/python3.8/site-packages/airflow/example_dags/example_sla_dag.py for tasks to queue
[2024-02-28T08:00:41.042+0000] {logging_mixin.py:188} INFO - [2024-02-28T08:00:41.042+0000] {dagbag.py:538} INFO - Filling up the DagBag from /home/airflow/.local/lib/python3.8/site-packages/airflow/example_dags/example_sla_dag.py
[2024-02-28T08:00:41.047+0000] {processor.py:840} INFO - DAG(s) 'example_sla_dag' retrieved from /home/airflow/.local/lib/python3.8/site-packages/airflow/example_dags/example_sla_dag.py
[2024-02-28T08:00:41.061+0000] {logging_mixin.py:188} INFO - [2024-02-28T08:00:41.061+0000] {dag.py:3036} INFO - Sync 1 DAGs
[2024-02-28T08:00:41.073+0000] {logging_mixin.py:188} INFO - [2024-02-28T08:00:41.073+0000] {dag.py:3823} INFO - Setting next_dagrun for example_sla_dag to 2024-02-28 07:58:00+00:00, run_after=2024-02-28 08:00:00+00:00
[2024-02-28T08:00:41.082+0000] {processor.py:183} INFO - Processing /home/airflow/.local/lib/python3.8/site-packages/airflow/example_dags/example_sla_dag.py took 0.044 seconds
[2024-02-28T08:01:11.436+0000] {processor.py:161} INFO - Started process (PID=284) to work on /home/airflow/.local/lib/python3.8/site-packages/airflow/example_dags/example_sla_dag.py
[2024-02-28T08:01:11.436+0000] {processor.py:830} INFO - Processing file /home/airflow/.local/lib/python3.8/site-packages/airflow/example_dags/example_sla_dag.py for tasks to queue
[2024-02-28T08:01:11.437+0000] {logging_mixin.py:188} INFO - [2024-02-28T08:01:11.437+0000] {dagbag.py:538} INFO - Filling up the DagBag from /home/airflow/.local/lib/python3.8/site-packages/airflow/example_dags/example_sla_dag.py
[2024-02-28T08:01:11.442+0000] {processor.py:840} INFO - DAG(s) 'example_sla_dag' retrieved from /home/airflow/.local/lib/python3.8/site-packages/airflow/example_dags/example_sla_dag.py
[2024-02-28T08:01:11.456+0000] {logging_mixin.py:188} INFO - [2024-02-28T08:01:11.456+0000] {dag.py:3036} INFO - Sync 1 DAGs
[2024-02-28T08:01:11.467+0000] {logging_mixin.py:188} INFO - [2024-02-28T08:01:11.467+0000] {dag.py:3823} INFO - Setting next_dagrun for example_sla_dag to 2024-02-28 07:58:00+00:00, run_after=2024-02-28 08:00:00+00:00
[2024-02-28T08:01:11.475+0000] {processor.py:183} INFO - Processing /home/airflow/.local/lib/python3.8/site-packages/airflow/example_dags/example_sla_dag.py took 0.042 seconds
[2024-02-28T08:01:41.768+0000] {processor.py:161} INFO - Started process (PID=351) to work on /home/airflow/.local/lib/python3.8/site-packages/airflow/example_dags/example_sla_dag.py
[2024-02-28T08:01:41.769+0000] {processor.py:830} INFO - Processing file /home/airflow/.local/lib/python3.8/site-packages/airflow/example_dags/example_sla_dag.py for tasks to queue
[2024-02-28T08:01:41.770+0000] {logging_mixin.py:188} INFO - [2024-02-28T08:01:41.769+0000] {dagbag.py:538} INFO - Filling up the DagBag from /home/airflow/.local/lib/python3.8/site-packages/airflow/example_dags/example_sla_dag.py
[2024-02-28T08:01:41.775+0000] {processor.py:840} INFO - DAG(s) 'example_sla_dag' retrieved from /home/airflow/.local/lib/python3.8/site-packages/airflow/example_dags/example_sla_dag.py
[2024-02-28T08:01:41.790+0000] {logging_mixin.py:188} INFO - [2024-02-28T08:01:41.790+0000] {dag.py:3036} INFO - Sync 1 DAGs
[2024-02-28T08:01:41.803+0000] {logging_mixin.py:188} INFO - [2024-02-28T08:01:41.803+0000] {dag.py:3823} INFO - Setting next_dagrun for example_sla_dag to 2024-02-28 07:58:00+00:00, run_after=2024-02-28 08:00:00+00:00
[2024-02-28T08:01:41.812+0000] {processor.py:183} INFO - Processing /home/airflow/.local/lib/python3.8/site-packages/airflow/example_dags/example_sla_dag.py took 0.046 seconds
[2024-02-28T08:02:12.033+0000] {processor.py:161} INFO - Started process (PID=418) to work on /home/airflow/.local/lib/python3.8/site-packages/airflow/example_dags/example_sla_dag.py
[2024-02-28T08:02:12.034+0000] {processor.py:830} INFO - Processing file /home/airflow/.local/lib/python3.8/site-packages/airflow/example_dags/example_sla_dag.py for tasks to queue
[2024-02-28T08:02:12.035+0000] {logging_mixin.py:188} INFO - [2024-02-28T08:02:12.034+0000] {dagbag.py:538} INFO - Filling up the DagBag from /home/airflow/.local/lib/python3.8/site-packages/airflow/example_dags/example_sla_dag.py
[2024-02-28T08:02:12.040+0000] {processor.py:840} INFO - DAG(s) 'example_sla_dag' retrieved from /home/airflow/.local/lib/python3.8/site-packages/airflow/example_dags/example_sla_dag.py
[2024-02-28T08:02:12.054+0000] {logging_mixin.py:188} INFO - [2024-02-28T08:02:12.054+0000] {dag.py:3036} INFO - Sync 1 DAGs
[2024-02-28T08:02:12.067+0000] {logging_mixin.py:188} INFO - [2024-02-28T08:02:12.067+0000] {dag.py:3823} INFO - Setting next_dagrun for example_sla_dag to 2024-02-28 08:00:00+00:00, run_after=2024-02-28 08:02:00+00:00
[2024-02-28T08:02:12.076+0000] {processor.py:183} INFO - Processing /home/airflow/.local/lib/python3.8/site-packages/airflow/example_dags/example_sla_dag.py took 0.045 seconds
[2024-02-28T08:02:42.303+0000] {processor.py:161} INFO - Started process (PID=485) to work on /home/airflow/.local/lib/python3.8/site-packages/airflow/example_dags/example_sla_dag.py
[2024-02-28T08:02:42.304+0000] {processor.py:830} INFO - Processing file /home/airflow/.local/lib/python3.8/site-packages/airflow/example_dags/example_sla_dag.py for tasks to queue
[2024-02-28T08:02:42.305+0000] {logging_mixin.py:188} INFO - [2024-02-28T08:02:42.305+0000] {dagbag.py:538} INFO - Filling up the DagBag from /home/airflow/.local/lib/python3.8/site-packages/airflow/example_dags/example_sla_dag.py
[2024-02-28T08:02:42.310+0000] {processor.py:840} INFO - DAG(s) 'example_sla_dag' retrieved from /home/airflow/.local/lib/python3.8/site-packages/airflow/example_dags/example_sla_dag.py
[2024-02-28T08:02:42.325+0000] {logging_mixin.py:188} INFO - [2024-02-28T08:02:42.325+0000] {dag.py:3036} INFO - Sync 1 DAGs
[2024-02-28T08:02:42.338+0000] {logging_mixin.py:188} INFO - [2024-02-28T08:02:42.338+0000] {dag.py:3823} INFO - Setting next_dagrun for example_sla_dag to 2024-02-28 08:00:00+00:00, run_after=2024-02-28 08:02:00+00:00
[2024-02-28T08:02:42.348+0000] {processor.py:183} INFO - Processing /home/airflow/.local/lib/python3.8/site-packages/airflow/example_dags/example_sla_dag.py took 0.046 seconds
[2024-02-28T08:03:12.694+0000] {processor.py:161} INFO - Started process (PID=552) to work on /home/airflow/.local/lib/python3.8/site-packages/airflow/example_dags/example_sla_dag.py
[2024-02-28T08:03:12.695+0000] {processor.py:830} INFO - Processing file /home/airflow/.local/lib/python3.8/site-packages/airflow/example_dags/example_sla_dag.py for tasks to queue
[2024-02-28T08:03:12.696+0000] {logging_mixin.py:188} INFO - [2024-02-28T08:03:12.695+0000] {dagbag.py:538} INFO - Filling up the DagBag from /home/airflow/.local/lib/python3.8/site-packages/airflow/example_dags/example_sla_dag.py
[2024-02-28T08:03:12.702+0000] {processor.py:840} INFO - DAG(s) 'example_sla_dag' retrieved from /home/airflow/.local/lib/python3.8/site-packages/airflow/example_dags/example_sla_dag.py
[2024-02-28T08:03:12.719+0000] {logging_mixin.py:188} INFO - [2024-02-28T08:03:12.719+0000] {dag.py:3036} INFO - Sync 1 DAGs
[2024-02-28T08:03:12.736+0000] {logging_mixin.py:188} INFO - [2024-02-28T08:03:12.736+0000] {dag.py:3823} INFO - Setting next_dagrun for example_sla_dag to 2024-02-28 08:00:00+00:00, run_after=2024-02-28 08:02:00+00:00
[2024-02-28T08:03:12.747+0000] {processor.py:183} INFO - Processing /home/airflow/.local/lib/python3.8/site-packages/airflow/example_dags/example_sla_dag.py took 0.056 seconds
[2024-02-28T08:03:42.767+0000] {processor.py:161} INFO - Started process (PID=620) to work on /home/airflow/.local/lib/python3.8/site-packages/airflow/example_dags/example_sla_dag.py
[2024-02-28T08:03:42.768+0000] {processor.py:830} INFO - Processing file /home/airflow/.local/lib/python3.8/site-packages/airflow/example_dags/example_sla_dag.py for tasks to queue
[2024-02-28T08:03:42.768+0000] {logging_mixin.py:188} INFO - [2024-02-28T08:03:42.768+0000] {dagbag.py:538} INFO - Filling up the DagBag from /home/airflow/.local/lib/python3.8/site-packages/airflow/example_dags/example_sla_dag.py
[2024-02-28T08:03:42.774+0000] {processor.py:840} INFO - DAG(s) 'example_sla_dag' retrieved from /home/airflow/.local/lib/python3.8/site-packages/airflow/example_dags/example_sla_dag.py
[2024-02-28T08:03:42.788+0000] {logging_mixin.py:188} INFO - [2024-02-28T08:03:42.787+0000] {dag.py:3036} INFO - Sync 1 DAGs
[2024-02-28T08:03:42.799+0000] {logging_mixin.py:188} INFO - [2024-02-28T08:03:42.799+0000] {dag.py:3823} INFO - Setting next_dagrun for example_sla_dag to 2024-02-28 08:00:00+00:00, run_after=2024-02-28 08:02:00+00:00
[2024-02-28T08:03:42.807+0000] {processor.py:183} INFO - Processing /home/airflow/.local/lib/python3.8/site-packages/airflow/example_dags/example_sla_dag.py took 0.042 seconds
[2024-02-28T08:04:12.844+0000] {processor.py:161} INFO - Started process (PID=687) to work on /home/airflow/.local/lib/python3.8/site-packages/airflow/example_dags/example_sla_dag.py
[2024-02-28T08:04:12.844+0000] {processor.py:830} INFO - Processing file /home/airflow/.local/lib/python3.8/site-packages/airflow/example_dags/example_sla_dag.py for tasks to queue
[2024-02-28T08:04:12.845+0000] {logging_mixin.py:188} INFO - [2024-02-28T08:04:12.845+0000] {dagbag.py:538} INFO - Filling up the DagBag from /home/airflow/.local/lib/python3.8/site-packages/airflow/example_dags/example_sla_dag.py
[2024-02-28T08:04:12.850+0000] {processor.py:840} INFO - DAG(s) 'example_sla_dag' retrieved from /home/airflow/.local/lib/python3.8/site-packages/airflow/example_dags/example_sla_dag.py
[2024-02-28T08:04:12.864+0000] {logging_mixin.py:188} INFO - [2024-02-28T08:04:12.864+0000] {dag.py:3036} INFO - Sync 1 DAGs
[2024-02-28T08:04:12.876+0000] {logging_mixin.py:188} INFO - [2024-02-28T08:04:12.876+0000] {dag.py:3823} INFO - Setting next_dagrun for example_sla_dag to 2024-02-28 08:02:00+00:00, run_after=2024-02-28 08:04:00+00:00
[2024-02-28T08:04:12.884+0000] {processor.py:183} INFO - Processing /home/airflow/.local/lib/python3.8/site-packages/airflow/example_dags/example_sla_dag.py took 0.042 seconds
[2024-02-28T08:04:43.116+0000] {processor.py:161} INFO - Started process (PID=754) to work on /home/airflow/.local/lib/python3.8/site-packages/airflow/example_dags/example_sla_dag.py
[2024-02-28T08:04:43.116+0000] {processor.py:830} INFO - Processing file /home/airflow/.local/lib/python3.8/site-packages/airflow/example_dags/example_sla_dag.py for tasks to queue
[2024-02-28T08:04:43.117+0000] {logging_mixin.py:188} INFO - [2024-02-28T08:04:43.117+0000] {dagbag.py:538} INFO - Filling up the DagBag from /home/airflow/.local/lib/python3.8/site-packages/airflow/example_dags/example_sla_dag.py
[2024-02-28T08:04:43.122+0000] {processor.py:840} INFO - DAG(s) 'example_sla_dag' retrieved from /home/airflow/.local/lib/python3.8/site-packages/airflow/example_dags/example_sla_dag.py
[2024-02-28T08:04:43.136+0000] {logging_mixin.py:188} INFO - [2024-02-28T08:04:43.136+0000] {dag.py:3036} INFO - Sync 1 DAGs
[2024-02-28T08:04:43.147+0000] {logging_mixin.py:188} INFO - [2024-02-28T08:04:43.147+0000] {dag.py:3823} INFO - Setting next_dagrun for example_sla_dag to 2024-02-28 08:02:00+00:00, run_after=2024-02-28 08:04:00+00:00
[2024-02-28T08:04:43.155+0000] {processor.py:183} INFO - Processing /home/airflow/.local/lib/python3.8/site-packages/airflow/example_dags/example_sla_dag.py took 0.042 seconds
[2024-02-28T08:05:13.242+0000] {processor.py:161} INFO - Started process (PID=822) to work on /home/airflow/.local/lib/python3.8/site-packages/airflow/example_dags/example_sla_dag.py
[2024-02-28T08:05:13.243+0000] {processor.py:830} INFO - Processing file /home/airflow/.local/lib/python3.8/site-packages/airflow/example_dags/example_sla_dag.py for tasks to queue
[2024-02-28T08:05:13.243+0000] {logging_mixin.py:188} INFO - [2024-02-28T08:05:13.243+0000] {dagbag.py:538} INFO - Filling up the DagBag from /home/airflow/.local/lib/python3.8/site-packages/airflow/example_dags/example_sla_dag.py
[2024-02-28T08:05:13.249+0000] {processor.py:840} INFO - DAG(s) 'example_sla_dag' retrieved from /home/airflow/.local/lib/python3.8/site-packages/airflow/example_dags/example_sla_dag.py
[2024-02-28T08:05:13.265+0000] {logging_mixin.py:188} INFO - [2024-02-28T08:05:13.264+0000] {dag.py:3036} INFO - Sync 1 DAGs
[2024-02-28T08:05:13.279+0000] {logging_mixin.py:188} INFO - [2024-02-28T08:05:13.279+0000] {dag.py:3823} INFO - Setting next_dagrun for example_sla_dag to 2024-02-28 08:02:00+00:00, run_after=2024-02-28 08:04:00+00:00
[2024-02-28T08:05:13.290+0000] {processor.py:183} INFO - Processing /home/airflow/.local/lib/python3.8/site-packages/airflow/example_dags/example_sla_dag.py took 0.052 seconds
[2024-02-28T08:05:43.403+0000] {processor.py:161} INFO - Started process (PID=890) to work on /home/airflow/.local/lib/python3.8/site-packages/airflow/example_dags/example_sla_dag.py
[2024-02-28T08:05:43.403+0000] {processor.py:830} INFO - Processing file /home/airflow/.local/lib/python3.8/site-packages/airflow/example_dags/example_sla_dag.py for tasks to queue
[2024-02-28T08:05:43.404+0000] {logging_mixin.py:188} INFO - [2024-02-28T08:05:43.404+0000] {dagbag.py:538} INFO - Filling up the DagBag from /home/airflow/.local/lib/python3.8/site-packages/airflow/example_dags/example_sla_dag.py
[2024-02-28T08:05:43.409+0000] {processor.py:840} INFO - DAG(s) 'example_sla_dag' retrieved from /home/airflow/.local/lib/python3.8/site-packages/airflow/example_dags/example_sla_dag.py
[2024-02-28T08:05:43.424+0000] {logging_mixin.py:188} INFO - [2024-02-28T08:05:43.423+0000] {dag.py:3036} INFO - Sync 1 DAGs
[2024-02-28T08:05:43.435+0000] {logging_mixin.py:188} INFO - [2024-02-28T08:05:43.435+0000] {dag.py:3823} INFO - Setting next_dagrun for example_sla_dag to 2024-02-28 08:02:00+00:00, run_after=2024-02-28 08:04:00+00:00
[2024-02-28T08:05:43.444+0000] {processor.py:183} INFO - Processing /home/airflow/.local/lib/python3.8/site-packages/airflow/example_dags/example_sla_dag.py took 0.043 seconds
[2024-02-28T08:06:13.619+0000] {processor.py:161} INFO - Started process (PID=958) to work on /home/airflow/.local/lib/python3.8/site-packages/airflow/example_dags/example_sla_dag.py
[2024-02-28T08:06:13.620+0000] {processor.py:830} INFO - Processing file /home/airflow/.local/lib/python3.8/site-packages/airflow/example_dags/example_sla_dag.py for tasks to queue
[2024-02-28T08:06:13.620+0000] {logging_mixin.py:188} INFO - [2024-02-28T08:06:13.620+0000] {dagbag.py:538} INFO - Filling up the DagBag from /home/airflow/.local/lib/python3.8/site-packages/airflow/example_dags/example_sla_dag.py
[2024-02-28T08:06:13.626+0000] {processor.py:840} INFO - DAG(s) 'example_sla_dag' retrieved from /home/airflow/.local/lib/python3.8/site-packages/airflow/example_dags/example_sla_dag.py
[2024-02-28T08:06:13.641+0000] {logging_mixin.py:188} INFO - [2024-02-28T08:06:13.640+0000] {dag.py:3036} INFO - Sync 1 DAGs
[2024-02-28T08:06:13.653+0000] {logging_mixin.py:188} INFO - [2024-02-28T08:06:13.653+0000] {dag.py:3823} INFO - Setting next_dagrun for example_sla_dag to 2024-02-28 08:04:00+00:00, run_after=2024-02-28 08:06:00+00:00
[2024-02-28T08:06:13.661+0000] {processor.py:183} INFO - Processing /home/airflow/.local/lib/python3.8/site-packages/airflow/example_dags/example_sla_dag.py took 0.044 seconds
