[2024-02-28T07:59:38.420+0000] {processor.py:161} INFO - Started process (PID=41) to work on /home/airflow/.local/lib/python3.8/site-packages/airflow/example_dags/example_task_group.py
[2024-02-28T07:59:38.422+0000] {processor.py:830} INFO - Processing file /home/airflow/.local/lib/python3.8/site-packages/airflow/example_dags/example_task_group.py for tasks to queue
[2024-02-28T07:59:38.426+0000] {logging_mixin.py:188} INFO - [2024-02-28T07:59:38.426+0000] {dagbag.py:538} INFO - Filling up the DagBag from /home/airflow/.local/lib/python3.8/site-packages/airflow/example_dags/example_task_group.py
[2024-02-28T07:59:38.438+0000] {processor.py:840} INFO - DAG(s) 'example_task_group' retrieved from /home/airflow/.local/lib/python3.8/site-packages/airflow/example_dags/example_task_group.py
[2024-02-28T07:59:38.464+0000] {logging_mixin.py:188} INFO - [2024-02-28T07:59:38.463+0000] {dag.py:3036} INFO - Sync 1 DAGs
[2024-02-28T07:59:38.484+0000] {logging_mixin.py:188} INFO - [2024-02-28T07:59:38.484+0000] {dag.py:3823} INFO - Setting next_dagrun for example_task_group to 2024-02-27 00:00:00+00:00, run_after=2024-02-28 00:00:00+00:00
[2024-02-28T07:59:38.510+0000] {processor.py:183} INFO - Processing /home/airflow/.local/lib/python3.8/site-packages/airflow/example_dags/example_task_group.py took 0.095 seconds
[2024-02-28T08:00:08.687+0000] {processor.py:161} INFO - Started process (PID=117) to work on /home/airflow/.local/lib/python3.8/site-packages/airflow/example_dags/example_task_group.py
[2024-02-28T08:00:08.688+0000] {processor.py:830} INFO - Processing file /home/airflow/.local/lib/python3.8/site-packages/airflow/example_dags/example_task_group.py for tasks to queue
[2024-02-28T08:00:08.689+0000] {logging_mixin.py:188} INFO - [2024-02-28T08:00:08.689+0000] {dagbag.py:538} INFO - Filling up the DagBag from /home/airflow/.local/lib/python3.8/site-packages/airflow/example_dags/example_task_group.py
[2024-02-28T08:00:08.694+0000] {processor.py:840} INFO - DAG(s) 'example_task_group' retrieved from /home/airflow/.local/lib/python3.8/site-packages/airflow/example_dags/example_task_group.py
[2024-02-28T08:00:08.709+0000] {logging_mixin.py:188} INFO - [2024-02-28T08:00:08.709+0000] {dag.py:3036} INFO - Sync 1 DAGs
[2024-02-28T08:00:08.721+0000] {logging_mixin.py:188} INFO - [2024-02-28T08:00:08.721+0000] {dag.py:3823} INFO - Setting next_dagrun for example_task_group to 2024-02-27 00:00:00+00:00, run_after=2024-02-28 00:00:00+00:00
[2024-02-28T08:00:08.729+0000] {processor.py:183} INFO - Processing /home/airflow/.local/lib/python3.8/site-packages/airflow/example_dags/example_task_group.py took 0.045 seconds
[2024-02-28T08:00:39.005+0000] {processor.py:161} INFO - Started process (PID=184) to work on /home/airflow/.local/lib/python3.8/site-packages/airflow/example_dags/example_task_group.py
[2024-02-28T08:00:39.006+0000] {processor.py:830} INFO - Processing file /home/airflow/.local/lib/python3.8/site-packages/airflow/example_dags/example_task_group.py for tasks to queue
[2024-02-28T08:00:39.007+0000] {logging_mixin.py:188} INFO - [2024-02-28T08:00:39.006+0000] {dagbag.py:538} INFO - Filling up the DagBag from /home/airflow/.local/lib/python3.8/site-packages/airflow/example_dags/example_task_group.py
[2024-02-28T08:00:39.013+0000] {processor.py:840} INFO - DAG(s) 'example_task_group' retrieved from /home/airflow/.local/lib/python3.8/site-packages/airflow/example_dags/example_task_group.py
[2024-02-28T08:00:39.029+0000] {logging_mixin.py:188} INFO - [2024-02-28T08:00:39.029+0000] {dag.py:3036} INFO - Sync 1 DAGs
[2024-02-28T08:00:39.041+0000] {logging_mixin.py:188} INFO - [2024-02-28T08:00:39.041+0000] {dag.py:3823} INFO - Setting next_dagrun for example_task_group to 2024-02-27 00:00:00+00:00, run_after=2024-02-28 00:00:00+00:00
[2024-02-28T08:00:39.049+0000] {processor.py:183} INFO - Processing /home/airflow/.local/lib/python3.8/site-packages/airflow/example_dags/example_task_group.py took 0.046 seconds
[2024-02-28T08:01:09.288+0000] {processor.py:161} INFO - Started process (PID=251) to work on /home/airflow/.local/lib/python3.8/site-packages/airflow/example_dags/example_task_group.py
[2024-02-28T08:01:09.289+0000] {processor.py:830} INFO - Processing file /home/airflow/.local/lib/python3.8/site-packages/airflow/example_dags/example_task_group.py for tasks to queue
[2024-02-28T08:01:09.290+0000] {logging_mixin.py:188} INFO - [2024-02-28T08:01:09.289+0000] {dagbag.py:538} INFO - Filling up the DagBag from /home/airflow/.local/lib/python3.8/site-packages/airflow/example_dags/example_task_group.py
[2024-02-28T08:01:09.296+0000] {processor.py:840} INFO - DAG(s) 'example_task_group' retrieved from /home/airflow/.local/lib/python3.8/site-packages/airflow/example_dags/example_task_group.py
[2024-02-28T08:01:09.311+0000] {logging_mixin.py:188} INFO - [2024-02-28T08:01:09.311+0000] {dag.py:3036} INFO - Sync 1 DAGs
[2024-02-28T08:01:09.323+0000] {logging_mixin.py:188} INFO - [2024-02-28T08:01:09.323+0000] {dag.py:3823} INFO - Setting next_dagrun for example_task_group to 2024-02-27 00:00:00+00:00, run_after=2024-02-28 00:00:00+00:00
[2024-02-28T08:01:09.334+0000] {processor.py:183} INFO - Processing /home/airflow/.local/lib/python3.8/site-packages/airflow/example_dags/example_task_group.py took 0.048 seconds
[2024-02-28T08:01:39.685+0000] {processor.py:161} INFO - Started process (PID=318) to work on /home/airflow/.local/lib/python3.8/site-packages/airflow/example_dags/example_task_group.py
[2024-02-28T08:01:39.686+0000] {processor.py:830} INFO - Processing file /home/airflow/.local/lib/python3.8/site-packages/airflow/example_dags/example_task_group.py for tasks to queue
[2024-02-28T08:01:39.686+0000] {logging_mixin.py:188} INFO - [2024-02-28T08:01:39.686+0000] {dagbag.py:538} INFO - Filling up the DagBag from /home/airflow/.local/lib/python3.8/site-packages/airflow/example_dags/example_task_group.py
[2024-02-28T08:01:39.693+0000] {processor.py:840} INFO - DAG(s) 'example_task_group' retrieved from /home/airflow/.local/lib/python3.8/site-packages/airflow/example_dags/example_task_group.py
[2024-02-28T08:01:39.708+0000] {logging_mixin.py:188} INFO - [2024-02-28T08:01:39.708+0000] {dag.py:3036} INFO - Sync 1 DAGs
[2024-02-28T08:01:39.720+0000] {logging_mixin.py:188} INFO - [2024-02-28T08:01:39.720+0000] {dag.py:3823} INFO - Setting next_dagrun for example_task_group to 2024-02-27 00:00:00+00:00, run_after=2024-02-28 00:00:00+00:00
[2024-02-28T08:01:39.730+0000] {processor.py:183} INFO - Processing /home/airflow/.local/lib/python3.8/site-packages/airflow/example_dags/example_task_group.py took 0.047 seconds
[2024-02-28T08:02:09.964+0000] {processor.py:161} INFO - Started process (PID=385) to work on /home/airflow/.local/lib/python3.8/site-packages/airflow/example_dags/example_task_group.py
[2024-02-28T08:02:09.965+0000] {processor.py:830} INFO - Processing file /home/airflow/.local/lib/python3.8/site-packages/airflow/example_dags/example_task_group.py for tasks to queue
[2024-02-28T08:02:09.965+0000] {logging_mixin.py:188} INFO - [2024-02-28T08:02:09.965+0000] {dagbag.py:538} INFO - Filling up the DagBag from /home/airflow/.local/lib/python3.8/site-packages/airflow/example_dags/example_task_group.py
[2024-02-28T08:02:09.971+0000] {processor.py:840} INFO - DAG(s) 'example_task_group' retrieved from /home/airflow/.local/lib/python3.8/site-packages/airflow/example_dags/example_task_group.py
[2024-02-28T08:02:09.990+0000] {logging_mixin.py:188} INFO - [2024-02-28T08:02:09.990+0000] {dag.py:3036} INFO - Sync 1 DAGs
[2024-02-28T08:02:10.002+0000] {logging_mixin.py:188} INFO - [2024-02-28T08:02:10.002+0000] {dag.py:3823} INFO - Setting next_dagrun for example_task_group to 2024-02-27 00:00:00+00:00, run_after=2024-02-28 00:00:00+00:00
[2024-02-28T08:02:10.012+0000] {processor.py:183} INFO - Processing /home/airflow/.local/lib/python3.8/site-packages/airflow/example_dags/example_task_group.py took 0.051 seconds
[2024-02-28T08:02:40.161+0000] {processor.py:161} INFO - Started process (PID=452) to work on /home/airflow/.local/lib/python3.8/site-packages/airflow/example_dags/example_task_group.py
[2024-02-28T08:02:40.162+0000] {processor.py:830} INFO - Processing file /home/airflow/.local/lib/python3.8/site-packages/airflow/example_dags/example_task_group.py for tasks to queue
[2024-02-28T08:02:40.163+0000] {logging_mixin.py:188} INFO - [2024-02-28T08:02:40.163+0000] {dagbag.py:538} INFO - Filling up the DagBag from /home/airflow/.local/lib/python3.8/site-packages/airflow/example_dags/example_task_group.py
[2024-02-28T08:02:40.169+0000] {processor.py:840} INFO - DAG(s) 'example_task_group' retrieved from /home/airflow/.local/lib/python3.8/site-packages/airflow/example_dags/example_task_group.py
[2024-02-28T08:02:40.184+0000] {logging_mixin.py:188} INFO - [2024-02-28T08:02:40.184+0000] {dag.py:3036} INFO - Sync 1 DAGs
[2024-02-28T08:02:40.196+0000] {logging_mixin.py:188} INFO - [2024-02-28T08:02:40.196+0000] {dag.py:3823} INFO - Setting next_dagrun for example_task_group to 2024-02-27 00:00:00+00:00, run_after=2024-02-28 00:00:00+00:00
[2024-02-28T08:02:40.205+0000] {processor.py:183} INFO - Processing /home/airflow/.local/lib/python3.8/site-packages/airflow/example_dags/example_task_group.py took 0.046 seconds
[2024-02-28T08:03:10.498+0000] {processor.py:161} INFO - Started process (PID=519) to work on /home/airflow/.local/lib/python3.8/site-packages/airflow/example_dags/example_task_group.py
[2024-02-28T08:03:10.500+0000] {processor.py:830} INFO - Processing file /home/airflow/.local/lib/python3.8/site-packages/airflow/example_dags/example_task_group.py for tasks to queue
[2024-02-28T08:03:10.501+0000] {logging_mixin.py:188} INFO - [2024-02-28T08:03:10.501+0000] {dagbag.py:538} INFO - Filling up the DagBag from /home/airflow/.local/lib/python3.8/site-packages/airflow/example_dags/example_task_group.py
[2024-02-28T08:03:10.507+0000] {processor.py:840} INFO - DAG(s) 'example_task_group' retrieved from /home/airflow/.local/lib/python3.8/site-packages/airflow/example_dags/example_task_group.py
[2024-02-28T08:03:10.522+0000] {logging_mixin.py:188} INFO - [2024-02-28T08:03:10.522+0000] {dag.py:3036} INFO - Sync 1 DAGs
[2024-02-28T08:03:10.534+0000] {logging_mixin.py:188} INFO - [2024-02-28T08:03:10.534+0000] {dag.py:3823} INFO - Setting next_dagrun for example_task_group to 2024-02-27 00:00:00+00:00, run_after=2024-02-28 00:00:00+00:00
[2024-02-28T08:03:10.543+0000] {processor.py:183} INFO - Processing /home/airflow/.local/lib/python3.8/site-packages/airflow/example_dags/example_task_group.py took 0.048 seconds
[2024-02-28T08:03:40.595+0000] {processor.py:161} INFO - Started process (PID=587) to work on /home/airflow/.local/lib/python3.8/site-packages/airflow/example_dags/example_task_group.py
[2024-02-28T08:03:40.596+0000] {processor.py:830} INFO - Processing file /home/airflow/.local/lib/python3.8/site-packages/airflow/example_dags/example_task_group.py for tasks to queue
[2024-02-28T08:03:40.597+0000] {logging_mixin.py:188} INFO - [2024-02-28T08:03:40.597+0000] {dagbag.py:538} INFO - Filling up the DagBag from /home/airflow/.local/lib/python3.8/site-packages/airflow/example_dags/example_task_group.py
[2024-02-28T08:03:40.603+0000] {processor.py:840} INFO - DAG(s) 'example_task_group' retrieved from /home/airflow/.local/lib/python3.8/site-packages/airflow/example_dags/example_task_group.py
[2024-02-28T08:03:40.618+0000] {logging_mixin.py:188} INFO - [2024-02-28T08:03:40.618+0000] {dag.py:3036} INFO - Sync 1 DAGs
[2024-02-28T08:03:40.629+0000] {logging_mixin.py:188} INFO - [2024-02-28T08:03:40.629+0000] {dag.py:3823} INFO - Setting next_dagrun for example_task_group to 2024-02-27 00:00:00+00:00, run_after=2024-02-28 00:00:00+00:00
[2024-02-28T08:03:40.638+0000] {processor.py:183} INFO - Processing /home/airflow/.local/lib/python3.8/site-packages/airflow/example_dags/example_task_group.py took 0.045 seconds
[2024-02-28T08:04:10.686+0000] {processor.py:161} INFO - Started process (PID=654) to work on /home/airflow/.local/lib/python3.8/site-packages/airflow/example_dags/example_task_group.py
[2024-02-28T08:04:10.687+0000] {processor.py:830} INFO - Processing file /home/airflow/.local/lib/python3.8/site-packages/airflow/example_dags/example_task_group.py for tasks to queue
[2024-02-28T08:04:10.688+0000] {logging_mixin.py:188} INFO - [2024-02-28T08:04:10.688+0000] {dagbag.py:538} INFO - Filling up the DagBag from /home/airflow/.local/lib/python3.8/site-packages/airflow/example_dags/example_task_group.py
[2024-02-28T08:04:10.695+0000] {processor.py:840} INFO - DAG(s) 'example_task_group' retrieved from /home/airflow/.local/lib/python3.8/site-packages/airflow/example_dags/example_task_group.py
[2024-02-28T08:04:10.713+0000] {logging_mixin.py:188} INFO - [2024-02-28T08:04:10.713+0000] {dag.py:3036} INFO - Sync 1 DAGs
[2024-02-28T08:04:10.726+0000] {logging_mixin.py:188} INFO - [2024-02-28T08:04:10.726+0000] {dag.py:3823} INFO - Setting next_dagrun for example_task_group to 2024-02-27 00:00:00+00:00, run_after=2024-02-28 00:00:00+00:00
[2024-02-28T08:04:10.736+0000] {processor.py:183} INFO - Processing /home/airflow/.local/lib/python3.8/site-packages/airflow/example_dags/example_task_group.py took 0.053 seconds
[2024-02-28T08:04:40.888+0000] {processor.py:161} INFO - Started process (PID=721) to work on /home/airflow/.local/lib/python3.8/site-packages/airflow/example_dags/example_task_group.py
[2024-02-28T08:04:40.889+0000] {processor.py:830} INFO - Processing file /home/airflow/.local/lib/python3.8/site-packages/airflow/example_dags/example_task_group.py for tasks to queue
[2024-02-28T08:04:40.889+0000] {logging_mixin.py:188} INFO - [2024-02-28T08:04:40.889+0000] {dagbag.py:538} INFO - Filling up the DagBag from /home/airflow/.local/lib/python3.8/site-packages/airflow/example_dags/example_task_group.py
[2024-02-28T08:04:40.895+0000] {processor.py:840} INFO - DAG(s) 'example_task_group' retrieved from /home/airflow/.local/lib/python3.8/site-packages/airflow/example_dags/example_task_group.py
[2024-02-28T08:04:40.910+0000] {logging_mixin.py:188} INFO - [2024-02-28T08:04:40.910+0000] {dag.py:3036} INFO - Sync 1 DAGs
[2024-02-28T08:04:40.922+0000] {logging_mixin.py:188} INFO - [2024-02-28T08:04:40.922+0000] {dag.py:3823} INFO - Setting next_dagrun for example_task_group to 2024-02-27 00:00:00+00:00, run_after=2024-02-28 00:00:00+00:00
[2024-02-28T08:04:40.931+0000] {processor.py:183} INFO - Processing /home/airflow/.local/lib/python3.8/site-packages/airflow/example_dags/example_task_group.py took 0.045 seconds
[2024-02-28T08:05:11.028+0000] {processor.py:161} INFO - Started process (PID=789) to work on /home/airflow/.local/lib/python3.8/site-packages/airflow/example_dags/example_task_group.py
[2024-02-28T08:05:11.028+0000] {processor.py:830} INFO - Processing file /home/airflow/.local/lib/python3.8/site-packages/airflow/example_dags/example_task_group.py for tasks to queue
[2024-02-28T08:05:11.029+0000] {logging_mixin.py:188} INFO - [2024-02-28T08:05:11.029+0000] {dagbag.py:538} INFO - Filling up the DagBag from /home/airflow/.local/lib/python3.8/site-packages/airflow/example_dags/example_task_group.py
[2024-02-28T08:05:11.035+0000] {processor.py:840} INFO - DAG(s) 'example_task_group' retrieved from /home/airflow/.local/lib/python3.8/site-packages/airflow/example_dags/example_task_group.py
[2024-02-28T08:05:11.050+0000] {logging_mixin.py:188} INFO - [2024-02-28T08:05:11.050+0000] {dag.py:3036} INFO - Sync 1 DAGs
[2024-02-28T08:05:11.062+0000] {logging_mixin.py:188} INFO - [2024-02-28T08:05:11.062+0000] {dag.py:3823} INFO - Setting next_dagrun for example_task_group to 2024-02-27 00:00:00+00:00, run_after=2024-02-28 00:00:00+00:00
[2024-02-28T08:05:11.071+0000] {processor.py:183} INFO - Processing /home/airflow/.local/lib/python3.8/site-packages/airflow/example_dags/example_task_group.py took 0.045 seconds
[2024-02-28T08:05:41.175+0000] {processor.py:161} INFO - Started process (PID=857) to work on /home/airflow/.local/lib/python3.8/site-packages/airflow/example_dags/example_task_group.py
[2024-02-28T08:05:41.176+0000] {processor.py:830} INFO - Processing file /home/airflow/.local/lib/python3.8/site-packages/airflow/example_dags/example_task_group.py for tasks to queue
[2024-02-28T08:05:41.176+0000] {logging_mixin.py:188} INFO - [2024-02-28T08:05:41.176+0000] {dagbag.py:538} INFO - Filling up the DagBag from /home/airflow/.local/lib/python3.8/site-packages/airflow/example_dags/example_task_group.py
[2024-02-28T08:05:41.182+0000] {processor.py:840} INFO - DAG(s) 'example_task_group' retrieved from /home/airflow/.local/lib/python3.8/site-packages/airflow/example_dags/example_task_group.py
[2024-02-28T08:05:41.197+0000] {logging_mixin.py:188} INFO - [2024-02-28T08:05:41.197+0000] {dag.py:3036} INFO - Sync 1 DAGs
[2024-02-28T08:05:41.209+0000] {logging_mixin.py:188} INFO - [2024-02-28T08:05:41.209+0000] {dag.py:3823} INFO - Setting next_dagrun for example_task_group to 2024-02-27 00:00:00+00:00, run_after=2024-02-28 00:00:00+00:00
[2024-02-28T08:05:41.218+0000] {processor.py:183} INFO - Processing /home/airflow/.local/lib/python3.8/site-packages/airflow/example_dags/example_task_group.py took 0.046 seconds
[2024-02-28T08:06:11.428+0000] {processor.py:161} INFO - Started process (PID=925) to work on /home/airflow/.local/lib/python3.8/site-packages/airflow/example_dags/example_task_group.py
[2024-02-28T08:06:11.429+0000] {processor.py:830} INFO - Processing file /home/airflow/.local/lib/python3.8/site-packages/airflow/example_dags/example_task_group.py for tasks to queue
[2024-02-28T08:06:11.430+0000] {logging_mixin.py:188} INFO - [2024-02-28T08:06:11.430+0000] {dagbag.py:538} INFO - Filling up the DagBag from /home/airflow/.local/lib/python3.8/site-packages/airflow/example_dags/example_task_group.py
[2024-02-28T08:06:11.435+0000] {processor.py:840} INFO - DAG(s) 'example_task_group' retrieved from /home/airflow/.local/lib/python3.8/site-packages/airflow/example_dags/example_task_group.py
[2024-02-28T08:06:11.451+0000] {logging_mixin.py:188} INFO - [2024-02-28T08:06:11.451+0000] {dag.py:3036} INFO - Sync 1 DAGs
[2024-02-28T08:06:11.463+0000] {logging_mixin.py:188} INFO - [2024-02-28T08:06:11.463+0000] {dag.py:3823} INFO - Setting next_dagrun for example_task_group to 2024-02-27 00:00:00+00:00, run_after=2024-02-28 00:00:00+00:00
[2024-02-28T08:06:11.472+0000] {processor.py:183} INFO - Processing /home/airflow/.local/lib/python3.8/site-packages/airflow/example_dags/example_task_group.py took 0.045 seconds
