[2024-02-28T07:59:39.977+0000] {processor.py:161} INFO - Started process (PID=73) to work on /home/airflow/.local/lib/python3.8/site-packages/airflow/example_dags/example_skip_dag.py
[2024-02-28T07:59:39.978+0000] {processor.py:830} INFO - Processing file /home/airflow/.local/lib/python3.8/site-packages/airflow/example_dags/example_skip_dag.py for tasks to queue
[2024-02-28T07:59:39.980+0000] {logging_mixin.py:188} INFO - [2024-02-28T07:59:39.979+0000] {dagbag.py:538} INFO - Filling up the DagBag from /home/airflow/.local/lib/python3.8/site-packages/airflow/example_dags/example_skip_dag.py
[2024-02-28T07:59:39.984+0000] {processor.py:840} INFO - DAG(s) 'example_skip_dag' retrieved from /home/airflow/.local/lib/python3.8/site-packages/airflow/example_dags/example_skip_dag.py
[2024-02-28T07:59:40.004+0000] {logging_mixin.py:188} INFO - [2024-02-28T07:59:40.003+0000] {dag.py:3036} INFO - Sync 1 DAGs
[2024-02-28T07:59:40.015+0000] {logging_mixin.py:188} INFO - [2024-02-28T07:59:40.015+0000] {dag.py:3823} INFO - Setting next_dagrun for example_skip_dag to 2024-02-27 00:00:00+00:00, run_after=2024-02-28 00:00:00+00:00
[2024-02-28T07:59:40.024+0000] {processor.py:183} INFO - Processing /home/airflow/.local/lib/python3.8/site-packages/airflow/example_dags/example_skip_dag.py took 0.049 seconds
[2024-02-28T08:00:10.437+0000] {processor.py:161} INFO - Started process (PID=140) to work on /home/airflow/.local/lib/python3.8/site-packages/airflow/example_dags/example_skip_dag.py
[2024-02-28T08:00:10.438+0000] {processor.py:830} INFO - Processing file /home/airflow/.local/lib/python3.8/site-packages/airflow/example_dags/example_skip_dag.py for tasks to queue
[2024-02-28T08:00:10.439+0000] {logging_mixin.py:188} INFO - [2024-02-28T08:00:10.439+0000] {dagbag.py:538} INFO - Filling up the DagBag from /home/airflow/.local/lib/python3.8/site-packages/airflow/example_dags/example_skip_dag.py
[2024-02-28T08:00:10.443+0000] {processor.py:840} INFO - DAG(s) 'example_skip_dag' retrieved from /home/airflow/.local/lib/python3.8/site-packages/airflow/example_dags/example_skip_dag.py
[2024-02-28T08:00:10.458+0000] {logging_mixin.py:188} INFO - [2024-02-28T08:00:10.458+0000] {dag.py:3036} INFO - Sync 1 DAGs
[2024-02-28T08:00:10.471+0000] {logging_mixin.py:188} INFO - [2024-02-28T08:00:10.471+0000] {dag.py:3823} INFO - Setting next_dagrun for example_skip_dag to 2024-02-27 00:00:00+00:00, run_after=2024-02-28 00:00:00+00:00
[2024-02-28T08:00:10.480+0000] {processor.py:183} INFO - Processing /home/airflow/.local/lib/python3.8/site-packages/airflow/example_dags/example_skip_dag.py took 0.045 seconds
[2024-02-28T08:00:40.771+0000] {processor.py:161} INFO - Started process (PID=207) to work on /home/airflow/.local/lib/python3.8/site-packages/airflow/example_dags/example_skip_dag.py
[2024-02-28T08:00:40.771+0000] {processor.py:830} INFO - Processing file /home/airflow/.local/lib/python3.8/site-packages/airflow/example_dags/example_skip_dag.py for tasks to queue
[2024-02-28T08:00:40.772+0000] {logging_mixin.py:188} INFO - [2024-02-28T08:00:40.772+0000] {dagbag.py:538} INFO - Filling up the DagBag from /home/airflow/.local/lib/python3.8/site-packages/airflow/example_dags/example_skip_dag.py
[2024-02-28T08:00:40.777+0000] {processor.py:840} INFO - DAG(s) 'example_skip_dag' retrieved from /home/airflow/.local/lib/python3.8/site-packages/airflow/example_dags/example_skip_dag.py
[2024-02-28T08:00:40.792+0000] {logging_mixin.py:188} INFO - [2024-02-28T08:00:40.792+0000] {dag.py:3036} INFO - Sync 1 DAGs
[2024-02-28T08:00:40.804+0000] {logging_mixin.py:188} INFO - [2024-02-28T08:00:40.804+0000] {dag.py:3823} INFO - Setting next_dagrun for example_skip_dag to 2024-02-27 00:00:00+00:00, run_after=2024-02-28 00:00:00+00:00
[2024-02-28T08:00:40.813+0000] {processor.py:183} INFO - Processing /home/airflow/.local/lib/python3.8/site-packages/airflow/example_dags/example_skip_dag.py took 0.045 seconds
[2024-02-28T08:01:11.099+0000] {processor.py:161} INFO - Started process (PID=274) to work on /home/airflow/.local/lib/python3.8/site-packages/airflow/example_dags/example_skip_dag.py
[2024-02-28T08:01:11.100+0000] {processor.py:830} INFO - Processing file /home/airflow/.local/lib/python3.8/site-packages/airflow/example_dags/example_skip_dag.py for tasks to queue
[2024-02-28T08:01:11.101+0000] {logging_mixin.py:188} INFO - [2024-02-28T08:01:11.100+0000] {dagbag.py:538} INFO - Filling up the DagBag from /home/airflow/.local/lib/python3.8/site-packages/airflow/example_dags/example_skip_dag.py
[2024-02-28T08:01:11.106+0000] {processor.py:840} INFO - DAG(s) 'example_skip_dag' retrieved from /home/airflow/.local/lib/python3.8/site-packages/airflow/example_dags/example_skip_dag.py
[2024-02-28T08:01:11.123+0000] {logging_mixin.py:188} INFO - [2024-02-28T08:01:11.123+0000] {dag.py:3036} INFO - Sync 1 DAGs
[2024-02-28T08:01:11.136+0000] {logging_mixin.py:188} INFO - [2024-02-28T08:01:11.136+0000] {dag.py:3823} INFO - Setting next_dagrun for example_skip_dag to 2024-02-27 00:00:00+00:00, run_after=2024-02-28 00:00:00+00:00
[2024-02-28T08:01:11.150+0000] {processor.py:183} INFO - Processing /home/airflow/.local/lib/python3.8/site-packages/airflow/example_dags/example_skip_dag.py took 0.053 seconds
[2024-02-28T08:01:41.488+0000] {processor.py:161} INFO - Started process (PID=341) to work on /home/airflow/.local/lib/python3.8/site-packages/airflow/example_dags/example_skip_dag.py
[2024-02-28T08:01:41.489+0000] {processor.py:830} INFO - Processing file /home/airflow/.local/lib/python3.8/site-packages/airflow/example_dags/example_skip_dag.py for tasks to queue
[2024-02-28T08:01:41.490+0000] {logging_mixin.py:188} INFO - [2024-02-28T08:01:41.489+0000] {dagbag.py:538} INFO - Filling up the DagBag from /home/airflow/.local/lib/python3.8/site-packages/airflow/example_dags/example_skip_dag.py
[2024-02-28T08:01:41.495+0000] {processor.py:840} INFO - DAG(s) 'example_skip_dag' retrieved from /home/airflow/.local/lib/python3.8/site-packages/airflow/example_dags/example_skip_dag.py
[2024-02-28T08:01:41.512+0000] {logging_mixin.py:188} INFO - [2024-02-28T08:01:41.512+0000] {dag.py:3036} INFO - Sync 1 DAGs
[2024-02-28T08:01:41.525+0000] {logging_mixin.py:188} INFO - [2024-02-28T08:01:41.525+0000] {dag.py:3823} INFO - Setting next_dagrun for example_skip_dag to 2024-02-27 00:00:00+00:00, run_after=2024-02-28 00:00:00+00:00
[2024-02-28T08:01:41.534+0000] {processor.py:183} INFO - Processing /home/airflow/.local/lib/python3.8/site-packages/airflow/example_dags/example_skip_dag.py took 0.048 seconds
[2024-02-28T08:02:11.758+0000] {processor.py:161} INFO - Started process (PID=408) to work on /home/airflow/.local/lib/python3.8/site-packages/airflow/example_dags/example_skip_dag.py
[2024-02-28T08:02:11.759+0000] {processor.py:830} INFO - Processing file /home/airflow/.local/lib/python3.8/site-packages/airflow/example_dags/example_skip_dag.py for tasks to queue
[2024-02-28T08:02:11.759+0000] {logging_mixin.py:188} INFO - [2024-02-28T08:02:11.759+0000] {dagbag.py:538} INFO - Filling up the DagBag from /home/airflow/.local/lib/python3.8/site-packages/airflow/example_dags/example_skip_dag.py
[2024-02-28T08:02:11.764+0000] {processor.py:840} INFO - DAG(s) 'example_skip_dag' retrieved from /home/airflow/.local/lib/python3.8/site-packages/airflow/example_dags/example_skip_dag.py
[2024-02-28T08:02:11.782+0000] {logging_mixin.py:188} INFO - [2024-02-28T08:02:11.781+0000] {dag.py:3036} INFO - Sync 1 DAGs
[2024-02-28T08:02:11.793+0000] {logging_mixin.py:188} INFO - [2024-02-28T08:02:11.793+0000] {dag.py:3823} INFO - Setting next_dagrun for example_skip_dag to 2024-02-27 00:00:00+00:00, run_after=2024-02-28 00:00:00+00:00
[2024-02-28T08:02:11.803+0000] {processor.py:183} INFO - Processing /home/airflow/.local/lib/python3.8/site-packages/airflow/example_dags/example_skip_dag.py took 0.048 seconds
[2024-02-28T08:02:42.020+0000] {processor.py:161} INFO - Started process (PID=475) to work on /home/airflow/.local/lib/python3.8/site-packages/airflow/example_dags/example_skip_dag.py
[2024-02-28T08:02:42.021+0000] {processor.py:830} INFO - Processing file /home/airflow/.local/lib/python3.8/site-packages/airflow/example_dags/example_skip_dag.py for tasks to queue
[2024-02-28T08:02:42.022+0000] {logging_mixin.py:188} INFO - [2024-02-28T08:02:42.021+0000] {dagbag.py:538} INFO - Filling up the DagBag from /home/airflow/.local/lib/python3.8/site-packages/airflow/example_dags/example_skip_dag.py
[2024-02-28T08:02:42.027+0000] {processor.py:840} INFO - DAG(s) 'example_skip_dag' retrieved from /home/airflow/.local/lib/python3.8/site-packages/airflow/example_dags/example_skip_dag.py
[2024-02-28T08:02:42.042+0000] {logging_mixin.py:188} INFO - [2024-02-28T08:02:42.042+0000] {dag.py:3036} INFO - Sync 1 DAGs
[2024-02-28T08:02:42.054+0000] {logging_mixin.py:188} INFO - [2024-02-28T08:02:42.054+0000] {dag.py:3823} INFO - Setting next_dagrun for example_skip_dag to 2024-02-27 00:00:00+00:00, run_after=2024-02-28 00:00:00+00:00
[2024-02-28T08:02:42.064+0000] {processor.py:183} INFO - Processing /home/airflow/.local/lib/python3.8/site-packages/airflow/example_dags/example_skip_dag.py took 0.046 seconds
[2024-02-28T08:03:12.271+0000] {processor.py:161} INFO - Started process (PID=542) to work on /home/airflow/.local/lib/python3.8/site-packages/airflow/example_dags/example_skip_dag.py
[2024-02-28T08:03:12.272+0000] {processor.py:830} INFO - Processing file /home/airflow/.local/lib/python3.8/site-packages/airflow/example_dags/example_skip_dag.py for tasks to queue
[2024-02-28T08:03:12.273+0000] {logging_mixin.py:188} INFO - [2024-02-28T08:03:12.272+0000] {dagbag.py:538} INFO - Filling up the DagBag from /home/airflow/.local/lib/python3.8/site-packages/airflow/example_dags/example_skip_dag.py
[2024-02-28T08:03:12.277+0000] {processor.py:840} INFO - DAG(s) 'example_skip_dag' retrieved from /home/airflow/.local/lib/python3.8/site-packages/airflow/example_dags/example_skip_dag.py
[2024-02-28T08:03:12.292+0000] {logging_mixin.py:188} INFO - [2024-02-28T08:03:12.292+0000] {dag.py:3036} INFO - Sync 1 DAGs
[2024-02-28T08:03:12.303+0000] {logging_mixin.py:188} INFO - [2024-02-28T08:03:12.303+0000] {dag.py:3823} INFO - Setting next_dagrun for example_skip_dag to 2024-02-27 00:00:00+00:00, run_after=2024-02-28 00:00:00+00:00
[2024-02-28T08:03:12.312+0000] {processor.py:183} INFO - Processing /home/airflow/.local/lib/python3.8/site-packages/airflow/example_dags/example_skip_dag.py took 0.043 seconds
[2024-02-28T08:03:42.430+0000] {processor.py:161} INFO - Started process (PID=610) to work on /home/airflow/.local/lib/python3.8/site-packages/airflow/example_dags/example_skip_dag.py
[2024-02-28T08:03:42.431+0000] {processor.py:830} INFO - Processing file /home/airflow/.local/lib/python3.8/site-packages/airflow/example_dags/example_skip_dag.py for tasks to queue
[2024-02-28T08:03:42.431+0000] {logging_mixin.py:188} INFO - [2024-02-28T08:03:42.431+0000] {dagbag.py:538} INFO - Filling up the DagBag from /home/airflow/.local/lib/python3.8/site-packages/airflow/example_dags/example_skip_dag.py
[2024-02-28T08:03:42.436+0000] {processor.py:840} INFO - DAG(s) 'example_skip_dag' retrieved from /home/airflow/.local/lib/python3.8/site-packages/airflow/example_dags/example_skip_dag.py
[2024-02-28T08:03:42.451+0000] {logging_mixin.py:188} INFO - [2024-02-28T08:03:42.451+0000] {dag.py:3036} INFO - Sync 1 DAGs
[2024-02-28T08:03:42.462+0000] {logging_mixin.py:188} INFO - [2024-02-28T08:03:42.462+0000] {dag.py:3823} INFO - Setting next_dagrun for example_skip_dag to 2024-02-27 00:00:00+00:00, run_after=2024-02-28 00:00:00+00:00
[2024-02-28T08:03:42.471+0000] {processor.py:183} INFO - Processing /home/airflow/.local/lib/python3.8/site-packages/airflow/example_dags/example_skip_dag.py took 0.044 seconds
[2024-02-28T08:04:12.509+0000] {processor.py:161} INFO - Started process (PID=677) to work on /home/airflow/.local/lib/python3.8/site-packages/airflow/example_dags/example_skip_dag.py
[2024-02-28T08:04:12.510+0000] {processor.py:830} INFO - Processing file /home/airflow/.local/lib/python3.8/site-packages/airflow/example_dags/example_skip_dag.py for tasks to queue
[2024-02-28T08:04:12.511+0000] {logging_mixin.py:188} INFO - [2024-02-28T08:04:12.510+0000] {dagbag.py:538} INFO - Filling up the DagBag from /home/airflow/.local/lib/python3.8/site-packages/airflow/example_dags/example_skip_dag.py
[2024-02-28T08:04:12.516+0000] {processor.py:840} INFO - DAG(s) 'example_skip_dag' retrieved from /home/airflow/.local/lib/python3.8/site-packages/airflow/example_dags/example_skip_dag.py
[2024-02-28T08:04:12.531+0000] {logging_mixin.py:188} INFO - [2024-02-28T08:04:12.530+0000] {dag.py:3036} INFO - Sync 1 DAGs
[2024-02-28T08:04:12.543+0000] {logging_mixin.py:188} INFO - [2024-02-28T08:04:12.543+0000] {dag.py:3823} INFO - Setting next_dagrun for example_skip_dag to 2024-02-27 00:00:00+00:00, run_after=2024-02-28 00:00:00+00:00
[2024-02-28T08:04:12.552+0000] {processor.py:183} INFO - Processing /home/airflow/.local/lib/python3.8/site-packages/airflow/example_dags/example_skip_dag.py took 0.045 seconds
[2024-02-28T08:04:42.750+0000] {processor.py:161} INFO - Started process (PID=744) to work on /home/airflow/.local/lib/python3.8/site-packages/airflow/example_dags/example_skip_dag.py
[2024-02-28T08:04:42.751+0000] {processor.py:830} INFO - Processing file /home/airflow/.local/lib/python3.8/site-packages/airflow/example_dags/example_skip_dag.py for tasks to queue
[2024-02-28T08:04:42.752+0000] {logging_mixin.py:188} INFO - [2024-02-28T08:04:42.752+0000] {dagbag.py:538} INFO - Filling up the DagBag from /home/airflow/.local/lib/python3.8/site-packages/airflow/example_dags/example_skip_dag.py
[2024-02-28T08:04:42.758+0000] {processor.py:840} INFO - DAG(s) 'example_skip_dag' retrieved from /home/airflow/.local/lib/python3.8/site-packages/airflow/example_dags/example_skip_dag.py
[2024-02-28T08:04:42.777+0000] {logging_mixin.py:188} INFO - [2024-02-28T08:04:42.777+0000] {dag.py:3036} INFO - Sync 1 DAGs
[2024-02-28T08:04:42.792+0000] {logging_mixin.py:188} INFO - [2024-02-28T08:04:42.792+0000] {dag.py:3823} INFO - Setting next_dagrun for example_skip_dag to 2024-02-27 00:00:00+00:00, run_after=2024-02-28 00:00:00+00:00
[2024-02-28T08:04:42.804+0000] {processor.py:183} INFO - Processing /home/airflow/.local/lib/python3.8/site-packages/airflow/example_dags/example_skip_dag.py took 0.057 seconds
[2024-02-28T08:05:12.899+0000] {processor.py:161} INFO - Started process (PID=812) to work on /home/airflow/.local/lib/python3.8/site-packages/airflow/example_dags/example_skip_dag.py
[2024-02-28T08:05:12.899+0000] {processor.py:830} INFO - Processing file /home/airflow/.local/lib/python3.8/site-packages/airflow/example_dags/example_skip_dag.py for tasks to queue
[2024-02-28T08:05:12.900+0000] {logging_mixin.py:188} INFO - [2024-02-28T08:05:12.900+0000] {dagbag.py:538} INFO - Filling up the DagBag from /home/airflow/.local/lib/python3.8/site-packages/airflow/example_dags/example_skip_dag.py
[2024-02-28T08:05:12.905+0000] {processor.py:840} INFO - DAG(s) 'example_skip_dag' retrieved from /home/airflow/.local/lib/python3.8/site-packages/airflow/example_dags/example_skip_dag.py
[2024-02-28T08:05:12.921+0000] {logging_mixin.py:188} INFO - [2024-02-28T08:05:12.921+0000] {dag.py:3036} INFO - Sync 1 DAGs
[2024-02-28T08:05:12.933+0000] {logging_mixin.py:188} INFO - [2024-02-28T08:05:12.932+0000] {dag.py:3823} INFO - Setting next_dagrun for example_skip_dag to 2024-02-27 00:00:00+00:00, run_after=2024-02-28 00:00:00+00:00
[2024-02-28T08:05:12.942+0000] {processor.py:183} INFO - Processing /home/airflow/.local/lib/python3.8/site-packages/airflow/example_dags/example_skip_dag.py took 0.046 seconds
[2024-02-28T08:05:43.063+0000] {processor.py:161} INFO - Started process (PID=880) to work on /home/airflow/.local/lib/python3.8/site-packages/airflow/example_dags/example_skip_dag.py
[2024-02-28T08:05:43.064+0000] {processor.py:830} INFO - Processing file /home/airflow/.local/lib/python3.8/site-packages/airflow/example_dags/example_skip_dag.py for tasks to queue
[2024-02-28T08:05:43.065+0000] {logging_mixin.py:188} INFO - [2024-02-28T08:05:43.065+0000] {dagbag.py:538} INFO - Filling up the DagBag from /home/airflow/.local/lib/python3.8/site-packages/airflow/example_dags/example_skip_dag.py
[2024-02-28T08:05:43.070+0000] {processor.py:840} INFO - DAG(s) 'example_skip_dag' retrieved from /home/airflow/.local/lib/python3.8/site-packages/airflow/example_dags/example_skip_dag.py
[2024-02-28T08:05:43.086+0000] {logging_mixin.py:188} INFO - [2024-02-28T08:05:43.086+0000] {dag.py:3036} INFO - Sync 1 DAGs
[2024-02-28T08:05:43.098+0000] {logging_mixin.py:188} INFO - [2024-02-28T08:05:43.098+0000] {dag.py:3823} INFO - Setting next_dagrun for example_skip_dag to 2024-02-27 00:00:00+00:00, run_after=2024-02-28 00:00:00+00:00
[2024-02-28T08:05:43.108+0000] {processor.py:183} INFO - Processing /home/airflow/.local/lib/python3.8/site-packages/airflow/example_dags/example_skip_dag.py took 0.046 seconds
[2024-02-28T08:06:13.287+0000] {processor.py:161} INFO - Started process (PID=948) to work on /home/airflow/.local/lib/python3.8/site-packages/airflow/example_dags/example_skip_dag.py
[2024-02-28T08:06:13.288+0000] {processor.py:830} INFO - Processing file /home/airflow/.local/lib/python3.8/site-packages/airflow/example_dags/example_skip_dag.py for tasks to queue
[2024-02-28T08:06:13.289+0000] {logging_mixin.py:188} INFO - [2024-02-28T08:06:13.289+0000] {dagbag.py:538} INFO - Filling up the DagBag from /home/airflow/.local/lib/python3.8/site-packages/airflow/example_dags/example_skip_dag.py
[2024-02-28T08:06:13.294+0000] {processor.py:840} INFO - DAG(s) 'example_skip_dag' retrieved from /home/airflow/.local/lib/python3.8/site-packages/airflow/example_dags/example_skip_dag.py
[2024-02-28T08:06:13.311+0000] {logging_mixin.py:188} INFO - [2024-02-28T08:06:13.310+0000] {dag.py:3036} INFO - Sync 1 DAGs
[2024-02-28T08:06:13.324+0000] {logging_mixin.py:188} INFO - [2024-02-28T08:06:13.324+0000] {dag.py:3823} INFO - Setting next_dagrun for example_skip_dag to 2024-02-27 00:00:00+00:00, run_after=2024-02-28 00:00:00+00:00
[2024-02-28T08:06:13.334+0000] {processor.py:183} INFO - Processing /home/airflow/.local/lib/python3.8/site-packages/airflow/example_dags/example_skip_dag.py took 0.049 seconds
