[2024-02-28T07:59:39.403+0000] {processor.py:161} INFO - Started process (PID=59) to work on /home/airflow/.local/lib/python3.8/site-packages/airflow/example_dags/example_local_kubernetes_executor.py
[2024-02-28T07:59:39.405+0000] {processor.py:830} INFO - Processing file /home/airflow/.local/lib/python3.8/site-packages/airflow/example_dags/example_local_kubernetes_executor.py for tasks to queue
[2024-02-28T07:59:39.410+0000] {logging_mixin.py:188} INFO - [2024-02-28T07:59:39.410+0000] {dagbag.py:538} INFO - Filling up the DagBag from /home/airflow/.local/lib/python3.8/site-packages/airflow/example_dags/example_local_kubernetes_executor.py
[2024-02-28T07:59:39.426+0000] {processor.py:840} INFO - DAG(s) 'example_local_kubernetes_executor' retrieved from /home/airflow/.local/lib/python3.8/site-packages/airflow/example_dags/example_local_kubernetes_executor.py
[2024-02-28T07:59:39.466+0000] {logging_mixin.py:188} INFO - [2024-02-28T07:59:39.466+0000] {dag.py:3036} INFO - Sync 1 DAGs
[2024-02-28T07:59:39.474+0000] {logging_mixin.py:188} INFO - [2024-02-28T07:59:39.473+0000] {dag.py:3823} INFO - Setting next_dagrun for example_local_kubernetes_executor to None, run_after=None
[2024-02-28T07:59:39.485+0000] {processor.py:183} INFO - Processing /home/airflow/.local/lib/python3.8/site-packages/airflow/example_dags/example_local_kubernetes_executor.py took 0.085 seconds
[2024-02-28T08:00:09.990+0000] {processor.py:161} INFO - Started process (PID=126) to work on /home/airflow/.local/lib/python3.8/site-packages/airflow/example_dags/example_local_kubernetes_executor.py
[2024-02-28T08:00:09.991+0000] {processor.py:830} INFO - Processing file /home/airflow/.local/lib/python3.8/site-packages/airflow/example_dags/example_local_kubernetes_executor.py for tasks to queue
[2024-02-28T08:00:09.992+0000] {logging_mixin.py:188} INFO - [2024-02-28T08:00:09.992+0000] {dagbag.py:538} INFO - Filling up the DagBag from /home/airflow/.local/lib/python3.8/site-packages/airflow/example_dags/example_local_kubernetes_executor.py
[2024-02-28T08:00:09.998+0000] {processor.py:840} INFO - DAG(s) 'example_local_kubernetes_executor' retrieved from /home/airflow/.local/lib/python3.8/site-packages/airflow/example_dags/example_local_kubernetes_executor.py
[2024-02-28T08:00:10.019+0000] {logging_mixin.py:188} INFO - [2024-02-28T08:00:10.019+0000] {dag.py:3036} INFO - Sync 1 DAGs
[2024-02-28T08:00:10.025+0000] {logging_mixin.py:188} INFO - [2024-02-28T08:00:10.025+0000] {dag.py:3823} INFO - Setting next_dagrun for example_local_kubernetes_executor to None, run_after=None
[2024-02-28T08:00:10.034+0000] {processor.py:183} INFO - Processing /home/airflow/.local/lib/python3.8/site-packages/airflow/example_dags/example_local_kubernetes_executor.py took 0.047 seconds
[2024-02-28T08:00:40.328+0000] {processor.py:161} INFO - Started process (PID=193) to work on /home/airflow/.local/lib/python3.8/site-packages/airflow/example_dags/example_local_kubernetes_executor.py
[2024-02-28T08:00:40.329+0000] {processor.py:830} INFO - Processing file /home/airflow/.local/lib/python3.8/site-packages/airflow/example_dags/example_local_kubernetes_executor.py for tasks to queue
[2024-02-28T08:00:40.330+0000] {logging_mixin.py:188} INFO - [2024-02-28T08:00:40.329+0000] {dagbag.py:538} INFO - Filling up the DagBag from /home/airflow/.local/lib/python3.8/site-packages/airflow/example_dags/example_local_kubernetes_executor.py
[2024-02-28T08:00:40.335+0000] {processor.py:840} INFO - DAG(s) 'example_local_kubernetes_executor' retrieved from /home/airflow/.local/lib/python3.8/site-packages/airflow/example_dags/example_local_kubernetes_executor.py
[2024-02-28T08:00:40.356+0000] {logging_mixin.py:188} INFO - [2024-02-28T08:00:40.356+0000] {dag.py:3036} INFO - Sync 1 DAGs
[2024-02-28T08:00:40.361+0000] {logging_mixin.py:188} INFO - [2024-02-28T08:00:40.361+0000] {dag.py:3823} INFO - Setting next_dagrun for example_local_kubernetes_executor to None, run_after=None
[2024-02-28T08:00:40.371+0000] {processor.py:183} INFO - Processing /home/airflow/.local/lib/python3.8/site-packages/airflow/example_dags/example_local_kubernetes_executor.py took 0.045 seconds
[2024-02-28T08:01:10.552+0000] {processor.py:161} INFO - Started process (PID=260) to work on /home/airflow/.local/lib/python3.8/site-packages/airflow/example_dags/example_local_kubernetes_executor.py
[2024-02-28T08:01:10.552+0000] {processor.py:830} INFO - Processing file /home/airflow/.local/lib/python3.8/site-packages/airflow/example_dags/example_local_kubernetes_executor.py for tasks to queue
[2024-02-28T08:01:10.553+0000] {logging_mixin.py:188} INFO - [2024-02-28T08:01:10.553+0000] {dagbag.py:538} INFO - Filling up the DagBag from /home/airflow/.local/lib/python3.8/site-packages/airflow/example_dags/example_local_kubernetes_executor.py
[2024-02-28T08:01:10.559+0000] {processor.py:840} INFO - DAG(s) 'example_local_kubernetes_executor' retrieved from /home/airflow/.local/lib/python3.8/site-packages/airflow/example_dags/example_local_kubernetes_executor.py
[2024-02-28T08:01:10.582+0000] {logging_mixin.py:188} INFO - [2024-02-28T08:01:10.582+0000] {dag.py:3036} INFO - Sync 1 DAGs
[2024-02-28T08:01:10.588+0000] {logging_mixin.py:188} INFO - [2024-02-28T08:01:10.588+0000] {dag.py:3823} INFO - Setting next_dagrun for example_local_kubernetes_executor to None, run_after=None
[2024-02-28T08:01:10.598+0000] {processor.py:183} INFO - Processing /home/airflow/.local/lib/python3.8/site-packages/airflow/example_dags/example_local_kubernetes_executor.py took 0.050 seconds
[2024-02-28T08:01:41.033+0000] {processor.py:161} INFO - Started process (PID=327) to work on /home/airflow/.local/lib/python3.8/site-packages/airflow/example_dags/example_local_kubernetes_executor.py
[2024-02-28T08:01:41.034+0000] {processor.py:830} INFO - Processing file /home/airflow/.local/lib/python3.8/site-packages/airflow/example_dags/example_local_kubernetes_executor.py for tasks to queue
[2024-02-28T08:01:41.035+0000] {logging_mixin.py:188} INFO - [2024-02-28T08:01:41.034+0000] {dagbag.py:538} INFO - Filling up the DagBag from /home/airflow/.local/lib/python3.8/site-packages/airflow/example_dags/example_local_kubernetes_executor.py
[2024-02-28T08:01:41.040+0000] {processor.py:840} INFO - DAG(s) 'example_local_kubernetes_executor' retrieved from /home/airflow/.local/lib/python3.8/site-packages/airflow/example_dags/example_local_kubernetes_executor.py
[2024-02-28T08:01:41.062+0000] {logging_mixin.py:188} INFO - [2024-02-28T08:01:41.062+0000] {dag.py:3036} INFO - Sync 1 DAGs
[2024-02-28T08:01:41.068+0000] {logging_mixin.py:188} INFO - [2024-02-28T08:01:41.068+0000] {dag.py:3823} INFO - Setting next_dagrun for example_local_kubernetes_executor to None, run_after=None
[2024-02-28T08:01:41.078+0000] {processor.py:183} INFO - Processing /home/airflow/.local/lib/python3.8/site-packages/airflow/example_dags/example_local_kubernetes_executor.py took 0.048 seconds
[2024-02-28T08:02:11.312+0000] {processor.py:161} INFO - Started process (PID=394) to work on /home/airflow/.local/lib/python3.8/site-packages/airflow/example_dags/example_local_kubernetes_executor.py
[2024-02-28T08:02:11.313+0000] {processor.py:830} INFO - Processing file /home/airflow/.local/lib/python3.8/site-packages/airflow/example_dags/example_local_kubernetes_executor.py for tasks to queue
[2024-02-28T08:02:11.313+0000] {logging_mixin.py:188} INFO - [2024-02-28T08:02:11.313+0000] {dagbag.py:538} INFO - Filling up the DagBag from /home/airflow/.local/lib/python3.8/site-packages/airflow/example_dags/example_local_kubernetes_executor.py
[2024-02-28T08:02:11.319+0000] {processor.py:840} INFO - DAG(s) 'example_local_kubernetes_executor' retrieved from /home/airflow/.local/lib/python3.8/site-packages/airflow/example_dags/example_local_kubernetes_executor.py
[2024-02-28T08:02:11.340+0000] {logging_mixin.py:188} INFO - [2024-02-28T08:02:11.339+0000] {dag.py:3036} INFO - Sync 1 DAGs
[2024-02-28T08:02:11.345+0000] {logging_mixin.py:188} INFO - [2024-02-28T08:02:11.345+0000] {dag.py:3823} INFO - Setting next_dagrun for example_local_kubernetes_executor to None, run_after=None
[2024-02-28T08:02:11.355+0000] {processor.py:183} INFO - Processing /home/airflow/.local/lib/python3.8/site-packages/airflow/example_dags/example_local_kubernetes_executor.py took 0.046 seconds
[2024-02-28T08:02:41.495+0000] {processor.py:161} INFO - Started process (PID=460) to work on /home/airflow/.local/lib/python3.8/site-packages/airflow/example_dags/example_local_kubernetes_executor.py
[2024-02-28T08:02:41.495+0000] {processor.py:830} INFO - Processing file /home/airflow/.local/lib/python3.8/site-packages/airflow/example_dags/example_local_kubernetes_executor.py for tasks to queue
[2024-02-28T08:02:41.496+0000] {logging_mixin.py:188} INFO - [2024-02-28T08:02:41.496+0000] {dagbag.py:538} INFO - Filling up the DagBag from /home/airflow/.local/lib/python3.8/site-packages/airflow/example_dags/example_local_kubernetes_executor.py
[2024-02-28T08:02:41.501+0000] {processor.py:840} INFO - DAG(s) 'example_local_kubernetes_executor' retrieved from /home/airflow/.local/lib/python3.8/site-packages/airflow/example_dags/example_local_kubernetes_executor.py
[2024-02-28T08:02:41.525+0000] {logging_mixin.py:188} INFO - [2024-02-28T08:02:41.525+0000] {dag.py:3036} INFO - Sync 1 DAGs
[2024-02-28T08:02:41.531+0000] {logging_mixin.py:188} INFO - [2024-02-28T08:02:41.531+0000] {dag.py:3823} INFO - Setting next_dagrun for example_local_kubernetes_executor to None, run_after=None
[2024-02-28T08:02:41.540+0000] {processor.py:183} INFO - Processing /home/airflow/.local/lib/python3.8/site-packages/airflow/example_dags/example_local_kubernetes_executor.py took 0.048 seconds
[2024-02-28T08:03:11.787+0000] {processor.py:161} INFO - Started process (PID=527) to work on /home/airflow/.local/lib/python3.8/site-packages/airflow/example_dags/example_local_kubernetes_executor.py
[2024-02-28T08:03:11.788+0000] {processor.py:830} INFO - Processing file /home/airflow/.local/lib/python3.8/site-packages/airflow/example_dags/example_local_kubernetes_executor.py for tasks to queue
[2024-02-28T08:03:11.788+0000] {logging_mixin.py:188} INFO - [2024-02-28T08:03:11.788+0000] {dagbag.py:538} INFO - Filling up the DagBag from /home/airflow/.local/lib/python3.8/site-packages/airflow/example_dags/example_local_kubernetes_executor.py
[2024-02-28T08:03:11.794+0000] {processor.py:840} INFO - DAG(s) 'example_local_kubernetes_executor' retrieved from /home/airflow/.local/lib/python3.8/site-packages/airflow/example_dags/example_local_kubernetes_executor.py
[2024-02-28T08:03:11.818+0000] {logging_mixin.py:188} INFO - [2024-02-28T08:03:11.818+0000] {dag.py:3036} INFO - Sync 1 DAGs
[2024-02-28T08:03:11.824+0000] {logging_mixin.py:188} INFO - [2024-02-28T08:03:11.824+0000] {dag.py:3823} INFO - Setting next_dagrun for example_local_kubernetes_executor to None, run_after=None
[2024-02-28T08:03:11.833+0000] {processor.py:183} INFO - Processing /home/airflow/.local/lib/python3.8/site-packages/airflow/example_dags/example_local_kubernetes_executor.py took 0.048 seconds
[2024-02-28T08:03:41.927+0000] {processor.py:161} INFO - Started process (PID=595) to work on /home/airflow/.local/lib/python3.8/site-packages/airflow/example_dags/example_local_kubernetes_executor.py
[2024-02-28T08:03:41.928+0000] {processor.py:830} INFO - Processing file /home/airflow/.local/lib/python3.8/site-packages/airflow/example_dags/example_local_kubernetes_executor.py for tasks to queue
[2024-02-28T08:03:41.928+0000] {logging_mixin.py:188} INFO - [2024-02-28T08:03:41.928+0000] {dagbag.py:538} INFO - Filling up the DagBag from /home/airflow/.local/lib/python3.8/site-packages/airflow/example_dags/example_local_kubernetes_executor.py
[2024-02-28T08:03:41.936+0000] {processor.py:840} INFO - DAG(s) 'example_local_kubernetes_executor' retrieved from /home/airflow/.local/lib/python3.8/site-packages/airflow/example_dags/example_local_kubernetes_executor.py
[2024-02-28T08:03:41.958+0000] {logging_mixin.py:188} INFO - [2024-02-28T08:03:41.958+0000] {dag.py:3036} INFO - Sync 1 DAGs
[2024-02-28T08:03:41.964+0000] {logging_mixin.py:188} INFO - [2024-02-28T08:03:41.964+0000] {dag.py:3823} INFO - Setting next_dagrun for example_local_kubernetes_executor to None, run_after=None
[2024-02-28T08:03:41.973+0000] {processor.py:183} INFO - Processing /home/airflow/.local/lib/python3.8/site-packages/airflow/example_dags/example_local_kubernetes_executor.py took 0.048 seconds
[2024-02-28T08:04:12.003+0000] {processor.py:161} INFO - Started process (PID=662) to work on /home/airflow/.local/lib/python3.8/site-packages/airflow/example_dags/example_local_kubernetes_executor.py
[2024-02-28T08:04:12.003+0000] {processor.py:830} INFO - Processing file /home/airflow/.local/lib/python3.8/site-packages/airflow/example_dags/example_local_kubernetes_executor.py for tasks to queue
[2024-02-28T08:04:12.004+0000] {logging_mixin.py:188} INFO - [2024-02-28T08:04:12.004+0000] {dagbag.py:538} INFO - Filling up the DagBag from /home/airflow/.local/lib/python3.8/site-packages/airflow/example_dags/example_local_kubernetes_executor.py
[2024-02-28T08:04:12.009+0000] {processor.py:840} INFO - DAG(s) 'example_local_kubernetes_executor' retrieved from /home/airflow/.local/lib/python3.8/site-packages/airflow/example_dags/example_local_kubernetes_executor.py
[2024-02-28T08:04:12.030+0000] {logging_mixin.py:188} INFO - [2024-02-28T08:04:12.030+0000] {dag.py:3036} INFO - Sync 1 DAGs
[2024-02-28T08:04:12.036+0000] {logging_mixin.py:188} INFO - [2024-02-28T08:04:12.036+0000] {dag.py:3823} INFO - Setting next_dagrun for example_local_kubernetes_executor to None, run_after=None
[2024-02-28T08:04:12.045+0000] {processor.py:183} INFO - Processing /home/airflow/.local/lib/python3.8/site-packages/airflow/example_dags/example_local_kubernetes_executor.py took 0.044 seconds
[2024-02-28T08:04:42.204+0000] {processor.py:161} INFO - Started process (PID=730) to work on /home/airflow/.local/lib/python3.8/site-packages/airflow/example_dags/example_local_kubernetes_executor.py
[2024-02-28T08:04:42.205+0000] {processor.py:830} INFO - Processing file /home/airflow/.local/lib/python3.8/site-packages/airflow/example_dags/example_local_kubernetes_executor.py for tasks to queue
[2024-02-28T08:04:42.205+0000] {logging_mixin.py:188} INFO - [2024-02-28T08:04:42.205+0000] {dagbag.py:538} INFO - Filling up the DagBag from /home/airflow/.local/lib/python3.8/site-packages/airflow/example_dags/example_local_kubernetes_executor.py
[2024-02-28T08:04:42.211+0000] {processor.py:840} INFO - DAG(s) 'example_local_kubernetes_executor' retrieved from /home/airflow/.local/lib/python3.8/site-packages/airflow/example_dags/example_local_kubernetes_executor.py
[2024-02-28T08:04:42.236+0000] {logging_mixin.py:188} INFO - [2024-02-28T08:04:42.236+0000] {dag.py:3036} INFO - Sync 1 DAGs
[2024-02-28T08:04:42.244+0000] {logging_mixin.py:188} INFO - [2024-02-28T08:04:42.244+0000] {dag.py:3823} INFO - Setting next_dagrun for example_local_kubernetes_executor to None, run_after=None
[2024-02-28T08:04:42.255+0000] {processor.py:183} INFO - Processing /home/airflow/.local/lib/python3.8/site-packages/airflow/example_dags/example_local_kubernetes_executor.py took 0.054 seconds
[2024-02-28T08:05:12.391+0000] {processor.py:161} INFO - Started process (PID=798) to work on /home/airflow/.local/lib/python3.8/site-packages/airflow/example_dags/example_local_kubernetes_executor.py
[2024-02-28T08:05:12.391+0000] {processor.py:830} INFO - Processing file /home/airflow/.local/lib/python3.8/site-packages/airflow/example_dags/example_local_kubernetes_executor.py for tasks to queue
[2024-02-28T08:05:12.392+0000] {logging_mixin.py:188} INFO - [2024-02-28T08:05:12.392+0000] {dagbag.py:538} INFO - Filling up the DagBag from /home/airflow/.local/lib/python3.8/site-packages/airflow/example_dags/example_local_kubernetes_executor.py
[2024-02-28T08:05:12.398+0000] {processor.py:840} INFO - DAG(s) 'example_local_kubernetes_executor' retrieved from /home/airflow/.local/lib/python3.8/site-packages/airflow/example_dags/example_local_kubernetes_executor.py
[2024-02-28T08:05:12.422+0000] {logging_mixin.py:188} INFO - [2024-02-28T08:05:12.421+0000] {dag.py:3036} INFO - Sync 1 DAGs
[2024-02-28T08:05:12.428+0000] {logging_mixin.py:188} INFO - [2024-02-28T08:05:12.428+0000] {dag.py:3823} INFO - Setting next_dagrun for example_local_kubernetes_executor to None, run_after=None
[2024-02-28T08:05:12.438+0000] {processor.py:183} INFO - Processing /home/airflow/.local/lib/python3.8/site-packages/airflow/example_dags/example_local_kubernetes_executor.py took 0.050 seconds
[2024-02-28T08:05:42.556+0000] {processor.py:161} INFO - Started process (PID=866) to work on /home/airflow/.local/lib/python3.8/site-packages/airflow/example_dags/example_local_kubernetes_executor.py
[2024-02-28T08:05:42.557+0000] {processor.py:830} INFO - Processing file /home/airflow/.local/lib/python3.8/site-packages/airflow/example_dags/example_local_kubernetes_executor.py for tasks to queue
[2024-02-28T08:05:42.558+0000] {logging_mixin.py:188} INFO - [2024-02-28T08:05:42.557+0000] {dagbag.py:538} INFO - Filling up the DagBag from /home/airflow/.local/lib/python3.8/site-packages/airflow/example_dags/example_local_kubernetes_executor.py
[2024-02-28T08:05:42.564+0000] {processor.py:840} INFO - DAG(s) 'example_local_kubernetes_executor' retrieved from /home/airflow/.local/lib/python3.8/site-packages/airflow/example_dags/example_local_kubernetes_executor.py
[2024-02-28T08:05:42.586+0000] {logging_mixin.py:188} INFO - [2024-02-28T08:05:42.585+0000] {dag.py:3036} INFO - Sync 1 DAGs
[2024-02-28T08:05:42.592+0000] {logging_mixin.py:188} INFO - [2024-02-28T08:05:42.592+0000] {dag.py:3823} INFO - Setting next_dagrun for example_local_kubernetes_executor to None, run_after=None
[2024-02-28T08:05:42.601+0000] {processor.py:183} INFO - Processing /home/airflow/.local/lib/python3.8/site-packages/airflow/example_dags/example_local_kubernetes_executor.py took 0.046 seconds
[2024-02-28T08:06:12.772+0000] {processor.py:161} INFO - Started process (PID=934) to work on /home/airflow/.local/lib/python3.8/site-packages/airflow/example_dags/example_local_kubernetes_executor.py
[2024-02-28T08:06:12.773+0000] {processor.py:830} INFO - Processing file /home/airflow/.local/lib/python3.8/site-packages/airflow/example_dags/example_local_kubernetes_executor.py for tasks to queue
[2024-02-28T08:06:12.774+0000] {logging_mixin.py:188} INFO - [2024-02-28T08:06:12.773+0000] {dagbag.py:538} INFO - Filling up the DagBag from /home/airflow/.local/lib/python3.8/site-packages/airflow/example_dags/example_local_kubernetes_executor.py
[2024-02-28T08:06:12.781+0000] {processor.py:840} INFO - DAG(s) 'example_local_kubernetes_executor' retrieved from /home/airflow/.local/lib/python3.8/site-packages/airflow/example_dags/example_local_kubernetes_executor.py
[2024-02-28T08:06:12.805+0000] {logging_mixin.py:188} INFO - [2024-02-28T08:06:12.805+0000] {dag.py:3036} INFO - Sync 1 DAGs
[2024-02-28T08:06:12.813+0000] {logging_mixin.py:188} INFO - [2024-02-28T08:06:12.812+0000] {dag.py:3823} INFO - Setting next_dagrun for example_local_kubernetes_executor to None, run_after=None
[2024-02-28T08:06:12.823+0000] {processor.py:183} INFO - Processing /home/airflow/.local/lib/python3.8/site-packages/airflow/example_dags/example_local_kubernetes_executor.py took 0.054 seconds
