[2024-02-28T07:59:39.853+0000] {processor.py:161} INFO - Started process (PID=70) to work on /home/airflow/.local/lib/python3.8/site-packages/airflow/example_dags/example_task_group_decorator.py
[2024-02-28T07:59:39.854+0000] {processor.py:830} INFO - Processing file /home/airflow/.local/lib/python3.8/site-packages/airflow/example_dags/example_task_group_decorator.py for tasks to queue
[2024-02-28T07:59:39.855+0000] {logging_mixin.py:188} INFO - [2024-02-28T07:59:39.855+0000] {dagbag.py:538} INFO - Filling up the DagBag from /home/airflow/.local/lib/python3.8/site-packages/airflow/example_dags/example_task_group_decorator.py
[2024-02-28T07:59:39.866+0000] {processor.py:840} INFO - DAG(s) 'example_task_group_decorator' retrieved from /home/airflow/.local/lib/python3.8/site-packages/airflow/example_dags/example_task_group_decorator.py
[2024-02-28T07:59:39.885+0000] {logging_mixin.py:188} INFO - [2024-02-28T07:59:39.885+0000] {dag.py:3036} INFO - Sync 1 DAGs
[2024-02-28T07:59:39.901+0000] {logging_mixin.py:188} INFO - [2024-02-28T07:59:39.901+0000] {dag.py:3823} INFO - Setting next_dagrun for example_task_group_decorator to 2024-02-27 00:00:00+00:00, run_after=2024-02-28 00:00:00+00:00
[2024-02-28T07:59:39.918+0000] {processor.py:183} INFO - Processing /home/airflow/.local/lib/python3.8/site-packages/airflow/example_dags/example_task_group_decorator.py took 0.067 seconds
[2024-02-28T08:00:10.342+0000] {processor.py:161} INFO - Started process (PID=137) to work on /home/airflow/.local/lib/python3.8/site-packages/airflow/example_dags/example_task_group_decorator.py
[2024-02-28T08:00:10.343+0000] {processor.py:830} INFO - Processing file /home/airflow/.local/lib/python3.8/site-packages/airflow/example_dags/example_task_group_decorator.py for tasks to queue
[2024-02-28T08:00:10.344+0000] {logging_mixin.py:188} INFO - [2024-02-28T08:00:10.344+0000] {dagbag.py:538} INFO - Filling up the DagBag from /home/airflow/.local/lib/python3.8/site-packages/airflow/example_dags/example_task_group_decorator.py
[2024-02-28T08:00:10.352+0000] {processor.py:840} INFO - DAG(s) 'example_task_group_decorator' retrieved from /home/airflow/.local/lib/python3.8/site-packages/airflow/example_dags/example_task_group_decorator.py
[2024-02-28T08:00:10.369+0000] {logging_mixin.py:188} INFO - [2024-02-28T08:00:10.369+0000] {dag.py:3036} INFO - Sync 1 DAGs
[2024-02-28T08:00:10.381+0000] {logging_mixin.py:188} INFO - [2024-02-28T08:00:10.381+0000] {dag.py:3823} INFO - Setting next_dagrun for example_task_group_decorator to 2024-02-27 00:00:00+00:00, run_after=2024-02-28 00:00:00+00:00
[2024-02-28T08:00:10.390+0000] {processor.py:183} INFO - Processing /home/airflow/.local/lib/python3.8/site-packages/airflow/example_dags/example_task_group_decorator.py took 0.050 seconds
[2024-02-28T08:00:40.676+0000] {processor.py:161} INFO - Started process (PID=204) to work on /home/airflow/.local/lib/python3.8/site-packages/airflow/example_dags/example_task_group_decorator.py
[2024-02-28T08:00:40.677+0000] {processor.py:830} INFO - Processing file /home/airflow/.local/lib/python3.8/site-packages/airflow/example_dags/example_task_group_decorator.py for tasks to queue
[2024-02-28T08:00:40.678+0000] {logging_mixin.py:188} INFO - [2024-02-28T08:00:40.677+0000] {dagbag.py:538} INFO - Filling up the DagBag from /home/airflow/.local/lib/python3.8/site-packages/airflow/example_dags/example_task_group_decorator.py
[2024-02-28T08:00:40.687+0000] {processor.py:840} INFO - DAG(s) 'example_task_group_decorator' retrieved from /home/airflow/.local/lib/python3.8/site-packages/airflow/example_dags/example_task_group_decorator.py
[2024-02-28T08:00:40.703+0000] {logging_mixin.py:188} INFO - [2024-02-28T08:00:40.702+0000] {dag.py:3036} INFO - Sync 1 DAGs
[2024-02-28T08:00:40.715+0000] {logging_mixin.py:188} INFO - [2024-02-28T08:00:40.715+0000] {dag.py:3823} INFO - Setting next_dagrun for example_task_group_decorator to 2024-02-27 00:00:00+00:00, run_after=2024-02-28 00:00:00+00:00
[2024-02-28T08:00:40.724+0000] {processor.py:183} INFO - Processing /home/airflow/.local/lib/python3.8/site-packages/airflow/example_dags/example_task_group_decorator.py took 0.050 seconds
[2024-02-28T08:01:10.988+0000] {processor.py:161} INFO - Started process (PID=271) to work on /home/airflow/.local/lib/python3.8/site-packages/airflow/example_dags/example_task_group_decorator.py
[2024-02-28T08:01:10.989+0000] {processor.py:830} INFO - Processing file /home/airflow/.local/lib/python3.8/site-packages/airflow/example_dags/example_task_group_decorator.py for tasks to queue
[2024-02-28T08:01:10.990+0000] {logging_mixin.py:188} INFO - [2024-02-28T08:01:10.990+0000] {dagbag.py:538} INFO - Filling up the DagBag from /home/airflow/.local/lib/python3.8/site-packages/airflow/example_dags/example_task_group_decorator.py
[2024-02-28T08:01:10.999+0000] {processor.py:840} INFO - DAG(s) 'example_task_group_decorator' retrieved from /home/airflow/.local/lib/python3.8/site-packages/airflow/example_dags/example_task_group_decorator.py
[2024-02-28T08:01:11.020+0000] {logging_mixin.py:188} INFO - [2024-02-28T08:01:11.020+0000] {dag.py:3036} INFO - Sync 1 DAGs
[2024-02-28T08:01:11.034+0000] {logging_mixin.py:188} INFO - [2024-02-28T08:01:11.033+0000] {dag.py:3823} INFO - Setting next_dagrun for example_task_group_decorator to 2024-02-27 00:00:00+00:00, run_after=2024-02-28 00:00:00+00:00
[2024-02-28T08:01:11.045+0000] {processor.py:183} INFO - Processing /home/airflow/.local/lib/python3.8/site-packages/airflow/example_dags/example_task_group_decorator.py took 0.059 seconds
[2024-02-28T08:01:41.391+0000] {processor.py:161} INFO - Started process (PID=338) to work on /home/airflow/.local/lib/python3.8/site-packages/airflow/example_dags/example_task_group_decorator.py
[2024-02-28T08:01:41.392+0000] {processor.py:830} INFO - Processing file /home/airflow/.local/lib/python3.8/site-packages/airflow/example_dags/example_task_group_decorator.py for tasks to queue
[2024-02-28T08:01:41.392+0000] {logging_mixin.py:188} INFO - [2024-02-28T08:01:41.392+0000] {dagbag.py:538} INFO - Filling up the DagBag from /home/airflow/.local/lib/python3.8/site-packages/airflow/example_dags/example_task_group_decorator.py
[2024-02-28T08:01:41.401+0000] {processor.py:840} INFO - DAG(s) 'example_task_group_decorator' retrieved from /home/airflow/.local/lib/python3.8/site-packages/airflow/example_dags/example_task_group_decorator.py
[2024-02-28T08:01:41.417+0000] {logging_mixin.py:188} INFO - [2024-02-28T08:01:41.417+0000] {dag.py:3036} INFO - Sync 1 DAGs
[2024-02-28T08:01:41.429+0000] {logging_mixin.py:188} INFO - [2024-02-28T08:01:41.429+0000] {dag.py:3823} INFO - Setting next_dagrun for example_task_group_decorator to 2024-02-27 00:00:00+00:00, run_after=2024-02-28 00:00:00+00:00
[2024-02-28T08:01:41.439+0000] {processor.py:183} INFO - Processing /home/airflow/.local/lib/python3.8/site-packages/airflow/example_dags/example_task_group_decorator.py took 0.050 seconds
[2024-02-28T08:02:11.660+0000] {processor.py:161} INFO - Started process (PID=405) to work on /home/airflow/.local/lib/python3.8/site-packages/airflow/example_dags/example_task_group_decorator.py
[2024-02-28T08:02:11.661+0000] {processor.py:830} INFO - Processing file /home/airflow/.local/lib/python3.8/site-packages/airflow/example_dags/example_task_group_decorator.py for tasks to queue
[2024-02-28T08:02:11.662+0000] {logging_mixin.py:188} INFO - [2024-02-28T08:02:11.661+0000] {dagbag.py:538} INFO - Filling up the DagBag from /home/airflow/.local/lib/python3.8/site-packages/airflow/example_dags/example_task_group_decorator.py
[2024-02-28T08:02:11.671+0000] {processor.py:840} INFO - DAG(s) 'example_task_group_decorator' retrieved from /home/airflow/.local/lib/python3.8/site-packages/airflow/example_dags/example_task_group_decorator.py
[2024-02-28T08:02:11.687+0000] {logging_mixin.py:188} INFO - [2024-02-28T08:02:11.687+0000] {dag.py:3036} INFO - Sync 1 DAGs
[2024-02-28T08:02:11.699+0000] {logging_mixin.py:188} INFO - [2024-02-28T08:02:11.699+0000] {dag.py:3823} INFO - Setting next_dagrun for example_task_group_decorator to 2024-02-27 00:00:00+00:00, run_after=2024-02-28 00:00:00+00:00
[2024-02-28T08:02:11.708+0000] {processor.py:183} INFO - Processing /home/airflow/.local/lib/python3.8/site-packages/airflow/example_dags/example_task_group_decorator.py took 0.050 seconds
[2024-02-28T08:02:41.903+0000] {processor.py:161} INFO - Started process (PID=472) to work on /home/airflow/.local/lib/python3.8/site-packages/airflow/example_dags/example_task_group_decorator.py
[2024-02-28T08:02:41.904+0000] {processor.py:830} INFO - Processing file /home/airflow/.local/lib/python3.8/site-packages/airflow/example_dags/example_task_group_decorator.py for tasks to queue
[2024-02-28T08:02:41.904+0000] {logging_mixin.py:188} INFO - [2024-02-28T08:02:41.904+0000] {dagbag.py:538} INFO - Filling up the DagBag from /home/airflow/.local/lib/python3.8/site-packages/airflow/example_dags/example_task_group_decorator.py
[2024-02-28T08:02:41.913+0000] {processor.py:840} INFO - DAG(s) 'example_task_group_decorator' retrieved from /home/airflow/.local/lib/python3.8/site-packages/airflow/example_dags/example_task_group_decorator.py
[2024-02-28T08:02:41.931+0000] {logging_mixin.py:188} INFO - [2024-02-28T08:02:41.930+0000] {dag.py:3036} INFO - Sync 1 DAGs
[2024-02-28T08:02:41.942+0000] {logging_mixin.py:188} INFO - [2024-02-28T08:02:41.942+0000] {dag.py:3823} INFO - Setting next_dagrun for example_task_group_decorator to 2024-02-27 00:00:00+00:00, run_after=2024-02-28 00:00:00+00:00
[2024-02-28T08:02:41.951+0000] {processor.py:183} INFO - Processing /home/airflow/.local/lib/python3.8/site-packages/airflow/example_dags/example_task_group_decorator.py took 0.052 seconds
[2024-02-28T08:03:12.202+0000] {processor.py:161} INFO - Started process (PID=539) to work on /home/airflow/.local/lib/python3.8/site-packages/airflow/example_dags/example_task_group_decorator.py
[2024-02-28T08:03:12.203+0000] {processor.py:830} INFO - Processing file /home/airflow/.local/lib/python3.8/site-packages/airflow/example_dags/example_task_group_decorator.py for tasks to queue
[2024-02-28T08:03:12.203+0000] {logging_mixin.py:188} INFO - [2024-02-28T08:03:12.203+0000] {dagbag.py:538} INFO - Filling up the DagBag from /home/airflow/.local/lib/python3.8/site-packages/airflow/example_dags/example_task_group_decorator.py
[2024-02-28T08:03:12.212+0000] {processor.py:840} INFO - DAG(s) 'example_task_group_decorator' retrieved from /home/airflow/.local/lib/python3.8/site-packages/airflow/example_dags/example_task_group_decorator.py
[2024-02-28T08:03:12.228+0000] {logging_mixin.py:188} INFO - [2024-02-28T08:03:12.228+0000] {dag.py:3036} INFO - Sync 1 DAGs
[2024-02-28T08:03:12.239+0000] {logging_mixin.py:188} INFO - [2024-02-28T08:03:12.239+0000] {dag.py:3823} INFO - Setting next_dagrun for example_task_group_decorator to 2024-02-27 00:00:00+00:00, run_after=2024-02-28 00:00:00+00:00
[2024-02-28T08:03:12.249+0000] {processor.py:183} INFO - Processing /home/airflow/.local/lib/python3.8/site-packages/airflow/example_dags/example_task_group_decorator.py took 0.050 seconds
[2024-02-28T08:03:42.315+0000] {processor.py:161} INFO - Started process (PID=607) to work on /home/airflow/.local/lib/python3.8/site-packages/airflow/example_dags/example_task_group_decorator.py
[2024-02-28T08:03:42.316+0000] {processor.py:830} INFO - Processing file /home/airflow/.local/lib/python3.8/site-packages/airflow/example_dags/example_task_group_decorator.py for tasks to queue
[2024-02-28T08:03:42.316+0000] {logging_mixin.py:188} INFO - [2024-02-28T08:03:42.316+0000] {dagbag.py:538} INFO - Filling up the DagBag from /home/airflow/.local/lib/python3.8/site-packages/airflow/example_dags/example_task_group_decorator.py
[2024-02-28T08:03:42.325+0000] {processor.py:840} INFO - DAG(s) 'example_task_group_decorator' retrieved from /home/airflow/.local/lib/python3.8/site-packages/airflow/example_dags/example_task_group_decorator.py
[2024-02-28T08:03:42.341+0000] {logging_mixin.py:188} INFO - [2024-02-28T08:03:42.341+0000] {dag.py:3036} INFO - Sync 1 DAGs
[2024-02-28T08:03:42.353+0000] {logging_mixin.py:188} INFO - [2024-02-28T08:03:42.353+0000] {dag.py:3823} INFO - Setting next_dagrun for example_task_group_decorator to 2024-02-27 00:00:00+00:00, run_after=2024-02-28 00:00:00+00:00
[2024-02-28T08:03:42.362+0000] {processor.py:183} INFO - Processing /home/airflow/.local/lib/python3.8/site-packages/airflow/example_dags/example_task_group_decorator.py took 0.050 seconds
[2024-02-28T08:04:12.412+0000] {processor.py:161} INFO - Started process (PID=674) to work on /home/airflow/.local/lib/python3.8/site-packages/airflow/example_dags/example_task_group_decorator.py
[2024-02-28T08:04:12.412+0000] {processor.py:830} INFO - Processing file /home/airflow/.local/lib/python3.8/site-packages/airflow/example_dags/example_task_group_decorator.py for tasks to queue
[2024-02-28T08:04:12.413+0000] {logging_mixin.py:188} INFO - [2024-02-28T08:04:12.413+0000] {dagbag.py:538} INFO - Filling up the DagBag from /home/airflow/.local/lib/python3.8/site-packages/airflow/example_dags/example_task_group_decorator.py
[2024-02-28T08:04:12.422+0000] {processor.py:840} INFO - DAG(s) 'example_task_group_decorator' retrieved from /home/airflow/.local/lib/python3.8/site-packages/airflow/example_dags/example_task_group_decorator.py
[2024-02-28T08:04:12.438+0000] {logging_mixin.py:188} INFO - [2024-02-28T08:04:12.438+0000] {dag.py:3036} INFO - Sync 1 DAGs
[2024-02-28T08:04:12.450+0000] {logging_mixin.py:188} INFO - [2024-02-28T08:04:12.450+0000] {dag.py:3823} INFO - Setting next_dagrun for example_task_group_decorator to 2024-02-27 00:00:00+00:00, run_after=2024-02-28 00:00:00+00:00
[2024-02-28T08:04:12.459+0000] {processor.py:183} INFO - Processing /home/airflow/.local/lib/python3.8/site-packages/airflow/example_dags/example_task_group_decorator.py took 0.050 seconds
[2024-02-28T08:04:42.650+0000] {processor.py:161} INFO - Started process (PID=741) to work on /home/airflow/.local/lib/python3.8/site-packages/airflow/example_dags/example_task_group_decorator.py
[2024-02-28T08:04:42.651+0000] {processor.py:830} INFO - Processing file /home/airflow/.local/lib/python3.8/site-packages/airflow/example_dags/example_task_group_decorator.py for tasks to queue
[2024-02-28T08:04:42.651+0000] {logging_mixin.py:188} INFO - [2024-02-28T08:04:42.651+0000] {dagbag.py:538} INFO - Filling up the DagBag from /home/airflow/.local/lib/python3.8/site-packages/airflow/example_dags/example_task_group_decorator.py
[2024-02-28T08:04:42.660+0000] {processor.py:840} INFO - DAG(s) 'example_task_group_decorator' retrieved from /home/airflow/.local/lib/python3.8/site-packages/airflow/example_dags/example_task_group_decorator.py
[2024-02-28T08:04:42.677+0000] {logging_mixin.py:188} INFO - [2024-02-28T08:04:42.677+0000] {dag.py:3036} INFO - Sync 1 DAGs
[2024-02-28T08:04:42.689+0000] {logging_mixin.py:188} INFO - [2024-02-28T08:04:42.688+0000] {dag.py:3823} INFO - Setting next_dagrun for example_task_group_decorator to 2024-02-27 00:00:00+00:00, run_after=2024-02-28 00:00:00+00:00
[2024-02-28T08:04:42.698+0000] {processor.py:183} INFO - Processing /home/airflow/.local/lib/python3.8/site-packages/airflow/example_dags/example_task_group_decorator.py took 0.051 seconds
[2024-02-28T08:05:12.778+0000] {processor.py:161} INFO - Started process (PID=809) to work on /home/airflow/.local/lib/python3.8/site-packages/airflow/example_dags/example_task_group_decorator.py
[2024-02-28T08:05:12.778+0000] {processor.py:830} INFO - Processing file /home/airflow/.local/lib/python3.8/site-packages/airflow/example_dags/example_task_group_decorator.py for tasks to queue
[2024-02-28T08:05:12.780+0000] {logging_mixin.py:188} INFO - [2024-02-28T08:05:12.779+0000] {dagbag.py:538} INFO - Filling up the DagBag from /home/airflow/.local/lib/python3.8/site-packages/airflow/example_dags/example_task_group_decorator.py
[2024-02-28T08:05:12.789+0000] {processor.py:840} INFO - DAG(s) 'example_task_group_decorator' retrieved from /home/airflow/.local/lib/python3.8/site-packages/airflow/example_dags/example_task_group_decorator.py
[2024-02-28T08:05:12.806+0000] {logging_mixin.py:188} INFO - [2024-02-28T08:05:12.805+0000] {dag.py:3036} INFO - Sync 1 DAGs
[2024-02-28T08:05:12.818+0000] {logging_mixin.py:188} INFO - [2024-02-28T08:05:12.818+0000] {dag.py:3823} INFO - Setting next_dagrun for example_task_group_decorator to 2024-02-27 00:00:00+00:00, run_after=2024-02-28 00:00:00+00:00
[2024-02-28T08:05:12.828+0000] {processor.py:183} INFO - Processing /home/airflow/.local/lib/python3.8/site-packages/airflow/example_dags/example_task_group_decorator.py took 0.053 seconds
[2024-02-28T08:05:42.974+0000] {processor.py:161} INFO - Started process (PID=877) to work on /home/airflow/.local/lib/python3.8/site-packages/airflow/example_dags/example_task_group_decorator.py
[2024-02-28T08:05:42.974+0000] {processor.py:830} INFO - Processing file /home/airflow/.local/lib/python3.8/site-packages/airflow/example_dags/example_task_group_decorator.py for tasks to queue
[2024-02-28T08:05:42.975+0000] {logging_mixin.py:188} INFO - [2024-02-28T08:05:42.975+0000] {dagbag.py:538} INFO - Filling up the DagBag from /home/airflow/.local/lib/python3.8/site-packages/airflow/example_dags/example_task_group_decorator.py
[2024-02-28T08:05:42.984+0000] {processor.py:840} INFO - DAG(s) 'example_task_group_decorator' retrieved from /home/airflow/.local/lib/python3.8/site-packages/airflow/example_dags/example_task_group_decorator.py
[2024-02-28T08:05:43.000+0000] {logging_mixin.py:188} INFO - [2024-02-28T08:05:43.000+0000] {dag.py:3036} INFO - Sync 1 DAGs
[2024-02-28T08:05:43.012+0000] {logging_mixin.py:188} INFO - [2024-02-28T08:05:43.012+0000] {dag.py:3823} INFO - Setting next_dagrun for example_task_group_decorator to 2024-02-27 00:00:00+00:00, run_after=2024-02-28 00:00:00+00:00
[2024-02-28T08:05:43.021+0000] {processor.py:183} INFO - Processing /home/airflow/.local/lib/python3.8/site-packages/airflow/example_dags/example_task_group_decorator.py took 0.049 seconds
[2024-02-28T08:06:13.181+0000] {processor.py:161} INFO - Started process (PID=945) to work on /home/airflow/.local/lib/python3.8/site-packages/airflow/example_dags/example_task_group_decorator.py
[2024-02-28T08:06:13.182+0000] {processor.py:830} INFO - Processing file /home/airflow/.local/lib/python3.8/site-packages/airflow/example_dags/example_task_group_decorator.py for tasks to queue
[2024-02-28T08:06:13.183+0000] {logging_mixin.py:188} INFO - [2024-02-28T08:06:13.183+0000] {dagbag.py:538} INFO - Filling up the DagBag from /home/airflow/.local/lib/python3.8/site-packages/airflow/example_dags/example_task_group_decorator.py
[2024-02-28T08:06:13.193+0000] {processor.py:840} INFO - DAG(s) 'example_task_group_decorator' retrieved from /home/airflow/.local/lib/python3.8/site-packages/airflow/example_dags/example_task_group_decorator.py
[2024-02-28T08:06:13.211+0000] {logging_mixin.py:188} INFO - [2024-02-28T08:06:13.210+0000] {dag.py:3036} INFO - Sync 1 DAGs
[2024-02-28T08:06:13.224+0000] {logging_mixin.py:188} INFO - [2024-02-28T08:06:13.224+0000] {dag.py:3823} INFO - Setting next_dagrun for example_task_group_decorator to 2024-02-27 00:00:00+00:00, run_after=2024-02-28 00:00:00+00:00
[2024-02-28T08:06:13.235+0000] {processor.py:183} INFO - Processing /home/airflow/.local/lib/python3.8/site-packages/airflow/example_dags/example_task_group_decorator.py took 0.057 seconds
