[2024-02-28T07:59:39.724+0000] {processor.py:161} INFO - Started process (PID=66) to work on /home/airflow/.local/lib/python3.8/site-packages/airflow/example_dags/example_external_task_marker_dag.py
[2024-02-28T07:59:39.725+0000] {processor.py:830} INFO - Processing file /home/airflow/.local/lib/python3.8/site-packages/airflow/example_dags/example_external_task_marker_dag.py for tasks to queue
[2024-02-28T07:59:39.727+0000] {logging_mixin.py:188} INFO - [2024-02-28T07:59:39.726+0000] {dagbag.py:538} INFO - Filling up the DagBag from /home/airflow/.local/lib/python3.8/site-packages/airflow/example_dags/example_external_task_marker_dag.py
[2024-02-28T07:59:39.733+0000] {processor.py:840} INFO - DAG(s) 'example_external_task_marker_parent', 'example_external_task_marker_child' retrieved from /home/airflow/.local/lib/python3.8/site-packages/airflow/example_dags/example_external_task_marker_dag.py
[2024-02-28T07:59:39.752+0000] {logging_mixin.py:188} INFO - [2024-02-28T07:59:39.752+0000] {dag.py:3036} INFO - Sync 2 DAGs
[2024-02-28T07:59:39.759+0000] {logging_mixin.py:188} INFO - [2024-02-28T07:59:39.759+0000] {dag.py:3823} INFO - Setting next_dagrun for example_external_task_marker_child to None, run_after=None
[2024-02-28T07:59:39.761+0000] {logging_mixin.py:188} INFO - [2024-02-28T07:59:39.761+0000] {dag.py:3823} INFO - Setting next_dagrun for example_external_task_marker_parent to None, run_after=None
[2024-02-28T07:59:39.770+0000] {processor.py:183} INFO - Processing /home/airflow/.local/lib/python3.8/site-packages/airflow/example_dags/example_external_task_marker_dag.py took 0.048 seconds
[2024-02-28T08:00:10.233+0000] {processor.py:161} INFO - Started process (PID=133) to work on /home/airflow/.local/lib/python3.8/site-packages/airflow/example_dags/example_external_task_marker_dag.py
[2024-02-28T08:00:10.234+0000] {processor.py:830} INFO - Processing file /home/airflow/.local/lib/python3.8/site-packages/airflow/example_dags/example_external_task_marker_dag.py for tasks to queue
[2024-02-28T08:00:10.235+0000] {logging_mixin.py:188} INFO - [2024-02-28T08:00:10.235+0000] {dagbag.py:538} INFO - Filling up the DagBag from /home/airflow/.local/lib/python3.8/site-packages/airflow/example_dags/example_external_task_marker_dag.py
[2024-02-28T08:00:10.239+0000] {processor.py:840} INFO - DAG(s) 'example_external_task_marker_child', 'example_external_task_marker_parent' retrieved from /home/airflow/.local/lib/python3.8/site-packages/airflow/example_dags/example_external_task_marker_dag.py
[2024-02-28T08:00:10.255+0000] {logging_mixin.py:188} INFO - [2024-02-28T08:00:10.255+0000] {dag.py:3036} INFO - Sync 2 DAGs
[2024-02-28T08:00:10.262+0000] {logging_mixin.py:188} INFO - [2024-02-28T08:00:10.262+0000] {dag.py:3823} INFO - Setting next_dagrun for example_external_task_marker_child to None, run_after=None
[2024-02-28T08:00:10.264+0000] {logging_mixin.py:188} INFO - [2024-02-28T08:00:10.264+0000] {dag.py:3823} INFO - Setting next_dagrun for example_external_task_marker_parent to None, run_after=None
[2024-02-28T08:00:10.272+0000] {processor.py:183} INFO - Processing /home/airflow/.local/lib/python3.8/site-packages/airflow/example_dags/example_external_task_marker_dag.py took 0.042 seconds
[2024-02-28T08:00:40.569+0000] {processor.py:161} INFO - Started process (PID=200) to work on /home/airflow/.local/lib/python3.8/site-packages/airflow/example_dags/example_external_task_marker_dag.py
[2024-02-28T08:00:40.570+0000] {processor.py:830} INFO - Processing file /home/airflow/.local/lib/python3.8/site-packages/airflow/example_dags/example_external_task_marker_dag.py for tasks to queue
[2024-02-28T08:00:40.570+0000] {logging_mixin.py:188} INFO - [2024-02-28T08:00:40.570+0000] {dagbag.py:538} INFO - Filling up the DagBag from /home/airflow/.local/lib/python3.8/site-packages/airflow/example_dags/example_external_task_marker_dag.py
[2024-02-28T08:00:40.575+0000] {processor.py:840} INFO - DAG(s) 'example_external_task_marker_parent', 'example_external_task_marker_child' retrieved from /home/airflow/.local/lib/python3.8/site-packages/airflow/example_dags/example_external_task_marker_dag.py
[2024-02-28T08:00:40.591+0000] {logging_mixin.py:188} INFO - [2024-02-28T08:00:40.591+0000] {dag.py:3036} INFO - Sync 2 DAGs
[2024-02-28T08:00:40.597+0000] {logging_mixin.py:188} INFO - [2024-02-28T08:00:40.597+0000] {dag.py:3823} INFO - Setting next_dagrun for example_external_task_marker_child to None, run_after=None
[2024-02-28T08:00:40.599+0000] {logging_mixin.py:188} INFO - [2024-02-28T08:00:40.599+0000] {dag.py:3823} INFO - Setting next_dagrun for example_external_task_marker_parent to None, run_after=None
[2024-02-28T08:00:40.607+0000] {processor.py:183} INFO - Processing /home/airflow/.local/lib/python3.8/site-packages/airflow/example_dags/example_external_task_marker_dag.py took 0.041 seconds
[2024-02-28T08:01:10.868+0000] {processor.py:161} INFO - Started process (PID=267) to work on /home/airflow/.local/lib/python3.8/site-packages/airflow/example_dags/example_external_task_marker_dag.py
[2024-02-28T08:01:10.869+0000] {processor.py:830} INFO - Processing file /home/airflow/.local/lib/python3.8/site-packages/airflow/example_dags/example_external_task_marker_dag.py for tasks to queue
[2024-02-28T08:01:10.870+0000] {logging_mixin.py:188} INFO - [2024-02-28T08:01:10.869+0000] {dagbag.py:538} INFO - Filling up the DagBag from /home/airflow/.local/lib/python3.8/site-packages/airflow/example_dags/example_external_task_marker_dag.py
[2024-02-28T08:01:10.875+0000] {processor.py:840} INFO - DAG(s) 'example_external_task_marker_child', 'example_external_task_marker_parent' retrieved from /home/airflow/.local/lib/python3.8/site-packages/airflow/example_dags/example_external_task_marker_dag.py
[2024-02-28T08:01:10.893+0000] {logging_mixin.py:188} INFO - [2024-02-28T08:01:10.892+0000] {dag.py:3036} INFO - Sync 2 DAGs
[2024-02-28T08:01:10.900+0000] {logging_mixin.py:188} INFO - [2024-02-28T08:01:10.899+0000] {dag.py:3823} INFO - Setting next_dagrun for example_external_task_marker_child to None, run_after=None
[2024-02-28T08:01:10.902+0000] {logging_mixin.py:188} INFO - [2024-02-28T08:01:10.902+0000] {dag.py:3823} INFO - Setting next_dagrun for example_external_task_marker_parent to None, run_after=None
[2024-02-28T08:01:10.911+0000] {processor.py:183} INFO - Processing /home/airflow/.local/lib/python3.8/site-packages/airflow/example_dags/example_external_task_marker_dag.py took 0.048 seconds
[2024-02-28T08:01:41.279+0000] {processor.py:161} INFO - Started process (PID=334) to work on /home/airflow/.local/lib/python3.8/site-packages/airflow/example_dags/example_external_task_marker_dag.py
[2024-02-28T08:01:41.280+0000] {processor.py:830} INFO - Processing file /home/airflow/.local/lib/python3.8/site-packages/airflow/example_dags/example_external_task_marker_dag.py for tasks to queue
[2024-02-28T08:01:41.281+0000] {logging_mixin.py:188} INFO - [2024-02-28T08:01:41.280+0000] {dagbag.py:538} INFO - Filling up the DagBag from /home/airflow/.local/lib/python3.8/site-packages/airflow/example_dags/example_external_task_marker_dag.py
[2024-02-28T08:01:41.285+0000] {processor.py:840} INFO - DAG(s) 'example_external_task_marker_child', 'example_external_task_marker_parent' retrieved from /home/airflow/.local/lib/python3.8/site-packages/airflow/example_dags/example_external_task_marker_dag.py
[2024-02-28T08:01:41.302+0000] {logging_mixin.py:188} INFO - [2024-02-28T08:01:41.302+0000] {dag.py:3036} INFO - Sync 2 DAGs
[2024-02-28T08:01:41.309+0000] {logging_mixin.py:188} INFO - [2024-02-28T08:01:41.309+0000] {dag.py:3823} INFO - Setting next_dagrun for example_external_task_marker_child to None, run_after=None
[2024-02-28T08:01:41.311+0000] {logging_mixin.py:188} INFO - [2024-02-28T08:01:41.311+0000] {dag.py:3823} INFO - Setting next_dagrun for example_external_task_marker_parent to None, run_after=None
[2024-02-28T08:01:41.319+0000] {processor.py:183} INFO - Processing /home/airflow/.local/lib/python3.8/site-packages/airflow/example_dags/example_external_task_marker_dag.py took 0.042 seconds
[2024-02-28T08:02:11.553+0000] {processor.py:161} INFO - Started process (PID=401) to work on /home/airflow/.local/lib/python3.8/site-packages/airflow/example_dags/example_external_task_marker_dag.py
[2024-02-28T08:02:11.554+0000] {processor.py:830} INFO - Processing file /home/airflow/.local/lib/python3.8/site-packages/airflow/example_dags/example_external_task_marker_dag.py for tasks to queue
[2024-02-28T08:02:11.555+0000] {logging_mixin.py:188} INFO - [2024-02-28T08:02:11.554+0000] {dagbag.py:538} INFO - Filling up the DagBag from /home/airflow/.local/lib/python3.8/site-packages/airflow/example_dags/example_external_task_marker_dag.py
[2024-02-28T08:02:11.559+0000] {processor.py:840} INFO - DAG(s) 'example_external_task_marker_child', 'example_external_task_marker_parent' retrieved from /home/airflow/.local/lib/python3.8/site-packages/airflow/example_dags/example_external_task_marker_dag.py
[2024-02-28T08:02:11.576+0000] {logging_mixin.py:188} INFO - [2024-02-28T08:02:11.576+0000] {dag.py:3036} INFO - Sync 2 DAGs
[2024-02-28T08:02:11.582+0000] {logging_mixin.py:188} INFO - [2024-02-28T08:02:11.582+0000] {dag.py:3823} INFO - Setting next_dagrun for example_external_task_marker_child to None, run_after=None
[2024-02-28T08:02:11.584+0000] {logging_mixin.py:188} INFO - [2024-02-28T08:02:11.584+0000] {dag.py:3823} INFO - Setting next_dagrun for example_external_task_marker_parent to None, run_after=None
[2024-02-28T08:02:11.592+0000] {processor.py:183} INFO - Processing /home/airflow/.local/lib/python3.8/site-packages/airflow/example_dags/example_external_task_marker_dag.py took 0.042 seconds
[2024-02-28T08:02:41.765+0000] {processor.py:161} INFO - Started process (PID=468) to work on /home/airflow/.local/lib/python3.8/site-packages/airflow/example_dags/example_external_task_marker_dag.py
[2024-02-28T08:02:41.766+0000] {processor.py:830} INFO - Processing file /home/airflow/.local/lib/python3.8/site-packages/airflow/example_dags/example_external_task_marker_dag.py for tasks to queue
[2024-02-28T08:02:41.767+0000] {logging_mixin.py:188} INFO - [2024-02-28T08:02:41.766+0000] {dagbag.py:538} INFO - Filling up the DagBag from /home/airflow/.local/lib/python3.8/site-packages/airflow/example_dags/example_external_task_marker_dag.py
[2024-02-28T08:02:41.771+0000] {processor.py:840} INFO - DAG(s) 'example_external_task_marker_parent', 'example_external_task_marker_child' retrieved from /home/airflow/.local/lib/python3.8/site-packages/airflow/example_dags/example_external_task_marker_dag.py
[2024-02-28T08:02:41.788+0000] {logging_mixin.py:188} INFO - [2024-02-28T08:02:41.788+0000] {dag.py:3036} INFO - Sync 2 DAGs
[2024-02-28T08:02:41.795+0000] {logging_mixin.py:188} INFO - [2024-02-28T08:02:41.795+0000] {dag.py:3823} INFO - Setting next_dagrun for example_external_task_marker_child to None, run_after=None
[2024-02-28T08:02:41.797+0000] {logging_mixin.py:188} INFO - [2024-02-28T08:02:41.797+0000] {dag.py:3823} INFO - Setting next_dagrun for example_external_task_marker_parent to None, run_after=None
[2024-02-28T08:02:41.806+0000] {processor.py:183} INFO - Processing /home/airflow/.local/lib/python3.8/site-packages/airflow/example_dags/example_external_task_marker_dag.py took 0.043 seconds
[2024-02-28T08:03:12.041+0000] {processor.py:161} INFO - Started process (PID=535) to work on /home/airflow/.local/lib/python3.8/site-packages/airflow/example_dags/example_external_task_marker_dag.py
[2024-02-28T08:03:12.042+0000] {processor.py:830} INFO - Processing file /home/airflow/.local/lib/python3.8/site-packages/airflow/example_dags/example_external_task_marker_dag.py for tasks to queue
[2024-02-28T08:03:12.043+0000] {logging_mixin.py:188} INFO - [2024-02-28T08:03:12.042+0000] {dagbag.py:538} INFO - Filling up the DagBag from /home/airflow/.local/lib/python3.8/site-packages/airflow/example_dags/example_external_task_marker_dag.py
[2024-02-28T08:03:12.047+0000] {processor.py:840} INFO - DAG(s) 'example_external_task_marker_child', 'example_external_task_marker_parent' retrieved from /home/airflow/.local/lib/python3.8/site-packages/airflow/example_dags/example_external_task_marker_dag.py
[2024-02-28T08:03:12.065+0000] {logging_mixin.py:188} INFO - [2024-02-28T08:03:12.065+0000] {dag.py:3036} INFO - Sync 2 DAGs
[2024-02-28T08:03:12.071+0000] {logging_mixin.py:188} INFO - [2024-02-28T08:03:12.071+0000] {dag.py:3823} INFO - Setting next_dagrun for example_external_task_marker_child to None, run_after=None
[2024-02-28T08:03:12.073+0000] {logging_mixin.py:188} INFO - [2024-02-28T08:03:12.073+0000] {dag.py:3823} INFO - Setting next_dagrun for example_external_task_marker_parent to None, run_after=None
[2024-02-28T08:03:12.081+0000] {processor.py:183} INFO - Processing /home/airflow/.local/lib/python3.8/site-packages/airflow/example_dags/example_external_task_marker_dag.py took 0.042 seconds
[2024-02-28T08:03:42.200+0000] {processor.py:161} INFO - Started process (PID=603) to work on /home/airflow/.local/lib/python3.8/site-packages/airflow/example_dags/example_external_task_marker_dag.py
[2024-02-28T08:03:42.201+0000] {processor.py:830} INFO - Processing file /home/airflow/.local/lib/python3.8/site-packages/airflow/example_dags/example_external_task_marker_dag.py for tasks to queue
[2024-02-28T08:03:42.202+0000] {logging_mixin.py:188} INFO - [2024-02-28T08:03:42.202+0000] {dagbag.py:538} INFO - Filling up the DagBag from /home/airflow/.local/lib/python3.8/site-packages/airflow/example_dags/example_external_task_marker_dag.py
[2024-02-28T08:03:42.206+0000] {processor.py:840} INFO - DAG(s) 'example_external_task_marker_parent', 'example_external_task_marker_child' retrieved from /home/airflow/.local/lib/python3.8/site-packages/airflow/example_dags/example_external_task_marker_dag.py
[2024-02-28T08:03:42.223+0000] {logging_mixin.py:188} INFO - [2024-02-28T08:03:42.223+0000] {dag.py:3036} INFO - Sync 2 DAGs
[2024-02-28T08:03:42.230+0000] {logging_mixin.py:188} INFO - [2024-02-28T08:03:42.230+0000] {dag.py:3823} INFO - Setting next_dagrun for example_external_task_marker_child to None, run_after=None
[2024-02-28T08:03:42.232+0000] {logging_mixin.py:188} INFO - [2024-02-28T08:03:42.232+0000] {dag.py:3823} INFO - Setting next_dagrun for example_external_task_marker_parent to None, run_after=None
[2024-02-28T08:03:42.243+0000] {processor.py:183} INFO - Processing /home/airflow/.local/lib/python3.8/site-packages/airflow/example_dags/example_external_task_marker_dag.py took 0.045 seconds
[2024-02-28T08:04:12.302+0000] {processor.py:161} INFO - Started process (PID=670) to work on /home/airflow/.local/lib/python3.8/site-packages/airflow/example_dags/example_external_task_marker_dag.py
[2024-02-28T08:04:12.303+0000] {processor.py:830} INFO - Processing file /home/airflow/.local/lib/python3.8/site-packages/airflow/example_dags/example_external_task_marker_dag.py for tasks to queue
[2024-02-28T08:04:12.304+0000] {logging_mixin.py:188} INFO - [2024-02-28T08:04:12.303+0000] {dagbag.py:538} INFO - Filling up the DagBag from /home/airflow/.local/lib/python3.8/site-packages/airflow/example_dags/example_external_task_marker_dag.py
[2024-02-28T08:04:12.308+0000] {processor.py:840} INFO - DAG(s) 'example_external_task_marker_parent', 'example_external_task_marker_child' retrieved from /home/airflow/.local/lib/python3.8/site-packages/airflow/example_dags/example_external_task_marker_dag.py
[2024-02-28T08:04:12.324+0000] {logging_mixin.py:188} INFO - [2024-02-28T08:04:12.324+0000] {dag.py:3036} INFO - Sync 2 DAGs
[2024-02-28T08:04:12.331+0000] {logging_mixin.py:188} INFO - [2024-02-28T08:04:12.331+0000] {dag.py:3823} INFO - Setting next_dagrun for example_external_task_marker_child to None, run_after=None
[2024-02-28T08:04:12.333+0000] {logging_mixin.py:188} INFO - [2024-02-28T08:04:12.333+0000] {dag.py:3823} INFO - Setting next_dagrun for example_external_task_marker_parent to None, run_after=None
[2024-02-28T08:04:12.341+0000] {processor.py:183} INFO - Processing /home/airflow/.local/lib/python3.8/site-packages/airflow/example_dags/example_external_task_marker_dag.py took 0.041 seconds
[2024-02-28T08:04:42.528+0000] {processor.py:161} INFO - Started process (PID=737) to work on /home/airflow/.local/lib/python3.8/site-packages/airflow/example_dags/example_external_task_marker_dag.py
[2024-02-28T08:04:42.529+0000] {processor.py:830} INFO - Processing file /home/airflow/.local/lib/python3.8/site-packages/airflow/example_dags/example_external_task_marker_dag.py for tasks to queue
[2024-02-28T08:04:42.529+0000] {logging_mixin.py:188} INFO - [2024-02-28T08:04:42.529+0000] {dagbag.py:538} INFO - Filling up the DagBag from /home/airflow/.local/lib/python3.8/site-packages/airflow/example_dags/example_external_task_marker_dag.py
[2024-02-28T08:04:42.534+0000] {processor.py:840} INFO - DAG(s) 'example_external_task_marker_child', 'example_external_task_marker_parent' retrieved from /home/airflow/.local/lib/python3.8/site-packages/airflow/example_dags/example_external_task_marker_dag.py
[2024-02-28T08:04:42.554+0000] {logging_mixin.py:188} INFO - [2024-02-28T08:04:42.554+0000] {dag.py:3036} INFO - Sync 2 DAGs
[2024-02-28T08:04:42.562+0000] {logging_mixin.py:188} INFO - [2024-02-28T08:04:42.562+0000] {dag.py:3823} INFO - Setting next_dagrun for example_external_task_marker_child to None, run_after=None
[2024-02-28T08:04:42.564+0000] {logging_mixin.py:188} INFO - [2024-02-28T08:04:42.564+0000] {dag.py:3823} INFO - Setting next_dagrun for example_external_task_marker_parent to None, run_after=None
[2024-02-28T08:04:42.575+0000] {processor.py:183} INFO - Processing /home/airflow/.local/lib/python3.8/site-packages/airflow/example_dags/example_external_task_marker_dag.py took 0.049 seconds
[2024-02-28T08:05:12.661+0000] {processor.py:161} INFO - Started process (PID=805) to work on /home/airflow/.local/lib/python3.8/site-packages/airflow/example_dags/example_external_task_marker_dag.py
[2024-02-28T08:05:12.661+0000] {processor.py:830} INFO - Processing file /home/airflow/.local/lib/python3.8/site-packages/airflow/example_dags/example_external_task_marker_dag.py for tasks to queue
[2024-02-28T08:05:12.662+0000] {logging_mixin.py:188} INFO - [2024-02-28T08:05:12.662+0000] {dagbag.py:538} INFO - Filling up the DagBag from /home/airflow/.local/lib/python3.8/site-packages/airflow/example_dags/example_external_task_marker_dag.py
[2024-02-28T08:05:12.667+0000] {processor.py:840} INFO - DAG(s) 'example_external_task_marker_parent', 'example_external_task_marker_child' retrieved from /home/airflow/.local/lib/python3.8/site-packages/airflow/example_dags/example_external_task_marker_dag.py
[2024-02-28T08:05:12.685+0000] {logging_mixin.py:188} INFO - [2024-02-28T08:05:12.685+0000] {dag.py:3036} INFO - Sync 2 DAGs
[2024-02-28T08:05:12.692+0000] {logging_mixin.py:188} INFO - [2024-02-28T08:05:12.692+0000] {dag.py:3823} INFO - Setting next_dagrun for example_external_task_marker_child to None, run_after=None
[2024-02-28T08:05:12.694+0000] {logging_mixin.py:188} INFO - [2024-02-28T08:05:12.694+0000] {dag.py:3823} INFO - Setting next_dagrun for example_external_task_marker_parent to None, run_after=None
[2024-02-28T08:05:12.703+0000] {processor.py:183} INFO - Processing /home/airflow/.local/lib/python3.8/site-packages/airflow/example_dags/example_external_task_marker_dag.py took 0.045 seconds
[2024-02-28T08:05:42.861+0000] {processor.py:161} INFO - Started process (PID=873) to work on /home/airflow/.local/lib/python3.8/site-packages/airflow/example_dags/example_external_task_marker_dag.py
[2024-02-28T08:05:42.861+0000] {processor.py:830} INFO - Processing file /home/airflow/.local/lib/python3.8/site-packages/airflow/example_dags/example_external_task_marker_dag.py for tasks to queue
[2024-02-28T08:05:42.862+0000] {logging_mixin.py:188} INFO - [2024-02-28T08:05:42.862+0000] {dagbag.py:538} INFO - Filling up the DagBag from /home/airflow/.local/lib/python3.8/site-packages/airflow/example_dags/example_external_task_marker_dag.py
[2024-02-28T08:05:42.867+0000] {processor.py:840} INFO - DAG(s) 'example_external_task_marker_child', 'example_external_task_marker_parent' retrieved from /home/airflow/.local/lib/python3.8/site-packages/airflow/example_dags/example_external_task_marker_dag.py
[2024-02-28T08:05:42.883+0000] {logging_mixin.py:188} INFO - [2024-02-28T08:05:42.883+0000] {dag.py:3036} INFO - Sync 2 DAGs
[2024-02-28T08:05:42.890+0000] {logging_mixin.py:188} INFO - [2024-02-28T08:05:42.890+0000] {dag.py:3823} INFO - Setting next_dagrun for example_external_task_marker_child to None, run_after=None
[2024-02-28T08:05:42.892+0000] {logging_mixin.py:188} INFO - [2024-02-28T08:05:42.892+0000] {dag.py:3823} INFO - Setting next_dagrun for example_external_task_marker_parent to None, run_after=None
[2024-02-28T08:05:42.900+0000] {processor.py:183} INFO - Processing /home/airflow/.local/lib/python3.8/site-packages/airflow/example_dags/example_external_task_marker_dag.py took 0.042 seconds
[2024-02-28T08:06:13.058+0000] {processor.py:161} INFO - Started process (PID=941) to work on /home/airflow/.local/lib/python3.8/site-packages/airflow/example_dags/example_external_task_marker_dag.py
[2024-02-28T08:06:13.059+0000] {processor.py:830} INFO - Processing file /home/airflow/.local/lib/python3.8/site-packages/airflow/example_dags/example_external_task_marker_dag.py for tasks to queue
[2024-02-28T08:06:13.061+0000] {logging_mixin.py:188} INFO - [2024-02-28T08:06:13.060+0000] {dagbag.py:538} INFO - Filling up the DagBag from /home/airflow/.local/lib/python3.8/site-packages/airflow/example_dags/example_external_task_marker_dag.py
[2024-02-28T08:06:13.066+0000] {processor.py:840} INFO - DAG(s) 'example_external_task_marker_child', 'example_external_task_marker_parent' retrieved from /home/airflow/.local/lib/python3.8/site-packages/airflow/example_dags/example_external_task_marker_dag.py
[2024-02-28T08:06:13.083+0000] {logging_mixin.py:188} INFO - [2024-02-28T08:06:13.083+0000] {dag.py:3036} INFO - Sync 2 DAGs
[2024-02-28T08:06:13.091+0000] {logging_mixin.py:188} INFO - [2024-02-28T08:06:13.091+0000] {dag.py:3823} INFO - Setting next_dagrun for example_external_task_marker_child to None, run_after=None
[2024-02-28T08:06:13.094+0000] {logging_mixin.py:188} INFO - [2024-02-28T08:06:13.093+0000] {dag.py:3823} INFO - Setting next_dagrun for example_external_task_marker_parent to None, run_after=None
[2024-02-28T08:06:13.103+0000] {processor.py:183} INFO - Processing /home/airflow/.local/lib/python3.8/site-packages/airflow/example_dags/example_external_task_marker_dag.py took 0.047 seconds
