[2024-02-28T07:59:40.269+0000] {processor.py:161} INFO - Started process (PID=80) to work on /home/airflow/.local/lib/python3.8/site-packages/airflow/example_dags/example_sensors.py
[2024-02-28T07:59:40.270+0000] {processor.py:830} INFO - Processing file /home/airflow/.local/lib/python3.8/site-packages/airflow/example_dags/example_sensors.py for tasks to queue
[2024-02-28T07:59:40.271+0000] {logging_mixin.py:188} INFO - [2024-02-28T07:59:40.271+0000] {dagbag.py:538} INFO - Filling up the DagBag from /home/airflow/.local/lib/python3.8/site-packages/airflow/example_dags/example_sensors.py
[2024-02-28T07:59:40.276+0000] {processor.py:840} INFO - DAG(s) 'example_sensors' retrieved from /home/airflow/.local/lib/python3.8/site-packages/airflow/example_dags/example_sensors.py
[2024-02-28T07:59:40.294+0000] {logging_mixin.py:188} INFO - [2024-02-28T07:59:40.293+0000] {dag.py:3036} INFO - Sync 1 DAGs
[2024-02-28T07:59:40.300+0000] {logging_mixin.py:188} INFO - [2024-02-28T07:59:40.300+0000] {dag.py:3823} INFO - Setting next_dagrun for example_sensors to None, run_after=None
[2024-02-28T07:59:40.310+0000] {processor.py:183} INFO - Processing /home/airflow/.local/lib/python3.8/site-packages/airflow/example_dags/example_sensors.py took 0.044 seconds
[2024-02-28T08:00:10.647+0000] {processor.py:161} INFO - Started process (PID=147) to work on /home/airflow/.local/lib/python3.8/site-packages/airflow/example_dags/example_sensors.py
[2024-02-28T08:00:10.648+0000] {processor.py:830} INFO - Processing file /home/airflow/.local/lib/python3.8/site-packages/airflow/example_dags/example_sensors.py for tasks to queue
[2024-02-28T08:00:10.649+0000] {logging_mixin.py:188} INFO - [2024-02-28T08:00:10.649+0000] {dagbag.py:538} INFO - Filling up the DagBag from /home/airflow/.local/lib/python3.8/site-packages/airflow/example_dags/example_sensors.py
[2024-02-28T08:00:10.655+0000] {processor.py:840} INFO - DAG(s) 'example_sensors' retrieved from /home/airflow/.local/lib/python3.8/site-packages/airflow/example_dags/example_sensors.py
[2024-02-28T08:00:10.671+0000] {logging_mixin.py:188} INFO - [2024-02-28T08:00:10.671+0000] {dag.py:3036} INFO - Sync 1 DAGs
[2024-02-28T08:00:10.678+0000] {logging_mixin.py:188} INFO - [2024-02-28T08:00:10.678+0000] {dag.py:3823} INFO - Setting next_dagrun for example_sensors to None, run_after=None
[2024-02-28T08:00:10.687+0000] {processor.py:183} INFO - Processing /home/airflow/.local/lib/python3.8/site-packages/airflow/example_dags/example_sensors.py took 0.042 seconds
[2024-02-28T08:00:40.979+0000] {processor.py:161} INFO - Started process (PID=214) to work on /home/airflow/.local/lib/python3.8/site-packages/airflow/example_dags/example_sensors.py
[2024-02-28T08:00:40.980+0000] {processor.py:830} INFO - Processing file /home/airflow/.local/lib/python3.8/site-packages/airflow/example_dags/example_sensors.py for tasks to queue
[2024-02-28T08:00:40.981+0000] {logging_mixin.py:188} INFO - [2024-02-28T08:00:40.980+0000] {dagbag.py:538} INFO - Filling up the DagBag from /home/airflow/.local/lib/python3.8/site-packages/airflow/example_dags/example_sensors.py
[2024-02-28T08:00:40.987+0000] {processor.py:840} INFO - DAG(s) 'example_sensors' retrieved from /home/airflow/.local/lib/python3.8/site-packages/airflow/example_dags/example_sensors.py
[2024-02-28T08:00:41.003+0000] {logging_mixin.py:188} INFO - [2024-02-28T08:00:41.003+0000] {dag.py:3036} INFO - Sync 1 DAGs
[2024-02-28T08:00:41.010+0000] {logging_mixin.py:188} INFO - [2024-02-28T08:00:41.010+0000] {dag.py:3823} INFO - Setting next_dagrun for example_sensors to None, run_after=None
[2024-02-28T08:00:41.019+0000] {processor.py:183} INFO - Processing /home/airflow/.local/lib/python3.8/site-packages/airflow/example_dags/example_sensors.py took 0.042 seconds
[2024-02-28T08:01:11.329+0000] {processor.py:161} INFO - Started process (PID=281) to work on /home/airflow/.local/lib/python3.8/site-packages/airflow/example_dags/example_sensors.py
[2024-02-28T08:01:11.330+0000] {processor.py:830} INFO - Processing file /home/airflow/.local/lib/python3.8/site-packages/airflow/example_dags/example_sensors.py for tasks to queue
[2024-02-28T08:01:11.331+0000] {logging_mixin.py:188} INFO - [2024-02-28T08:01:11.330+0000] {dagbag.py:538} INFO - Filling up the DagBag from /home/airflow/.local/lib/python3.8/site-packages/airflow/example_dags/example_sensors.py
[2024-02-28T08:01:11.337+0000] {processor.py:840} INFO - DAG(s) 'example_sensors' retrieved from /home/airflow/.local/lib/python3.8/site-packages/airflow/example_dags/example_sensors.py
[2024-02-28T08:01:11.353+0000] {logging_mixin.py:188} INFO - [2024-02-28T08:01:11.353+0000] {dag.py:3036} INFO - Sync 1 DAGs
[2024-02-28T08:01:11.360+0000] {logging_mixin.py:188} INFO - [2024-02-28T08:01:11.359+0000] {dag.py:3823} INFO - Setting next_dagrun for example_sensors to None, run_after=None
[2024-02-28T08:01:11.369+0000] {processor.py:183} INFO - Processing /home/airflow/.local/lib/python3.8/site-packages/airflow/example_dags/example_sensors.py took 0.042 seconds
[2024-02-28T08:01:41.704+0000] {processor.py:161} INFO - Started process (PID=348) to work on /home/airflow/.local/lib/python3.8/site-packages/airflow/example_dags/example_sensors.py
[2024-02-28T08:01:41.704+0000] {processor.py:830} INFO - Processing file /home/airflow/.local/lib/python3.8/site-packages/airflow/example_dags/example_sensors.py for tasks to queue
[2024-02-28T08:01:41.705+0000] {logging_mixin.py:188} INFO - [2024-02-28T08:01:41.705+0000] {dagbag.py:538} INFO - Filling up the DagBag from /home/airflow/.local/lib/python3.8/site-packages/airflow/example_dags/example_sensors.py
[2024-02-28T08:01:41.711+0000] {processor.py:840} INFO - DAG(s) 'example_sensors' retrieved from /home/airflow/.local/lib/python3.8/site-packages/airflow/example_dags/example_sensors.py
[2024-02-28T08:01:41.728+0000] {logging_mixin.py:188} INFO - [2024-02-28T08:01:41.728+0000] {dag.py:3036} INFO - Sync 1 DAGs
[2024-02-28T08:01:41.735+0000] {logging_mixin.py:188} INFO - [2024-02-28T08:01:41.735+0000] {dag.py:3823} INFO - Setting next_dagrun for example_sensors to None, run_after=None
[2024-02-28T08:01:41.744+0000] {processor.py:183} INFO - Processing /home/airflow/.local/lib/python3.8/site-packages/airflow/example_dags/example_sensors.py took 0.043 seconds
[2024-02-28T08:02:11.968+0000] {processor.py:161} INFO - Started process (PID=415) to work on /home/airflow/.local/lib/python3.8/site-packages/airflow/example_dags/example_sensors.py
[2024-02-28T08:02:11.968+0000] {processor.py:830} INFO - Processing file /home/airflow/.local/lib/python3.8/site-packages/airflow/example_dags/example_sensors.py for tasks to queue
[2024-02-28T08:02:11.969+0000] {logging_mixin.py:188} INFO - [2024-02-28T08:02:11.969+0000] {dagbag.py:538} INFO - Filling up the DagBag from /home/airflow/.local/lib/python3.8/site-packages/airflow/example_dags/example_sensors.py
[2024-02-28T08:02:11.976+0000] {processor.py:840} INFO - DAG(s) 'example_sensors' retrieved from /home/airflow/.local/lib/python3.8/site-packages/airflow/example_dags/example_sensors.py
[2024-02-28T08:02:11.992+0000] {logging_mixin.py:188} INFO - [2024-02-28T08:02:11.992+0000] {dag.py:3036} INFO - Sync 1 DAGs
[2024-02-28T08:02:11.999+0000] {logging_mixin.py:188} INFO - [2024-02-28T08:02:11.999+0000] {dag.py:3823} INFO - Setting next_dagrun for example_sensors to None, run_after=None
[2024-02-28T08:02:12.008+0000] {processor.py:183} INFO - Processing /home/airflow/.local/lib/python3.8/site-packages/airflow/example_dags/example_sensors.py took 0.043 seconds
[2024-02-28T08:02:42.220+0000] {processor.py:161} INFO - Started process (PID=482) to work on /home/airflow/.local/lib/python3.8/site-packages/airflow/example_dags/example_sensors.py
[2024-02-28T08:02:42.221+0000] {processor.py:830} INFO - Processing file /home/airflow/.local/lib/python3.8/site-packages/airflow/example_dags/example_sensors.py for tasks to queue
[2024-02-28T08:02:42.221+0000] {logging_mixin.py:188} INFO - [2024-02-28T08:02:42.221+0000] {dagbag.py:538} INFO - Filling up the DagBag from /home/airflow/.local/lib/python3.8/site-packages/airflow/example_dags/example_sensors.py
[2024-02-28T08:02:42.228+0000] {processor.py:840} INFO - DAG(s) 'example_sensors' retrieved from /home/airflow/.local/lib/python3.8/site-packages/airflow/example_dags/example_sensors.py
[2024-02-28T08:02:42.244+0000] {logging_mixin.py:188} INFO - [2024-02-28T08:02:42.244+0000] {dag.py:3036} INFO - Sync 1 DAGs
[2024-02-28T08:02:42.251+0000] {logging_mixin.py:188} INFO - [2024-02-28T08:02:42.251+0000] {dag.py:3823} INFO - Setting next_dagrun for example_sensors to None, run_after=None
[2024-02-28T08:02:42.260+0000] {processor.py:183} INFO - Processing /home/airflow/.local/lib/python3.8/site-packages/airflow/example_dags/example_sensors.py took 0.043 seconds
[2024-02-28T08:03:12.561+0000] {processor.py:161} INFO - Started process (PID=549) to work on /home/airflow/.local/lib/python3.8/site-packages/airflow/example_dags/example_sensors.py
[2024-02-28T08:03:12.562+0000] {processor.py:830} INFO - Processing file /home/airflow/.local/lib/python3.8/site-packages/airflow/example_dags/example_sensors.py for tasks to queue
[2024-02-28T08:03:12.564+0000] {logging_mixin.py:188} INFO - [2024-02-28T08:03:12.563+0000] {dagbag.py:538} INFO - Filling up the DagBag from /home/airflow/.local/lib/python3.8/site-packages/airflow/example_dags/example_sensors.py
[2024-02-28T08:03:12.576+0000] {processor.py:840} INFO - DAG(s) 'example_sensors' retrieved from /home/airflow/.local/lib/python3.8/site-packages/airflow/example_dags/example_sensors.py
[2024-02-28T08:03:12.596+0000] {logging_mixin.py:188} INFO - [2024-02-28T08:03:12.596+0000] {dag.py:3036} INFO - Sync 1 DAGs
[2024-02-28T08:03:12.604+0000] {logging_mixin.py:188} INFO - [2024-02-28T08:03:12.604+0000] {dag.py:3823} INFO - Setting next_dagrun for example_sensors to None, run_after=None
[2024-02-28T08:03:12.615+0000] {processor.py:183} INFO - Processing /home/airflow/.local/lib/python3.8/site-packages/airflow/example_dags/example_sensors.py took 0.059 seconds
[2024-02-28T08:03:42.661+0000] {processor.py:161} INFO - Started process (PID=617) to work on /home/airflow/.local/lib/python3.8/site-packages/airflow/example_dags/example_sensors.py
[2024-02-28T08:03:42.662+0000] {processor.py:830} INFO - Processing file /home/airflow/.local/lib/python3.8/site-packages/airflow/example_dags/example_sensors.py for tasks to queue
[2024-02-28T08:03:42.663+0000] {logging_mixin.py:188} INFO - [2024-02-28T08:03:42.662+0000] {dagbag.py:538} INFO - Filling up the DagBag from /home/airflow/.local/lib/python3.8/site-packages/airflow/example_dags/example_sensors.py
[2024-02-28T08:03:42.669+0000] {processor.py:840} INFO - DAG(s) 'example_sensors' retrieved from /home/airflow/.local/lib/python3.8/site-packages/airflow/example_dags/example_sensors.py
[2024-02-28T08:03:42.686+0000] {logging_mixin.py:188} INFO - [2024-02-28T08:03:42.686+0000] {dag.py:3036} INFO - Sync 1 DAGs
[2024-02-28T08:03:42.692+0000] {logging_mixin.py:188} INFO - [2024-02-28T08:03:42.692+0000] {dag.py:3823} INFO - Setting next_dagrun for example_sensors to None, run_after=None
[2024-02-28T08:03:42.700+0000] {processor.py:183} INFO - Processing /home/airflow/.local/lib/python3.8/site-packages/airflow/example_dags/example_sensors.py took 0.041 seconds
[2024-02-28T08:04:12.739+0000] {processor.py:161} INFO - Started process (PID=684) to work on /home/airflow/.local/lib/python3.8/site-packages/airflow/example_dags/example_sensors.py
[2024-02-28T08:04:12.739+0000] {processor.py:830} INFO - Processing file /home/airflow/.local/lib/python3.8/site-packages/airflow/example_dags/example_sensors.py for tasks to queue
[2024-02-28T08:04:12.740+0000] {logging_mixin.py:188} INFO - [2024-02-28T08:04:12.740+0000] {dagbag.py:538} INFO - Filling up the DagBag from /home/airflow/.local/lib/python3.8/site-packages/airflow/example_dags/example_sensors.py
[2024-02-28T08:04:12.746+0000] {processor.py:840} INFO - DAG(s) 'example_sensors' retrieved from /home/airflow/.local/lib/python3.8/site-packages/airflow/example_dags/example_sensors.py
[2024-02-28T08:04:12.763+0000] {logging_mixin.py:188} INFO - [2024-02-28T08:04:12.762+0000] {dag.py:3036} INFO - Sync 1 DAGs
[2024-02-28T08:04:12.769+0000] {logging_mixin.py:188} INFO - [2024-02-28T08:04:12.769+0000] {dag.py:3823} INFO - Setting next_dagrun for example_sensors to None, run_after=None
[2024-02-28T08:04:12.778+0000] {processor.py:183} INFO - Processing /home/airflow/.local/lib/python3.8/site-packages/airflow/example_dags/example_sensors.py took 0.042 seconds
[2024-02-28T08:04:43.014+0000] {processor.py:161} INFO - Started process (PID=751) to work on /home/airflow/.local/lib/python3.8/site-packages/airflow/example_dags/example_sensors.py
[2024-02-28T08:04:43.015+0000] {processor.py:830} INFO - Processing file /home/airflow/.local/lib/python3.8/site-packages/airflow/example_dags/example_sensors.py for tasks to queue
[2024-02-28T08:04:43.015+0000] {logging_mixin.py:188} INFO - [2024-02-28T08:04:43.015+0000] {dagbag.py:538} INFO - Filling up the DagBag from /home/airflow/.local/lib/python3.8/site-packages/airflow/example_dags/example_sensors.py
[2024-02-28T08:04:43.021+0000] {processor.py:840} INFO - DAG(s) 'example_sensors' retrieved from /home/airflow/.local/lib/python3.8/site-packages/airflow/example_dags/example_sensors.py
[2024-02-28T08:04:43.037+0000] {logging_mixin.py:188} INFO - [2024-02-28T08:04:43.037+0000] {dag.py:3036} INFO - Sync 1 DAGs
[2024-02-28T08:04:43.042+0000] {logging_mixin.py:188} INFO - [2024-02-28T08:04:43.042+0000] {dag.py:3823} INFO - Setting next_dagrun for example_sensors to None, run_after=None
[2024-02-28T08:04:43.051+0000] {processor.py:183} INFO - Processing /home/airflow/.local/lib/python3.8/site-packages/airflow/example_dags/example_sensors.py took 0.039 seconds
[2024-02-28T08:05:13.118+0000] {processor.py:161} INFO - Started process (PID=819) to work on /home/airflow/.local/lib/python3.8/site-packages/airflow/example_dags/example_sensors.py
[2024-02-28T08:05:13.119+0000] {processor.py:830} INFO - Processing file /home/airflow/.local/lib/python3.8/site-packages/airflow/example_dags/example_sensors.py for tasks to queue
[2024-02-28T08:05:13.120+0000] {logging_mixin.py:188} INFO - [2024-02-28T08:05:13.119+0000] {dagbag.py:538} INFO - Filling up the DagBag from /home/airflow/.local/lib/python3.8/site-packages/airflow/example_dags/example_sensors.py
[2024-02-28T08:05:13.128+0000] {processor.py:840} INFO - DAG(s) 'example_sensors' retrieved from /home/airflow/.local/lib/python3.8/site-packages/airflow/example_dags/example_sensors.py
[2024-02-28T08:05:13.155+0000] {logging_mixin.py:188} INFO - [2024-02-28T08:05:13.155+0000] {dag.py:3036} INFO - Sync 1 DAGs
[2024-02-28T08:05:13.165+0000] {logging_mixin.py:188} INFO - [2024-02-28T08:05:13.165+0000] {dag.py:3823} INFO - Setting next_dagrun for example_sensors to None, run_after=None
[2024-02-28T08:05:13.177+0000] {processor.py:183} INFO - Processing /home/airflow/.local/lib/python3.8/site-packages/airflow/example_dags/example_sensors.py took 0.062 seconds
[2024-02-28T08:05:43.283+0000] {processor.py:161} INFO - Started process (PID=887) to work on /home/airflow/.local/lib/python3.8/site-packages/airflow/example_dags/example_sensors.py
[2024-02-28T08:05:43.284+0000] {processor.py:830} INFO - Processing file /home/airflow/.local/lib/python3.8/site-packages/airflow/example_dags/example_sensors.py for tasks to queue
[2024-02-28T08:05:43.285+0000] {logging_mixin.py:188} INFO - [2024-02-28T08:05:43.284+0000] {dagbag.py:538} INFO - Filling up the DagBag from /home/airflow/.local/lib/python3.8/site-packages/airflow/example_dags/example_sensors.py
[2024-02-28T08:05:43.292+0000] {processor.py:840} INFO - DAG(s) 'example_sensors' retrieved from /home/airflow/.local/lib/python3.8/site-packages/airflow/example_dags/example_sensors.py
[2024-02-28T08:05:43.309+0000] {logging_mixin.py:188} INFO - [2024-02-28T08:05:43.309+0000] {dag.py:3036} INFO - Sync 1 DAGs
[2024-02-28T08:05:43.316+0000] {logging_mixin.py:188} INFO - [2024-02-28T08:05:43.316+0000] {dag.py:3823} INFO - Setting next_dagrun for example_sensors to None, run_after=None
[2024-02-28T08:05:43.330+0000] {processor.py:183} INFO - Processing /home/airflow/.local/lib/python3.8/site-packages/airflow/example_dags/example_sensors.py took 0.050 seconds
[2024-02-28T08:06:13.509+0000] {processor.py:161} INFO - Started process (PID=955) to work on /home/airflow/.local/lib/python3.8/site-packages/airflow/example_dags/example_sensors.py
[2024-02-28T08:06:13.510+0000] {processor.py:830} INFO - Processing file /home/airflow/.local/lib/python3.8/site-packages/airflow/example_dags/example_sensors.py for tasks to queue
[2024-02-28T08:06:13.510+0000] {logging_mixin.py:188} INFO - [2024-02-28T08:06:13.510+0000] {dagbag.py:538} INFO - Filling up the DagBag from /home/airflow/.local/lib/python3.8/site-packages/airflow/example_dags/example_sensors.py
[2024-02-28T08:06:13.517+0000] {processor.py:840} INFO - DAG(s) 'example_sensors' retrieved from /home/airflow/.local/lib/python3.8/site-packages/airflow/example_dags/example_sensors.py
[2024-02-28T08:06:13.534+0000] {logging_mixin.py:188} INFO - [2024-02-28T08:06:13.533+0000] {dag.py:3036} INFO - Sync 1 DAGs
[2024-02-28T08:06:13.540+0000] {logging_mixin.py:188} INFO - [2024-02-28T08:06:13.540+0000] {dag.py:3823} INFO - Setting next_dagrun for example_sensors to None, run_after=None
[2024-02-28T08:06:13.550+0000] {processor.py:183} INFO - Processing /home/airflow/.local/lib/python3.8/site-packages/airflow/example_dags/example_sensors.py took 0.044 seconds
