[2024-02-28T07:59:37.852+0000] {processor.py:161} INFO - Started process (PID=38) to work on /home/airflow/.local/lib/python3.8/site-packages/airflow/example_dags/tutorial.py
[2024-02-28T07:59:37.857+0000] {processor.py:830} INFO - Processing file /home/airflow/.local/lib/python3.8/site-packages/airflow/example_dags/tutorial.py for tasks to queue
[2024-02-28T07:59:37.874+0000] {logging_mixin.py:188} INFO - [2024-02-28T07:59:37.873+0000] {dagbag.py:538} INFO - Filling up the DagBag from /home/airflow/.local/lib/python3.8/site-packages/airflow/example_dags/tutorial.py
[2024-02-28T07:59:37.886+0000] {processor.py:840} INFO - DAG(s) 'tutorial' retrieved from /home/airflow/.local/lib/python3.8/site-packages/airflow/example_dags/tutorial.py
[2024-02-28T07:59:37.921+0000] {logging_mixin.py:188} INFO - [2024-02-28T07:59:37.921+0000] {dag.py:3036} INFO - Sync 1 DAGs
[2024-02-28T07:59:37.947+0000] {logging_mixin.py:188} INFO - [2024-02-28T07:59:37.947+0000] {dag.py:3823} INFO - Setting next_dagrun for tutorial to 2024-02-27 00:00:00+00:00, run_after=2024-02-28 00:00:00+00:00
[2024-02-28T07:59:37.980+0000] {processor.py:183} INFO - Processing /home/airflow/.local/lib/python3.8/site-packages/airflow/example_dags/tutorial.py took 0.139 seconds
[2024-02-28T08:00:08.618+0000] {processor.py:161} INFO - Started process (PID=115) to work on /home/airflow/.local/lib/python3.8/site-packages/airflow/example_dags/tutorial.py
[2024-02-28T08:00:08.619+0000] {processor.py:830} INFO - Processing file /home/airflow/.local/lib/python3.8/site-packages/airflow/example_dags/tutorial.py for tasks to queue
[2024-02-28T08:00:08.621+0000] {logging_mixin.py:188} INFO - [2024-02-28T08:00:08.621+0000] {dagbag.py:538} INFO - Filling up the DagBag from /home/airflow/.local/lib/python3.8/site-packages/airflow/example_dags/tutorial.py
[2024-02-28T08:00:08.629+0000] {processor.py:840} INFO - DAG(s) 'tutorial' retrieved from /home/airflow/.local/lib/python3.8/site-packages/airflow/example_dags/tutorial.py
[2024-02-28T08:00:08.648+0000] {logging_mixin.py:188} INFO - [2024-02-28T08:00:08.647+0000] {dag.py:3036} INFO - Sync 1 DAGs
[2024-02-28T08:00:08.662+0000] {logging_mixin.py:188} INFO - [2024-02-28T08:00:08.661+0000] {dag.py:3823} INFO - Setting next_dagrun for tutorial to 2024-02-27 00:00:00+00:00, run_after=2024-02-28 00:00:00+00:00
[2024-02-28T08:00:08.672+0000] {processor.py:183} INFO - Processing /home/airflow/.local/lib/python3.8/site-packages/airflow/example_dags/tutorial.py took 0.059 seconds
[2024-02-28T08:00:38.936+0000] {processor.py:161} INFO - Started process (PID=182) to work on /home/airflow/.local/lib/python3.8/site-packages/airflow/example_dags/tutorial.py
[2024-02-28T08:00:38.937+0000] {processor.py:830} INFO - Processing file /home/airflow/.local/lib/python3.8/site-packages/airflow/example_dags/tutorial.py for tasks to queue
[2024-02-28T08:00:38.938+0000] {logging_mixin.py:188} INFO - [2024-02-28T08:00:38.938+0000] {dagbag.py:538} INFO - Filling up the DagBag from /home/airflow/.local/lib/python3.8/site-packages/airflow/example_dags/tutorial.py
[2024-02-28T08:00:38.947+0000] {processor.py:840} INFO - DAG(s) 'tutorial' retrieved from /home/airflow/.local/lib/python3.8/site-packages/airflow/example_dags/tutorial.py
[2024-02-28T08:00:38.968+0000] {logging_mixin.py:188} INFO - [2024-02-28T08:00:38.968+0000] {dag.py:3036} INFO - Sync 1 DAGs
[2024-02-28T08:00:38.981+0000] {logging_mixin.py:188} INFO - [2024-02-28T08:00:38.981+0000] {dag.py:3823} INFO - Setting next_dagrun for tutorial to 2024-02-27 00:00:00+00:00, run_after=2024-02-28 00:00:00+00:00
[2024-02-28T08:00:38.991+0000] {processor.py:183} INFO - Processing /home/airflow/.local/lib/python3.8/site-packages/airflow/example_dags/tutorial.py took 0.060 seconds
[2024-02-28T08:01:09.219+0000] {processor.py:161} INFO - Started process (PID=249) to work on /home/airflow/.local/lib/python3.8/site-packages/airflow/example_dags/tutorial.py
[2024-02-28T08:01:09.220+0000] {processor.py:830} INFO - Processing file /home/airflow/.local/lib/python3.8/site-packages/airflow/example_dags/tutorial.py for tasks to queue
[2024-02-28T08:01:09.221+0000] {logging_mixin.py:188} INFO - [2024-02-28T08:01:09.221+0000] {dagbag.py:538} INFO - Filling up the DagBag from /home/airflow/.local/lib/python3.8/site-packages/airflow/example_dags/tutorial.py
[2024-02-28T08:01:09.230+0000] {processor.py:840} INFO - DAG(s) 'tutorial' retrieved from /home/airflow/.local/lib/python3.8/site-packages/airflow/example_dags/tutorial.py
[2024-02-28T08:01:09.250+0000] {logging_mixin.py:188} INFO - [2024-02-28T08:01:09.249+0000] {dag.py:3036} INFO - Sync 1 DAGs
[2024-02-28T08:01:09.263+0000] {logging_mixin.py:188} INFO - [2024-02-28T08:01:09.263+0000] {dag.py:3823} INFO - Setting next_dagrun for tutorial to 2024-02-27 00:00:00+00:00, run_after=2024-02-28 00:00:00+00:00
[2024-02-28T08:01:09.273+0000] {processor.py:183} INFO - Processing /home/airflow/.local/lib/python3.8/site-packages/airflow/example_dags/tutorial.py took 0.058 seconds
[2024-02-28T08:01:39.607+0000] {processor.py:161} INFO - Started process (PID=316) to work on /home/airflow/.local/lib/python3.8/site-packages/airflow/example_dags/tutorial.py
[2024-02-28T08:01:39.608+0000] {processor.py:830} INFO - Processing file /home/airflow/.local/lib/python3.8/site-packages/airflow/example_dags/tutorial.py for tasks to queue
[2024-02-28T08:01:39.609+0000] {logging_mixin.py:188} INFO - [2024-02-28T08:01:39.609+0000] {dagbag.py:538} INFO - Filling up the DagBag from /home/airflow/.local/lib/python3.8/site-packages/airflow/example_dags/tutorial.py
[2024-02-28T08:01:39.619+0000] {processor.py:840} INFO - DAG(s) 'tutorial' retrieved from /home/airflow/.local/lib/python3.8/site-packages/airflow/example_dags/tutorial.py
[2024-02-28T08:01:39.644+0000] {logging_mixin.py:188} INFO - [2024-02-28T08:01:39.644+0000] {dag.py:3036} INFO - Sync 1 DAGs
[2024-02-28T08:01:39.659+0000] {logging_mixin.py:188} INFO - [2024-02-28T08:01:39.659+0000] {dag.py:3823} INFO - Setting next_dagrun for tutorial to 2024-02-27 00:00:00+00:00, run_after=2024-02-28 00:00:00+00:00
[2024-02-28T08:01:39.670+0000] {processor.py:183} INFO - Processing /home/airflow/.local/lib/python3.8/site-packages/airflow/example_dags/tutorial.py took 0.066 seconds
[2024-02-28T08:02:09.895+0000] {processor.py:161} INFO - Started process (PID=383) to work on /home/airflow/.local/lib/python3.8/site-packages/airflow/example_dags/tutorial.py
[2024-02-28T08:02:09.896+0000] {processor.py:830} INFO - Processing file /home/airflow/.local/lib/python3.8/site-packages/airflow/example_dags/tutorial.py for tasks to queue
[2024-02-28T08:02:09.897+0000] {logging_mixin.py:188} INFO - [2024-02-28T08:02:09.896+0000] {dagbag.py:538} INFO - Filling up the DagBag from /home/airflow/.local/lib/python3.8/site-packages/airflow/example_dags/tutorial.py
[2024-02-28T08:02:09.903+0000] {processor.py:840} INFO - DAG(s) 'tutorial' retrieved from /home/airflow/.local/lib/python3.8/site-packages/airflow/example_dags/tutorial.py
[2024-02-28T08:02:09.921+0000] {logging_mixin.py:188} INFO - [2024-02-28T08:02:09.920+0000] {dag.py:3036} INFO - Sync 1 DAGs
[2024-02-28T08:02:09.934+0000] {logging_mixin.py:188} INFO - [2024-02-28T08:02:09.934+0000] {dag.py:3823} INFO - Setting next_dagrun for tutorial to 2024-02-27 00:00:00+00:00, run_after=2024-02-28 00:00:00+00:00
[2024-02-28T08:02:09.946+0000] {processor.py:183} INFO - Processing /home/airflow/.local/lib/python3.8/site-packages/airflow/example_dags/tutorial.py took 0.054 seconds
[2024-02-28T08:02:40.099+0000] {processor.py:161} INFO - Started process (PID=450) to work on /home/airflow/.local/lib/python3.8/site-packages/airflow/example_dags/tutorial.py
[2024-02-28T08:02:40.099+0000] {processor.py:830} INFO - Processing file /home/airflow/.local/lib/python3.8/site-packages/airflow/example_dags/tutorial.py for tasks to queue
[2024-02-28T08:02:40.100+0000] {logging_mixin.py:188} INFO - [2024-02-28T08:02:40.100+0000] {dagbag.py:538} INFO - Filling up the DagBag from /home/airflow/.local/lib/python3.8/site-packages/airflow/example_dags/tutorial.py
[2024-02-28T08:02:40.105+0000] {processor.py:840} INFO - DAG(s) 'tutorial' retrieved from /home/airflow/.local/lib/python3.8/site-packages/airflow/example_dags/tutorial.py
[2024-02-28T08:02:40.121+0000] {logging_mixin.py:188} INFO - [2024-02-28T08:02:40.121+0000] {dag.py:3036} INFO - Sync 1 DAGs
[2024-02-28T08:02:40.135+0000] {logging_mixin.py:188} INFO - [2024-02-28T08:02:40.135+0000] {dag.py:3823} INFO - Setting next_dagrun for tutorial to 2024-02-27 00:00:00+00:00, run_after=2024-02-28 00:00:00+00:00
[2024-02-28T08:02:40.145+0000] {processor.py:183} INFO - Processing /home/airflow/.local/lib/python3.8/site-packages/airflow/example_dags/tutorial.py took 0.049 seconds
[2024-02-28T08:03:10.424+0000] {processor.py:161} INFO - Started process (PID=517) to work on /home/airflow/.local/lib/python3.8/site-packages/airflow/example_dags/tutorial.py
[2024-02-28T08:03:10.426+0000] {processor.py:830} INFO - Processing file /home/airflow/.local/lib/python3.8/site-packages/airflow/example_dags/tutorial.py for tasks to queue
[2024-02-28T08:03:10.427+0000] {logging_mixin.py:188} INFO - [2024-02-28T08:03:10.426+0000] {dagbag.py:538} INFO - Filling up the DagBag from /home/airflow/.local/lib/python3.8/site-packages/airflow/example_dags/tutorial.py
[2024-02-28T08:03:10.436+0000] {processor.py:840} INFO - DAG(s) 'tutorial' retrieved from /home/airflow/.local/lib/python3.8/site-packages/airflow/example_dags/tutorial.py
[2024-02-28T08:03:10.457+0000] {logging_mixin.py:188} INFO - [2024-02-28T08:03:10.457+0000] {dag.py:3036} INFO - Sync 1 DAGs
[2024-02-28T08:03:10.471+0000] {logging_mixin.py:188} INFO - [2024-02-28T08:03:10.470+0000] {dag.py:3823} INFO - Setting next_dagrun for tutorial to 2024-02-27 00:00:00+00:00, run_after=2024-02-28 00:00:00+00:00
[2024-02-28T08:03:10.480+0000] {processor.py:183} INFO - Processing /home/airflow/.local/lib/python3.8/site-packages/airflow/example_dags/tutorial.py took 0.062 seconds
[2024-02-28T08:03:40.527+0000] {processor.py:161} INFO - Started process (PID=585) to work on /home/airflow/.local/lib/python3.8/site-packages/airflow/example_dags/tutorial.py
[2024-02-28T08:03:40.528+0000] {processor.py:830} INFO - Processing file /home/airflow/.local/lib/python3.8/site-packages/airflow/example_dags/tutorial.py for tasks to queue
[2024-02-28T08:03:40.529+0000] {logging_mixin.py:188} INFO - [2024-02-28T08:03:40.529+0000] {dagbag.py:538} INFO - Filling up the DagBag from /home/airflow/.local/lib/python3.8/site-packages/airflow/example_dags/tutorial.py
[2024-02-28T08:03:40.537+0000] {processor.py:840} INFO - DAG(s) 'tutorial' retrieved from /home/airflow/.local/lib/python3.8/site-packages/airflow/example_dags/tutorial.py
[2024-02-28T08:03:40.557+0000] {logging_mixin.py:188} INFO - [2024-02-28T08:03:40.557+0000] {dag.py:3036} INFO - Sync 1 DAGs
[2024-02-28T08:03:40.571+0000] {logging_mixin.py:188} INFO - [2024-02-28T08:03:40.571+0000] {dag.py:3823} INFO - Setting next_dagrun for tutorial to 2024-02-27 00:00:00+00:00, run_after=2024-02-28 00:00:00+00:00
[2024-02-28T08:03:40.580+0000] {processor.py:183} INFO - Processing /home/airflow/.local/lib/python3.8/site-packages/airflow/example_dags/tutorial.py took 0.056 seconds
[2024-02-28T08:04:10.619+0000] {processor.py:161} INFO - Started process (PID=652) to work on /home/airflow/.local/lib/python3.8/site-packages/airflow/example_dags/tutorial.py
[2024-02-28T08:04:10.619+0000] {processor.py:830} INFO - Processing file /home/airflow/.local/lib/python3.8/site-packages/airflow/example_dags/tutorial.py for tasks to queue
[2024-02-28T08:04:10.620+0000] {logging_mixin.py:188} INFO - [2024-02-28T08:04:10.620+0000] {dagbag.py:538} INFO - Filling up the DagBag from /home/airflow/.local/lib/python3.8/site-packages/airflow/example_dags/tutorial.py
[2024-02-28T08:04:10.626+0000] {processor.py:840} INFO - DAG(s) 'tutorial' retrieved from /home/airflow/.local/lib/python3.8/site-packages/airflow/example_dags/tutorial.py
[2024-02-28T08:04:10.642+0000] {logging_mixin.py:188} INFO - [2024-02-28T08:04:10.642+0000] {dag.py:3036} INFO - Sync 1 DAGs
[2024-02-28T08:04:10.655+0000] {logging_mixin.py:188} INFO - [2024-02-28T08:04:10.655+0000] {dag.py:3823} INFO - Setting next_dagrun for tutorial to 2024-02-27 00:00:00+00:00, run_after=2024-02-28 00:00:00+00:00
[2024-02-28T08:04:10.667+0000] {processor.py:183} INFO - Processing /home/airflow/.local/lib/python3.8/site-packages/airflow/example_dags/tutorial.py took 0.051 seconds
[2024-02-28T08:04:40.815+0000] {processor.py:161} INFO - Started process (PID=719) to work on /home/airflow/.local/lib/python3.8/site-packages/airflow/example_dags/tutorial.py
[2024-02-28T08:04:40.817+0000] {processor.py:830} INFO - Processing file /home/airflow/.local/lib/python3.8/site-packages/airflow/example_dags/tutorial.py for tasks to queue
[2024-02-28T08:04:40.818+0000] {logging_mixin.py:188} INFO - [2024-02-28T08:04:40.817+0000] {dagbag.py:538} INFO - Filling up the DagBag from /home/airflow/.local/lib/python3.8/site-packages/airflow/example_dags/tutorial.py
[2024-02-28T08:04:40.826+0000] {processor.py:840} INFO - DAG(s) 'tutorial' retrieved from /home/airflow/.local/lib/python3.8/site-packages/airflow/example_dags/tutorial.py
[2024-02-28T08:04:40.850+0000] {logging_mixin.py:188} INFO - [2024-02-28T08:04:40.850+0000] {dag.py:3036} INFO - Sync 1 DAGs
[2024-02-28T08:04:40.864+0000] {logging_mixin.py:188} INFO - [2024-02-28T08:04:40.864+0000] {dag.py:3823} INFO - Setting next_dagrun for tutorial to 2024-02-27 00:00:00+00:00, run_after=2024-02-28 00:00:00+00:00
[2024-02-28T08:04:40.873+0000] {processor.py:183} INFO - Processing /home/airflow/.local/lib/python3.8/site-packages/airflow/example_dags/tutorial.py took 0.062 seconds
[2024-02-28T08:05:10.954+0000] {processor.py:161} INFO - Started process (PID=787) to work on /home/airflow/.local/lib/python3.8/site-packages/airflow/example_dags/tutorial.py
[2024-02-28T08:05:10.955+0000] {processor.py:830} INFO - Processing file /home/airflow/.local/lib/python3.8/site-packages/airflow/example_dags/tutorial.py for tasks to queue
[2024-02-28T08:05:10.956+0000] {logging_mixin.py:188} INFO - [2024-02-28T08:05:10.956+0000] {dagbag.py:538} INFO - Filling up the DagBag from /home/airflow/.local/lib/python3.8/site-packages/airflow/example_dags/tutorial.py
[2024-02-28T08:05:10.965+0000] {processor.py:840} INFO - DAG(s) 'tutorial' retrieved from /home/airflow/.local/lib/python3.8/site-packages/airflow/example_dags/tutorial.py
[2024-02-28T08:05:10.986+0000] {logging_mixin.py:188} INFO - [2024-02-28T08:05:10.986+0000] {dag.py:3036} INFO - Sync 1 DAGs
[2024-02-28T08:05:11.001+0000] {logging_mixin.py:188} INFO - [2024-02-28T08:05:11.001+0000] {dag.py:3823} INFO - Setting next_dagrun for tutorial to 2024-02-27 00:00:00+00:00, run_after=2024-02-28 00:00:00+00:00
[2024-02-28T08:05:11.012+0000] {processor.py:183} INFO - Processing /home/airflow/.local/lib/python3.8/site-packages/airflow/example_dags/tutorial.py took 0.063 seconds
[2024-02-28T08:05:41.104+0000] {processor.py:161} INFO - Started process (PID=855) to work on /home/airflow/.local/lib/python3.8/site-packages/airflow/example_dags/tutorial.py
[2024-02-28T08:05:41.105+0000] {processor.py:830} INFO - Processing file /home/airflow/.local/lib/python3.8/site-packages/airflow/example_dags/tutorial.py for tasks to queue
[2024-02-28T08:05:41.106+0000] {logging_mixin.py:188} INFO - [2024-02-28T08:05:41.106+0000] {dagbag.py:538} INFO - Filling up the DagBag from /home/airflow/.local/lib/python3.8/site-packages/airflow/example_dags/tutorial.py
[2024-02-28T08:05:41.114+0000] {processor.py:840} INFO - DAG(s) 'tutorial' retrieved from /home/airflow/.local/lib/python3.8/site-packages/airflow/example_dags/tutorial.py
[2024-02-28T08:05:41.135+0000] {logging_mixin.py:188} INFO - [2024-02-28T08:05:41.135+0000] {dag.py:3036} INFO - Sync 1 DAGs
[2024-02-28T08:05:41.149+0000] {logging_mixin.py:188} INFO - [2024-02-28T08:05:41.149+0000] {dag.py:3823} INFO - Setting next_dagrun for tutorial to 2024-02-27 00:00:00+00:00, run_after=2024-02-28 00:00:00+00:00
[2024-02-28T08:05:41.158+0000] {processor.py:183} INFO - Processing /home/airflow/.local/lib/python3.8/site-packages/airflow/example_dags/tutorial.py took 0.059 seconds
[2024-02-28T08:06:11.353+0000] {processor.py:161} INFO - Started process (PID=923) to work on /home/airflow/.local/lib/python3.8/site-packages/airflow/example_dags/tutorial.py
[2024-02-28T08:06:11.355+0000] {processor.py:830} INFO - Processing file /home/airflow/.local/lib/python3.8/site-packages/airflow/example_dags/tutorial.py for tasks to queue
[2024-02-28T08:06:11.356+0000] {logging_mixin.py:188} INFO - [2024-02-28T08:06:11.356+0000] {dagbag.py:538} INFO - Filling up the DagBag from /home/airflow/.local/lib/python3.8/site-packages/airflow/example_dags/tutorial.py
[2024-02-28T08:06:11.368+0000] {processor.py:840} INFO - DAG(s) 'tutorial' retrieved from /home/airflow/.local/lib/python3.8/site-packages/airflow/example_dags/tutorial.py
[2024-02-28T08:06:11.389+0000] {logging_mixin.py:188} INFO - [2024-02-28T08:06:11.389+0000] {dag.py:3036} INFO - Sync 1 DAGs
[2024-02-28T08:06:11.404+0000] {logging_mixin.py:188} INFO - [2024-02-28T08:06:11.403+0000] {dag.py:3823} INFO - Setting next_dagrun for tutorial to 2024-02-27 00:00:00+00:00, run_after=2024-02-28 00:00:00+00:00
[2024-02-28T08:06:11.413+0000] {processor.py:183} INFO - Processing /home/airflow/.local/lib/python3.8/site-packages/airflow/example_dags/tutorial.py took 0.066 seconds
