[2024-02-26T05:00:03.656+0000] {taskinstance.py:1956} INFO - Dependencies all met for dep_context=non-requeueable deps ti=<TaskInstance: hourly.Get_stockinfo_hourly scheduled__2024-02-26T04:00:00+00:00 [queued]>
[2024-02-26T05:00:03.661+0000] {taskinstance.py:1956} INFO - Dependencies all met for dep_context=requeueable deps ti=<TaskInstance: hourly.Get_stockinfo_hourly scheduled__2024-02-26T04:00:00+00:00 [queued]>
[2024-02-26T05:00:03.662+0000] {taskinstance.py:2170} INFO - Starting attempt 1 of 4
[2024-02-26T05:00:03.670+0000] {taskinstance.py:2191} INFO - Executing <Task(PythonOperator): Get_stockinfo_hourly> on 2024-02-26 04:00:00+00:00
[2024-02-26T05:00:03.677+0000] {standard_task_runner.py:60} INFO - Started process 577 to run task
[2024-02-26T05:00:03.682+0000] {standard_task_runner.py:87} INFO - Running: ['***', 'tasks', 'run', 'hourly', 'Get_stockinfo_hourly', 'scheduled__2024-02-26T04:00:00+00:00', '--job-id', '102', '--raw', '--subdir', 'DAGS_FOLDER/main.py', '--cfg-path', '/tmp/tmpifr8tf75']
[2024-02-26T05:00:03.683+0000] {standard_task_runner.py:88} INFO - Job 102: Subtask Get_stockinfo_hourly
[2024-02-26T05:00:03.737+0000] {task_command.py:423} INFO - Running <TaskInstance: hourly.Get_stockinfo_hourly scheduled__2024-02-26T04:00:00+00:00 [running]> on host da7ec03022ec
[2024-02-26T05:00:03.810+0000] {taskinstance.py:2480} INFO - Exporting env vars: AIRFLOW_CTX_DAG_EMAIL='nguyentuanduong555@gmail.com' AIRFLOW_CTX_DAG_OWNER='Duong_' AIRFLOW_CTX_DAG_ID='hourly' AIRFLOW_CTX_TASK_ID='Get_stockinfo_hourly' AIRFLOW_CTX_EXECUTION_DATE='2024-02-26T04:00:00+00:00' AIRFLOW_CTX_TRY_NUMBER='1' AIRFLOW_CTX_DAG_RUN_ID='scheduled__2024-02-26T04:00:00+00:00'
[2024-02-26T05:00:04.015+0000] {logging_mixin.py:188} INFO - {'ticker': 'MBB', 'time': '2024-02-26 11:29:51', 'price': 23700.0}
[2024-02-26T05:00:04.232+0000] {logging_mixin.py:188} INFO - publish message id 10517048193355560
[2024-02-26T05:00:04.423+0000] {logging_mixin.py:188} INFO - {'ticker': 'TPB', 'time': '2024-02-26 11:29:53', 'price': 19100.0}
[2024-02-26T05:00:04.508+0000] {logging_mixin.py:188} INFO - publish message id 10517079543783379
[2024-02-26T05:00:04.698+0000] {logging_mixin.py:188} INFO - {'ticker': 'NVL', 'time': '2024-02-26 11:29:57', 'price': 16600.0}
[2024-02-26T05:00:04.768+0000] {logging_mixin.py:188} INFO - publish message id 10516994822280452
[2024-02-26T05:00:04.962+0000] {logging_mixin.py:188} INFO - {'ticker': 'VIX', 'time': '2024-02-26 11:29:48', 'price': 17400.0}
[2024-02-26T05:00:05.016+0000] {logging_mixin.py:188} INFO - publish message id 10516952386411376
[2024-02-26T05:00:05.017+0000] {python.py:201} INFO - Done. Returned value was: None
[2024-02-26T05:00:05.027+0000] {taskinstance.py:1138} INFO - Marking task as SUCCESS. dag_id=hourly, task_id=Get_stockinfo_hourly, execution_date=20240226T040000, start_date=20240226T050003, end_date=20240226T050005
[2024-02-26T05:00:05.050+0000] {local_task_job_runner.py:234} INFO - Task exited with return code 0
[2024-02-26T05:00:05.070+0000] {taskinstance.py:3280} INFO - 1 downstream tasks scheduled from follow-on schedule check
