[2024-02-26T03:04:30.128+0000] {taskinstance.py:1956} INFO - Dependencies all met for dep_context=non-requeueable deps ti=<TaskInstance: hourly.Get_stockinfo_hourly scheduled__2024-02-26T02:00:00+00:00 [queued]>
[2024-02-26T03:04:30.132+0000] {taskinstance.py:1956} INFO - Dependencies all met for dep_context=requeueable deps ti=<TaskInstance: hourly.Get_stockinfo_hourly scheduled__2024-02-26T02:00:00+00:00 [queued]>
[2024-02-26T03:04:30.132+0000] {taskinstance.py:2170} INFO - Starting attempt 1 of 4
[2024-02-26T03:04:30.138+0000] {taskinstance.py:2191} INFO - Executing <Task(PythonOperator): Get_stockinfo_hourly> on 2024-02-26 02:00:00+00:00
[2024-02-26T03:04:30.144+0000] {standard_task_runner.py:60} INFO - Started process 715 to run task
[2024-02-26T03:04:30.147+0000] {standard_task_runner.py:87} INFO - Running: ['***', 'tasks', 'run', 'hourly', 'Get_stockinfo_hourly', 'scheduled__2024-02-26T02:00:00+00:00', '--job-id', '27', '--raw', '--subdir', 'DAGS_FOLDER/main.py', '--cfg-path', '/tmp/tmpkjajmb11']
[2024-02-26T03:04:30.148+0000] {standard_task_runner.py:88} INFO - Job 27: Subtask Get_stockinfo_hourly
[2024-02-26T03:04:30.183+0000] {task_command.py:423} INFO - Running <TaskInstance: hourly.Get_stockinfo_hourly scheduled__2024-02-26T02:00:00+00:00 [running]> on host ca8fe7f6f5b9
[2024-02-26T03:04:30.232+0000] {taskinstance.py:2480} INFO - Exporting env vars: AIRFLOW_CTX_DAG_OWNER='Duong_' AIRFLOW_CTX_DAG_ID='hourly' AIRFLOW_CTX_TASK_ID='Get_stockinfo_hourly' AIRFLOW_CTX_EXECUTION_DATE='2024-02-26T02:00:00+00:00' AIRFLOW_CTX_TRY_NUMBER='1' AIRFLOW_CTX_DAG_RUN_ID='scheduled__2024-02-26T02:00:00+00:00'
[2024-02-26T03:04:30.417+0000] {logging_mixin.py:188} INFO - {'ticker': 'MBB', 'time': '2024-02-26 10:04:27', 'price': 23800.0}
[2024-02-26T03:04:30.655+0000] {logging_mixin.py:188} INFO - publish message id 10516245507124605
[2024-02-26T03:04:30.831+0000] {logging_mixin.py:188} INFO - {'ticker': 'TPB', 'time': '2024-02-26 10:04:29', 'price': 19100.0}
[2024-02-26T03:04:30.882+0000] {logging_mixin.py:188} INFO - publish message id 9533634465792225
[2024-02-26T03:04:31.053+0000] {logging_mixin.py:188} INFO - {'ticker': 'NVL', 'time': '2024-02-26 10:04:24', 'price': 16650.0}
[2024-02-26T03:04:31.135+0000] {logging_mixin.py:188} INFO - publish message id 10517826283937282
[2024-02-26T03:04:31.343+0000] {logging_mixin.py:188} INFO - {'ticker': 'VIX', 'time': '2024-02-26 10:04:26', 'price': 17350.0}
[2024-02-26T03:04:31.432+0000] {logging_mixin.py:188} INFO - publish message id 10517717162108471
[2024-02-26T03:04:31.433+0000] {python.py:201} INFO - Done. Returned value was: None
[2024-02-26T03:04:31.441+0000] {taskinstance.py:1138} INFO - Marking task as SUCCESS. dag_id=hourly, task_id=Get_stockinfo_hourly, execution_date=20240226T020000, start_date=20240226T030430, end_date=20240226T030431
[2024-02-26T03:04:31.457+0000] {local_task_job_runner.py:234} INFO - Task exited with return code 0
[2024-02-26T03:04:31.476+0000] {taskinstance.py:3280} INFO - 0 downstream tasks scheduled from follow-on schedule check
