[2024-02-26T04:00:03.853+0000] {taskinstance.py:1956} INFO - Dependencies all met for dep_context=non-requeueable deps ti=<TaskInstance: hourly.Get_stockinfo_hourly scheduled__2024-02-26T03:00:00+00:00 [queued]>
[2024-02-26T04:00:03.863+0000] {taskinstance.py:1956} INFO - Dependencies all met for dep_context=requeueable deps ti=<TaskInstance: hourly.Get_stockinfo_hourly scheduled__2024-02-26T03:00:00+00:00 [queued]>
[2024-02-26T04:00:03.864+0000] {taskinstance.py:2170} INFO - Starting attempt 1 of 4
[2024-02-26T04:00:03.874+0000] {taskinstance.py:2191} INFO - Executing <Task(PythonOperator): Get_stockinfo_hourly> on 2024-02-26 03:00:00+00:00
[2024-02-26T04:00:03.883+0000] {standard_task_runner.py:60} INFO - Started process 2437 to run task
[2024-02-26T04:00:03.889+0000] {standard_task_runner.py:87} INFO - Running: ['***', 'tasks', 'run', 'hourly', 'Get_stockinfo_hourly', 'scheduled__2024-02-26T03:00:00+00:00', '--job-id', '47', '--raw', '--subdir', 'DAGS_FOLDER/main.py', '--cfg-path', '/tmp/tmpizjdoytu']
[2024-02-26T04:00:03.890+0000] {standard_task_runner.py:88} INFO - Job 47: Subtask Get_stockinfo_hourly
[2024-02-26T04:00:04.018+0000] {task_command.py:423} INFO - Running <TaskInstance: hourly.Get_stockinfo_hourly scheduled__2024-02-26T03:00:00+00:00 [running]> on host ca8fe7f6f5b9
[2024-02-26T04:00:04.152+0000] {taskinstance.py:2480} INFO - Exporting env vars: AIRFLOW_CTX_DAG_EMAIL='nguyentuanduong555@gmail.com' AIRFLOW_CTX_DAG_OWNER='Duong_' AIRFLOW_CTX_DAG_ID='hourly' AIRFLOW_CTX_TASK_ID='Get_stockinfo_hourly' AIRFLOW_CTX_EXECUTION_DATE='2024-02-26T03:00:00+00:00' AIRFLOW_CTX_TRY_NUMBER='1' AIRFLOW_CTX_DAG_RUN_ID='scheduled__2024-02-26T03:00:00+00:00'
[2024-02-26T04:00:04.327+0000] {logging_mixin.py:188} INFO - {'ticker': 'MBB', 'time': '2024-02-26 11:00:01', 'price': 23800.0}
[2024-02-26T04:00:04.645+0000] {logging_mixin.py:188} INFO - publish message id 10516703427879372
[2024-02-26T04:00:04.850+0000] {logging_mixin.py:188} INFO - {'ticker': 'TPB', 'time': '2024-02-26 10:59:58', 'price': 19100.0}
[2024-02-26T04:00:04.906+0000] {logging_mixin.py:188} INFO - publish message id 10516625261276548
[2024-02-26T04:00:05.063+0000] {logging_mixin.py:188} INFO - {'ticker': 'NVL', 'time': '2024-02-26 11:00:03', 'price': 16650.0}
[2024-02-26T04:00:05.120+0000] {logging_mixin.py:188} INFO - publish message id 10516785688532962
[2024-02-26T04:00:05.330+0000] {logging_mixin.py:188} INFO - {'ticker': 'VIX', 'time': '2024-02-26 10:59:46', 'price': 17400.0}
[2024-02-26T04:00:05.419+0000] {logging_mixin.py:188} INFO - publish message id 10516983030797042
[2024-02-26T04:00:05.420+0000] {python.py:201} INFO - Done. Returned value was: None
[2024-02-26T04:00:05.438+0000] {taskinstance.py:1138} INFO - Marking task as SUCCESS. dag_id=hourly, task_id=Get_stockinfo_hourly, execution_date=20240226T030000, start_date=20240226T040003, end_date=20240226T040005
[2024-02-26T04:00:05.494+0000] {local_task_job_runner.py:234} INFO - Task exited with return code 0
[2024-02-26T04:00:05.526+0000] {taskinstance.py:3280} INFO - 1 downstream tasks scheduled from follow-on schedule check
